2022-03-30T09:15:34.653107Z	info	FLAG: --concurrency="2"
2022-03-30T09:15:34.653247Z	info	FLAG: --domain="default.svc.cluster.local"
2022-03-30T09:15:34.653272Z	info	FLAG: --help="false"
2022-03-30T09:15:34.653312Z	info	FLAG: --log_as_json="false"
2022-03-30T09:15:34.653328Z	info	FLAG: --log_caller=""
2022-03-30T09:15:34.653344Z	info	FLAG: --log_output_level="default:info"
2022-03-30T09:15:34.653359Z	info	FLAG: --log_rotate=""
2022-03-30T09:15:34.653392Z	info	FLAG: --log_rotate_max_age="30"
2022-03-30T09:15:34.653410Z	info	FLAG: --log_rotate_max_backups="1000"
2022-03-30T09:15:34.653427Z	info	FLAG: --log_rotate_max_size="104857600"
2022-03-30T09:15:34.653442Z	info	FLAG: --log_stacktrace_level="default:none"
2022-03-30T09:15:34.653466Z	info	FLAG: --log_target="[stdout]"
2022-03-30T09:15:34.653483Z	info	FLAG: --meshConfig="./etc/istio/config/mesh"
2022-03-30T09:15:34.653498Z	info	FLAG: --outlierLogPath=""
2022-03-30T09:15:34.653514Z	info	FLAG: --proxyComponentLogLevel="misc:error"
2022-03-30T09:15:34.653547Z	info	FLAG: --proxyLogLevel="warning"
2022-03-30T09:15:34.653568Z	info	FLAG: --serviceCluster="istio-proxy"
2022-03-30T09:15:34.653586Z	info	FLAG: --stsPort="0"
2022-03-30T09:15:34.653601Z	info	FLAG: --templateFile=""
2022-03-30T09:15:34.653617Z	info	FLAG: --tokenManagerPlugin="GoogleTokenExchange"
2022-03-30T09:15:34.653809Z	info	FLAG: --vklog="0"
2022-03-30T09:15:34.653824Z	info	Version 1.13.2-91533d04e894ff86b80acd6d7a4517b144f9e19a-Clean
2022-03-30T09:15:34.654070Z	info	Proxy role	ips=[10.244.0.200 fe80::1832:8bff:fe9d:6643] type=sidecar id=ts-auth-mongo-77ddd49998-6h4rm.default domain=default.svc.cluster.local
2022-03-30T09:15:34.659849Z	info	Apply proxy config from env {}

2022-03-30T09:15:34.672098Z	info	Effective config: binaryPath: /usr/local/bin/envoy
concurrency: 2
configPath: ./etc/istio/proxy
controlPlaneAuthPolicy: MUTUAL_TLS
discoveryAddress: istiod.istio-system.svc:15012
drainDuration: 45s
parentShutdownDuration: 60s
proxyAdminPort: 15000
serviceCluster: istio-proxy
statNameLength: 189
statusPort: 15020
terminationDrainDuration: 5s
tracing:
  zipkin:
    address: zipkin.istio-system:9411

2022-03-30T09:15:34.672272Z	info	JWT policy is third-party-jwt
2022-03-30T09:15:34.710252Z	info	CA Endpoint istiod.istio-system.svc:15012, provider Citadel
2022-03-30T09:15:34.710375Z	info	Using CA istiod.istio-system.svc:15012 cert with certs: var/run/secrets/istio/root-cert.pem
2022-03-30T09:15:34.710617Z	info	citadelclient	Citadel client using custom root cert: var/run/secrets/istio/root-cert.pem
2022-03-30T09:15:34.712172Z	info	Opening status port 15020
2022-03-30T09:15:34.738465Z	info	ads	All caches have been synced up in 141.8102ms, marking server ready
2022-03-30T09:15:34.739855Z	info	sds	Starting SDS grpc server
2022-03-30T09:15:34.738954Z	info	sds	SDS server for workload certificates started, listening on "etc/istio/proxy/SDS"
2022-03-30T09:15:34.749766Z	info	xdsproxy	Initializing with upstream address "istiod.istio-system.svc:15012" and cluster "Kubernetes"
2022-03-30T09:15:34.751179Z	info	starting Http service at 127.0.0.1:15004
2022-03-30T09:15:34.781405Z	info	Pilot SAN: [istiod.istio-system.svc]
2022-03-30T09:15:34.843315Z	info	Starting proxy agent
2022-03-30T09:15:34.843383Z	info	Epoch 0 starting
2022-03-30T09:15:34.843442Z	info	Envoy command: [-c etc/istio/proxy/envoy-rev0.json --restart-epoch 0 --drain-time-s 45 --drain-strategy immediate --parent-shutdown-time-s 60 --local-address-ip-version v4 --file-flush-interval-msec 1000 --disable-hot-restart --log-format %Y-%m-%dT%T.%fZ	%l	envoy %n	%v -l warning --component-log-level misc:error --concurrency 2]
2022-03-30T09:15:35.137721Z	info	xdsproxy	connected to upstream XDS server: istiod.istio-system.svc:15012
2022-03-30T09:15:35.325006Z	info	cache	generated new workload certificate	latency=585.6448ms ttl=23h59m59.6750207s
2022-03-30T09:15:35.325097Z	info	cache	Root cert has changed, start rotating root cert
2022-03-30T09:15:35.325213Z	info	ads	XDS: Incremental Pushing:0 ConnectedEndpoints:0 Version:
2022-03-30T09:15:35.325324Z	info	cache	returned workload trust anchor from cache	ttl=23h59m59.6746969s
2022-03-30T09:15:35.391962Z	info	ads	ADS: new connection for node:ts-auth-mongo-77ddd49998-6h4rm.default-1
2022-03-30T09:15:35.392317Z	info	cache	returned workload trust anchor from cache	ttl=23h59m59.6077228s
2022-03-30T09:15:35.395934Z	info	ads	SDS: PUSH request for node:ts-auth-mongo-77ddd49998-6h4rm.default resources:1 size:1.1kB resource:ROOTCA
2022-03-30T09:15:35.440885Z	info	ads	ADS: new connection for node:ts-auth-mongo-77ddd49998-6h4rm.default-2
2022-03-30T09:15:35.446694Z	info	cache	returned workload certificate from cache	ttl=23h59m59.5533296s
2022-03-30T09:15:35.446956Z	info	ads	SDS: PUSH request for node:ts-auth-mongo-77ddd49998-6h4rm.default resources:1 size:4.0kB resource:default
2022-03-30T09:15:36.715763Z	info	Readiness succeeded in 2.0758312s
2022-03-30T09:15:36.730464Z	info	Envoy proxy is ready
2022-03-30T09:42:51.815069Z	info	xdsproxy	connected to upstream XDS server: istiod.istio-system.svc:15012
2022-03-30T09:58:11.058237Z	info	xdsproxy	connected to upstream XDS server: istiod.istio-system.svc:15012
2022-03-30T10:02:53.267378Z	warn	xdsproxy	upstream [3] terminated with unexpected error rpc error: code = Unavailable desc = keepalive ping failed to receive ACK within timeout
2022-03-30T10:03:08.690189Z	info	xdsproxy	connected to upstream XDS server: istiod.istio-system.svc:15012
2022-03-30T10:15:17.030046Z	warning	envoy config	StreamAggregatedResources gRPC config stream closed: 13, 
2022-03-30T10:15:26.379029Z	info	xdsproxy	connected to upstream XDS server: istiod.istio-system.svc:15012
