2022-03-30T09:16:12.638057Z	info	FLAG: --concurrency="2"
2022-03-30T09:16:12.638157Z	info	FLAG: --domain="default.svc.cluster.local"
2022-03-30T09:16:12.673668Z	info	FLAG: --help="false"
2022-03-30T09:16:12.673701Z	info	FLAG: --log_as_json="false"
2022-03-30T09:16:12.673726Z	info	FLAG: --log_caller=""
2022-03-30T09:16:12.673768Z	info	FLAG: --log_output_level="default:info"
2022-03-30T09:16:12.673783Z	info	FLAG: --log_rotate=""
2022-03-30T09:16:12.673823Z	info	FLAG: --log_rotate_max_age="30"
2022-03-30T09:16:12.673839Z	info	FLAG: --log_rotate_max_backups="1000"
2022-03-30T09:16:12.673863Z	info	FLAG: --log_rotate_max_size="104857600"
2022-03-30T09:16:12.673879Z	info	FLAG: --log_stacktrace_level="default:none"
2022-03-30T09:16:12.674024Z	info	FLAG: --log_target="[stdout]"
2022-03-30T09:16:12.674049Z	info	FLAG: --meshConfig="./etc/istio/config/mesh"
2022-03-30T09:16:12.674066Z	info	FLAG: --outlierLogPath=""
2022-03-30T09:16:12.674163Z	info	FLAG: --proxyComponentLogLevel="misc:error"
2022-03-30T09:16:12.674184Z	info	FLAG: --proxyLogLevel="warning"
2022-03-30T09:16:12.674203Z	info	FLAG: --serviceCluster="istio-proxy"
2022-03-30T09:16:12.674221Z	info	FLAG: --stsPort="0"
2022-03-30T09:16:12.674239Z	info	FLAG: --templateFile=""
2022-03-30T09:16:12.674278Z	info	FLAG: --tokenManagerPlugin="GoogleTokenExchange"
2022-03-30T09:16:12.674305Z	info	FLAG: --vklog="0"
2022-03-30T09:16:12.674322Z	info	Version 1.13.2-91533d04e894ff86b80acd6d7a4517b144f9e19a-Clean
2022-03-30T09:16:12.709916Z	info	Proxy role	ips=[10.244.0.224 fe80::b4d5:46ff:feaa:5800] type=sidecar id=ts-admin-travel-service-769d867db-v9k7t.default domain=default.svc.cluster.local
2022-03-30T09:16:12.710098Z	info	Apply proxy config from env {}

2022-03-30T09:16:12.782234Z	info	Effective config: binaryPath: /usr/local/bin/envoy
concurrency: 2
configPath: ./etc/istio/proxy
controlPlaneAuthPolicy: MUTUAL_TLS
discoveryAddress: istiod.istio-system.svc:15012
drainDuration: 45s
parentShutdownDuration: 60s
proxyAdminPort: 15000
serviceCluster: istio-proxy
statNameLength: 189
statusPort: 15020
terminationDrainDuration: 5s
tracing:
  zipkin:
    address: zipkin.istio-system:9411

2022-03-30T09:16:12.782311Z	info	JWT policy is third-party-jwt
2022-03-30T09:16:12.872496Z	info	Opening status port 15020
2022-03-30T09:16:12.872858Z	info	CA Endpoint istiod.istio-system.svc:15012, provider Citadel
2022-03-30T09:16:12.873882Z	info	Using CA istiod.istio-system.svc:15012 cert with certs: var/run/secrets/istio/root-cert.pem
2022-03-30T09:16:12.874202Z	info	citadelclient	Citadel client using custom root cert: var/run/secrets/istio/root-cert.pem
2022-03-30T09:16:14.015236Z	info	ads	All caches have been synced up in 1.9200955s, marking server ready
2022-03-30T09:16:14.015604Z	info	sds	SDS server for workload certificates started, listening on "etc/istio/proxy/SDS"
2022-03-30T09:16:14.015657Z	info	xdsproxy	Initializing with upstream address "istiod.istio-system.svc:15012" and cluster "Kubernetes"
2022-03-30T09:16:14.030954Z	info	sds	Starting SDS grpc server
2022-03-30T09:16:14.031414Z	info	starting Http service at 127.0.0.1:15004
2022-03-30T09:16:14.344480Z	info	Pilot SAN: [istiod.istio-system.svc]
2022-03-30T09:16:14.370987Z	info	Starting proxy agent
2022-03-30T09:16:14.371122Z	info	Epoch 0 starting
2022-03-30T09:16:14.383245Z	info	Envoy command: [-c etc/istio/proxy/envoy-rev0.json --restart-epoch 0 --drain-time-s 45 --drain-strategy immediate --parent-shutdown-time-s 60 --local-address-ip-version v4 --file-flush-interval-msec 1000 --disable-hot-restart --log-format %Y-%m-%dT%T.%fZ	%l	envoy %n	%v -l warning --component-log-level misc:error --concurrency 2]
2022-03-30T09:16:23.529577Z	info	cache	generated new workload certificate	latency=9.4968182s ttl=23h59m59.4746003s
2022-03-30T09:16:23.537931Z	info	cache	Root cert has changed, start rotating root cert
2022-03-30T09:16:23.538134Z	info	ads	XDS: Incremental Pushing:0 ConnectedEndpoints:0 Version:
2022-03-30T09:16:23.544822Z	info	cache	returned workload trust anchor from cache	ttl=23h59m59.4556123s
2022-03-30T09:16:28.083414Z	info	xdsproxy	connected to upstream XDS server: istiod.istio-system.svc:15012
2022-03-30T09:16:47.867709Z	info	ads	ADS: new connection for node:ts-admin-travel-service-769d867db-v9k7t.default-1
2022-03-30T09:16:47.940621Z	info	ads	ADS: new connection for node:ts-admin-travel-service-769d867db-v9k7t.default-2
2022-03-30T09:16:47.958437Z	info	cache	returned workload trust anchor from cache	ttl=23h59m35.0590829s
2022-03-30T09:16:47.868120Z	info	cache	returned workload certificate from cache	ttl=23h59m35.131925s
2022-03-30T09:16:47.976819Z	info	ads	SDS: PUSH request for node:ts-admin-travel-service-769d867db-v9k7t.default resources:1 size:1.1kB resource:ROOTCA
2022-03-30T09:16:48.061749Z	info	ads	SDS: PUSH request for node:ts-admin-travel-service-769d867db-v9k7t.default resources:1 size:4.0kB resource:default
2022-03-30T09:17:17.848713Z	info	Readiness succeeded in 1m5.6398158s
2022-03-30T09:17:17.930665Z	info	Envoy proxy is ready
2022-03-30T09:48:36.962838Z	info	xdsproxy	connected to upstream XDS server: istiod.istio-system.svc:15012
2022-03-30T10:15:15.110235Z	warn	xdsproxy	upstream [2] terminated with unexpected error rpc error: code = Unavailable desc = keepalive ping failed to receive ACK within timeout
2022-03-30T10:15:25.763801Z	info	xdsproxy	connected to upstream XDS server: istiod.istio-system.svc:15012
