2022-03-30T09:30:57.848220Z	info	FLAG: --concurrency="2"
2022-03-30T09:30:57.848327Z	info	FLAG: --domain="default.svc.cluster.local"
2022-03-30T09:30:57.848383Z	info	FLAG: --help="false"
2022-03-30T09:30:57.848656Z	info	FLAG: --log_as_json="false"
2022-03-30T09:30:57.848730Z	info	FLAG: --log_caller=""
2022-03-30T09:30:57.848772Z	info	FLAG: --log_output_level="default:info"
2022-03-30T09:30:57.848802Z	info	FLAG: --log_rotate=""
2022-03-30T09:30:57.848842Z	info	FLAG: --log_rotate_max_age="30"
2022-03-30T09:30:57.848889Z	info	FLAG: --log_rotate_max_backups="1000"
2022-03-30T09:30:57.848916Z	info	FLAG: --log_rotate_max_size="104857600"
2022-03-30T09:30:57.848972Z	info	FLAG: --log_stacktrace_level="default:none"
2022-03-30T09:30:57.849534Z	info	FLAG: --log_target="[stdout]"
2022-03-30T09:30:57.849674Z	info	FLAG: --meshConfig="./etc/istio/config/mesh"
2022-03-30T09:30:57.849720Z	info	FLAG: --outlierLogPath=""
2022-03-30T09:30:57.849763Z	info	FLAG: --proxyComponentLogLevel="misc:error"
2022-03-30T09:30:57.849807Z	info	FLAG: --proxyLogLevel="warning"
2022-03-30T09:30:57.849836Z	info	FLAG: --serviceCluster="istio-proxy"
2022-03-30T09:30:57.849880Z	info	FLAG: --stsPort="0"
2022-03-30T09:30:57.849911Z	info	FLAG: --templateFile=""
2022-03-30T09:30:57.849949Z	info	FLAG: --tokenManagerPlugin="GoogleTokenExchange"
2022-03-30T09:30:57.855750Z	info	FLAG: --vklog="0"
2022-03-30T09:30:57.858321Z	info	Version 1.13.2-91533d04e894ff86b80acd6d7a4517b144f9e19a-Clean
2022-03-30T09:30:57.859006Z	info	Proxy role	ips=[10.244.0.9 fe80::ac:80ff:fee4:56cb] type=sidecar id=ts-avatar-service-669bb7fc5d-mdxwr.default domain=default.svc.cluster.local
2022-03-30T09:30:57.859390Z	info	Apply proxy config from env {}

2022-03-30T09:30:57.864725Z	info	Effective config: binaryPath: /usr/local/bin/envoy
concurrency: 2
configPath: ./etc/istio/proxy
controlPlaneAuthPolicy: MUTUAL_TLS
discoveryAddress: istiod.istio-system.svc:15012
drainDuration: 45s
parentShutdownDuration: 60s
proxyAdminPort: 15000
serviceCluster: istio-proxy
statNameLength: 189
statusPort: 15020
terminationDrainDuration: 5s
tracing:
  zipkin:
    address: zipkin.istio-system:9411

2022-03-30T09:30:57.866532Z	info	JWT policy is third-party-jwt
2022-03-30T09:30:58.059807Z	info	CA Endpoint istiod.istio-system.svc:15012, provider Citadel
2022-03-30T09:30:58.060476Z	info	Using CA istiod.istio-system.svc:15012 cert with certs: var/run/secrets/istio/root-cert.pem
2022-03-30T09:30:58.060894Z	info	citadelclient	Citadel client using custom root cert: var/run/secrets/istio/root-cert.pem
2022-03-30T09:30:58.096255Z	info	Opening status port 15020
2022-03-30T09:30:58.898966Z	info	ads	All caches have been synced up in 1.6477799s, marking server ready
2022-03-30T09:30:58.951621Z	info	sds	SDS server for workload certificates started, listening on "etc/istio/proxy/SDS"
2022-03-30T09:30:58.951739Z	info	xdsproxy	Initializing with upstream address "istiod.istio-system.svc:15012" and cluster "Kubernetes"
2022-03-30T09:30:58.988036Z	info	sds	Starting SDS grpc server
2022-03-30T09:30:59.018861Z	info	starting Http service at 127.0.0.1:15004
2022-03-30T09:30:59.459328Z	info	Pilot SAN: [istiod.istio-system.svc]
2022-03-30T09:30:59.565404Z	info	Starting proxy agent
2022-03-30T09:30:59.565536Z	info	Epoch 0 starting
2022-03-30T09:30:59.565631Z	info	Envoy command: [-c etc/istio/proxy/envoy-rev0.json --restart-epoch 0 --drain-time-s 45 --drain-strategy immediate --parent-shutdown-time-s 60 --local-address-ip-version v4 --file-flush-interval-msec 1000 --disable-hot-restart --log-format %Y-%m-%dT%T.%fZ	%l	envoy %n	%v -l warning --component-log-level misc:error --concurrency 2]
2022-03-30T09:31:07.378672Z	info	xdsproxy	connected to upstream XDS server: istiod.istio-system.svc:15012
2022-03-30T09:31:16.285607Z	info	cache	generated new workload certificate	latency=17.3624303s ttl=23h59m58.7145428s
2022-03-30T09:31:16.285793Z	info	cache	Root cert has changed, start rotating root cert
2022-03-30T09:31:16.285944Z	info	ads	XDS: Incremental Pushing:0 ConnectedEndpoints:0 Version:
2022-03-30T09:31:16.322327Z	info	cache	returned workload trust anchor from cache	ttl=23h59m58.6776999s
2022-03-30T09:31:42.365969Z	info	ads	ADS: new connection for node:ts-avatar-service-669bb7fc5d-mdxwr.default-1
2022-03-30T09:31:42.447864Z	info	ads	ADS: new connection for node:ts-avatar-service-669bb7fc5d-mdxwr.default-2
2022-03-30T09:31:42.449162Z	info	cache	returned workload certificate from cache	ttl=23h59m32.5508851s
2022-03-30T09:31:42.452889Z	info	ads	SDS: PUSH request for node:ts-avatar-service-669bb7fc5d-mdxwr.default resources:1 size:4.0kB resource:default
2022-03-30T09:31:42.456014Z	info	cache	returned workload trust anchor from cache	ttl=23h59m32.5440371s
2022-03-30T09:31:42.457929Z	info	ads	SDS: PUSH request for node:ts-avatar-service-669bb7fc5d-mdxwr.default resources:1 size:1.1kB resource:ROOTCA
2022-03-30T09:31:54.045993Z	info	Readiness succeeded in 56.7804151s
2022-03-30T09:31:54.076618Z	info	Envoy proxy is ready
2022-03-30T10:02:16.300946Z	info	xdsproxy	connected to upstream XDS server: istiod.istio-system.svc:15012
2022-03-30T10:15:14.533999Z	warn	xdsproxy	upstream [2] terminated with unexpected error rpc error: code = Unavailable desc = keepalive ping failed to receive ACK within timeout
2022-03-30T10:15:22.600611Z	info	xdsproxy	connected to upstream XDS server: istiod.istio-system.svc:15012
