2022-03-30T09:16:22.049790Z	info	FLAG: --concurrency="2"
2022-03-30T09:16:22.049863Z	info	FLAG: --domain="default.svc.cluster.local"
2022-03-30T09:16:22.049890Z	info	FLAG: --help="false"
2022-03-30T09:16:22.049911Z	info	FLAG: --log_as_json="false"
2022-03-30T09:16:22.049930Z	info	FLAG: --log_caller=""
2022-03-30T09:16:22.049950Z	info	FLAG: --log_output_level="default:info"
2022-03-30T09:16:22.049967Z	info	FLAG: --log_rotate=""
2022-03-30T09:16:22.050001Z	info	FLAG: --log_rotate_max_age="30"
2022-03-30T09:16:22.050017Z	info	FLAG: --log_rotate_max_backups="1000"
2022-03-30T09:16:22.050034Z	info	FLAG: --log_rotate_max_size="104857600"
2022-03-30T09:16:22.050057Z	info	FLAG: --log_stacktrace_level="default:none"
2022-03-30T09:16:22.050078Z	info	FLAG: --log_target="[stdout]"
2022-03-30T09:16:22.050096Z	info	FLAG: --meshConfig="./etc/istio/config/mesh"
2022-03-30T09:16:22.050112Z	info	FLAG: --outlierLogPath=""
2022-03-30T09:16:22.050129Z	info	FLAG: --proxyComponentLogLevel="misc:error"
2022-03-30T09:16:22.050163Z	info	FLAG: --proxyLogLevel="warning"
2022-03-30T09:16:22.050185Z	info	FLAG: --serviceCluster="istio-proxy"
2022-03-30T09:16:22.050203Z	info	FLAG: --stsPort="0"
2022-03-30T09:16:22.050219Z	info	FLAG: --templateFile=""
2022-03-30T09:16:22.050235Z	info	FLAG: --tokenManagerPlugin="GoogleTokenExchange"
2022-03-30T09:16:22.050266Z	info	FLAG: --vklog="0"
2022-03-30T09:16:22.050292Z	info	Version 1.13.2-91533d04e894ff86b80acd6d7a4517b144f9e19a-Clean
2022-03-30T09:16:22.050616Z	info	Proxy role	ips=[10.244.0.233 fe80::f0c5:74ff:fec2:f496] type=sidecar id=ts-execute-service-8c979566-ks5zz.default domain=default.svc.cluster.local
2022-03-30T09:16:22.050869Z	info	Apply proxy config from env {}

2022-03-30T09:16:22.133814Z	info	Effective config: binaryPath: /usr/local/bin/envoy
concurrency: 2
configPath: ./etc/istio/proxy
controlPlaneAuthPolicy: MUTUAL_TLS
discoveryAddress: istiod.istio-system.svc:15012
drainDuration: 45s
parentShutdownDuration: 60s
proxyAdminPort: 15000
serviceCluster: istio-proxy
statNameLength: 189
statusPort: 15020
terminationDrainDuration: 5s
tracing:
  zipkin:
    address: zipkin.istio-system:9411

2022-03-30T09:16:22.133880Z	info	JWT policy is third-party-jwt
2022-03-30T09:16:22.244061Z	info	CA Endpoint istiod.istio-system.svc:15012, provider Citadel
2022-03-30T09:16:22.244169Z	info	Using CA istiod.istio-system.svc:15012 cert with certs: var/run/secrets/istio/root-cert.pem
2022-03-30T09:16:22.244299Z	info	citadelclient	Citadel client using custom root cert: var/run/secrets/istio/root-cert.pem
2022-03-30T09:16:22.254128Z	info	Opening status port 15020
2022-03-30T09:16:23.681425Z	info	ads	All caches have been synced up in 2.3010368s, marking server ready
2022-03-30T09:16:23.681915Z	info	sds	SDS server for workload certificates started, listening on "etc/istio/proxy/SDS"
2022-03-30T09:16:23.682014Z	info	xdsproxy	Initializing with upstream address "istiod.istio-system.svc:15012" and cluster "Kubernetes"
2022-03-30T09:16:23.754067Z	info	sds	Starting SDS grpc server
2022-03-30T09:16:23.754434Z	info	starting Http service at 127.0.0.1:15004
2022-03-30T09:16:23.842437Z	info	Pilot SAN: [istiod.istio-system.svc]
2022-03-30T09:16:24.070440Z	info	Starting proxy agent
2022-03-30T09:16:24.071289Z	info	Epoch 0 starting
2022-03-30T09:16:24.071339Z	info	Envoy command: [-c etc/istio/proxy/envoy-rev0.json --restart-epoch 0 --drain-time-s 45 --drain-strategy immediate --parent-shutdown-time-s 60 --local-address-ip-version v4 --file-flush-interval-msec 1000 --disable-hot-restart --log-format %Y-%m-%dT%T.%fZ	%l	envoy %n	%v -l warning --component-log-level misc:error --concurrency 2]
2022-03-30T09:16:30.422488Z	info	xdsproxy	connected to upstream XDS server: istiod.istio-system.svc:15012
2022-03-30T09:16:53.764000Z	info	cache	generated new workload certificate	latency=30.0595253s ttl=23h59m52.2360467s
2022-03-30T09:16:53.764358Z	info	cache	Root cert has changed, start rotating root cert
2022-03-30T09:16:53.764469Z	info	ads	XDS: Incremental Pushing:0 ConnectedEndpoints:0 Version:
2022-03-30T09:16:53.764678Z	info	cache	returned workload trust anchor from cache	ttl=23h59m52.2353497s
2022-03-30T09:17:10.378765Z	info	ads	ADS: new connection for node:ts-execute-service-8c979566-ks5zz.default-1
2022-03-30T09:17:10.403044Z	info	cache	returned workload trust anchor from cache	ttl=23h59m35.620441s
2022-03-30T09:17:10.429465Z	info	ads	SDS: PUSH request for node:ts-execute-service-8c979566-ks5zz.default resources:1 size:1.1kB resource:ROOTCA
2022-03-30T09:17:10.640082Z	info	ads	ADS: new connection for node:ts-execute-service-8c979566-ks5zz.default-2
2022-03-30T09:17:10.750001Z	info	cache	returned workload certificate from cache	ttl=23h59m35.2500419s
2022-03-30T09:17:10.751650Z	info	ads	SDS: PUSH request for node:ts-execute-service-8c979566-ks5zz.default resources:1 size:4.0kB resource:default
2022-03-30T09:17:38.928490Z	info	Readiness succeeded in 1m17.3266028s
2022-03-30T09:17:38.950696Z	info	Envoy proxy is ready
2022-03-30T09:27:33.525858Z	warn	xdsproxy	upstream [1] terminated with unexpected error rpc error: code = Unavailable desc = keepalive ping failed to receive ACK within timeout
2022-03-30T09:27:44.197252Z	info	xdsproxy	connected to upstream XDS server: istiod.istio-system.svc:15012
2022-03-30T09:57:13.837278Z	info	xdsproxy	connected to upstream XDS server: istiod.istio-system.svc:15012
2022-03-30T10:02:56.627387Z	warn	xdsproxy	upstream [3] terminated with unexpected error rpc error: code = Unavailable desc = keepalive ping failed to receive ACK within timeout
2022-03-30T10:03:01.147980Z	warning	envoy config	StreamAggregatedResources gRPC config stream closed: 13, 
2022-03-30T10:03:08.279031Z	info	xdsproxy	connected to upstream XDS server: istiod.istio-system.svc:15012
2022-03-30T10:15:14.536829Z	warn	xdsproxy	upstream [4] terminated with unexpected error rpc error: code = Unavailable desc = keepalive ping failed to receive ACK within timeout
2022-03-30T10:15:26.891081Z	info	xdsproxy	connected to upstream XDS server: istiod.istio-system.svc:15012
