2022-03-30T09:16:24.066131Z	info	FLAG: --concurrency="2"
2022-03-30T09:16:24.066184Z	info	FLAG: --domain="default.svc.cluster.local"
2022-03-30T09:16:24.066201Z	info	FLAG: --help="false"
2022-03-30T09:16:24.066237Z	info	FLAG: --log_as_json="false"
2022-03-30T09:16:24.066254Z	info	FLAG: --log_caller=""
2022-03-30T09:16:24.066271Z	info	FLAG: --log_output_level="default:info"
2022-03-30T09:16:24.066288Z	info	FLAG: --log_rotate=""
2022-03-30T09:16:24.066305Z	info	FLAG: --log_rotate_max_age="30"
2022-03-30T09:16:24.066321Z	info	FLAG: --log_rotate_max_backups="1000"
2022-03-30T09:16:24.066338Z	info	FLAG: --log_rotate_max_size="104857600"
2022-03-30T09:16:24.066356Z	info	FLAG: --log_stacktrace_level="default:none"
2022-03-30T09:16:24.066390Z	info	FLAG: --log_target="[stdout]"
2022-03-30T09:16:24.066409Z	info	FLAG: --meshConfig="./etc/istio/config/mesh"
2022-03-30T09:16:24.066427Z	info	FLAG: --outlierLogPath=""
2022-03-30T09:16:24.066469Z	info	FLAG: --proxyComponentLogLevel="misc:error"
2022-03-30T09:16:24.066554Z	info	FLAG: --proxyLogLevel="warning"
2022-03-30T09:16:24.066572Z	info	FLAG: --serviceCluster="istio-proxy"
2022-03-30T09:16:24.066589Z	info	FLAG: --stsPort="0"
2022-03-30T09:16:24.066606Z	info	FLAG: --templateFile=""
2022-03-30T09:16:24.066640Z	info	FLAG: --tokenManagerPlugin="GoogleTokenExchange"
2022-03-30T09:16:24.066665Z	info	FLAG: --vklog="0"
2022-03-30T09:16:24.066683Z	info	Version 1.13.2-91533d04e894ff86b80acd6d7a4517b144f9e19a-Clean
2022-03-30T09:16:24.066977Z	info	Proxy role	ips=[10.244.0.240 fe80::903c:91ff:fe40:ce60] type=sidecar id=ts-notification-service-79647d7d54-4z7b8.default domain=default.svc.cluster.local
2022-03-30T09:16:24.067070Z	info	Apply proxy config from env {}

2022-03-30T09:16:24.091575Z	info	Effective config: binaryPath: /usr/local/bin/envoy
concurrency: 2
configPath: ./etc/istio/proxy
controlPlaneAuthPolicy: MUTUAL_TLS
discoveryAddress: istiod.istio-system.svc:15012
drainDuration: 45s
parentShutdownDuration: 60s
proxyAdminPort: 15000
serviceCluster: istio-proxy
statNameLength: 189
statusPort: 15020
terminationDrainDuration: 5s
tracing:
  zipkin:
    address: zipkin.istio-system:9411

2022-03-30T09:16:24.091697Z	info	JWT policy is third-party-jwt
2022-03-30T09:16:24.100467Z	info	CA Endpoint istiod.istio-system.svc:15012, provider Citadel
2022-03-30T09:16:24.139886Z	info	Using CA istiod.istio-system.svc:15012 cert with certs: var/run/secrets/istio/root-cert.pem
2022-03-30T09:16:24.140034Z	info	citadelclient	Citadel client using custom root cert: var/run/secrets/istio/root-cert.pem
2022-03-30T09:16:24.140578Z	info	Opening status port 15020
2022-03-30T09:16:26.303986Z	info	ads	All caches have been synced up in 2.4943302s, marking server ready
2022-03-30T09:16:26.402676Z	info	sds	SDS server for workload certificates started, listening on "etc/istio/proxy/SDS"
2022-03-30T09:16:26.402893Z	info	xdsproxy	Initializing with upstream address "istiod.istio-system.svc:15012" and cluster "Kubernetes"
2022-03-30T09:16:26.451903Z	info	sds	Starting SDS grpc server
2022-03-30T09:16:26.503445Z	info	starting Http service at 127.0.0.1:15004
2022-03-30T09:16:26.684741Z	info	Pilot SAN: [istiod.istio-system.svc]
2022-03-30T09:16:27.161230Z	info	Starting proxy agent
2022-03-30T09:16:27.161327Z	info	Epoch 0 starting
2022-03-30T09:16:27.161376Z	info	Envoy command: [-c etc/istio/proxy/envoy-rev0.json --restart-epoch 0 --drain-time-s 45 --drain-strategy immediate --parent-shutdown-time-s 60 --local-address-ip-version v4 --file-flush-interval-msec 1000 --disable-hot-restart --log-format %Y-%m-%dT%T.%fZ	%l	envoy %n	%v -l warning --component-log-level misc:error --concurrency 2]
2022-03-30T09:16:37.036014Z	info	xdsproxy	connected to upstream XDS server: istiod.istio-system.svc:15012
2022-03-30T09:17:05.666159Z	info	cache	generated new workload certificate	latency=39.256098s ttl=23h59m53.3338751s
2022-03-30T09:17:05.666668Z	info	cache	Root cert has changed, start rotating root cert
2022-03-30T09:17:05.666744Z	info	ads	XDS: Incremental Pushing:0 ConnectedEndpoints:0 Version:
2022-03-30T09:17:05.725833Z	info	cache	returned workload trust anchor from cache	ttl=23h59m53.2742109s
2022-03-30T09:17:18.480937Z	info	ads	ADS: new connection for node:ts-notification-service-79647d7d54-4z7b8.default-1
2022-03-30T09:17:18.481196Z	info	cache	returned workload trust anchor from cache	ttl=23h59m40.5188257s
2022-03-30T09:17:18.481960Z	info	ads	SDS: PUSH request for node:ts-notification-service-79647d7d54-4z7b8.default resources:1 size:1.1kB resource:ROOTCA
2022-03-30T09:17:18.521038Z	info	ads	ADS: new connection for node:ts-notification-service-79647d7d54-4z7b8.default-2
2022-03-30T09:17:18.521316Z	info	cache	returned workload certificate from cache	ttl=23h59m40.4787145s
2022-03-30T09:17:18.533676Z	info	ads	SDS: PUSH request for node:ts-notification-service-79647d7d54-4z7b8.default resources:1 size:4.0kB resource:default
2022-03-30T09:18:06.793559Z	info	Readiness succeeded in 1m42.9576119s
2022-03-30T09:18:06.880284Z	info	Envoy proxy is ready
2022-03-30T09:44:20.471366Z	info	xdsproxy	connected to upstream XDS server: istiod.istio-system.svc:15012
2022-03-30T10:03:00.919139Z	warning	envoy config	StreamAggregatedResources gRPC config stream closed: 13, 
2022-03-30T10:03:08.661891Z	info	xdsproxy	connected to upstream XDS server: istiod.istio-system.svc:15012
2022-03-30T10:15:15.731096Z	warn	xdsproxy	upstream [3] terminated with unexpected error rpc error: code = Unavailable desc = keepalive ping failed to receive ACK within timeout
2022-03-30T10:15:26.417027Z	info	xdsproxy	connected to upstream XDS server: istiod.istio-system.svc:15012
