2022-03-30T09:16:28.038427Z	info	FLAG: --concurrency="2"
2022-03-30T09:16:28.038491Z	info	FLAG: --domain="default.svc.cluster.local"
2022-03-30T09:16:28.038516Z	info	FLAG: --help="false"
2022-03-30T09:16:28.047127Z	info	FLAG: --log_as_json="false"
2022-03-30T09:16:28.047154Z	info	FLAG: --log_caller=""
2022-03-30T09:16:28.047169Z	info	FLAG: --log_output_level="default:info"
2022-03-30T09:16:28.047188Z	info	FLAG: --log_rotate=""
2022-03-30T09:16:28.047205Z	info	FLAG: --log_rotate_max_age="30"
2022-03-30T09:16:28.051772Z	info	FLAG: --log_rotate_max_backups="1000"
2022-03-30T09:16:28.051793Z	info	FLAG: --log_rotate_max_size="104857600"
2022-03-30T09:16:28.051818Z	info	FLAG: --log_stacktrace_level="default:none"
2022-03-30T09:16:28.051850Z	info	FLAG: --log_target="[stdout]"
2022-03-30T09:16:28.055785Z	info	FLAG: --meshConfig="./etc/istio/config/mesh"
2022-03-30T09:16:28.055818Z	info	FLAG: --outlierLogPath=""
2022-03-30T09:16:28.055843Z	info	FLAG: --proxyComponentLogLevel="misc:error"
2022-03-30T09:16:28.057415Z	info	FLAG: --proxyLogLevel="warning"
2022-03-30T09:16:28.057438Z	info	FLAG: --serviceCluster="istio-proxy"
2022-03-30T09:16:28.057509Z	info	FLAG: --stsPort="0"
2022-03-30T09:16:28.057526Z	info	FLAG: --templateFile=""
2022-03-30T09:16:28.057552Z	info	FLAG: --tokenManagerPlugin="GoogleTokenExchange"
2022-03-30T09:16:28.057587Z	info	FLAG: --vklog="0"
2022-03-30T09:16:28.057613Z	info	Version 1.13.2-91533d04e894ff86b80acd6d7a4517b144f9e19a-Clean
2022-03-30T09:16:28.138382Z	info	Proxy role	ips=[10.244.0.242 fe80::781e:32ff:fe7e:31cf] type=sidecar id=ts-preserve-other-service-7d9745f68f-4q26f.default domain=default.svc.cluster.local
2022-03-30T09:16:28.138581Z	info	Apply proxy config from env {}

2022-03-30T09:16:28.158595Z	info	Effective config: binaryPath: /usr/local/bin/envoy
concurrency: 2
configPath: ./etc/istio/proxy
controlPlaneAuthPolicy: MUTUAL_TLS
discoveryAddress: istiod.istio-system.svc:15012
drainDuration: 45s
parentShutdownDuration: 60s
proxyAdminPort: 15000
serviceCluster: istio-proxy
statNameLength: 189
statusPort: 15020
terminationDrainDuration: 5s
tracing:
  zipkin:
    address: zipkin.istio-system:9411

2022-03-30T09:16:28.158669Z	info	JWT policy is third-party-jwt
2022-03-30T09:16:28.224942Z	info	CA Endpoint istiod.istio-system.svc:15012, provider Citadel
2022-03-30T09:16:28.225057Z	info	Using CA istiod.istio-system.svc:15012 cert with certs: var/run/secrets/istio/root-cert.pem
2022-03-30T09:16:28.225181Z	info	citadelclient	Citadel client using custom root cert: var/run/secrets/istio/root-cert.pem
2022-03-30T09:16:28.230609Z	info	Opening status port 15020
2022-03-30T09:16:29.155830Z	info	ads	All caches have been synced up in 1.3569024s, marking server ready
2022-03-30T09:16:29.156203Z	info	sds	SDS server for workload certificates started, listening on "etc/istio/proxy/SDS"
2022-03-30T09:16:29.156277Z	info	xdsproxy	Initializing with upstream address "istiod.istio-system.svc:15012" and cluster "Kubernetes"
2022-03-30T09:16:29.159824Z	info	sds	Starting SDS grpc server
2022-03-30T09:16:29.167217Z	info	Pilot SAN: [istiod.istio-system.svc]
2022-03-30T09:16:29.172649Z	info	starting Http service at 127.0.0.1:15004
2022-03-30T09:16:29.180597Z	info	Starting proxy agent
2022-03-30T09:16:29.180685Z	info	Epoch 0 starting
2022-03-30T09:16:29.180730Z	info	Envoy command: [-c etc/istio/proxy/envoy-rev0.json --restart-epoch 0 --drain-time-s 45 --drain-strategy immediate --parent-shutdown-time-s 60 --local-address-ip-version v4 --file-flush-interval-msec 1000 --disable-hot-restart --log-format %Y-%m-%dT%T.%fZ	%l	envoy %n	%v -l warning --component-log-level misc:error --concurrency 2]
2022-03-30T09:16:36.153829Z	info	xdsproxy	connected to upstream XDS server: istiod.istio-system.svc:15012
2022-03-30T09:16:54.661842Z	info	cache	generated new workload certificate	latency=25.5386569s ttl=23h59m54.3382936s
2022-03-30T09:16:54.759901Z	info	cache	Root cert has changed, start rotating root cert
2022-03-30T09:16:54.760014Z	info	ads	XDS: Incremental Pushing:0 ConnectedEndpoints:0 Version:
2022-03-30T09:16:54.760143Z	info	cache	returned workload trust anchor from cache	ttl=23h59m54.2398797s
2022-03-30T09:17:05.181104Z	info	ads	ADS: new connection for node:ts-preserve-other-service-7d9745f68f-4q26f.default-1
2022-03-30T09:17:05.314809Z	info	cache	returned workload certificate from cache	ttl=23h59m43.6852282s
2022-03-30T09:17:05.377906Z	info	ads	ADS: new connection for node:ts-preserve-other-service-7d9745f68f-4q26f.default-2
2022-03-30T09:17:05.378157Z	info	cache	returned workload trust anchor from cache	ttl=23h59m43.6218653s
2022-03-30T09:17:05.403926Z	info	ads	SDS: PUSH request for node:ts-preserve-other-service-7d9745f68f-4q26f.default resources:1 size:1.1kB resource:ROOTCA
2022-03-30T09:17:05.458762Z	info	ads	SDS: PUSH request for node:ts-preserve-other-service-7d9745f68f-4q26f.default resources:1 size:4.0kB resource:default
2022-03-30T09:17:46.010672Z	warn	Envoy proxy is NOT ready: Get "http://127.0.0.1:15000/stats?usedonly&filter=^(cluster_manager\\.cds|listener_manager\\.lds)\\.(update_success|update_rejected)$": context deadline exceeded (Client.Timeout exceeded while awaiting headers)
2022-03-30T09:17:47.868210Z	warn	Envoy proxy is NOT ready: Get "http://127.0.0.1:15000/stats?usedonly&filter=^(cluster_manager\\.cds|listener_manager\\.lds)\\.(update_success|update_rejected)$": context deadline exceeded (Client.Timeout exceeded while awaiting headers)
2022-03-30T09:17:49.060830Z	warn	Envoy proxy is NOT ready: Get "http://127.0.0.1:15000/stats?usedonly&filter=^(cluster_manager\\.cds|listener_manager\\.lds)\\.(update_success|update_rejected)$": context deadline exceeded (Client.Timeout exceeded while awaiting headers)
2022-03-30T09:17:50.096870Z	warn	Envoy proxy is NOT ready: Get "http://127.0.0.1:15000/stats?usedonly&filter=^(cluster_manager\\.cds|listener_manager\\.lds)\\.(update_success|update_rejected)$": context deadline exceeded (Client.Timeout exceeded while awaiting headers)
2022-03-30T09:17:50.993496Z	info	Readiness succeeded in 1m23.1754649s
2022-03-30T09:17:50.996339Z	info	Envoy proxy is ready
2022-03-30T09:45:07.050815Z	info	xdsproxy	connected to upstream XDS server: istiod.istio-system.svc:15012
2022-03-30T09:58:05.069734Z	warning	envoy config	StreamAggregatedResources gRPC config stream closed: 13, 
2022-03-30T09:58:09.841300Z	info	xdsproxy	connected to upstream XDS server: istiod.istio-system.svc:15012
2022-03-30T10:02:56.788041Z	warn	xdsproxy	upstream [3] terminated with unexpected error rpc error: code = Unavailable desc = keepalive ping failed to receive ACK within timeout
2022-03-30T10:03:01.625202Z	warning	envoy config	StreamAggregatedResources gRPC config stream closed: 13, 
2022-03-30T10:03:08.162160Z	info	xdsproxy	connected to upstream XDS server: istiod.istio-system.svc:15012
2022-03-30T10:15:15.304903Z	warn	xdsproxy	upstream [4] terminated with unexpected error rpc error: code = Unavailable desc = keepalive ping failed to receive ACK within timeout
2022-03-30T10:15:26.347195Z	info	xdsproxy	connected to upstream XDS server: istiod.istio-system.svc:15012
