2022-03-30T09:15:40.113948Z	info	FLAG: --concurrency="2"
2022-03-30T09:15:40.117008Z	info	FLAG: --domain="default.svc.cluster.local"
2022-03-30T09:15:40.117048Z	info	FLAG: --help="false"
2022-03-30T09:15:40.117072Z	info	FLAG: --log_as_json="false"
2022-03-30T09:15:40.117092Z	info	FLAG: --log_caller=""
2022-03-30T09:15:40.117111Z	info	FLAG: --log_output_level="default:info"
2022-03-30T09:15:40.117183Z	info	FLAG: --log_rotate=""
2022-03-30T09:15:40.117201Z	info	FLAG: --log_rotate_max_age="30"
2022-03-30T09:15:40.117219Z	info	FLAG: --log_rotate_max_backups="1000"
2022-03-30T09:15:40.117273Z	info	FLAG: --log_rotate_max_size="104857600"
2022-03-30T09:15:40.117385Z	info	FLAG: --log_stacktrace_level="default:none"
2022-03-30T09:15:40.117412Z	info	FLAG: --log_target="[stdout]"
2022-03-30T09:15:40.117431Z	info	FLAG: --meshConfig="./etc/istio/config/mesh"
2022-03-30T09:15:40.117453Z	info	FLAG: --outlierLogPath=""
2022-03-30T09:15:40.117471Z	info	FLAG: --proxyComponentLogLevel="misc:error"
2022-03-30T09:15:40.117488Z	info	FLAG: --proxyLogLevel="warning"
2022-03-30T09:15:40.117509Z	info	FLAG: --serviceCluster="istio-proxy"
2022-03-30T09:15:40.117546Z	info	FLAG: --stsPort="0"
2022-03-30T09:15:40.117573Z	info	FLAG: --templateFile=""
2022-03-30T09:15:40.117601Z	info	FLAG: --tokenManagerPlugin="GoogleTokenExchange"
2022-03-30T09:15:40.117629Z	info	FLAG: --vklog="0"
2022-03-30T09:15:40.117656Z	info	Version 1.13.2-91533d04e894ff86b80acd6d7a4517b144f9e19a-Clean
2022-03-30T09:15:40.118046Z	info	Proxy role	ips=[10.244.0.207 fe80::5cea:dbff:fe65:e201] type=sidecar id=ts-station-mongo-6fdb84646b-hphp4.default domain=default.svc.cluster.local
2022-03-30T09:15:40.118324Z	info	Apply proxy config from env {}

2022-03-30T09:15:40.170091Z	info	Effective config: binaryPath: /usr/local/bin/envoy
concurrency: 2
configPath: ./etc/istio/proxy
controlPlaneAuthPolicy: MUTUAL_TLS
discoveryAddress: istiod.istio-system.svc:15012
drainDuration: 45s
parentShutdownDuration: 60s
proxyAdminPort: 15000
serviceCluster: istio-proxy
statNameLength: 189
statusPort: 15020
terminationDrainDuration: 5s
tracing:
  zipkin:
    address: zipkin.istio-system:9411

2022-03-30T09:15:40.170195Z	info	JWT policy is third-party-jwt
2022-03-30T09:15:40.257792Z	info	CA Endpoint istiod.istio-system.svc:15012, provider Citadel
2022-03-30T09:15:40.257924Z	info	Using CA istiod.istio-system.svc:15012 cert with certs: var/run/secrets/istio/root-cert.pem
2022-03-30T09:15:40.264004Z	info	Opening status port 15020
2022-03-30T09:15:40.264680Z	info	citadelclient	Citadel client using custom root cert: var/run/secrets/istio/root-cert.pem
2022-03-30T09:15:40.762443Z	info	ads	All caches have been synced up in 1.0250257s, marking server ready
2022-03-30T09:15:40.799290Z	info	sds	SDS server for workload certificates started, listening on "etc/istio/proxy/SDS"
2022-03-30T09:15:40.799638Z	info	xdsproxy	Initializing with upstream address "istiod.istio-system.svc:15012" and cluster "Kubernetes"
2022-03-30T09:15:40.799427Z	info	sds	Starting SDS grpc server
2022-03-30T09:15:40.804332Z	info	Pilot SAN: [istiod.istio-system.svc]
2022-03-30T09:15:40.810866Z	info	starting Http service at 127.0.0.1:15004
2022-03-30T09:15:40.860042Z	info	Starting proxy agent
2022-03-30T09:15:40.860128Z	info	Epoch 0 starting
2022-03-30T09:15:40.869106Z	info	Envoy command: [-c etc/istio/proxy/envoy-rev0.json --restart-epoch 0 --drain-time-s 45 --drain-strategy immediate --parent-shutdown-time-s 60 --local-address-ip-version v4 --file-flush-interval-msec 1000 --disable-hot-restart --log-format %Y-%m-%dT%T.%fZ	%l	envoy %n	%v -l warning --component-log-level misc:error --concurrency 2]
2022-03-30T09:15:41.660839Z	info	xdsproxy	connected to upstream XDS server: istiod.istio-system.svc:15012
2022-03-30T09:15:42.046117Z	info	ads	ADS: new connection for node:ts-station-mongo-6fdb84646b-hphp4.default-1
2022-03-30T09:15:42.042948Z	info	ads	ADS: new connection for node:ts-station-mongo-6fdb84646b-hphp4.default-2
2022-03-30T09:15:42.889826Z	info	cache	generated new workload certificate	latency=2.1607913s ttl=23h59m59.1101972s
2022-03-30T09:15:42.890396Z	info	cache	Root cert has changed, start rotating root cert
2022-03-30T09:15:42.890561Z	info	ads	XDS: Incremental Pushing:0 ConnectedEndpoints:2 Version:
2022-03-30T09:15:42.890657Z	info	cache	returned workload trust anchor from cache	ttl=23h59m59.109359s
2022-03-30T09:15:42.890824Z	info	cache	returned workload trust anchor from cache	ttl=23h59m59.1091915s
2022-03-30T09:15:42.891765Z	info	cache	returned workload certificate from cache	ttl=23h59m59.108301s
2022-03-30T09:15:42.895149Z	info	ads	SDS: PUSH request for node:ts-station-mongo-6fdb84646b-hphp4.default resources:1 size:1.1kB resource:ROOTCA
2022-03-30T09:15:42.895326Z	info	ads	SDS: PUSH request for node:ts-station-mongo-6fdb84646b-hphp4.default resources:1 size:4.0kB resource:default
2022-03-30T09:15:42.895402Z	info	cache	returned workload trust anchor from cache	ttl=23h59m59.1046229s
2022-03-30T09:15:42.895553Z	info	ads	SDS: PUSH for node:ts-station-mongo-6fdb84646b-hphp4.default resources:1 size:1.1kB resource:ROOTCA
2022-03-30T09:15:45.133028Z	info	Readiness succeeded in 5.1707244s
2022-03-30T09:15:45.133314Z	info	Envoy proxy is ready
2022-03-30T09:44:44.434128Z	info	xdsproxy	connected to upstream XDS server: istiod.istio-system.svc:15012
2022-03-30T10:02:58.045160Z	warn	xdsproxy	upstream [2] terminated with unexpected error rpc error: code = Unavailable desc = keepalive ping failed to receive ACK within timeout
2022-03-30T10:03:00.887849Z	warning	envoy config	StreamAggregatedResources gRPC config stream closed: 13, 
2022-03-30T10:03:08.704701Z	info	xdsproxy	connected to upstream XDS server: istiod.istio-system.svc:15012
2022-03-30T10:15:15.710857Z	warn	xdsproxy	upstream [3] terminated with unexpected error rpc error: code = Unavailable desc = keepalive ping failed to receive ACK within timeout
2022-03-30T10:15:24.148029Z	info	xdsproxy	connected to upstream XDS server: istiod.istio-system.svc:15012
