2022-03-30T09:15:43.553081Z	info	FLAG: --concurrency="2"
2022-03-30T09:15:43.553234Z	info	FLAG: --domain="default.svc.cluster.local"
2022-03-30T09:15:43.553279Z	info	FLAG: --help="false"
2022-03-30T09:15:43.553302Z	info	FLAG: --log_as_json="false"
2022-03-30T09:15:43.553326Z	info	FLAG: --log_caller=""
2022-03-30T09:15:43.553350Z	info	FLAG: --log_output_level="default:info"
2022-03-30T09:15:43.553372Z	info	FLAG: --log_rotate=""
2022-03-30T09:15:43.553394Z	info	FLAG: --log_rotate_max_age="30"
2022-03-30T09:15:43.553415Z	info	FLAG: --log_rotate_max_backups="1000"
2022-03-30T09:15:43.553440Z	info	FLAG: --log_rotate_max_size="104857600"
2022-03-30T09:15:43.553479Z	info	FLAG: --log_stacktrace_level="default:none"
2022-03-30T09:15:43.553510Z	info	FLAG: --log_target="[stdout]"
2022-03-30T09:15:43.553535Z	info	FLAG: --meshConfig="./etc/istio/config/mesh"
2022-03-30T09:15:43.553556Z	info	FLAG: --outlierLogPath=""
2022-03-30T09:15:43.553578Z	info	FLAG: --proxyComponentLogLevel="misc:error"
2022-03-30T09:15:43.553602Z	info	FLAG: --proxyLogLevel="warning"
2022-03-30T09:15:43.553624Z	info	FLAG: --serviceCluster="istio-proxy"
2022-03-30T09:15:43.553646Z	info	FLAG: --stsPort="0"
2022-03-30T09:15:43.553685Z	info	FLAG: --templateFile=""
2022-03-30T09:15:43.553707Z	info	FLAG: --tokenManagerPlugin="GoogleTokenExchange"
2022-03-30T09:15:43.553730Z	info	FLAG: --vklog="0"
2022-03-30T09:15:43.553754Z	info	Version 1.13.2-91533d04e894ff86b80acd6d7a4517b144f9e19a-Clean
2022-03-30T09:15:43.554086Z	info	Proxy role	ips=[10.244.0.209 fe80::1ca8:d3ff:fe03:b76] type=sidecar id=ts-train-mongo-58988b88f4-bftm4.default domain=default.svc.cluster.local
2022-03-30T09:15:43.554212Z	info	Apply proxy config from env {}

2022-03-30T09:15:43.634640Z	info	Effective config: binaryPath: /usr/local/bin/envoy
concurrency: 2
configPath: ./etc/istio/proxy
controlPlaneAuthPolicy: MUTUAL_TLS
discoveryAddress: istiod.istio-system.svc:15012
drainDuration: 45s
parentShutdownDuration: 60s
proxyAdminPort: 15000
serviceCluster: istio-proxy
statNameLength: 189
statusPort: 15020
terminationDrainDuration: 5s
tracing:
  zipkin:
    address: zipkin.istio-system:9411

2022-03-30T09:15:43.634706Z	info	JWT policy is third-party-jwt
2022-03-30T09:15:43.702055Z	info	CA Endpoint istiod.istio-system.svc:15012, provider Citadel
2022-03-30T09:15:43.702196Z	info	Using CA istiod.istio-system.svc:15012 cert with certs: var/run/secrets/istio/root-cert.pem
2022-03-30T09:15:43.702286Z	info	citadelclient	Citadel client using custom root cert: var/run/secrets/istio/root-cert.pem
2022-03-30T09:15:43.703631Z	info	Opening status port 15020
2022-03-30T09:15:44.117507Z	info	ads	All caches have been synced up in 701.8966ms, marking server ready
2022-03-30T09:15:44.117913Z	info	sds	SDS server for workload certificates started, listening on "etc/istio/proxy/SDS"
2022-03-30T09:15:44.117961Z	info	xdsproxy	Initializing with upstream address "istiod.istio-system.svc:15012" and cluster "Kubernetes"
2022-03-30T09:15:44.124210Z	info	sds	Starting SDS grpc server
2022-03-30T09:15:44.124447Z	info	starting Http service at 127.0.0.1:15004
2022-03-30T09:15:44.169429Z	info	Pilot SAN: [istiod.istio-system.svc]
2022-03-30T09:15:44.504374Z	info	Starting proxy agent
2022-03-30T09:15:44.504488Z	info	Epoch 0 starting
2022-03-30T09:15:44.504527Z	info	Envoy command: [-c etc/istio/proxy/envoy-rev0.json --restart-epoch 0 --drain-time-s 45 --drain-strategy immediate --parent-shutdown-time-s 60 --local-address-ip-version v4 --file-flush-interval-msec 1000 --disable-hot-restart --log-format %Y-%m-%dT%T.%fZ	%l	envoy %n	%v -l warning --component-log-level misc:error --concurrency 2]
2022-03-30T09:15:46.433724Z	info	xdsproxy	connected to upstream XDS server: istiod.istio-system.svc:15012
2022-03-30T09:15:46.511708Z	info	cache	generated new workload certificate	latency=2.3918119s ttl=23h59m59.4883302s
2022-03-30T09:15:46.511904Z	info	cache	Root cert has changed, start rotating root cert
2022-03-30T09:15:46.512020Z	info	ads	XDS: Incremental Pushing:0 ConnectedEndpoints:0 Version:
2022-03-30T09:15:46.512222Z	info	cache	returned workload trust anchor from cache	ttl=23h59m59.4878137s
2022-03-30T09:15:47.333413Z	info	ads	ADS: new connection for node:ts-train-mongo-58988b88f4-bftm4.default-1
2022-03-30T09:15:47.333746Z	info	cache	returned workload trust anchor from cache	ttl=23h59m58.666268s
2022-03-30T09:15:47.335305Z	info	ads	SDS: PUSH request for node:ts-train-mongo-58988b88f4-bftm4.default resources:1 size:1.1kB resource:ROOTCA
2022-03-30T09:15:47.453963Z	info	ads	ADS: new connection for node:ts-train-mongo-58988b88f4-bftm4.default-2
2022-03-30T09:15:47.454253Z	info	cache	returned workload certificate from cache	ttl=23h59m58.5457837s
2022-03-30T09:15:47.454652Z	info	ads	SDS: PUSH request for node:ts-train-mongo-58988b88f4-bftm4.default resources:1 size:4.0kB resource:default
2022-03-30T09:15:49.477143Z	info	Readiness succeeded in 5.9795827s
2022-03-30T09:15:49.477509Z	info	Envoy proxy is ready
2022-03-30T09:43:18.274328Z	info	xdsproxy	connected to upstream XDS server: istiod.istio-system.svc:15012
2022-03-30T09:58:06.688075Z	warn	xdsproxy	upstream [2] terminated with unexpected error rpc error: code = Unavailable desc = keepalive ping failed to receive ACK within timeout
2022-03-30T09:58:11.336127Z	info	xdsproxy	connected to upstream XDS server: istiod.istio-system.svc:15012
2022-03-30T10:15:16.205126Z	warn	xdsproxy	upstream [3] terminated with unexpected error rpc error: code = Unavailable desc = keepalive ping failed to receive ACK within timeout
2022-03-30T10:15:23.212536Z	info	xdsproxy	connected to upstream XDS server: istiod.istio-system.svc:15012
