2022-03-30T09:15:36.170635Z	info	FLAG: --concurrency="2"
2022-03-30T09:15:36.170724Z	info	FLAG: --domain="default.svc.cluster.local"
2022-03-30T09:15:36.170751Z	info	FLAG: --help="false"
2022-03-30T09:15:36.170775Z	info	FLAG: --log_as_json="false"
2022-03-30T09:15:36.170791Z	info	FLAG: --log_caller=""
2022-03-30T09:15:36.170812Z	info	FLAG: --log_output_level="default:info"
2022-03-30T09:15:36.170828Z	info	FLAG: --log_rotate=""
2022-03-30T09:15:36.170847Z	info	FLAG: --log_rotate_max_age="30"
2022-03-30T09:15:36.170870Z	info	FLAG: --log_rotate_max_backups="1000"
2022-03-30T09:15:36.170903Z	info	FLAG: --log_rotate_max_size="104857600"
2022-03-30T09:15:36.170925Z	info	FLAG: --log_stacktrace_level="default:none"
2022-03-30T09:15:36.170952Z	info	FLAG: --log_target="[stdout]"
2022-03-30T09:15:36.170971Z	info	FLAG: --meshConfig="./etc/istio/config/mesh"
2022-03-30T09:15:36.170993Z	info	FLAG: --outlierLogPath=""
2022-03-30T09:15:36.171011Z	info	FLAG: --proxyComponentLogLevel="misc:error"
2022-03-30T09:15:36.171032Z	info	FLAG: --proxyLogLevel="warning"
2022-03-30T09:15:36.171050Z	info	FLAG: --serviceCluster="istio-proxy"
2022-03-30T09:15:36.171082Z	info	FLAG: --stsPort="0"
2022-03-30T09:15:36.171097Z	info	FLAG: --templateFile=""
2022-03-30T09:15:36.171118Z	info	FLAG: --tokenManagerPlugin="GoogleTokenExchange"
2022-03-30T09:15:36.171150Z	info	FLAG: --vklog="0"
2022-03-30T09:15:36.171177Z	info	Version 1.13.2-91533d04e894ff86b80acd6d7a4517b144f9e19a-Clean
2022-03-30T09:15:36.171542Z	info	Proxy role	ips=[10.244.0.201 fe80::d0a0:76ff:fe11:2e1a] type=sidecar id=ts-user-mongo-7664bb6b5b-9nx9f.default domain=default.svc.cluster.local
2022-03-30T09:15:36.171667Z	info	Apply proxy config from env {}

2022-03-30T09:15:36.173714Z	info	Effective config: binaryPath: /usr/local/bin/envoy
concurrency: 2
configPath: ./etc/istio/proxy
controlPlaneAuthPolicy: MUTUAL_TLS
discoveryAddress: istiod.istio-system.svc:15012
drainDuration: 45s
parentShutdownDuration: 60s
proxyAdminPort: 15000
serviceCluster: istio-proxy
statNameLength: 189
statusPort: 15020
terminationDrainDuration: 5s
tracing:
  zipkin:
    address: zipkin.istio-system:9411

2022-03-30T09:15:36.173846Z	info	JWT policy is third-party-jwt
2022-03-30T09:15:36.213836Z	info	CA Endpoint istiod.istio-system.svc:15012, provider Citadel
2022-03-30T09:15:36.213925Z	info	Using CA istiod.istio-system.svc:15012 cert with certs: var/run/secrets/istio/root-cert.pem
2022-03-30T09:15:36.214032Z	info	citadelclient	Citadel client using custom root cert: var/run/secrets/istio/root-cert.pem
2022-03-30T09:15:36.214722Z	info	Opening status port 15020
2022-03-30T09:15:36.786250Z	info	ads	All caches have been synced up in 787.4824ms, marking server ready
2022-03-30T09:15:36.786664Z	info	sds	SDS server for workload certificates started, listening on "etc/istio/proxy/SDS"
2022-03-30T09:15:36.786723Z	info	xdsproxy	Initializing with upstream address "istiod.istio-system.svc:15012" and cluster "Kubernetes"
2022-03-30T09:15:36.791334Z	info	sds	Starting SDS grpc server
2022-03-30T09:15:36.834101Z	info	starting Http service at 127.0.0.1:15004
2022-03-30T09:15:36.855426Z	info	Pilot SAN: [istiod.istio-system.svc]
2022-03-30T09:15:37.041677Z	info	Starting proxy agent
2022-03-30T09:15:37.041757Z	info	Epoch 0 starting
2022-03-30T09:15:37.041825Z	info	Envoy command: [-c etc/istio/proxy/envoy-rev0.json --restart-epoch 0 --drain-time-s 45 --drain-strategy immediate --parent-shutdown-time-s 60 --local-address-ip-version v4 --file-flush-interval-msec 1000 --disable-hot-restart --log-format %Y-%m-%dT%T.%fZ	%l	envoy %n	%v -l warning --component-log-level misc:error --concurrency 2]
2022-03-30T09:15:40.083828Z	info	xdsproxy	connected to upstream XDS server: istiod.istio-system.svc:15012
2022-03-30T09:15:40.459836Z	info	ads	ADS: new connection for node:ts-user-mongo-7664bb6b5b-9nx9f.default-1
2022-03-30T09:15:40.507235Z	info	ads	ADS: new connection for node:ts-user-mongo-7664bb6b5b-9nx9f.default-2
2022-03-30T09:15:40.941707Z	info	cache	generated new workload certificate	latency=4.1520234s ttl=23h59m59.05835s
2022-03-30T09:15:40.941795Z	info	cache	Root cert has changed, start rotating root cert
2022-03-30T09:15:40.941850Z	info	ads	XDS: Incremental Pushing:0 ConnectedEndpoints:2 Version:
2022-03-30T09:15:40.941939Z	info	cache	returned workload trust anchor from cache	ttl=23h59m59.0580786s
2022-03-30T09:15:40.941991Z	info	cache	returned workload trust anchor from cache	ttl=23h59m59.0580267s
2022-03-30T09:15:40.942699Z	info	ads	SDS: PUSH request for node:ts-user-mongo-7664bb6b5b-9nx9f.default resources:1 size:1.1kB resource:ROOTCA
2022-03-30T09:15:40.943209Z	info	cache	returned workload certificate from cache	ttl=23h59m59.0568853s
2022-03-30T09:15:40.953381Z	info	cache	returned workload trust anchor from cache	ttl=23h59m59.0466456s
2022-03-30T09:15:40.953595Z	info	ads	SDS: PUSH for node:ts-user-mongo-7664bb6b5b-9nx9f.default resources:1 size:1.1kB resource:ROOTCA
2022-03-30T09:15:40.957317Z	info	ads	SDS: PUSH request for node:ts-user-mongo-7664bb6b5b-9nx9f.default resources:1 size:4.0kB resource:default
2022-03-30T09:15:42.641175Z	info	Readiness succeeded in 6.6500785s
2022-03-30T09:15:42.641573Z	info	Envoy proxy is ready
2022-03-30T09:29:28.772150Z	warn	xdsproxy	upstream [1] terminated with unexpected error rpc error: code = Unavailable desc = keepalive ping failed to receive ACK within timeout
2022-03-30T09:29:41.657693Z	info	xdsproxy	connected to upstream XDS server: istiod.istio-system.svc:15012
2022-03-30T10:01:00.038828Z	info	xdsproxy	connected to upstream XDS server: istiod.istio-system.svc:15012
2022-03-30T10:03:01.090846Z	warning	envoy config	StreamAggregatedResources gRPC config stream closed: 13, 
{"upstream_transport_failure_reason":null,"response_code_details":null,"user_agent":null,"upstream_local_address":"127.0.0.6:50175","authority":null,"upstream_host":"10.244.0.201:27017","connection_termination_details":null,"upstream_cluster":"inbound|27017||","upstream_service_time":null,"method":null,"path":null,"requested_server_name":"outbound_.27017_._.ts-user-mongo.default.svc.cluster.local","start_time":"2022-03-30T09:23:55.589Z","protocol":null,"downstream_remote_address":"10.244.0.248:50902","route_name":null,"request_id":null,"response_flags":"-","response_code":0,"downstream_local_address":"10.244.0.201:27017","bytes_sent":75216,"bytes_received":14263,"duration":2352384,"x_forwarded_for":null}
{"requested_server_name":"outbound_.27017_._.ts-user-mongo.default.svc.cluster.local","request_id":null,"authority":null,"route_name":null,"user_agent":null,"x_forwarded_for":null,"upstream_local_address":"127.0.0.6:46255","upstream_transport_failure_reason":null,"bytes_sent":11494,"response_code_details":null,"response_flags":"-","upstream_cluster":"inbound|27017||","downstream_local_address":"10.244.0.201:27017","upstream_service_time":null,"upstream_host":"10.244.0.201:27017","protocol":null,"downstream_remote_address":"10.244.0.248:44538","path":null,"connection_termination_details":null,"bytes_received":25833,"start_time":"2022-03-30T09:28:43.929Z","method":null,"response_code":0,"duration":2065437}
{"bytes_received":1693,"response_flags":"-","response_code_details":null,"downstream_remote_address":"10.244.0.248:34100","authority":null,"downstream_local_address":"10.244.0.201:27017","method":null,"upstream_transport_failure_reason":null,"route_name":null,"x_forwarded_for":null,"connection_termination_details":null,"upstream_cluster":"inbound|27017||","user_agent":null,"requested_server_name":"outbound_.27017_._.ts-user-mongo.default.svc.cluster.local","bytes_sent":3304,"protocol":null,"upstream_local_address":"127.0.0.6:50143","start_time":"2022-03-30T09:54:49.280Z","request_id":null,"path":null,"upstream_host":"10.244.0.201:27017","upstream_service_time":null,"duration":498350,"response_code":0}
2022-03-30T10:03:08.832233Z	info	xdsproxy	connected to upstream XDS server: istiod.istio-system.svc:15012
2022-03-30T10:15:15.227803Z	warn	xdsproxy	upstream [4] terminated with unexpected error rpc error: code = Unavailable desc = keepalive ping failed to receive ACK within timeout
2022-03-30T10:15:16.091830Z	warning	envoy config	StreamAggregatedResources gRPC config stream closed: 13, 
2022-03-30T10:15:26.337656Z	info	xdsproxy	connected to upstream XDS server: istiod.istio-system.svc:15012
2022-03-30T10:42:49.239248Z	info	xdsproxy	connected to upstream XDS server: istiod.istio-system.svc:15012
