2022-04-12T10:20:04.897570Z	info	FLAG: --concurrency="2"
2022-04-12T10:20:04.897841Z	info	FLAG: --domain="default.svc.cluster.local"
2022-04-12T10:20:04.897860Z	info	FLAG: --help="false"
2022-04-12T10:20:04.897875Z	info	FLAG: --log_as_json="false"
2022-04-12T10:20:04.897883Z	info	FLAG: --log_caller=""
2022-04-12T10:20:04.897888Z	info	FLAG: --log_output_level="default:info"
2022-04-12T10:20:04.897893Z	info	FLAG: --log_rotate=""
2022-04-12T10:20:04.897898Z	info	FLAG: --log_rotate_max_age="30"
2022-04-12T10:20:04.897903Z	info	FLAG: --log_rotate_max_backups="1000"
2022-04-12T10:20:04.897909Z	info	FLAG: --log_rotate_max_size="104857600"
2022-04-12T10:20:04.897915Z	info	FLAG: --log_stacktrace_level="default:none"
2022-04-12T10:20:05.058289Z	info	FLAG: --log_target="[stdout]"
2022-04-12T10:20:05.058431Z	info	FLAG: --meshConfig="./etc/istio/config/mesh"
2022-04-12T10:20:05.058443Z	info	FLAG: --outlierLogPath=""
2022-04-12T10:20:05.058450Z	info	FLAG: --proxyComponentLogLevel="misc:error"
2022-04-12T10:20:05.058457Z	info	FLAG: --proxyLogLevel="warning"
2022-04-12T10:20:05.058462Z	info	FLAG: --serviceCluster="istio-proxy"
2022-04-12T10:20:05.058470Z	info	FLAG: --stsPort="0"
2022-04-12T10:20:05.058475Z	info	FLAG: --templateFile=""
2022-04-12T10:20:05.058481Z	info	FLAG: --tokenManagerPlugin="GoogleTokenExchange"
2022-04-12T10:20:05.058491Z	info	FLAG: --vklog="0"
2022-04-12T10:20:05.058498Z	info	Version 1.13.2-91533d04e894ff86b80acd6d7a4517b144f9e19a-Clean
2022-04-12T10:20:05.059127Z	info	Proxy role	ips=[10.244.0.169 fe80::f0bc:48ff:febc:e351] type=sidecar id=ts-avatar-service-554dd6ccc7-cdpms.default domain=default.svc.cluster.local
2022-04-12T10:20:05.059800Z	info	Apply proxy config from env {}

2022-04-12T10:20:05.499496Z	info	Effective config: binaryPath: /usr/local/bin/envoy
concurrency: 2
configPath: ./etc/istio/proxy
controlPlaneAuthPolicy: MUTUAL_TLS
discoveryAddress: istiod.istio-system.svc:15012
drainDuration: 45s
parentShutdownDuration: 60s
proxyAdminPort: 15000
serviceCluster: istio-proxy
statNameLength: 189
statusPort: 15020
terminationDrainDuration: 5s
tracing:
  zipkin:
    address: zipkin.istio-system:9411

2022-04-12T10:20:05.499571Z	info	JWT policy is third-party-jwt
2022-04-12T10:20:05.870040Z	info	CA Endpoint istiod.istio-system.svc:15012, provider Citadel
2022-04-12T10:20:05.889529Z	info	Using CA istiod.istio-system.svc:15012 cert with certs: var/run/secrets/istio/root-cert.pem
2022-04-12T10:20:05.926041Z	info	citadelclient	Citadel client using custom root cert: var/run/secrets/istio/root-cert.pem
2022-04-12T10:20:05.947703Z	info	Opening status port 15020
2022-04-12T10:20:13.945523Z	info	ads	All caches have been synced up in 10.036834972s, marking server ready
2022-04-12T10:20:14.368015Z	info	sds	SDS server for workload certificates started, listening on "etc/istio/proxy/SDS"
2022-04-12T10:20:14.402719Z	info	sds	Starting SDS grpc server
2022-04-12T10:20:14.368164Z	info	xdsproxy	Initializing with upstream address "istiod.istio-system.svc:15012" and cluster "Kubernetes"
2022-04-12T10:20:14.572029Z	info	starting Http service at 127.0.0.1:15004
2022-04-12T10:20:14.663192Z	info	Pilot SAN: [istiod.istio-system.svc]
2022-04-12T10:20:15.568329Z	info	Starting proxy agent
2022-04-12T10:20:15.568551Z	info	Epoch 0 starting
2022-04-12T10:20:15.568629Z	info	Envoy command: [-c etc/istio/proxy/envoy-rev0.json --restart-epoch 0 --drain-time-s 45 --drain-strategy immediate --parent-shutdown-time-s 60 --local-address-ip-version v4 --file-flush-interval-msec 1000 --disable-hot-restart --log-format %Y-%m-%dT%T.%fZ	%l	envoy %n	%v -l warning --component-log-level misc:error --concurrency 2]
2022-04-12T10:20:59.304788Z	info	xdsproxy	connected to upstream XDS server: istiod.istio-system.svc:15012
2022-04-12T10:21:23.929033Z	info	cache	generated new workload certificate	latency=1m9.571516056s ttl=23h59m57.070989105s
2022-04-12T10:21:23.929171Z	info	cache	Root cert has changed, start rotating root cert
2022-04-12T10:21:23.929208Z	info	ads	XDS: Incremental Pushing:0 ConnectedEndpoints:0 Version:
2022-04-12T10:21:23.929286Z	info	cache	returned workload trust anchor from cache	ttl=23h59m57.070719099s
2022-04-12T10:22:40.230253Z	info	ads	ADS: new connection for node:ts-avatar-service-554dd6ccc7-cdpms.default-1
2022-04-12T10:22:40.230484Z	info	cache	returned workload trust anchor from cache	ttl=23h58m40.769526703s
2022-04-12T10:22:40.399983Z	info	ads	ADS: new connection for node:ts-avatar-service-554dd6ccc7-cdpms.default-2
2022-04-12T10:22:40.400148Z	info	cache	returned workload certificate from cache	ttl=23h58m40.599860167s
2022-04-12T10:22:40.493032Z	info	ads	SDS: PUSH request for node:ts-avatar-service-554dd6ccc7-cdpms.default resources:1 size:1.1kB resource:ROOTCA
2022-04-12T10:22:40.493483Z	info	ads	SDS: PUSH request for node:ts-avatar-service-554dd6ccc7-cdpms.default resources:1 size:4.0kB resource:default
2022-04-12T10:24:01.288755Z	info	Readiness succeeded in 3m57.026993285s
2022-04-12T10:24:01.294670Z	info	Envoy proxy is ready
{"protocol":"HTTP/1.1","upstream_host":"10.244.0.169:17001","route_name":"default","downstream_remote_address":"10.244.0.172:50316","x_forwarded_for":null,"path":"/api/v1/avatar","authority":"ts-avatar-service:17001","upstream_local_address":"127.0.0.6:40561","response_code":400,"bytes_sent":30,"upstream_service_time":"18995","upstream_cluster":"inbound|17001||","requested_server_name":"outbound_.17001_._.ts-avatar-service.default.svc.cluster.local","user_agent":"Mozilla/5.0 (Macintosh; Intel Mac OS X 10_15_7) AppleWebKit/537.36 (KHTML, like Gecko) Chrome/100.0.4896.75 Safari/537.36","response_code_details":"via_upstream","bytes_received":320566,"response_flags":"-","request_id":"8b93ae28-e621-9475-8688-aad6ea157799","duration":19020,"connection_termination_details":null,"start_time":"2022-04-12T10:40:36.902Z","downstream_local_address":"10.244.0.169:17001","upstream_transport_failure_reason":null,"method":"POST"}
2022-04-12T10:50:02.490711Z	info	xdsproxy	connected to upstream XDS server: istiod.istio-system.svc:15012
