2022-04-12T10:18:59.571468Z	info	FLAG: --concurrency="2"
2022-04-12T10:18:59.571534Z	info	FLAG: --domain="default.svc.cluster.local"
2022-04-12T10:18:59.571544Z	info	FLAG: --help="false"
2022-04-12T10:18:59.571549Z	info	FLAG: --log_as_json="false"
2022-04-12T10:18:59.571553Z	info	FLAG: --log_caller=""
2022-04-12T10:18:59.571557Z	info	FLAG: --log_output_level="default:info"
2022-04-12T10:18:59.571561Z	info	FLAG: --log_rotate=""
2022-04-12T10:18:59.571565Z	info	FLAG: --log_rotate_max_age="30"
2022-04-12T10:18:59.571569Z	info	FLAG: --log_rotate_max_backups="1000"
2022-04-12T10:18:59.571573Z	info	FLAG: --log_rotate_max_size="104857600"
2022-04-12T10:18:59.571577Z	info	FLAG: --log_stacktrace_level="default:none"
2022-04-12T10:18:59.571589Z	info	FLAG: --log_target="[stdout]"
2022-04-12T10:18:59.571595Z	info	FLAG: --meshConfig="./etc/istio/config/mesh"
2022-04-12T10:18:59.571602Z	info	FLAG: --outlierLogPath=""
2022-04-12T10:18:59.571612Z	info	FLAG: --proxyComponentLogLevel="misc:error"
2022-04-12T10:18:59.571619Z	info	FLAG: --proxyLogLevel="warning"
2022-04-12T10:18:59.571626Z	info	FLAG: --serviceCluster="istio-proxy"
2022-04-12T10:18:59.571640Z	info	FLAG: --stsPort="0"
2022-04-12T10:18:59.571644Z	info	FLAG: --templateFile=""
2022-04-12T10:18:59.571648Z	info	FLAG: --tokenManagerPlugin="GoogleTokenExchange"
2022-04-12T10:18:59.571654Z	info	FLAG: --vklog="0"
2022-04-12T10:18:59.571658Z	info	Version 1.13.2-91533d04e894ff86b80acd6d7a4517b144f9e19a-Clean
2022-04-12T10:18:59.574325Z	info	Proxy role	ips=[10.244.0.107 fe80::603e:4aff:fef1:ec2] type=sidecar id=ts-auth-mongo-795f5cb5c5-6gz8z.default domain=default.svc.cluster.local
2022-04-12T10:18:59.574489Z	info	Apply proxy config from env {}

2022-04-12T10:18:59.580471Z	info	Effective config: binaryPath: /usr/local/bin/envoy
concurrency: 2
configPath: ./etc/istio/proxy
controlPlaneAuthPolicy: MUTUAL_TLS
discoveryAddress: istiod.istio-system.svc:15012
drainDuration: 45s
parentShutdownDuration: 60s
proxyAdminPort: 15000
serviceCluster: istio-proxy
statNameLength: 189
statusPort: 15020
terminationDrainDuration: 5s
tracing:
  zipkin:
    address: zipkin.istio-system:9411

2022-04-12T10:18:59.580591Z	info	JWT policy is third-party-jwt
2022-04-12T10:18:59.632109Z	info	CA Endpoint istiod.istio-system.svc:15012, provider Citadel
2022-04-12T10:18:59.632213Z	info	Using CA istiod.istio-system.svc:15012 cert with certs: var/run/secrets/istio/root-cert.pem
2022-04-12T10:18:59.632419Z	info	citadelclient	Citadel client using custom root cert: var/run/secrets/istio/root-cert.pem
2022-04-12T10:18:59.640279Z	info	Opening status port 15020
2022-04-12T10:18:59.993780Z	info	ads	All caches have been synced up in 563.913676ms, marking server ready
2022-04-12T10:19:00.009796Z	info	sds	Starting SDS grpc server
2022-04-12T10:18:59.994468Z	info	sds	SDS server for workload certificates started, listening on "etc/istio/proxy/SDS"
2022-04-12T10:19:00.011759Z	info	xdsproxy	Initializing with upstream address "istiod.istio-system.svc:15012" and cluster "Kubernetes"
2022-04-12T10:19:00.018076Z	info	starting Http service at 127.0.0.1:15004
2022-04-12T10:19:00.018204Z	info	Pilot SAN: [istiod.istio-system.svc]
2022-04-12T10:19:00.020966Z	info	Starting proxy agent
2022-04-12T10:19:00.021004Z	info	Epoch 0 starting
2022-04-12T10:19:00.021073Z	info	Envoy command: [-c etc/istio/proxy/envoy-rev0.json --restart-epoch 0 --drain-time-s 45 --drain-strategy immediate --parent-shutdown-time-s 60 --local-address-ip-version v4 --file-flush-interval-msec 1000 --disable-hot-restart --log-format %Y-%m-%dT%T.%fZ	%l	envoy %n	%v -l warning --component-log-level misc:error --concurrency 2]
2022-04-12T10:19:01.085952Z	info	xdsproxy	connected to upstream XDS server: istiod.istio-system.svc:15012
2022-04-12T10:19:01.622698Z	info	ads	ADS: new connection for node:ts-auth-mongo-795f5cb5c5-6gz8z.default-1
2022-04-12T10:19:01.649414Z	info	ads	ADS: new connection for node:ts-auth-mongo-795f5cb5c5-6gz8z.default-2
2022-04-12T10:19:03.586170Z	info	cache	generated new workload certificate	latency=3.591554525s ttl=23h59m59.413844624s
2022-04-12T10:19:03.586240Z	info	cache	Root cert has changed, start rotating root cert
2022-04-12T10:19:03.586259Z	info	ads	XDS: Incremental Pushing:0 ConnectedEndpoints:2 Version:
2022-04-12T10:19:03.586350Z	info	cache	returned workload trust anchor from cache	ttl=23h59m59.413655087s
2022-04-12T10:19:03.586379Z	info	cache	returned workload trust anchor from cache	ttl=23h59m59.413623391s
2022-04-12T10:19:03.586850Z	info	ads	SDS: PUSH request for node:ts-auth-mongo-795f5cb5c5-6gz8z.default resources:1 size:1.1kB resource:ROOTCA
2022-04-12T10:19:03.586913Z	info	cache	returned workload trust anchor from cache	ttl=23h59m59.413091452s
2022-04-12T10:19:03.586943Z	info	ads	SDS: PUSH for node:ts-auth-mongo-795f5cb5c5-6gz8z.default resources:1 size:1.1kB resource:ROOTCA
2022-04-12T10:19:03.586957Z	info	cache	returned workload certificate from cache	ttl=23h59m59.413044519s
2022-04-12T10:19:03.587034Z	info	ads	SDS: PUSH request for node:ts-auth-mongo-795f5cb5c5-6gz8z.default resources:1 size:4.0kB resource:default
2022-04-12T10:19:06.986787Z	info	Readiness succeeded in 7.484315305s
2022-04-12T10:19:06.987766Z	info	Envoy proxy is ready
2022-04-12T10:51:30.563249Z	info	xdsproxy	connected to upstream XDS server: istiod.istio-system.svc:15012
