2022-04-12T10:19:09.892703Z	info	FLAG: --concurrency="2"
2022-04-12T10:19:09.955201Z	info	FLAG: --domain="default.svc.cluster.local"
2022-04-12T10:19:09.955218Z	info	FLAG: --help="false"
2022-04-12T10:19:09.955222Z	info	FLAG: --log_as_json="false"
2022-04-12T10:19:09.955239Z	info	FLAG: --log_caller=""
2022-04-12T10:19:09.955244Z	info	FLAG: --log_output_level="default:info"
2022-04-12T10:19:09.955248Z	info	FLAG: --log_rotate=""
2022-04-12T10:19:09.955252Z	info	FLAG: --log_rotate_max_age="30"
2022-04-12T10:19:09.955256Z	info	FLAG: --log_rotate_max_backups="1000"
2022-04-12T10:19:09.955260Z	info	FLAG: --log_rotate_max_size="104857600"
2022-04-12T10:19:09.955264Z	info	FLAG: --log_stacktrace_level="default:none"
2022-04-12T10:19:09.955279Z	info	FLAG: --log_target="[stdout]"
2022-04-12T10:19:09.955284Z	info	FLAG: --meshConfig="./etc/istio/config/mesh"
2022-04-12T10:19:09.955287Z	info	FLAG: --outlierLogPath=""
2022-04-12T10:19:09.955291Z	info	FLAG: --proxyComponentLogLevel="misc:error"
2022-04-12T10:19:09.955295Z	info	FLAG: --proxyLogLevel="warning"
2022-04-12T10:19:09.955298Z	info	FLAG: --serviceCluster="istio-proxy"
2022-04-12T10:19:09.955302Z	info	FLAG: --stsPort="0"
2022-04-12T10:19:09.955305Z	info	FLAG: --templateFile=""
2022-04-12T10:19:09.955309Z	info	FLAG: --tokenManagerPlugin="GoogleTokenExchange"
2022-04-12T10:19:09.955331Z	info	FLAG: --vklog="0"
2022-04-12T10:19:09.955340Z	info	Version 1.13.2-91533d04e894ff86b80acd6d7a4517b144f9e19a-Clean
2022-04-12T10:19:09.955667Z	info	Proxy role	ips=[10.244.0.120 fe80::b8d4:45ff:fe65:ce83] type=sidecar id=ts-assurance-mongo-8b6bc46df-jwfmt.default domain=default.svc.cluster.local
2022-04-12T10:19:09.955852Z	info	Apply proxy config from env {}

2022-04-12T10:19:09.965113Z	info	Effective config: binaryPath: /usr/local/bin/envoy
concurrency: 2
configPath: ./etc/istio/proxy
controlPlaneAuthPolicy: MUTUAL_TLS
discoveryAddress: istiod.istio-system.svc:15012
drainDuration: 45s
parentShutdownDuration: 60s
proxyAdminPort: 15000
serviceCluster: istio-proxy
statNameLength: 189
statusPort: 15020
terminationDrainDuration: 5s
tracing:
  zipkin:
    address: zipkin.istio-system:9411

2022-04-12T10:19:09.965148Z	info	JWT policy is third-party-jwt
2022-04-12T10:19:09.994740Z	info	CA Endpoint istiod.istio-system.svc:15012, provider Citadel
2022-04-12T10:19:09.994867Z	info	Using CA istiod.istio-system.svc:15012 cert with certs: var/run/secrets/istio/root-cert.pem
2022-04-12T10:19:09.994985Z	info	citadelclient	Citadel client using custom root cert: var/run/secrets/istio/root-cert.pem
2022-04-12T10:19:10.069255Z	info	Opening status port 15020
2022-04-12T10:19:10.694011Z	info	ads	All caches have been synced up in 1.275343591s, marking server ready
2022-04-12T10:19:10.694581Z	info	sds	SDS server for workload certificates started, listening on "etc/istio/proxy/SDS"
2022-04-12T10:19:10.694608Z	info	xdsproxy	Initializing with upstream address "istiod.istio-system.svc:15012" and cluster "Kubernetes"
2022-04-12T10:19:10.698111Z	info	starting Http service at 127.0.0.1:15004
2022-04-12T10:19:10.697986Z	info	sds	Starting SDS grpc server
2022-04-12T10:19:10.701953Z	info	Pilot SAN: [istiod.istio-system.svc]
2022-04-12T10:19:10.705330Z	info	Starting proxy agent
2022-04-12T10:19:10.705464Z	info	Epoch 0 starting
2022-04-12T10:19:10.705499Z	info	Envoy command: [-c etc/istio/proxy/envoy-rev0.json --restart-epoch 0 --drain-time-s 45 --drain-strategy immediate --parent-shutdown-time-s 60 --local-address-ip-version v4 --file-flush-interval-msec 1000 --disable-hot-restart --log-format %Y-%m-%dT%T.%fZ	%l	envoy %n	%v -l warning --component-log-level misc:error --concurrency 2]
2022-04-12T10:19:12.217997Z	info	xdsproxy	connected to upstream XDS server: istiod.istio-system.svc:15012
2022-04-12T10:19:12.903038Z	info	ads	ADS: new connection for node:ts-assurance-mongo-8b6bc46df-jwfmt.default-1
2022-04-12T10:19:12.906473Z	info	ads	ADS: new connection for node:ts-assurance-mongo-8b6bc46df-jwfmt.default-2
2022-04-12T10:19:14.041059Z	info	cache	generated new workload certificate	latency=3.344446066s ttl=23h59m59.95896003s
2022-04-12T10:19:14.041260Z	info	cache	Root cert has changed, start rotating root cert
2022-04-12T10:19:14.041368Z	info	ads	XDS: Incremental Pushing:0 ConnectedEndpoints:2 Version:
2022-04-12T10:19:14.041517Z	info	cache	returned workload trust anchor from cache	ttl=23h59m59.95848945s
2022-04-12T10:19:14.041566Z	info	cache	returned workload certificate from cache	ttl=23h59m59.95843759s
2022-04-12T10:19:14.042046Z	info	ads	SDS: PUSH request for node:ts-assurance-mongo-8b6bc46df-jwfmt.default resources:1 size:4.0kB resource:default
2022-04-12T10:19:14.042095Z	info	cache	returned workload trust anchor from cache	ttl=23h59m59.957910461s
2022-04-12T10:19:14.042281Z	info	ads	SDS: PUSH request for node:ts-assurance-mongo-8b6bc46df-jwfmt.default resources:1 size:1.1kB resource:ROOTCA
2022-04-12T10:19:14.042342Z	info	cache	returned workload trust anchor from cache	ttl=23h59m59.957661437s
2022-04-12T10:19:14.042370Z	info	ads	SDS: PUSH for node:ts-assurance-mongo-8b6bc46df-jwfmt.default resources:1 size:1.1kB resource:ROOTCA
2022-04-12T10:19:16.782241Z	info	Readiness succeeded in 7.28960798s
2022-04-12T10:19:16.782671Z	info	Envoy proxy is ready
2022-04-12T10:48:37.826798Z	info	xdsproxy	connected to upstream XDS server: istiod.istio-system.svc:15012
