2022-04-12T10:19:20.772768Z	info	FLAG: --concurrency="2"
2022-04-12T10:19:20.772841Z	info	FLAG: --domain="default.svc.cluster.local"
2022-04-12T10:19:20.772850Z	info	FLAG: --help="false"
2022-04-12T10:19:20.772854Z	info	FLAG: --log_as_json="false"
2022-04-12T10:19:20.772863Z	info	FLAG: --log_caller=""
2022-04-12T10:19:20.772868Z	info	FLAG: --log_output_level="default:info"
2022-04-12T10:19:20.772872Z	info	FLAG: --log_rotate=""
2022-04-12T10:19:20.772890Z	info	FLAG: --log_rotate_max_age="30"
2022-04-12T10:19:20.772900Z	info	FLAG: --log_rotate_max_backups="1000"
2022-04-12T10:19:20.772909Z	info	FLAG: --log_rotate_max_size="104857600"
2022-04-12T10:19:20.772949Z	info	FLAG: --log_stacktrace_level="default:none"
2022-04-12T10:19:20.773121Z	info	FLAG: --log_target="[stdout]"
2022-04-12T10:19:20.773169Z	info	FLAG: --meshConfig="./etc/istio/config/mesh"
2022-04-12T10:19:20.773176Z	info	FLAG: --outlierLogPath=""
2022-04-12T10:19:20.773196Z	info	FLAG: --proxyComponentLogLevel="misc:error"
2022-04-12T10:19:20.773209Z	info	FLAG: --proxyLogLevel="warning"
2022-04-12T10:19:20.773214Z	info	FLAG: --serviceCluster="istio-proxy"
2022-04-12T10:19:20.773221Z	info	FLAG: --stsPort="0"
2022-04-12T10:19:20.773225Z	info	FLAG: --templateFile=""
2022-04-12T10:19:20.773229Z	info	FLAG: --tokenManagerPlugin="GoogleTokenExchange"
2022-04-12T10:19:20.773241Z	info	FLAG: --vklog="0"
2022-04-12T10:19:20.773252Z	info	Version 1.13.2-91533d04e894ff86b80acd6d7a4517b144f9e19a-Clean
2022-04-12T10:19:20.773799Z	info	Proxy role	ips=[10.244.0.130 fe80::c8d7:6bff:fe3d:2ee6] type=sidecar id=ts-admin-basic-info-service-78555978d4-gtd2g.default domain=default.svc.cluster.local
2022-04-12T10:19:20.773979Z	info	Apply proxy config from env {}

2022-04-12T10:19:20.903573Z	info	Effective config: binaryPath: /usr/local/bin/envoy
concurrency: 2
configPath: ./etc/istio/proxy
controlPlaneAuthPolicy: MUTUAL_TLS
discoveryAddress: istiod.istio-system.svc:15012
drainDuration: 45s
parentShutdownDuration: 60s
proxyAdminPort: 15000
serviceCluster: istio-proxy
statNameLength: 189
statusPort: 15020
terminationDrainDuration: 5s
tracing:
  zipkin:
    address: zipkin.istio-system:9411

2022-04-12T10:19:20.903616Z	info	JWT policy is third-party-jwt
2022-04-12T10:19:20.913318Z	info	CA Endpoint istiod.istio-system.svc:15012, provider Citadel
2022-04-12T10:19:20.920922Z	info	Using CA istiod.istio-system.svc:15012 cert with certs: var/run/secrets/istio/root-cert.pem
2022-04-12T10:19:20.928694Z	info	Opening status port 15020
2022-04-12T10:19:20.933112Z	info	citadelclient	Citadel client using custom root cert: var/run/secrets/istio/root-cert.pem
2022-04-12T10:19:21.336532Z	info	ads	All caches have been synced up in 861.724275ms, marking server ready
2022-04-12T10:19:21.336958Z	info	sds	SDS server for workload certificates started, listening on "etc/istio/proxy/SDS"
2022-04-12T10:19:21.336994Z	info	xdsproxy	Initializing with upstream address "istiod.istio-system.svc:15012" and cluster "Kubernetes"
2022-04-12T10:19:21.337928Z	info	sds	Starting SDS grpc server
2022-04-12T10:19:21.388982Z	info	starting Http service at 127.0.0.1:15004
2022-04-12T10:19:21.429804Z	info	Pilot SAN: [istiod.istio-system.svc]
2022-04-12T10:19:21.436175Z	info	Starting proxy agent
2022-04-12T10:19:21.436291Z	info	Epoch 0 starting
2022-04-12T10:19:21.436354Z	info	Envoy command: [-c etc/istio/proxy/envoy-rev0.json --restart-epoch 0 --drain-time-s 45 --drain-strategy immediate --parent-shutdown-time-s 60 --local-address-ip-version v4 --file-flush-interval-msec 1000 --disable-hot-restart --log-format %Y-%m-%dT%T.%fZ	%l	envoy %n	%v -l warning --component-log-level misc:error --concurrency 2]
2022-04-12T10:19:22.693965Z	info	xdsproxy	connected to upstream XDS server: istiod.istio-system.svc:15012
2022-04-12T10:19:26.405416Z	info	ads	ADS: new connection for node:ts-admin-basic-info-service-78555978d4-gtd2g.default-1
2022-04-12T10:19:26.431512Z	info	ads	ADS: new connection for node:ts-admin-basic-info-service-78555978d4-gtd2g.default-2
2022-04-12T10:19:26.549784Z	info	cache	generated new workload certificate	latency=5.212165276s ttl=23h59m59.450281252s
2022-04-12T10:19:26.549843Z	info	cache	Root cert has changed, start rotating root cert
2022-04-12T10:19:26.549861Z	info	ads	XDS: Incremental Pushing:0 ConnectedEndpoints:2 Version:
2022-04-12T10:19:26.563209Z	info	cache	returned workload trust anchor from cache	ttl=23h59m59.43680303s
2022-04-12T10:19:26.563311Z	info	cache	returned workload trust anchor from cache	ttl=23h59m59.436693431s
2022-04-12T10:19:26.564030Z	info	ads	SDS: PUSH request for node:ts-admin-basic-info-service-78555978d4-gtd2g.default resources:1 size:1.1kB resource:ROOTCA
2022-04-12T10:19:26.564111Z	info	cache	returned workload trust anchor from cache	ttl=23h59m59.435894532s
2022-04-12T10:19:26.564158Z	info	ads	SDS: PUSH for node:ts-admin-basic-info-service-78555978d4-gtd2g.default resources:1 size:1.1kB resource:ROOTCA
2022-04-12T10:19:26.564192Z	info	cache	returned workload certificate from cache	ttl=23h59m59.435817653s
2022-04-12T10:19:26.564352Z	info	ads	SDS: PUSH request for node:ts-admin-basic-info-service-78555978d4-gtd2g.default resources:1 size:4.0kB resource:default
2022-04-12T10:20:06.054173Z	warn	Envoy proxy is NOT ready: Get "http://127.0.0.1:15000/stats?usedonly&filter=^(cluster_manager\\.cds|listener_manager\\.lds)\\.(update_success|update_rejected)$": context deadline exceeded (Client.Timeout exceeded while awaiting headers)
2022-04-12T10:20:07.553293Z	info	Readiness succeeded in 46.997658899s
2022-04-12T10:20:07.553964Z	info	Envoy proxy is ready
2022-04-12T10:20:51.913684Z	warning	envoy config	StreamAggregatedResources gRPC config stream closed: 13, 
2022-04-12T10:20:58.541593Z	info	xdsproxy	connected to upstream XDS server: istiod.istio-system.svc:15012
2022-04-12T10:53:37.142970Z	info	xdsproxy	connected to upstream XDS server: istiod.istio-system.svc:15012
