2022-04-12T10:19:23.872537Z	info	FLAG: --concurrency="2"
2022-04-12T10:19:23.872644Z	info	FLAG: --domain="default.svc.cluster.local"
2022-04-12T10:19:23.872652Z	info	FLAG: --help="false"
2022-04-12T10:19:23.872655Z	info	FLAG: --log_as_json="false"
2022-04-12T10:19:23.872658Z	info	FLAG: --log_caller=""
2022-04-12T10:19:23.872660Z	info	FLAG: --log_output_level="default:info"
2022-04-12T10:19:23.872662Z	info	FLAG: --log_rotate=""
2022-04-12T10:19:23.872665Z	info	FLAG: --log_rotate_max_age="30"
2022-04-12T10:19:23.872667Z	info	FLAG: --log_rotate_max_backups="1000"
2022-04-12T10:19:23.872669Z	info	FLAG: --log_rotate_max_size="104857600"
2022-04-12T10:19:23.872671Z	info	FLAG: --log_stacktrace_level="default:none"
2022-04-12T10:19:23.872681Z	info	FLAG: --log_target="[stdout]"
2022-04-12T10:19:23.872684Z	info	FLAG: --meshConfig="./etc/istio/config/mesh"
2022-04-12T10:19:23.872686Z	info	FLAG: --outlierLogPath=""
2022-04-12T10:19:23.872688Z	info	FLAG: --proxyComponentLogLevel="misc:error"
2022-04-12T10:19:23.872691Z	info	FLAG: --proxyLogLevel="warning"
2022-04-12T10:19:23.872693Z	info	FLAG: --serviceCluster="istio-proxy"
2022-04-12T10:19:23.872705Z	info	FLAG: --stsPort="0"
2022-04-12T10:19:23.872708Z	info	FLAG: --templateFile=""
2022-04-12T10:19:23.872710Z	info	FLAG: --tokenManagerPlugin="GoogleTokenExchange"
2022-04-12T10:19:23.872773Z	info	FLAG: --vklog="0"
2022-04-12T10:19:23.872792Z	info	Version 1.13.2-91533d04e894ff86b80acd6d7a4517b144f9e19a-Clean
2022-04-12T10:19:23.873669Z	info	Proxy role	ips=[10.244.0.132 fe80::105b:23ff:fe91:205] type=sidecar id=ts-admin-order-service-7c45c955f-2bdm2.default domain=default.svc.cluster.local
2022-04-12T10:19:23.873851Z	info	Apply proxy config from env {}

2022-04-12T10:19:24.190022Z	info	Effective config: binaryPath: /usr/local/bin/envoy
concurrency: 2
configPath: ./etc/istio/proxy
controlPlaneAuthPolicy: MUTUAL_TLS
discoveryAddress: istiod.istio-system.svc:15012
drainDuration: 45s
parentShutdownDuration: 60s
proxyAdminPort: 15000
serviceCluster: istio-proxy
statNameLength: 189
statusPort: 15020
terminationDrainDuration: 5s
tracing:
  zipkin:
    address: zipkin.istio-system:9411

2022-04-12T10:19:24.190106Z	info	JWT policy is third-party-jwt
2022-04-12T10:19:24.503128Z	info	CA Endpoint istiod.istio-system.svc:15012, provider Citadel
2022-04-12T10:19:24.503186Z	info	Using CA istiod.istio-system.svc:15012 cert with certs: var/run/secrets/istio/root-cert.pem
2022-04-12T10:19:24.503289Z	info	citadelclient	Citadel client using custom root cert: var/run/secrets/istio/root-cert.pem
2022-04-12T10:19:24.512658Z	info	Opening status port 15020
2022-04-12T10:19:25.154666Z	info	ads	All caches have been synced up in 2.173435527s, marking server ready
2022-04-12T10:19:25.155193Z	info	sds	SDS server for workload certificates started, listening on "etc/istio/proxy/SDS"
2022-04-12T10:19:25.155285Z	info	xdsproxy	Initializing with upstream address "istiod.istio-system.svc:15012" and cluster "Kubernetes"
2022-04-12T10:19:25.487096Z	info	starting Http service at 127.0.0.1:15004
2022-04-12T10:19:25.533505Z	info	Pilot SAN: [istiod.istio-system.svc]
2022-04-12T10:19:25.157326Z	info	sds	Starting SDS grpc server
2022-04-12T10:19:25.613801Z	info	Starting proxy agent
2022-04-12T10:19:25.613894Z	info	Epoch 0 starting
2022-04-12T10:19:25.613935Z	info	Envoy command: [-c etc/istio/proxy/envoy-rev0.json --restart-epoch 0 --drain-time-s 45 --drain-strategy immediate --parent-shutdown-time-s 60 --local-address-ip-version v4 --file-flush-interval-msec 1000 --disable-hot-restart --log-format %Y-%m-%dT%T.%fZ	%l	envoy %n	%v -l warning --component-log-level misc:error --concurrency 2]
2022-04-12T10:19:29.342111Z	info	xdsproxy	connected to upstream XDS server: istiod.istio-system.svc:15012
2022-04-12T10:19:30.311399Z	info	ads	ADS: new connection for node:ts-admin-order-service-7c45c955f-2bdm2.default-1
2022-04-12T10:19:30.382731Z	info	ads	ADS: new connection for node:ts-admin-order-service-7c45c955f-2bdm2.default-2
2022-04-12T10:19:32.335967Z	info	cache	generated new workload certificate	latency=7.201863008s ttl=23h59m58.664050237s
2022-04-12T10:19:32.336087Z	info	cache	Root cert has changed, start rotating root cert
2022-04-12T10:19:32.336145Z	info	ads	XDS: Incremental Pushing:0 ConnectedEndpoints:2 Version:
2022-04-12T10:19:32.336233Z	info	cache	returned workload trust anchor from cache	ttl=23h59m58.663782155s
2022-04-12T10:19:32.336306Z	info	cache	returned workload trust anchor from cache	ttl=23h59m58.663698979s
2022-04-12T10:19:32.337836Z	info	cache	returned workload certificate from cache	ttl=23h59m58.662183077s
2022-04-12T10:19:32.358522Z	info	ads	SDS: PUSH request for node:ts-admin-order-service-7c45c955f-2bdm2.default resources:1 size:1.1kB resource:ROOTCA
2022-04-12T10:19:32.358681Z	info	cache	returned workload trust anchor from cache	ttl=23h59m58.641327723s
2022-04-12T10:19:32.358731Z	info	ads	SDS: PUSH for node:ts-admin-order-service-7c45c955f-2bdm2.default resources:1 size:1.1kB resource:ROOTCA
2022-04-12T10:19:32.358904Z	info	ads	SDS: PUSH request for node:ts-admin-order-service-7c45c955f-2bdm2.default resources:1 size:4.0kB resource:default
2022-04-12T10:20:22.293552Z	info	Readiness succeeded in 58.681068822s
2022-04-12T10:20:22.403120Z	info	Envoy proxy is ready
2022-04-12T10:48:42.640815Z	info	xdsproxy	connected to upstream XDS server: istiod.istio-system.svc:15012
