2022-04-12T10:19:22.145146Z	info	FLAG: --concurrency="2"
2022-04-12T10:19:22.145208Z	info	FLAG: --domain="default.svc.cluster.local"
2022-04-12T10:19:22.145218Z	info	FLAG: --help="false"
2022-04-12T10:19:22.145222Z	info	FLAG: --log_as_json="false"
2022-04-12T10:19:22.145226Z	info	FLAG: --log_caller=""
2022-04-12T10:19:22.145230Z	info	FLAG: --log_output_level="default:info"
2022-04-12T10:19:22.145234Z	info	FLAG: --log_rotate=""
2022-04-12T10:19:22.145252Z	info	FLAG: --log_rotate_max_age="30"
2022-04-12T10:19:22.145264Z	info	FLAG: --log_rotate_max_backups="1000"
2022-04-12T10:19:22.145268Z	info	FLAG: --log_rotate_max_size="104857600"
2022-04-12T10:19:22.145273Z	info	FLAG: --log_stacktrace_level="default:none"
2022-04-12T10:19:22.145284Z	info	FLAG: --log_target="[stdout]"
2022-04-12T10:19:22.145289Z	info	FLAG: --meshConfig="./etc/istio/config/mesh"
2022-04-12T10:19:22.145293Z	info	FLAG: --outlierLogPath=""
2022-04-12T10:19:22.145297Z	info	FLAG: --proxyComponentLogLevel="misc:error"
2022-04-12T10:19:22.145301Z	info	FLAG: --proxyLogLevel="warning"
2022-04-12T10:19:22.145304Z	info	FLAG: --serviceCluster="istio-proxy"
2022-04-12T10:19:22.145308Z	info	FLAG: --stsPort="0"
2022-04-12T10:19:22.145312Z	info	FLAG: --templateFile=""
2022-04-12T10:19:22.145315Z	info	FLAG: --tokenManagerPlugin="GoogleTokenExchange"
2022-04-12T10:19:22.145321Z	info	FLAG: --vklog="0"
2022-04-12T10:19:22.145329Z	info	Version 1.13.2-91533d04e894ff86b80acd6d7a4517b144f9e19a-Clean
2022-04-12T10:19:22.145598Z	info	Proxy role	ips=[10.244.0.131 fe80::e496:22ff:fe13:b83c] type=sidecar id=ts-admin-route-service-6cd655cc7b-ljm2q.default domain=default.svc.cluster.local
2022-04-12T10:19:22.145803Z	info	Apply proxy config from env {}

2022-04-12T10:19:22.462474Z	info	Effective config: binaryPath: /usr/local/bin/envoy
concurrency: 2
configPath: ./etc/istio/proxy
controlPlaneAuthPolicy: MUTUAL_TLS
discoveryAddress: istiod.istio-system.svc:15012
drainDuration: 45s
parentShutdownDuration: 60s
proxyAdminPort: 15000
serviceCluster: istio-proxy
statNameLength: 189
statusPort: 15020
terminationDrainDuration: 5s
tracing:
  zipkin:
    address: zipkin.istio-system:9411

2022-04-12T10:19:22.462545Z	info	JWT policy is third-party-jwt
2022-04-12T10:19:22.555064Z	info	CA Endpoint istiod.istio-system.svc:15012, provider Citadel
2022-04-12T10:19:22.555153Z	info	Using CA istiod.istio-system.svc:15012 cert with certs: var/run/secrets/istio/root-cert.pem
2022-04-12T10:19:22.555624Z	info	citadelclient	Citadel client using custom root cert: var/run/secrets/istio/root-cert.pem
2022-04-12T10:19:22.590931Z	info	Opening status port 15020
2022-04-12T10:19:23.190134Z	info	ads	All caches have been synced up in 1.294884698s, marking server ready
2022-04-12T10:19:23.190484Z	info	sds	SDS server for workload certificates started, listening on "etc/istio/proxy/SDS"
2022-04-12T10:19:23.190592Z	info	xdsproxy	Initializing with upstream address "istiod.istio-system.svc:15012" and cluster "Kubernetes"
2022-04-12T10:19:23.253524Z	info	sds	Starting SDS grpc server
2022-04-12T10:19:23.449238Z	info	starting Http service at 127.0.0.1:15004
2022-04-12T10:19:23.512068Z	info	Pilot SAN: [istiod.istio-system.svc]
2022-04-12T10:19:23.576224Z	info	Starting proxy agent
2022-04-12T10:19:23.576318Z	info	Epoch 0 starting
2022-04-12T10:19:23.576379Z	info	Envoy command: [-c etc/istio/proxy/envoy-rev0.json --restart-epoch 0 --drain-time-s 45 --drain-strategy immediate --parent-shutdown-time-s 60 --local-address-ip-version v4 --file-flush-interval-msec 1000 --disable-hot-restart --log-format %Y-%m-%dT%T.%fZ	%l	envoy %n	%v -l warning --component-log-level misc:error --concurrency 2]
2022-04-12T10:19:29.433437Z	info	xdsproxy	connected to upstream XDS server: istiod.istio-system.svc:15012
2022-04-12T10:19:34.420068Z	info	cache	generated new workload certificate	latency=11.189810655s ttl=23h59m59.579999311s
2022-04-12T10:19:34.420164Z	info	cache	Root cert has changed, start rotating root cert
2022-04-12T10:19:34.420193Z	info	ads	XDS: Incremental Pushing:0 ConnectedEndpoints:0 Version:
2022-04-12T10:19:34.420251Z	info	cache	returned workload trust anchor from cache	ttl=23h59m59.579752892s
2022-04-12T10:19:37.164260Z	info	ads	ADS: new connection for node:ts-admin-route-service-6cd655cc7b-ljm2q.default-1
2022-04-12T10:19:37.164411Z	info	cache	returned workload trust anchor from cache	ttl=23h59m56.835596624s
2022-04-12T10:19:37.180734Z	info	ads	SDS: PUSH request for node:ts-admin-route-service-6cd655cc7b-ljm2q.default resources:1 size:1.1kB resource:ROOTCA
2022-04-12T10:19:37.212934Z	info	ads	ADS: new connection for node:ts-admin-route-service-6cd655cc7b-ljm2q.default-2
2022-04-12T10:19:37.213207Z	info	cache	returned workload certificate from cache	ttl=23h59m56.786803885s
2022-04-12T10:19:37.213503Z	info	ads	SDS: PUSH request for node:ts-admin-route-service-6cd655cc7b-ljm2q.default resources:1 size:4.0kB resource:default
2022-04-12T10:21:12.366512Z	warning	envoy config	StreamAggregatedResources gRPC config stream closed: 13, 
2022-04-12T10:21:14.528973Z	info	xdsproxy	connected to upstream XDS server: istiod.istio-system.svc:15012
2022-04-12T10:22:57.274404Z	error	failed scraping envoy metrics: error scraping http://localhost:15090/stats/prometheus: Get "http://localhost:15090/stats/prometheus": dial tcp [::1]:15090: connect: connection refused
2022-04-12T10:23:06.244342Z	error	failed scraping envoy metrics: error scraping http://localhost:15090/stats/prometheus: Get "http://localhost:15090/stats/prometheus": dial tcp [::1]:15090: connect: connection refused
2022-04-12T10:23:14.710100Z	error	failed scraping envoy metrics: error scraping http://localhost:15090/stats/prometheus: Get "http://localhost:15090/stats/prometheus": dial tcp [::1]:15090: connect: connection refused
2022-04-12T10:23:31.774370Z	warn	xdsproxy	upstream [2] terminated with unexpected error rpc error: code = Unavailable desc = keepalive ping failed to receive ACK within timeout
2022-04-12T10:23:34.330516Z	info	xdsproxy	connected to upstream XDS server: istiod.istio-system.svc:15012
2022-04-12T10:23:43.378392Z	error	failed scraping envoy metrics: error scraping http://localhost:15090/stats/prometheus: Get "http://localhost:15090/stats/prometheus": dial tcp [::1]:15090: connect: connection refused
2022-04-12T10:24:01.072254Z	error	failed scraping envoy metrics: error scraping http://localhost:15090/stats/prometheus: Get "http://localhost:15090/stats/prometheus": dial tcp [::1]:15090: connect: connection refused
2022-04-12T10:24:01.697112Z	error	failed scraping envoy metrics: error scraping http://localhost:15090/stats/prometheus: Get "http://localhost:15090/stats/prometheus": dial tcp [::1]:15090: connect: connection refused
2022-04-12T10:24:14.597614Z	error	failed scraping envoy metrics: error scraping http://localhost:15090/stats/prometheus: Get "http://localhost:15090/stats/prometheus": dial tcp [::1]:15090: connect: connection refused
2022-04-12T10:24:23.517968Z	warn	Envoy proxy is NOT ready: Get "http://127.0.0.1:15000/stats?usedonly&filter=^(cluster_manager\\.cds|listener_manager\\.lds)\\.(update_success|update_rejected)$": context deadline exceeded (Client.Timeout exceeded while awaiting headers)
2022-04-12T10:24:25.230655Z	warn	Envoy proxy is NOT ready: Get "http://127.0.0.1:15000/stats?usedonly&filter=^(cluster_manager\\.cds|listener_manager\\.lds)\\.(update_success|update_rejected)$": context deadline exceeded (Client.Timeout exceeded while awaiting headers)
2022-04-12T10:24:26.350878Z	info	Readiness succeeded in 5m4.487624832s
2022-04-12T10:24:26.351804Z	info	Envoy proxy is ready
2022-04-12T10:52:28.570846Z	info	xdsproxy	connected to upstream XDS server: istiod.istio-system.svc:15012
