2022-04-12T10:19:28.050637Z	info	FLAG: --concurrency="2"
2022-04-12T10:19:28.050785Z	info	FLAG: --domain="default.svc.cluster.local"
2022-04-12T10:19:28.050804Z	info	FLAG: --help="false"
2022-04-12T10:19:28.050849Z	info	FLAG: --log_as_json="false"
2022-04-12T10:19:28.050860Z	info	FLAG: --log_caller=""
2022-04-12T10:19:28.050865Z	info	FLAG: --log_output_level="default:info"
2022-04-12T10:19:28.050868Z	info	FLAG: --log_rotate=""
2022-04-12T10:19:28.050873Z	info	FLAG: --log_rotate_max_age="30"
2022-04-12T10:19:28.050876Z	info	FLAG: --log_rotate_max_backups="1000"
2022-04-12T10:19:28.050879Z	info	FLAG: --log_rotate_max_size="104857600"
2022-04-12T10:19:28.050883Z	info	FLAG: --log_stacktrace_level="default:none"
2022-04-12T10:19:28.050895Z	info	FLAG: --log_target="[stdout]"
2022-04-12T10:19:28.050905Z	info	FLAG: --meshConfig="./etc/istio/config/mesh"
2022-04-12T10:19:28.050908Z	info	FLAG: --outlierLogPath=""
2022-04-12T10:19:28.050912Z	info	FLAG: --proxyComponentLogLevel="misc:error"
2022-04-12T10:19:28.050915Z	info	FLAG: --proxyLogLevel="warning"
2022-04-12T10:19:28.050919Z	info	FLAG: --serviceCluster="istio-proxy"
2022-04-12T10:19:28.050922Z	info	FLAG: --stsPort="0"
2022-04-12T10:19:28.050925Z	info	FLAG: --templateFile=""
2022-04-12T10:19:28.050929Z	info	FLAG: --tokenManagerPlugin="GoogleTokenExchange"
2022-04-12T10:19:28.050945Z	info	FLAG: --vklog="0"
2022-04-12T10:19:28.050957Z	info	Version 1.13.2-91533d04e894ff86b80acd6d7a4517b144f9e19a-Clean
2022-04-12T10:19:28.051244Z	info	Proxy role	ips=[10.244.0.137 fe80::3cc2:7aff:fed2:76d9] type=sidecar id=ts-consign-price-service-859c6f45bd-pd7lz.default domain=default.svc.cluster.local
2022-04-12T10:19:28.051343Z	info	Apply proxy config from env {}

2022-04-12T10:19:28.070816Z	info	Effective config: binaryPath: /usr/local/bin/envoy
concurrency: 2
configPath: ./etc/istio/proxy
controlPlaneAuthPolicy: MUTUAL_TLS
discoveryAddress: istiod.istio-system.svc:15012
drainDuration: 45s
parentShutdownDuration: 60s
proxyAdminPort: 15000
serviceCluster: istio-proxy
statNameLength: 189
statusPort: 15020
terminationDrainDuration: 5s
tracing:
  zipkin:
    address: zipkin.istio-system:9411

2022-04-12T10:19:28.070884Z	info	JWT policy is third-party-jwt
2022-04-12T10:19:28.174351Z	info	CA Endpoint istiod.istio-system.svc:15012, provider Citadel
2022-04-12T10:19:28.174443Z	info	Using CA istiod.istio-system.svc:15012 cert with certs: var/run/secrets/istio/root-cert.pem
2022-04-12T10:19:28.174578Z	info	citadelclient	Citadel client using custom root cert: var/run/secrets/istio/root-cert.pem
2022-04-12T10:19:28.176618Z	info	Opening status port 15020
2022-04-12T10:19:28.492859Z	info	ads	All caches have been synced up in 565.962714ms, marking server ready
2022-04-12T10:19:28.493208Z	info	sds	SDS server for workload certificates started, listening on "etc/istio/proxy/SDS"
2022-04-12T10:19:28.493279Z	info	xdsproxy	Initializing with upstream address "istiod.istio-system.svc:15012" and cluster "Kubernetes"
2022-04-12T10:19:28.493613Z	info	sds	Starting SDS grpc server
2022-04-12T10:19:28.494275Z	info	starting Http service at 127.0.0.1:15004
2022-04-12T10:19:28.497280Z	info	Pilot SAN: [istiod.istio-system.svc]
2022-04-12T10:19:28.509287Z	info	Starting proxy agent
2022-04-12T10:19:28.509361Z	info	Epoch 0 starting
2022-04-12T10:19:28.509400Z	info	Envoy command: [-c etc/istio/proxy/envoy-rev0.json --restart-epoch 0 --drain-time-s 45 --drain-strategy immediate --parent-shutdown-time-s 60 --local-address-ip-version v4 --file-flush-interval-msec 1000 --disable-hot-restart --log-format %Y-%m-%dT%T.%fZ	%l	envoy %n	%v -l warning --component-log-level misc:error --concurrency 2]
2022-04-12T10:19:34.411881Z	info	cache	generated new workload certificate	latency=5.941002333s ttl=23h59m58.58813658s
2022-04-12T10:19:34.411969Z	info	cache	Root cert has changed, start rotating root cert
2022-04-12T10:19:34.411997Z	info	ads	XDS: Incremental Pushing:0 ConnectedEndpoints:0 Version:
2022-04-12T10:19:34.412119Z	info	cache	returned workload trust anchor from cache	ttl=23h59m58.587886077s
2022-04-12T10:19:35.038196Z	info	xdsproxy	connected to upstream XDS server: istiod.istio-system.svc:15012
2022-04-12T10:19:56.050991Z	info	ads	ADS: new connection for node:ts-consign-price-service-859c6f45bd-pd7lz.default-1
2022-04-12T10:19:56.194636Z	info	cache	returned workload trust anchor from cache	ttl=23h59m36.94867859s
2022-04-12T10:19:56.195656Z	info	ads	SDS: PUSH request for node:ts-consign-price-service-859c6f45bd-pd7lz.default resources:1 size:1.1kB resource:ROOTCA
2022-04-12T10:19:56.229710Z	info	ads	ADS: new connection for node:ts-consign-price-service-859c6f45bd-pd7lz.default-2
2022-04-12T10:19:56.229871Z	info	cache	returned workload certificate from cache	ttl=23h59m36.770137913s
2022-04-12T10:19:56.230168Z	info	ads	SDS: PUSH request for node:ts-consign-price-service-859c6f45bd-pd7lz.default resources:1 size:4.0kB resource:default
2022-04-12T10:21:20.697949Z	warning	envoy config	StreamAggregatedResources gRPC config stream closed: 13, 
2022-04-12T10:22:04.523744Z	warning	envoy config	StreamAggregatedResources gRPC config stream closed since 43s ago: 14, connection error: desc = "transport: Error while dialing dial tcp 10.96.78.123:15012: i/o timeout"
2022-04-12T10:22:14.290113Z	info	xdsproxy	connected to upstream XDS server: istiod.istio-system.svc:15012
2022-04-12T10:22:24.288641Z	error	failed scraping envoy metrics: error scraping http://localhost:15090/stats/prometheus: Get "http://localhost:15090/stats/prometheus": dial tcp [::1]:15090: connect: connection refused
2022-04-12T10:22:57.679524Z	error	failed scraping envoy metrics: error scraping http://localhost:15090/stats/prometheus: Get "http://localhost:15090/stats/prometheus": dial tcp [::1]:15090: connect: connection refused
2022-04-12T10:23:33.839050Z	error	failed scraping envoy metrics: error scraping http://localhost:15090/stats/prometheus: Get "http://localhost:15090/stats/prometheus": dial tcp [::1]:15090: connect: connection refused
2022-04-12T10:23:43.408467Z	error	failed scraping envoy metrics: error scraping http://localhost:15090/stats/prometheus: Get "http://localhost:15090/stats/prometheus": dial tcp [::1]:15090: connect: connection refused
2022-04-12T10:23:58.452236Z	error	failed scraping envoy metrics: error scraping http://localhost:15090/stats/prometheus: Get "http://localhost:15090/stats/prometheus": dial tcp [::1]:15090: connect: connection refused
2022-04-12T10:24:05.833971Z	error	failed scraping envoy metrics: error scraping http://localhost:15090/stats/prometheus: Get "http://localhost:15090/stats/prometheus": dial tcp [::1]:15090: connect: connection refused
2022-04-12T10:24:22.637139Z	warn	Envoy proxy is NOT ready: Get "http://127.0.0.1:15000/stats?usedonly&filter=^(cluster_manager\\.cds|listener_manager\\.lds)\\.(update_success|update_rejected)$": context deadline exceeded (Client.Timeout exceeded while awaiting headers)
2022-04-12T10:24:24.743981Z	info	Readiness succeeded in 4m57.033055184s
2022-04-12T10:24:24.776287Z	info	Envoy proxy is ready
{"downstream_remote_address":"10.244.0.144:37826","response_code":200,"path":"/api/v1/consignpriceservice/consignprice/12.0/false","duration":4112,"upstream_service_time":"4059","x_forwarded_for":null,"authority":"ts-consign-price-service:16110","route_name":"default","upstream_cluster":"inbound|16110||","upstream_local_address":"127.0.0.6:55903","user_agent":"Mozilla/5.0 (Macintosh; Intel Mac OS X 10_15_7) AppleWebKit/537.36 (KHTML, like Gecko) Chrome/100.0.4896.75 Safari/537.36","protocol":"HTTP/1.1","method":"GET","request_id":"c0da258b-9424-9fe3-ab61-8caf71924770","connection_termination_details":null,"bytes_received":0,"upstream_transport_failure_reason":null,"requested_server_name":"outbound_.16110_._.ts-consign-price-service.default.svc.cluster.local","response_code_details":"downstream_remote_disconnect","start_time":"2022-04-12T10:41:44.824Z","response_flags":"DC","bytes_sent":40,"upstream_host":"10.244.0.137:16110","downstream_local_address":"10.244.0.137:16110"}
2022-04-12T10:49:31.865739Z	info	xdsproxy	connected to upstream XDS server: istiod.istio-system.svc:15012
