2022-04-12T10:18:59.281663Z	info	FLAG: --concurrency="2"
2022-04-12T10:18:59.287871Z	info	FLAG: --domain="default.svc.cluster.local"
2022-04-12T10:18:59.287885Z	info	FLAG: --help="false"
2022-04-12T10:18:59.287890Z	info	FLAG: --log_as_json="false"
2022-04-12T10:18:59.287893Z	info	FLAG: --log_caller=""
2022-04-12T10:18:59.287897Z	info	FLAG: --log_output_level="default:info"
2022-04-12T10:18:59.287900Z	info	FLAG: --log_rotate=""
2022-04-12T10:18:59.287904Z	info	FLAG: --log_rotate_max_age="30"
2022-04-12T10:18:59.287908Z	info	FLAG: --log_rotate_max_backups="1000"
2022-04-12T10:18:59.287914Z	info	FLAG: --log_rotate_max_size="104857600"
2022-04-12T10:18:59.287918Z	info	FLAG: --log_stacktrace_level="default:none"
2022-04-12T10:18:59.287932Z	info	FLAG: --log_target="[stdout]"
2022-04-12T10:18:59.287937Z	info	FLAG: --meshConfig="./etc/istio/config/mesh"
2022-04-12T10:18:59.287941Z	info	FLAG: --outlierLogPath=""
2022-04-12T10:18:59.287944Z	info	FLAG: --proxyComponentLogLevel="misc:error"
2022-04-12T10:18:59.287947Z	info	FLAG: --proxyLogLevel="warning"
2022-04-12T10:18:59.287951Z	info	FLAG: --serviceCluster="istio-proxy"
2022-04-12T10:18:59.287954Z	info	FLAG: --stsPort="0"
2022-04-12T10:18:59.287958Z	info	FLAG: --templateFile=""
2022-04-12T10:18:59.287961Z	info	FLAG: --tokenManagerPlugin="GoogleTokenExchange"
2022-04-12T10:18:59.287967Z	info	FLAG: --vklog="0"
2022-04-12T10:18:59.287972Z	info	Version 1.13.2-91533d04e894ff86b80acd6d7a4517b144f9e19a-Clean
2022-04-12T10:18:59.288270Z	info	Proxy role	ips=[10.244.0.108 fe80::343c:c8ff:fe19:fa25] type=sidecar id=ts-contacts-mongo-7f44594f7-vm7lp.default domain=default.svc.cluster.local
2022-04-12T10:18:59.289880Z	info	Apply proxy config from env {}

2022-04-12T10:18:59.296317Z	info	Effective config: binaryPath: /usr/local/bin/envoy
concurrency: 2
configPath: ./etc/istio/proxy
controlPlaneAuthPolicy: MUTUAL_TLS
discoveryAddress: istiod.istio-system.svc:15012
drainDuration: 45s
parentShutdownDuration: 60s
proxyAdminPort: 15000
serviceCluster: istio-proxy
statNameLength: 189
statusPort: 15020
terminationDrainDuration: 5s
tracing:
  zipkin:
    address: zipkin.istio-system:9411

2022-04-12T10:18:59.296424Z	info	JWT policy is third-party-jwt
2022-04-12T10:18:59.355468Z	info	CA Endpoint istiod.istio-system.svc:15012, provider Citadel
2022-04-12T10:18:59.355543Z	info	Using CA istiod.istio-system.svc:15012 cert with certs: var/run/secrets/istio/root-cert.pem
2022-04-12T10:18:59.355636Z	info	citadelclient	Citadel client using custom root cert: var/run/secrets/istio/root-cert.pem
2022-04-12T10:18:59.359395Z	info	Opening status port 15020
2022-04-12T10:18:59.520025Z	info	ads	All caches have been synced up in 241.706928ms, marking server ready
2022-04-12T10:18:59.521875Z	info	sds	SDS server for workload certificates started, listening on "etc/istio/proxy/SDS"
2022-04-12T10:18:59.521907Z	info	xdsproxy	Initializing with upstream address "istiod.istio-system.svc:15012" and cluster "Kubernetes"
2022-04-12T10:18:59.523339Z	info	sds	Starting SDS grpc server
2022-04-12T10:18:59.523706Z	info	starting Http service at 127.0.0.1:15004
2022-04-12T10:18:59.527016Z	info	Pilot SAN: [istiod.istio-system.svc]
2022-04-12T10:18:59.529538Z	info	Starting proxy agent
2022-04-12T10:18:59.529605Z	info	Epoch 0 starting
2022-04-12T10:18:59.529634Z	info	Envoy command: [-c etc/istio/proxy/envoy-rev0.json --restart-epoch 0 --drain-time-s 45 --drain-strategy immediate --parent-shutdown-time-s 60 --local-address-ip-version v4 --file-flush-interval-msec 1000 --disable-hot-restart --log-format %Y-%m-%dT%T.%fZ	%l	envoy %n	%v -l warning --component-log-level misc:error --concurrency 2]
2022-04-12T10:19:01.333638Z	info	xdsproxy	connected to upstream XDS server: istiod.istio-system.svc:15012
2022-04-12T10:19:01.636032Z	info	ads	ADS: new connection for node:ts-contacts-mongo-7f44594f7-vm7lp.default-1
2022-04-12T10:19:01.673249Z	info	ads	ADS: new connection for node:ts-contacts-mongo-7f44594f7-vm7lp.default-2
2022-04-12T10:19:02.307649Z	info	cache	generated new workload certificate	latency=2.807286629s ttl=23h59m59.692367703s
2022-04-12T10:19:02.307715Z	info	cache	Root cert has changed, start rotating root cert
2022-04-12T10:19:02.307733Z	info	ads	XDS: Incremental Pushing:0 ConnectedEndpoints:2 Version:
2022-04-12T10:19:02.307846Z	info	cache	returned workload trust anchor from cache	ttl=23h59m59.692158533s
2022-04-12T10:19:02.307862Z	info	cache	returned workload certificate from cache	ttl=23h59m59.692140436s
2022-04-12T10:19:02.308284Z	info	ads	SDS: PUSH request for node:ts-contacts-mongo-7f44594f7-vm7lp.default resources:1 size:4.0kB resource:default
2022-04-12T10:19:02.308402Z	info	cache	returned workload trust anchor from cache	ttl=23h59m59.691601989s
2022-04-12T10:19:02.308527Z	info	ads	SDS: PUSH request for node:ts-contacts-mongo-7f44594f7-vm7lp.default resources:1 size:1.1kB resource:ROOTCA
2022-04-12T10:19:02.308594Z	info	cache	returned workload trust anchor from cache	ttl=23h59m59.691410028s
2022-04-12T10:19:02.308635Z	info	ads	SDS: PUSH for node:ts-contacts-mongo-7f44594f7-vm7lp.default resources:1 size:1.1kB resource:ROOTCA
2022-04-12T10:19:06.978988Z	info	Readiness succeeded in 7.721713097s
2022-04-12T10:19:06.979795Z	info	Envoy proxy is ready
2022-04-12T10:25:35.225761Z	error	failed to write agent metrics: write tcp 10.244.0.108:15020->10.244.0.8:45158: write: broken pipe
2022-04-12T10:25:35.225856Z	error	failed to write envoy metrics: write tcp 10.244.0.108:15020->10.244.0.8:45158: write: broken pipe
2022-04-12T10:47:43.404004Z	info	xdsproxy	connected to upstream XDS server: istiod.istio-system.svc:15012
