2022-04-12T10:19:04.752933Z	info	FLAG: --concurrency="2"
2022-04-12T10:19:04.752997Z	info	FLAG: --domain="default.svc.cluster.local"
2022-04-12T10:19:04.753009Z	info	FLAG: --help="false"
2022-04-12T10:19:04.753020Z	info	FLAG: --log_as_json="false"
2022-04-12T10:19:04.753028Z	info	FLAG: --log_caller=""
2022-04-12T10:19:04.753032Z	info	FLAG: --log_output_level="default:info"
2022-04-12T10:19:04.753035Z	info	FLAG: --log_rotate=""
2022-04-12T10:19:04.753039Z	info	FLAG: --log_rotate_max_age="30"
2022-04-12T10:19:04.753043Z	info	FLAG: --log_rotate_max_backups="1000"
2022-04-12T10:19:04.753047Z	info	FLAG: --log_rotate_max_size="104857600"
2022-04-12T10:19:04.753051Z	info	FLAG: --log_stacktrace_level="default:none"
2022-04-12T10:19:04.753060Z	info	FLAG: --log_target="[stdout]"
2022-04-12T10:19:04.753065Z	info	FLAG: --meshConfig="./etc/istio/config/mesh"
2022-04-12T10:19:04.753069Z	info	FLAG: --outlierLogPath=""
2022-04-12T10:19:04.753072Z	info	FLAG: --proxyComponentLogLevel="misc:error"
2022-04-12T10:19:04.753075Z	info	FLAG: --proxyLogLevel="warning"
2022-04-12T10:19:04.753078Z	info	FLAG: --serviceCluster="istio-proxy"
2022-04-12T10:19:04.753081Z	info	FLAG: --stsPort="0"
2022-04-12T10:19:04.753084Z	info	FLAG: --templateFile=""
2022-04-12T10:19:04.753088Z	info	FLAG: --tokenManagerPlugin="GoogleTokenExchange"
2022-04-12T10:19:04.753092Z	info	FLAG: --vklog="0"
2022-04-12T10:19:04.753096Z	info	Version 1.13.2-91533d04e894ff86b80acd6d7a4517b144f9e19a-Clean
2022-04-12T10:19:04.753444Z	info	Proxy role	ips=[10.244.0.112 fe80::14c7:4dff:fe0a:790b] type=sidecar id=ts-config-mongo-776cc9f44c-4g52v.default domain=default.svc.cluster.local
2022-04-12T10:19:04.753555Z	info	Apply proxy config from env {}

2022-04-12T10:19:04.769128Z	info	Effective config: binaryPath: /usr/local/bin/envoy
concurrency: 2
configPath: ./etc/istio/proxy
controlPlaneAuthPolicy: MUTUAL_TLS
discoveryAddress: istiod.istio-system.svc:15012
drainDuration: 45s
parentShutdownDuration: 60s
proxyAdminPort: 15000
serviceCluster: istio-proxy
statNameLength: 189
statusPort: 15020
terminationDrainDuration: 5s
tracing:
  zipkin:
    address: zipkin.istio-system:9411

2022-04-12T10:19:04.769181Z	info	JWT policy is third-party-jwt
2022-04-12T10:19:04.776162Z	info	CA Endpoint istiod.istio-system.svc:15012, provider Citadel
2022-04-12T10:19:04.793700Z	info	Using CA istiod.istio-system.svc:15012 cert with certs: var/run/secrets/istio/root-cert.pem
2022-04-12T10:19:04.793977Z	info	citadelclient	Citadel client using custom root cert: var/run/secrets/istio/root-cert.pem
2022-04-12T10:19:04.807626Z	info	Opening status port 15020
2022-04-12T10:19:05.376140Z	info	ads	All caches have been synced up in 819.772277ms, marking server ready
2022-04-12T10:19:05.377244Z	info	sds	SDS server for workload certificates started, listening on "etc/istio/proxy/SDS"
2022-04-12T10:19:05.377309Z	info	xdsproxy	Initializing with upstream address "istiod.istio-system.svc:15012" and cluster "Kubernetes"
2022-04-12T10:19:05.381511Z	info	sds	Starting SDS grpc server
2022-04-12T10:19:05.398593Z	info	Pilot SAN: [istiod.istio-system.svc]
2022-04-12T10:19:05.401856Z	info	starting Http service at 127.0.0.1:15004
2022-04-12T10:19:05.417175Z	info	Starting proxy agent
2022-04-12T10:19:05.417262Z	info	Epoch 0 starting
2022-04-12T10:19:05.417303Z	info	Envoy command: [-c etc/istio/proxy/envoy-rev0.json --restart-epoch 0 --drain-time-s 45 --drain-strategy immediate --parent-shutdown-time-s 60 --local-address-ip-version v4 --file-flush-interval-msec 1000 --disable-hot-restart --log-format %Y-%m-%dT%T.%fZ	%l	envoy %n	%v -l warning --component-log-level misc:error --concurrency 2]
2022-04-12T10:19:05.902704Z	info	xdsproxy	connected to upstream XDS server: istiod.istio-system.svc:15012
2022-04-12T10:19:06.365518Z	info	ads	ADS: new connection for node:ts-config-mongo-776cc9f44c-4g52v.default-1
2022-04-12T10:19:06.455155Z	info	ads	ADS: new connection for node:ts-config-mongo-776cc9f44c-4g52v.default-2
2022-04-12T10:19:12.206416Z	info	cache	generated new workload certificate	latency=6.826867269s ttl=23h59m59.793598858s
2022-04-12T10:19:12.206469Z	info	cache	Root cert has changed, start rotating root cert
2022-04-12T10:19:12.206493Z	info	ads	XDS: Incremental Pushing:0 ConnectedEndpoints:2 Version:
2022-04-12T10:19:12.206545Z	info	cache	returned workload trust anchor from cache	ttl=23h59m59.793458297s
2022-04-12T10:19:12.206583Z	info	cache	returned workload certificate from cache	ttl=23h59m59.793446574s
2022-04-12T10:19:12.206999Z	info	ads	SDS: PUSH request for node:ts-config-mongo-776cc9f44c-4g52v.default resources:1 size:4.0kB resource:default
2022-04-12T10:19:12.207122Z	info	cache	returned workload trust anchor from cache	ttl=23h59m59.792881278s
2022-04-12T10:19:12.207235Z	info	ads	SDS: PUSH request for node:ts-config-mongo-776cc9f44c-4g52v.default resources:1 size:1.1kB resource:ROOTCA
2022-04-12T10:19:12.207280Z	info	cache	returned workload trust anchor from cache	ttl=23h59m59.792722691s
2022-04-12T10:19:12.207308Z	info	ads	SDS: PUSH for node:ts-config-mongo-776cc9f44c-4g52v.default resources:1 size:1.1kB resource:ROOTCA
2022-04-12T10:19:17.144148Z	info	Readiness succeeded in 12.486936657s
2022-04-12T10:19:17.145331Z	info	Envoy proxy is ready
2022-04-12T10:48:40.999195Z	info	xdsproxy	connected to upstream XDS server: istiod.istio-system.svc:15012
