2022-04-12T10:19:25.840328Z	info	FLAG: --concurrency="2"
2022-04-12T10:19:25.840380Z	info	FLAG: --domain="default.svc.cluster.local"
2022-04-12T10:19:25.840389Z	info	FLAG: --help="false"
2022-04-12T10:19:25.840393Z	info	FLAG: --log_as_json="false"
2022-04-12T10:19:25.840397Z	info	FLAG: --log_caller=""
2022-04-12T10:19:25.840401Z	info	FLAG: --log_output_level="default:info"
2022-04-12T10:19:25.840405Z	info	FLAG: --log_rotate=""
2022-04-12T10:19:25.840409Z	info	FLAG: --log_rotate_max_age="30"
2022-04-12T10:19:25.840413Z	info	FLAG: --log_rotate_max_backups="1000"
2022-04-12T10:19:25.840770Z	info	FLAG: --log_rotate_max_size="104857600"
2022-04-12T10:19:25.840781Z	info	FLAG: --log_stacktrace_level="default:none"
2022-04-12T10:19:25.840794Z	info	FLAG: --log_target="[stdout]"
2022-04-12T10:19:25.840799Z	info	FLAG: --meshConfig="./etc/istio/config/mesh"
2022-04-12T10:19:25.840802Z	info	FLAG: --outlierLogPath=""
2022-04-12T10:19:25.840806Z	info	FLAG: --proxyComponentLogLevel="misc:error"
2022-04-12T10:19:25.840810Z	info	FLAG: --proxyLogLevel="warning"
2022-04-12T10:19:25.840814Z	info	FLAG: --serviceCluster="istio-proxy"
2022-04-12T10:19:25.840818Z	info	FLAG: --stsPort="0"
2022-04-12T10:19:25.840821Z	info	FLAG: --templateFile=""
2022-04-12T10:19:25.840858Z	info	FLAG: --tokenManagerPlugin="GoogleTokenExchange"
2022-04-12T10:19:25.840868Z	info	FLAG: --vklog="0"
2022-04-12T10:19:25.840873Z	info	Version 1.13.2-91533d04e894ff86b80acd6d7a4517b144f9e19a-Clean
2022-04-12T10:19:25.841116Z	info	Proxy role	ips=[10.244.0.136 fe80::cc4c:e4ff:fef0:5f1] type=sidecar id=ts-cancel-service-7dfd745dcc-6jg6l.default domain=default.svc.cluster.local
2022-04-12T10:19:25.841412Z	info	Apply proxy config from env {}

2022-04-12T10:19:25.862332Z	info	Effective config: binaryPath: /usr/local/bin/envoy
concurrency: 2
configPath: ./etc/istio/proxy
controlPlaneAuthPolicy: MUTUAL_TLS
discoveryAddress: istiod.istio-system.svc:15012
drainDuration: 45s
parentShutdownDuration: 60s
proxyAdminPort: 15000
serviceCluster: istio-proxy
statNameLength: 189
statusPort: 15020
terminationDrainDuration: 5s
tracing:
  zipkin:
    address: zipkin.istio-system:9411

2022-04-12T10:19:25.862374Z	info	JWT policy is third-party-jwt
2022-04-12T10:19:26.114724Z	info	CA Endpoint istiod.istio-system.svc:15012, provider Citadel
2022-04-12T10:19:26.114906Z	info	Using CA istiod.istio-system.svc:15012 cert with certs: var/run/secrets/istio/root-cert.pem
2022-04-12T10:19:26.116508Z	info	citadelclient	Citadel client using custom root cert: var/run/secrets/istio/root-cert.pem
2022-04-12T10:19:26.116921Z	info	Opening status port 15020
2022-04-12T10:19:26.290611Z	info	ads	All caches have been synced up in 497.479541ms, marking server ready
2022-04-12T10:19:26.291473Z	info	sds	SDS server for workload certificates started, listening on "etc/istio/proxy/SDS"
2022-04-12T10:19:26.291520Z	info	xdsproxy	Initializing with upstream address "istiod.istio-system.svc:15012" and cluster "Kubernetes"
2022-04-12T10:19:26.295849Z	info	Pilot SAN: [istiod.istio-system.svc]
2022-04-12T10:19:26.361510Z	info	starting Http service at 127.0.0.1:15004
2022-04-12T10:19:26.372616Z	info	sds	Starting SDS grpc server
2022-04-12T10:19:26.374021Z	info	Starting proxy agent
2022-04-12T10:19:26.374067Z	info	Epoch 0 starting
2022-04-12T10:19:26.374122Z	info	Envoy command: [-c etc/istio/proxy/envoy-rev0.json --restart-epoch 0 --drain-time-s 45 --drain-strategy immediate --parent-shutdown-time-s 60 --local-address-ip-version v4 --file-flush-interval-msec 1000 --disable-hot-restart --log-format %Y-%m-%dT%T.%fZ	%l	envoy %n	%v -l warning --component-log-level misc:error --concurrency 2]
2022-04-12T10:19:28.997431Z	info	cache	generated new workload certificate	latency=2.704266851s ttl=23h59m59.002591789s
2022-04-12T10:19:28.997485Z	info	cache	Root cert has changed, start rotating root cert
2022-04-12T10:19:28.997514Z	info	ads	XDS: Incremental Pushing:0 ConnectedEndpoints:0 Version:
2022-04-12T10:19:28.997570Z	info	cache	returned workload trust anchor from cache	ttl=23h59m59.002434488s
2022-04-12T10:19:29.603420Z	info	xdsproxy	connected to upstream XDS server: istiod.istio-system.svc:15012
2022-04-12T10:19:35.347164Z	info	ads	ADS: new connection for node:ts-cancel-service-7dfd745dcc-6jg6l.default-1
2022-04-12T10:19:35.347335Z	info	cache	returned workload certificate from cache	ttl=23h59m52.652673886s
2022-04-12T10:19:35.347960Z	info	ads	SDS: PUSH request for node:ts-cancel-service-7dfd745dcc-6jg6l.default resources:1 size:4.0kB resource:default
2022-04-12T10:19:35.390623Z	info	ads	ADS: new connection for node:ts-cancel-service-7dfd745dcc-6jg6l.default-2
2022-04-12T10:19:35.390850Z	info	cache	returned workload trust anchor from cache	ttl=23h59m52.609160826s
2022-04-12T10:19:35.391204Z	info	ads	SDS: PUSH request for node:ts-cancel-service-7dfd745dcc-6jg6l.default resources:1 size:1.1kB resource:ROOTCA
2022-04-12T10:20:36.975713Z	warning	envoy config	StreamAggregatedResources gRPC config stream closed: 13, 
2022-04-12T10:20:47.722339Z	info	xdsproxy	connected to upstream XDS server: istiod.istio-system.svc:15012
2022-04-12T10:22:59.416590Z	error	failed scraping envoy metrics: error scraping http://localhost:15090/stats/prometheus: Get "http://localhost:15090/stats/prometheus": dial tcp [::1]:15090: connect: connection refused
2022-04-12T10:23:03.514333Z	error	failed scraping envoy metrics: error scraping http://localhost:15090/stats/prometheus: Get "http://localhost:15090/stats/prometheus": dial tcp [::1]:15090: connect: connection refused
2022-04-12T10:23:30.545679Z	error	failed scraping envoy metrics: error scraping http://localhost:15090/stats/prometheus: Get "http://localhost:15090/stats/prometheus": dial tcp [::1]:15090: connect: connection refused
2022-04-12T10:23:34.260366Z	error	failed scraping envoy metrics: error scraping http://localhost:15090/stats/prometheus: Get "http://localhost:15090/stats/prometheus": dial tcp [::1]:15090: connect: connection refused
2022-04-12T10:24:05.545679Z	error	failed scraping envoy metrics: error scraping http://localhost:15090/stats/prometheus: Get "http://localhost:15090/stats/prometheus": dial tcp [::1]:15090: connect: connection refused
2022-04-12T10:24:14.588156Z	error	failed scraping envoy metrics: error scraping http://localhost:15090/stats/prometheus: Get "http://localhost:15090/stats/prometheus": dial tcp [::1]:15090: connect: connection refused
2022-04-12T10:24:22.492674Z	warn	Envoy proxy is NOT ready: Get "http://127.0.0.1:15000/stats?usedonly&filter=^(cluster_manager\\.cds|listener_manager\\.lds)\\.(update_success|update_rejected)$": context deadline exceeded (Client.Timeout exceeded while awaiting headers)
2022-04-12T10:24:24.079773Z	warn	Envoy proxy is NOT ready: Get "http://127.0.0.1:15000/stats?usedonly&filter=^(cluster_manager\\.cds|listener_manager\\.lds)\\.(update_success|update_rejected)$": context deadline exceeded (Client.Timeout exceeded while awaiting headers)
2022-04-12T10:24:25.971726Z	warn	Envoy proxy is NOT ready: Get "http://127.0.0.1:15000/stats?usedonly&filter=^(cluster_manager\\.cds|listener_manager\\.lds)\\.(update_success|update_rejected)$": context deadline exceeded (Client.Timeout exceeded while awaiting headers)
2022-04-12T10:24:27.847580Z	info	Readiness succeeded in 5m2.267886619s
2022-04-12T10:24:27.899349Z	info	Envoy proxy is ready
2022-04-12T10:50:37.371951Z	info	xdsproxy	connected to upstream XDS server: istiod.istio-system.svc:15012
