2022-04-12T10:19:16.949536Z	info	FLAG: --concurrency="2"
2022-04-12T10:19:16.949599Z	info	FLAG: --domain="default.svc.cluster.local"
2022-04-12T10:19:16.949608Z	info	FLAG: --help="false"
2022-04-12T10:19:16.953823Z	info	FLAG: --log_as_json="false"
2022-04-12T10:19:16.953931Z	info	FLAG: --log_caller=""
2022-04-12T10:19:16.953941Z	info	FLAG: --log_output_level="default:info"
2022-04-12T10:19:16.953944Z	info	FLAG: --log_rotate=""
2022-04-12T10:19:16.953949Z	info	FLAG: --log_rotate_max_age="30"
2022-04-12T10:19:16.954013Z	info	FLAG: --log_rotate_max_backups="1000"
2022-04-12T10:19:16.954019Z	info	FLAG: --log_rotate_max_size="104857600"
2022-04-12T10:19:16.954024Z	info	FLAG: --log_stacktrace_level="default:none"
2022-04-12T10:19:16.954040Z	info	FLAG: --log_target="[stdout]"
2022-04-12T10:19:16.954045Z	info	FLAG: --meshConfig="./etc/istio/config/mesh"
2022-04-12T10:19:16.954048Z	info	FLAG: --outlierLogPath=""
2022-04-12T10:19:16.954052Z	info	FLAG: --proxyComponentLogLevel="misc:error"
2022-04-12T10:19:16.954055Z	info	FLAG: --proxyLogLevel="warning"
2022-04-12T10:19:16.954277Z	info	FLAG: --serviceCluster="istio-proxy"
2022-04-12T10:19:16.954290Z	info	FLAG: --stsPort="0"
2022-04-12T10:19:16.954317Z	info	FLAG: --templateFile=""
2022-04-12T10:19:16.954322Z	info	FLAG: --tokenManagerPlugin="GoogleTokenExchange"
2022-04-12T10:19:16.954337Z	info	FLAG: --vklog="0"
2022-04-12T10:19:16.954345Z	info	Version 1.13.2-91533d04e894ff86b80acd6d7a4517b144f9e19a-Clean
2022-04-12T10:19:17.033955Z	info	Proxy role	ips=[10.244.0.125 fe80::9853:13ff:fe8a:cb3c] type=sidecar id=ts-consign-price-mongo-565b856865-sxhxm.default domain=default.svc.cluster.local
2022-04-12T10:19:17.034132Z	info	Apply proxy config from env {}

2022-04-12T10:19:17.036129Z	info	Effective config: binaryPath: /usr/local/bin/envoy
concurrency: 2
configPath: ./etc/istio/proxy
controlPlaneAuthPolicy: MUTUAL_TLS
discoveryAddress: istiod.istio-system.svc:15012
drainDuration: 45s
parentShutdownDuration: 60s
proxyAdminPort: 15000
serviceCluster: istio-proxy
statNameLength: 189
statusPort: 15020
terminationDrainDuration: 5s
tracing:
  zipkin:
    address: zipkin.istio-system:9411

2022-04-12T10:19:17.036186Z	info	JWT policy is third-party-jwt
2022-04-12T10:19:17.040255Z	info	CA Endpoint istiod.istio-system.svc:15012, provider Citadel
2022-04-12T10:19:17.040389Z	info	Using CA istiod.istio-system.svc:15012 cert with certs: var/run/secrets/istio/root-cert.pem
2022-04-12T10:19:17.040527Z	info	citadelclient	Citadel client using custom root cert: var/run/secrets/istio/root-cert.pem
2022-04-12T10:19:17.046207Z	info	Opening status port 15020
2022-04-12T10:19:17.463615Z	info	ads	All caches have been synced up in 1.008724382s, marking server ready
2022-04-12T10:19:17.464103Z	info	sds	SDS server for workload certificates started, listening on "etc/istio/proxy/SDS"
2022-04-12T10:19:17.464174Z	info	xdsproxy	Initializing with upstream address "istiod.istio-system.svc:15012" and cluster "Kubernetes"
2022-04-12T10:19:17.465328Z	info	sds	Starting SDS grpc server
2022-04-12T10:19:17.490581Z	info	Pilot SAN: [istiod.istio-system.svc]
2022-04-12T10:19:17.492650Z	info	starting Http service at 127.0.0.1:15004
2022-04-12T10:19:17.518033Z	info	Starting proxy agent
2022-04-12T10:19:17.518145Z	info	Epoch 0 starting
2022-04-12T10:19:17.518182Z	info	Envoy command: [-c etc/istio/proxy/envoy-rev0.json --restart-epoch 0 --drain-time-s 45 --drain-strategy immediate --parent-shutdown-time-s 60 --local-address-ip-version v4 --file-flush-interval-msec 1000 --disable-hot-restart --log-format %Y-%m-%dT%T.%fZ	%l	envoy %n	%v -l warning --component-log-level misc:error --concurrency 2]
2022-04-12T10:19:19.483280Z	info	xdsproxy	connected to upstream XDS server: istiod.istio-system.svc:15012
2022-04-12T10:19:20.156345Z	info	cache	generated new workload certificate	latency=2.6909812s ttl=23h59m59.843669694s
2022-04-12T10:19:20.156405Z	info	cache	Root cert has changed, start rotating root cert
2022-04-12T10:19:20.156464Z	info	ads	XDS: Incremental Pushing:0 ConnectedEndpoints:0 Version:
2022-04-12T10:19:20.156574Z	info	cache	returned workload trust anchor from cache	ttl=23h59m59.843434027s
2022-04-12T10:19:20.458649Z	info	ads	ADS: new connection for node:ts-consign-price-mongo-565b856865-sxhxm.default-1
2022-04-12T10:19:20.458857Z	info	cache	returned workload certificate from cache	ttl=23h59m59.541152832s
2022-04-12T10:19:20.484158Z	info	ads	ADS: new connection for node:ts-consign-price-mongo-565b856865-sxhxm.default-2
2022-04-12T10:19:20.484373Z	info	cache	returned workload trust anchor from cache	ttl=23h59m59.515637154s
2022-04-12T10:19:20.484812Z	info	ads	SDS: PUSH request for node:ts-consign-price-mongo-565b856865-sxhxm.default resources:1 size:4.0kB resource:default
2022-04-12T10:19:20.485248Z	info	ads	SDS: PUSH request for node:ts-consign-price-mongo-565b856865-sxhxm.default resources:1 size:1.1kB resource:ROOTCA
2022-04-12T10:19:23.815415Z	info	Readiness succeeded in 7.152954597s
2022-04-12T10:19:23.816580Z	info	Envoy proxy is ready
2022-04-12T10:46:44.699337Z	info	xdsproxy	connected to upstream XDS server: istiod.istio-system.svc:15012
