2022-04-12T10:19:14.666882Z	info	FLAG: --concurrency="2"
2022-04-12T10:19:14.669035Z	info	FLAG: --domain="default.svc.cluster.local"
2022-04-12T10:19:14.669117Z	info	FLAG: --help="false"
2022-04-12T10:19:14.669129Z	info	FLAG: --log_as_json="false"
2022-04-12T10:19:14.669133Z	info	FLAG: --log_caller=""
2022-04-12T10:19:14.669138Z	info	FLAG: --log_output_level="default:info"
2022-04-12T10:19:14.669141Z	info	FLAG: --log_rotate=""
2022-04-12T10:19:14.669148Z	info	FLAG: --log_rotate_max_age="30"
2022-04-12T10:19:14.669152Z	info	FLAG: --log_rotate_max_backups="1000"
2022-04-12T10:19:14.669156Z	info	FLAG: --log_rotate_max_size="104857600"
2022-04-12T10:19:14.669160Z	info	FLAG: --log_stacktrace_level="default:none"
2022-04-12T10:19:14.669172Z	info	FLAG: --log_target="[stdout]"
2022-04-12T10:19:14.672751Z	info	FLAG: --meshConfig="./etc/istio/config/mesh"
2022-04-12T10:19:14.672825Z	info	FLAG: --outlierLogPath=""
2022-04-12T10:19:14.672833Z	info	FLAG: --proxyComponentLogLevel="misc:error"
2022-04-12T10:19:14.672838Z	info	FLAG: --proxyLogLevel="warning"
2022-04-12T10:19:14.672842Z	info	FLAG: --serviceCluster="istio-proxy"
2022-04-12T10:19:14.672847Z	info	FLAG: --stsPort="0"
2022-04-12T10:19:14.672851Z	info	FLAG: --templateFile=""
2022-04-12T10:19:14.672858Z	info	FLAG: --tokenManagerPlugin="GoogleTokenExchange"
2022-04-12T10:19:14.672866Z	info	FLAG: --vklog="0"
2022-04-12T10:19:14.672872Z	info	Version 1.13.2-91533d04e894ff86b80acd6d7a4517b144f9e19a-Clean
2022-04-12T10:19:14.673129Z	info	Proxy role	ips=[10.244.0.124 fe80::f894:1dff:feba:7563] type=sidecar id=ts-consign-mongo-85dc96494f-h4h8w.default domain=default.svc.cluster.local
2022-04-12T10:19:14.673269Z	info	Apply proxy config from env {}

2022-04-12T10:19:14.675349Z	info	Effective config: binaryPath: /usr/local/bin/envoy
concurrency: 2
configPath: ./etc/istio/proxy
controlPlaneAuthPolicy: MUTUAL_TLS
discoveryAddress: istiod.istio-system.svc:15012
drainDuration: 45s
parentShutdownDuration: 60s
proxyAdminPort: 15000
serviceCluster: istio-proxy
statNameLength: 189
statusPort: 15020
terminationDrainDuration: 5s
tracing:
  zipkin:
    address: zipkin.istio-system:9411

2022-04-12T10:19:14.675403Z	info	JWT policy is third-party-jwt
2022-04-12T10:19:14.686340Z	info	CA Endpoint istiod.istio-system.svc:15012, provider Citadel
2022-04-12T10:19:14.691905Z	info	Using CA istiod.istio-system.svc:15012 cert with certs: var/run/secrets/istio/root-cert.pem
2022-04-12T10:19:14.692032Z	info	citadelclient	Citadel client using custom root cert: var/run/secrets/istio/root-cert.pem
2022-04-12T10:19:14.688700Z	info	Opening status port 15020
2022-04-12T10:19:15.253824Z	info	ads	All caches have been synced up in 657.304872ms, marking server ready
2022-04-12T10:19:15.254175Z	info	sds	SDS server for workload certificates started, listening on "etc/istio/proxy/SDS"
2022-04-12T10:19:15.254280Z	info	xdsproxy	Initializing with upstream address "istiod.istio-system.svc:15012" and cluster "Kubernetes"
2022-04-12T10:19:15.266252Z	info	Pilot SAN: [istiod.istio-system.svc]
2022-04-12T10:19:15.285516Z	info	Starting proxy agent
2022-04-12T10:19:15.285575Z	info	Epoch 0 starting
2022-04-12T10:19:15.285607Z	info	Envoy command: [-c etc/istio/proxy/envoy-rev0.json --restart-epoch 0 --drain-time-s 45 --drain-strategy immediate --parent-shutdown-time-s 60 --local-address-ip-version v4 --file-flush-interval-msec 1000 --disable-hot-restart --log-format %Y-%m-%dT%T.%fZ	%l	envoy %n	%v -l warning --component-log-level misc:error --concurrency 2]
2022-04-12T10:19:15.287469Z	info	sds	Starting SDS grpc server
2022-04-12T10:19:15.287695Z	info	starting Http service at 127.0.0.1:15004
2022-04-12T10:19:16.204478Z	info	xdsproxy	connected to upstream XDS server: istiod.istio-system.svc:15012
2022-04-12T10:19:16.682519Z	info	ads	ADS: new connection for node:ts-consign-mongo-85dc96494f-h4h8w.default-1
2022-04-12T10:19:16.792875Z	info	ads	ADS: new connection for node:ts-consign-mongo-85dc96494f-h4h8w.default-2
2022-04-12T10:19:19.977783Z	info	cache	generated new workload certificate	latency=4.693385653s ttl=23h59m59.022233732s
2022-04-12T10:19:19.977862Z	info	cache	Root cert has changed, start rotating root cert
2022-04-12T10:19:19.977880Z	info	ads	XDS: Incremental Pushing:0 ConnectedEndpoints:2 Version:
2022-04-12T10:19:19.977942Z	info	cache	returned workload trust anchor from cache	ttl=23h59m59.022065736s
2022-04-12T10:19:19.977955Z	info	cache	returned workload certificate from cache	ttl=23h59m59.022047203s
2022-04-12T10:19:19.979098Z	info	ads	SDS: PUSH request for node:ts-consign-mongo-85dc96494f-h4h8w.default resources:1 size:4.0kB resource:default
2022-04-12T10:19:19.979468Z	info	cache	returned workload trust anchor from cache	ttl=23h59m59.020542867s
2022-04-12T10:19:19.980129Z	info	ads	SDS: PUSH request for node:ts-consign-mongo-85dc96494f-h4h8w.default resources:1 size:1.1kB resource:ROOTCA
2022-04-12T10:19:19.980617Z	info	cache	returned workload trust anchor from cache	ttl=23h59m59.019391241s
2022-04-12T10:19:19.980709Z	info	ads	SDS: PUSH for node:ts-consign-mongo-85dc96494f-h4h8w.default resources:1 size:1.1kB resource:ROOTCA
2022-04-12T10:19:25.507672Z	info	Readiness succeeded in 10.905762518s
2022-04-12T10:19:25.508234Z	info	Envoy proxy is ready
2022-04-12T10:52:23.515691Z	info	xdsproxy	connected to upstream XDS server: istiod.istio-system.svc:15012
