2022-04-12T10:19:31.591002Z	info	FLAG: --concurrency="2"
2022-04-12T10:19:31.591095Z	info	FLAG: --domain="default.svc.cluster.local"
2022-04-12T10:19:31.591106Z	info	FLAG: --help="false"
2022-04-12T10:19:31.591111Z	info	FLAG: --log_as_json="false"
2022-04-12T10:19:31.591115Z	info	FLAG: --log_caller=""
2022-04-12T10:19:31.591119Z	info	FLAG: --log_output_level="default:info"
2022-04-12T10:19:31.591123Z	info	FLAG: --log_rotate=""
2022-04-12T10:19:31.591127Z	info	FLAG: --log_rotate_max_age="30"
2022-04-12T10:19:31.591131Z	info	FLAG: --log_rotate_max_backups="1000"
2022-04-12T10:19:31.591136Z	info	FLAG: --log_rotate_max_size="104857600"
2022-04-12T10:19:31.591140Z	info	FLAG: --log_stacktrace_level="default:none"
2022-04-12T10:19:31.591151Z	info	FLAG: --log_target="[stdout]"
2022-04-12T10:19:31.591157Z	info	FLAG: --meshConfig="./etc/istio/config/mesh"
2022-04-12T10:19:31.591161Z	info	FLAG: --outlierLogPath=""
2022-04-12T10:19:31.591165Z	info	FLAG: --proxyComponentLogLevel="misc:error"
2022-04-12T10:19:31.591169Z	info	FLAG: --proxyLogLevel="warning"
2022-04-12T10:19:31.591172Z	info	FLAG: --serviceCluster="istio-proxy"
2022-04-12T10:19:31.591176Z	info	FLAG: --stsPort="0"
2022-04-12T10:19:31.591180Z	info	FLAG: --templateFile=""
2022-04-12T10:19:31.591184Z	info	FLAG: --tokenManagerPlugin="GoogleTokenExchange"
2022-04-12T10:19:31.591191Z	info	FLAG: --vklog="0"
2022-04-12T10:19:31.591196Z	info	Version 1.13.2-91533d04e894ff86b80acd6d7a4517b144f9e19a-Clean
2022-04-12T10:19:31.608054Z	info	Proxy role	ips=[10.244.0.141 fe80::24f6:9dff:fefa:5053] type=sidecar id=ts-execute-service-7f968576b4-h9tj4.default domain=default.svc.cluster.local
2022-04-12T10:19:31.608324Z	info	Apply proxy config from env {}

2022-04-12T10:19:31.619227Z	info	Effective config: binaryPath: /usr/local/bin/envoy
concurrency: 2
configPath: ./etc/istio/proxy
controlPlaneAuthPolicy: MUTUAL_TLS
discoveryAddress: istiod.istio-system.svc:15012
drainDuration: 45s
parentShutdownDuration: 60s
proxyAdminPort: 15000
serviceCluster: istio-proxy
statNameLength: 189
statusPort: 15020
terminationDrainDuration: 5s
tracing:
  zipkin:
    address: zipkin.istio-system:9411

2022-04-12T10:19:31.619330Z	info	JWT policy is third-party-jwt
2022-04-12T10:19:32.085904Z	info	CA Endpoint istiod.istio-system.svc:15012, provider Citadel
2022-04-12T10:19:32.090890Z	info	Using CA istiod.istio-system.svc:15012 cert with certs: var/run/secrets/istio/root-cert.pem
2022-04-12T10:19:32.091181Z	info	citadelclient	Citadel client using custom root cert: var/run/secrets/istio/root-cert.pem
2022-04-12T10:19:32.086099Z	info	Opening status port 15020
2022-04-12T10:19:34.877596Z	info	ads	All caches have been synced up in 3.925924156s, marking server ready
2022-04-12T10:19:34.878208Z	info	sds	SDS server for workload certificates started, listening on "etc/istio/proxy/SDS"
2022-04-12T10:19:34.878250Z	info	xdsproxy	Initializing with upstream address "istiod.istio-system.svc:15012" and cluster "Kubernetes"
2022-04-12T10:19:34.951290Z	info	sds	Starting SDS grpc server
2022-04-12T10:19:34.968840Z	info	starting Http service at 127.0.0.1:15004
2022-04-12T10:19:34.987376Z	info	Pilot SAN: [istiod.istio-system.svc]
2022-04-12T10:19:35.412500Z	info	Starting proxy agent
2022-04-12T10:19:35.412584Z	info	Epoch 0 starting
2022-04-12T10:19:35.412627Z	info	Envoy command: [-c etc/istio/proxy/envoy-rev0.json --restart-epoch 0 --drain-time-s 45 --drain-strategy immediate --parent-shutdown-time-s 60 --local-address-ip-version v4 --file-flush-interval-msec 1000 --disable-hot-restart --log-format %Y-%m-%dT%T.%fZ	%l	envoy %n	%v -l warning --component-log-level misc:error --concurrency 2]
2022-04-12T10:19:54.902781Z	info	xdsproxy	connected to upstream XDS server: istiod.istio-system.svc:15012
2022-04-12T10:20:18.418415Z	info	cache	generated new workload certificate	latency=43.559090891s ttl=23h59m48.581604429s
2022-04-12T10:20:18.418591Z	info	cache	Root cert has changed, start rotating root cert
2022-04-12T10:20:18.418633Z	info	ads	XDS: Incremental Pushing:0 ConnectedEndpoints:0 Version:
2022-04-12T10:20:18.418719Z	info	cache	returned workload trust anchor from cache	ttl=23h59m48.581286646s
2022-04-12T10:21:21.095989Z	info	ads	ADS: new connection for node:ts-execute-service-7f968576b4-h9tj4.default-1
2022-04-12T10:21:21.153370Z	info	cache	returned workload certificate from cache	ttl=23h58m45.84665378s
2022-04-12T10:21:21.355482Z	info	ads	SDS: PUSH request for node:ts-execute-service-7f968576b4-h9tj4.default resources:1 size:4.0kB resource:default
2022-04-12T10:21:22.082540Z	info	ads	ADS: new connection for node:ts-execute-service-7f968576b4-h9tj4.default-2
2022-04-12T10:21:22.083048Z	info	cache	returned workload trust anchor from cache	ttl=23h58m44.916963084s
2022-04-12T10:21:22.102242Z	info	ads	SDS: PUSH request for node:ts-execute-service-7f968576b4-h9tj4.default resources:1 size:1.1kB resource:ROOTCA
2022-04-12T10:22:58.297810Z	error	failed scraping envoy metrics: error scraping http://localhost:15090/stats/prometheus: Get "http://localhost:15090/stats/prometheus": dial tcp [::1]:15090: connect: connection refused
2022-04-12T10:23:43.369577Z	error	failed scraping envoy metrics: error scraping http://localhost:15090/stats/prometheus: Get "http://localhost:15090/stats/prometheus": dial tcp [::1]:15090: connect: connection refused
2022-04-12T10:23:57.899609Z	error	failed scraping envoy metrics: error scraping http://localhost:15090/stats/prometheus: Get "http://localhost:15090/stats/prometheus": dial tcp [::1]:15090: connect: connection refused
2022-04-12T10:24:01.172580Z	error	failed scraping envoy metrics: error scraping http://localhost:15090/stats/prometheus: Get "http://localhost:15090/stats/prometheus": dial tcp [::1]:15090: connect: connection refused
2022-04-12T10:24:14.588875Z	error	failed scraping envoy metrics: error scraping http://localhost:15090/stats/prometheus: Get "http://localhost:15090/stats/prometheus": dial tcp [::1]:15090: connect: connection refused
2022-04-12T10:24:23.886930Z	info	Readiness succeeded in 4m53.075012313s
2022-04-12T10:24:23.975879Z	info	Envoy proxy is ready
2022-04-12T10:48:18.973916Z	info	xdsproxy	connected to upstream XDS server: istiod.istio-system.svc:15012
