2022-04-12T10:19:15.053683Z	info	FLAG: --concurrency="2"
2022-04-12T10:19:15.054223Z	info	FLAG: --domain="default.svc.cluster.local"
2022-04-12T10:19:15.054269Z	info	FLAG: --help="false"
2022-04-12T10:19:15.054277Z	info	FLAG: --log_as_json="false"
2022-04-12T10:19:15.054281Z	info	FLAG: --log_caller=""
2022-04-12T10:19:15.054284Z	info	FLAG: --log_output_level="default:info"
2022-04-12T10:19:15.054287Z	info	FLAG: --log_rotate=""
2022-04-12T10:19:15.054291Z	info	FLAG: --log_rotate_max_age="30"
2022-04-12T10:19:15.054296Z	info	FLAG: --log_rotate_max_backups="1000"
2022-04-12T10:19:15.054300Z	info	FLAG: --log_rotate_max_size="104857600"
2022-04-12T10:19:15.054305Z	info	FLAG: --log_stacktrace_level="default:none"
2022-04-12T10:19:15.054324Z	info	FLAG: --log_target="[stdout]"
2022-04-12T10:19:15.054367Z	info	FLAG: --meshConfig="./etc/istio/config/mesh"
2022-04-12T10:19:15.054374Z	info	FLAG: --outlierLogPath=""
2022-04-12T10:19:15.054379Z	info	FLAG: --proxyComponentLogLevel="misc:error"
2022-04-12T10:19:15.054382Z	info	FLAG: --proxyLogLevel="warning"
2022-04-12T10:19:15.054386Z	info	FLAG: --serviceCluster="istio-proxy"
2022-04-12T10:19:15.054390Z	info	FLAG: --stsPort="0"
2022-04-12T10:19:15.054398Z	info	FLAG: --templateFile=""
2022-04-12T10:19:15.054404Z	info	FLAG: --tokenManagerPlugin="GoogleTokenExchange"
2022-04-12T10:19:15.054413Z	info	FLAG: --vklog="0"
2022-04-12T10:19:15.054423Z	info	Version 1.13.2-91533d04e894ff86b80acd6d7a4517b144f9e19a-Clean
2022-04-12T10:19:15.055177Z	info	Proxy role	ips=[10.244.0.123 fe80::9c0c:4fff:fe5e:f447] type=sidecar id=ts-food-map-mongo-f4577c697-wsbxw.default domain=default.svc.cluster.local
2022-04-12T10:19:15.055316Z	info	Apply proxy config from env {}

2022-04-12T10:19:15.076826Z	info	Effective config: binaryPath: /usr/local/bin/envoy
concurrency: 2
configPath: ./etc/istio/proxy
controlPlaneAuthPolicy: MUTUAL_TLS
discoveryAddress: istiod.istio-system.svc:15012
drainDuration: 45s
parentShutdownDuration: 60s
proxyAdminPort: 15000
serviceCluster: istio-proxy
statNameLength: 189
statusPort: 15020
terminationDrainDuration: 5s
tracing:
  zipkin:
    address: zipkin.istio-system:9411

2022-04-12T10:19:15.076891Z	info	JWT policy is third-party-jwt
2022-04-12T10:19:15.136116Z	info	Opening status port 15020
2022-04-12T10:19:15.190604Z	info	CA Endpoint istiod.istio-system.svc:15012, provider Citadel
2022-04-12T10:19:15.191003Z	info	Using CA istiod.istio-system.svc:15012 cert with certs: var/run/secrets/istio/root-cert.pem
2022-04-12T10:19:15.191279Z	info	citadelclient	Citadel client using custom root cert: var/run/secrets/istio/root-cert.pem
2022-04-12T10:19:15.671750Z	info	ads	All caches have been synced up in 666.460839ms, marking server ready
2022-04-12T10:19:15.672044Z	info	sds	SDS server for workload certificates started, listening on "etc/istio/proxy/SDS"
2022-04-12T10:19:15.672072Z	info	xdsproxy	Initializing with upstream address "istiod.istio-system.svc:15012" and cluster "Kubernetes"
2022-04-12T10:19:15.675913Z	info	sds	Starting SDS grpc server
2022-04-12T10:19:15.685889Z	info	starting Http service at 127.0.0.1:15004
2022-04-12T10:19:15.694807Z	info	Pilot SAN: [istiod.istio-system.svc]
2022-04-12T10:19:15.747530Z	info	Starting proxy agent
2022-04-12T10:19:15.747594Z	info	Epoch 0 starting
2022-04-12T10:19:15.747641Z	info	Envoy command: [-c etc/istio/proxy/envoy-rev0.json --restart-epoch 0 --drain-time-s 45 --drain-strategy immediate --parent-shutdown-time-s 60 --local-address-ip-version v4 --file-flush-interval-msec 1000 --disable-hot-restart --log-format %Y-%m-%dT%T.%fZ	%l	envoy %n	%v -l warning --component-log-level misc:error --concurrency 2]
2022-04-12T10:19:16.793917Z	info	cache	generated new workload certificate	latency=1.12159052s ttl=23h59m59.206098528s
2022-04-12T10:19:16.793980Z	info	cache	Root cert has changed, start rotating root cert
2022-04-12T10:19:16.794010Z	info	ads	XDS: Incremental Pushing:0 ConnectedEndpoints:0 Version:
2022-04-12T10:19:16.794063Z	info	cache	returned workload trust anchor from cache	ttl=23h59m59.205941391s
2022-04-12T10:19:17.446790Z	info	xdsproxy	connected to upstream XDS server: istiod.istio-system.svc:15012
2022-04-12T10:19:18.388322Z	info	ads	ADS: new connection for node:ts-food-map-mongo-f4577c697-wsbxw.default-1
2022-04-12T10:19:18.388591Z	info	cache	returned workload trust anchor from cache	ttl=23h59m57.611418486s
2022-04-12T10:19:18.389453Z	info	ads	SDS: PUSH request for node:ts-food-map-mongo-f4577c697-wsbxw.default resources:1 size:1.1kB resource:ROOTCA
2022-04-12T10:19:18.419768Z	info	ads	ADS: new connection for node:ts-food-map-mongo-f4577c697-wsbxw.default-2
2022-04-12T10:19:18.420151Z	info	cache	returned workload certificate from cache	ttl=23h59m57.579859029s
2022-04-12T10:19:18.420310Z	info	ads	SDS: PUSH request for node:ts-food-map-mongo-f4577c697-wsbxw.default resources:1 size:4.0kB resource:default
2022-04-12T10:19:23.454176Z	info	Readiness succeeded in 8.424328536s
2022-04-12T10:19:23.454669Z	info	Envoy proxy is ready
2022-04-12T10:49:00.137430Z	info	xdsproxy	connected to upstream XDS server: istiod.istio-system.svc:15012
