2022-04-12T10:19:15.768930Z	info	FLAG: --concurrency="2"
2022-04-12T10:19:15.769882Z	info	FLAG: --domain="default.svc.cluster.local"
2022-04-12T10:19:15.769896Z	info	FLAG: --help="false"
2022-04-12T10:19:15.769900Z	info	FLAG: --log_as_json="false"
2022-04-12T10:19:15.769904Z	info	FLAG: --log_caller=""
2022-04-12T10:19:15.769908Z	info	FLAG: --log_output_level="default:info"
2022-04-12T10:19:15.769911Z	info	FLAG: --log_rotate=""
2022-04-12T10:19:15.769915Z	info	FLAG: --log_rotate_max_age="30"
2022-04-12T10:19:15.769918Z	info	FLAG: --log_rotate_max_backups="1000"
2022-04-12T10:19:15.769922Z	info	FLAG: --log_rotate_max_size="104857600"
2022-04-12T10:19:15.769926Z	info	FLAG: --log_stacktrace_level="default:none"
2022-04-12T10:19:15.769954Z	info	FLAG: --log_target="[stdout]"
2022-04-12T10:19:15.769966Z	info	FLAG: --meshConfig="./etc/istio/config/mesh"
2022-04-12T10:19:15.769970Z	info	FLAG: --outlierLogPath=""
2022-04-12T10:19:15.769973Z	info	FLAG: --proxyComponentLogLevel="misc:error"
2022-04-12T10:19:15.769977Z	info	FLAG: --proxyLogLevel="warning"
2022-04-12T10:19:15.769981Z	info	FLAG: --serviceCluster="istio-proxy"
2022-04-12T10:19:15.769985Z	info	FLAG: --stsPort="0"
2022-04-12T10:19:15.769988Z	info	FLAG: --templateFile=""
2022-04-12T10:19:15.769992Z	info	FLAG: --tokenManagerPlugin="GoogleTokenExchange"
2022-04-12T10:19:15.775335Z	info	FLAG: --vklog="0"
2022-04-12T10:19:15.775397Z	info	Version 1.13.2-91533d04e894ff86b80acd6d7a4517b144f9e19a-Clean
2022-04-12T10:19:15.775844Z	info	Proxy role	ips=[10.244.0.126 fe80::88fc:94ff:fedc:376e] type=sidecar id=ts-food-mongo-85ffc6cfdc-4cs94.default domain=default.svc.cluster.local
2022-04-12T10:19:15.784484Z	info	Apply proxy config from env {}

2022-04-12T10:19:15.787950Z	info	Effective config: binaryPath: /usr/local/bin/envoy
concurrency: 2
configPath: ./etc/istio/proxy
controlPlaneAuthPolicy: MUTUAL_TLS
discoveryAddress: istiod.istio-system.svc:15012
drainDuration: 45s
parentShutdownDuration: 60s
proxyAdminPort: 15000
serviceCluster: istio-proxy
statNameLength: 189
statusPort: 15020
terminationDrainDuration: 5s
tracing:
  zipkin:
    address: zipkin.istio-system:9411

2022-04-12T10:19:15.788014Z	info	JWT policy is third-party-jwt
2022-04-12T10:19:15.798420Z	info	CA Endpoint istiod.istio-system.svc:15012, provider Citadel
2022-04-12T10:19:15.798551Z	info	Using CA istiod.istio-system.svc:15012 cert with certs: var/run/secrets/istio/root-cert.pem
2022-04-12T10:19:15.798894Z	info	citadelclient	Citadel client using custom root cert: var/run/secrets/istio/root-cert.pem
2022-04-12T10:19:15.799113Z	info	Opening status port 15020
2022-04-12T10:19:16.075131Z	info	ads	All caches have been synced up in 483.045789ms, marking server ready
2022-04-12T10:19:16.075506Z	info	sds	SDS server for workload certificates started, listening on "etc/istio/proxy/SDS"
2022-04-12T10:19:16.075559Z	info	xdsproxy	Initializing with upstream address "istiod.istio-system.svc:15012" and cluster "Kubernetes"
2022-04-12T10:19:16.077019Z	info	sds	Starting SDS grpc server
2022-04-12T10:19:16.077496Z	info	starting Http service at 127.0.0.1:15004
2022-04-12T10:19:16.078189Z	info	Pilot SAN: [istiod.istio-system.svc]
2022-04-12T10:19:16.081139Z	info	Starting proxy agent
2022-04-12T10:19:16.081227Z	info	Epoch 0 starting
2022-04-12T10:19:16.081268Z	info	Envoy command: [-c etc/istio/proxy/envoy-rev0.json --restart-epoch 0 --drain-time-s 45 --drain-strategy immediate --parent-shutdown-time-s 60 --local-address-ip-version v4 --file-flush-interval-msec 1000 --disable-hot-restart --log-format %Y-%m-%dT%T.%fZ	%l	envoy %n	%v -l warning --component-log-level misc:error --concurrency 2]
2022-04-12T10:19:18.483132Z	info	cache	generated new workload certificate	latency=2.407378305s ttl=23h59m59.516979821s
2022-04-12T10:19:18.483632Z	info	cache	Root cert has changed, start rotating root cert
2022-04-12T10:19:18.483757Z	info	ads	XDS: Incremental Pushing:0 ConnectedEndpoints:0 Version:
2022-04-12T10:19:18.483830Z	info	cache	returned workload trust anchor from cache	ttl=23h59m59.51617634s
2022-04-12T10:19:18.687671Z	info	xdsproxy	connected to upstream XDS server: istiod.istio-system.svc:15012
2022-04-12T10:19:19.113849Z	info	ads	ADS: new connection for node:ts-food-mongo-85ffc6cfdc-4cs94.default-1
2022-04-12T10:19:19.114047Z	info	cache	returned workload trust anchor from cache	ttl=23h59m58.885969722s
2022-04-12T10:19:19.114846Z	info	ads	SDS: PUSH request for node:ts-food-mongo-85ffc6cfdc-4cs94.default resources:1 size:1.1kB resource:ROOTCA
2022-04-12T10:19:19.155889Z	info	ads	ADS: new connection for node:ts-food-mongo-85ffc6cfdc-4cs94.default-2
2022-04-12T10:19:19.156012Z	info	cache	returned workload certificate from cache	ttl=23h59m58.844012297s
2022-04-12T10:19:19.156682Z	info	ads	SDS: PUSH request for node:ts-food-mongo-85ffc6cfdc-4cs94.default resources:1 size:4.0kB resource:default
2022-04-12T10:19:23.983088Z	info	Readiness succeeded in 8.390200457s
2022-04-12T10:19:23.998473Z	info	Envoy proxy is ready
2022-04-12T10:49:16.456091Z	info	xdsproxy	connected to upstream XDS server: istiod.istio-system.svc:15012
