2022-04-12T10:19:43.539685Z	info	FLAG: --concurrency="2"
2022-04-12T10:19:43.539748Z	info	FLAG: --domain="default.svc.cluster.local"
2022-04-12T10:19:43.539758Z	info	FLAG: --help="false"
2022-04-12T10:19:43.539763Z	info	FLAG: --log_as_json="false"
2022-04-12T10:19:43.539776Z	info	FLAG: --log_caller=""
2022-04-12T10:19:43.539780Z	info	FLAG: --log_output_level="default:info"
2022-04-12T10:19:43.539784Z	info	FLAG: --log_rotate=""
2022-04-12T10:19:43.539787Z	info	FLAG: --log_rotate_max_age="30"
2022-04-12T10:19:43.539791Z	info	FLAG: --log_rotate_max_backups="1000"
2022-04-12T10:19:43.539795Z	info	FLAG: --log_rotate_max_size="104857600"
2022-04-12T10:19:43.539799Z	info	FLAG: --log_stacktrace_level="default:none"
2022-04-12T10:19:43.539854Z	info	FLAG: --log_target="[stdout]"
2022-04-12T10:19:43.539898Z	info	FLAG: --meshConfig="./etc/istio/config/mesh"
2022-04-12T10:19:43.539904Z	info	FLAG: --outlierLogPath=""
2022-04-12T10:19:43.539908Z	info	FLAG: --proxyComponentLogLevel="misc:error"
2022-04-12T10:19:43.539911Z	info	FLAG: --proxyLogLevel="warning"
2022-04-12T10:19:43.539915Z	info	FLAG: --serviceCluster="istio-proxy"
2022-04-12T10:19:43.539919Z	info	FLAG: --stsPort="0"
2022-04-12T10:19:43.539922Z	info	FLAG: --templateFile=""
2022-04-12T10:19:43.539926Z	info	FLAG: --tokenManagerPlugin="GoogleTokenExchange"
2022-04-12T10:19:43.539943Z	info	FLAG: --vklog="0"
2022-04-12T10:19:43.539985Z	info	Version 1.13.2-91533d04e894ff86b80acd6d7a4517b144f9e19a-Clean
2022-04-12T10:19:43.540352Z	info	Proxy role	ips=[10.244.0.148 fe80::8c02:fdff:fe46:a5a6] type=sidecar id=ts-inside-payment-service-97ffd8d7b-5f9x5.default domain=default.svc.cluster.local
2022-04-12T10:19:43.540451Z	info	Apply proxy config from env {}

2022-04-12T10:19:43.644778Z	info	Effective config: binaryPath: /usr/local/bin/envoy
concurrency: 2
configPath: ./etc/istio/proxy
controlPlaneAuthPolicy: MUTUAL_TLS
discoveryAddress: istiod.istio-system.svc:15012
drainDuration: 45s
parentShutdownDuration: 60s
proxyAdminPort: 15000
serviceCluster: istio-proxy
statNameLength: 189
statusPort: 15020
terminationDrainDuration: 5s
tracing:
  zipkin:
    address: zipkin.istio-system:9411

2022-04-12T10:19:43.644834Z	info	JWT policy is third-party-jwt
2022-04-12T10:19:43.718024Z	info	CA Endpoint istiod.istio-system.svc:15012, provider Citadel
2022-04-12T10:19:43.718123Z	info	Using CA istiod.istio-system.svc:15012 cert with certs: var/run/secrets/istio/root-cert.pem
2022-04-12T10:19:43.718239Z	info	citadelclient	Citadel client using custom root cert: var/run/secrets/istio/root-cert.pem
2022-04-12T10:19:43.856625Z	info	Opening status port 15020
2022-04-12T10:19:47.282993Z	info	ads	All caches have been synced up in 4.112443839s, marking server ready
2022-04-12T10:19:47.283428Z	info	sds	SDS server for workload certificates started, listening on "etc/istio/proxy/SDS"
2022-04-12T10:19:47.283496Z	info	xdsproxy	Initializing with upstream address "istiod.istio-system.svc:15012" and cluster "Kubernetes"
2022-04-12T10:19:47.293733Z	info	sds	Starting SDS grpc server
2022-04-12T10:19:47.342253Z	info	starting Http service at 127.0.0.1:15004
2022-04-12T10:19:47.344712Z	info	Pilot SAN: [istiod.istio-system.svc]
2022-04-12T10:19:47.679241Z	info	Starting proxy agent
2022-04-12T10:19:47.679277Z	info	Epoch 0 starting
2022-04-12T10:19:47.679308Z	info	Envoy command: [-c etc/istio/proxy/envoy-rev0.json --restart-epoch 0 --drain-time-s 45 --drain-strategy immediate --parent-shutdown-time-s 60 --local-address-ip-version v4 --file-flush-interval-msec 1000 --disable-hot-restart --log-format %Y-%m-%dT%T.%fZ	%l	envoy %n	%v -l warning --component-log-level misc:error --concurrency 2]
2022-04-12T10:20:12.914375Z	info	cache	generated new workload certificate	latency=25.650456893s ttl=23h59m55.085650665s
2022-04-12T10:20:12.914661Z	info	cache	Root cert has changed, start rotating root cert
2022-04-12T10:20:12.914793Z	info	ads	XDS: Incremental Pushing:0 ConnectedEndpoints:0 Version:
2022-04-12T10:20:12.915087Z	info	cache	returned workload trust anchor from cache	ttl=23h59m55.084924937s
2022-04-12T10:20:15.293964Z	info	xdsproxy	connected to upstream XDS server: istiod.istio-system.svc:15012
2022-04-12T10:21:10.161158Z	error	failed scraping envoy metrics: error scraping http://localhost:15090/stats/prometheus: Get "http://localhost:15090/stats/prometheus": dial tcp [::1]:15090: connect: connection refused
2022-04-12T10:21:26.890770Z	info	ads	ADS: new connection for node:ts-inside-payment-service-97ffd8d7b-5f9x5.default-1
2022-04-12T10:21:26.890993Z	info	cache	returned workload certificate from cache	ttl=23h58m41.1090187s
2022-04-12T10:21:26.913543Z	info	ads	ADS: new connection for node:ts-inside-payment-service-97ffd8d7b-5f9x5.default-2
2022-04-12T10:21:26.913770Z	info	cache	returned workload trust anchor from cache	ttl=23h58m41.086242159s
2022-04-12T10:21:27.066401Z	info	ads	SDS: PUSH request for node:ts-inside-payment-service-97ffd8d7b-5f9x5.default resources:1 size:4.0kB resource:default
2022-04-12T10:21:27.160279Z	info	ads	SDS: PUSH request for node:ts-inside-payment-service-97ffd8d7b-5f9x5.default resources:1 size:1.1kB resource:ROOTCA
2022-04-12T10:21:31.134608Z	error	failed scraping envoy metrics: error scraping http://localhost:15090/stats/prometheus: Get "http://localhost:15090/stats/prometheus": dial tcp [::1]:15090: connect: connection refused
2022-04-12T10:21:55.845049Z	error	failed scraping envoy metrics: error scraping http://localhost:15090/stats/prometheus: Get "http://localhost:15090/stats/prometheus": dial tcp [::1]:15090: connect: connection refused
2022-04-12T10:22:03.806115Z	error	failed scraping envoy metrics: error scraping http://localhost:15090/stats/prometheus: Get "http://localhost:15090/stats/prometheus": dial tcp [::1]:15090: connect: connection refused
2022-04-12T10:22:19.243032Z	error	failed scraping envoy metrics: error scraping http://localhost:15090/stats/prometheus: Get "http://localhost:15090/stats/prometheus": dial tcp [::1]:15090: connect: connection refused
2022-04-12T10:22:33.860128Z	error	failed scraping envoy metrics: error scraping http://localhost:15090/stats/prometheus: Get "http://localhost:15090/stats/prometheus": dial tcp [::1]:15090: connect: connection refused
2022-04-12T10:22:49.768878Z	error	failed scraping envoy metrics: error scraping http://localhost:15090/stats/prometheus: Get "http://localhost:15090/stats/prometheus": dial tcp [::1]:15090: connect: connection refused
2022-04-12T10:23:08.456716Z	error	failed scraping envoy metrics: error scraping http://localhost:15090/stats/prometheus: Get "http://localhost:15090/stats/prometheus": dial tcp [::1]:15090: connect: connection refused
2022-04-12T10:23:19.270519Z	error	failed scraping envoy metrics: error scraping http://localhost:15090/stats/prometheus: Get "http://localhost:15090/stats/prometheus": dial tcp [::1]:15090: connect: connection refused
2022-04-12T10:23:34.303500Z	error	failed scraping envoy metrics: error scraping http://localhost:15090/stats/prometheus: Get "http://localhost:15090/stats/prometheus": dial tcp [::1]:15090: connect: connection refused
2022-04-12T10:23:58.139224Z	error	failed scraping envoy metrics: error scraping http://localhost:15090/stats/prometheus: Get "http://localhost:15090/stats/prometheus": dial tcp [::1]:15090: connect: connection refused
2022-04-12T10:24:03.198252Z	error	failed scraping envoy metrics: error scraping http://localhost:15090/stats/prometheus: Get "http://localhost:15090/stats/prometheus": dial tcp [::1]:15090: connect: connection refused
2022-04-12T10:24:20.192161Z	error	failed scraping envoy metrics: error scraping http://localhost:15090/stats/prometheus: Get "http://localhost:15090/stats/prometheus": dial tcp [::1]:15090: connect: connection refused
2022-04-12T10:24:23.352060Z	warn	Envoy proxy is NOT ready: Get "http://127.0.0.1:15000/stats?usedonly&filter=^(cluster_manager\\.cds|listener_manager\\.lds)\\.(update_success|update_rejected)$": context deadline exceeded (Client.Timeout exceeded while awaiting headers)
2022-04-12T10:24:24.051039Z	info	Readiness succeeded in 4m41.077481611s
2022-04-12T10:24:24.205214Z	info	Envoy proxy is ready
2022-04-12T10:53:20.415168Z	info	xdsproxy	connected to upstream XDS server: istiod.istio-system.svc:15012
