2022-04-12T10:19:10.951154Z	info	FLAG: --concurrency="2"
2022-04-12T10:19:10.951222Z	info	FLAG: --domain="default.svc.cluster.local"
2022-04-12T10:19:10.951232Z	info	FLAG: --help="false"
2022-04-12T10:19:10.951236Z	info	FLAG: --log_as_json="false"
2022-04-12T10:19:10.951240Z	info	FLAG: --log_caller=""
2022-04-12T10:19:10.951244Z	info	FLAG: --log_output_level="default:info"
2022-04-12T10:19:10.951248Z	info	FLAG: --log_rotate=""
2022-04-12T10:19:10.951251Z	info	FLAG: --log_rotate_max_age="30"
2022-04-12T10:19:10.951256Z	info	FLAG: --log_rotate_max_backups="1000"
2022-04-12T10:19:10.951260Z	info	FLAG: --log_rotate_max_size="104857600"
2022-04-12T10:19:10.951264Z	info	FLAG: --log_stacktrace_level="default:none"
2022-04-12T10:19:10.951274Z	info	FLAG: --log_target="[stdout]"
2022-04-12T10:19:10.951279Z	info	FLAG: --meshConfig="./etc/istio/config/mesh"
2022-04-12T10:19:10.951282Z	info	FLAG: --outlierLogPath=""
2022-04-12T10:19:10.951286Z	info	FLAG: --proxyComponentLogLevel="misc:error"
2022-04-12T10:19:10.951289Z	info	FLAG: --proxyLogLevel="warning"
2022-04-12T10:19:10.951292Z	info	FLAG: --serviceCluster="istio-proxy"
2022-04-12T10:19:10.951296Z	info	FLAG: --stsPort="0"
2022-04-12T10:19:10.951299Z	info	FLAG: --templateFile=""
2022-04-12T10:19:10.951303Z	info	FLAG: --tokenManagerPlugin="GoogleTokenExchange"
2022-04-12T10:19:10.951447Z	info	FLAG: --vklog="0"
2022-04-12T10:19:10.951465Z	info	Version 1.13.2-91533d04e894ff86b80acd6d7a4517b144f9e19a-Clean
2022-04-12T10:19:11.090033Z	info	Proxy role	ips=[10.244.0.118 fe80::5494:3fff:feec:b62f] type=sidecar id=ts-inside-payment-mongo-6cc8d489-l94jv.default domain=default.svc.cluster.local
2022-04-12T10:19:11.090178Z	info	Apply proxy config from env {}

2022-04-12T10:19:11.109007Z	info	Effective config: binaryPath: /usr/local/bin/envoy
concurrency: 2
configPath: ./etc/istio/proxy
controlPlaneAuthPolicy: MUTUAL_TLS
discoveryAddress: istiod.istio-system.svc:15012
drainDuration: 45s
parentShutdownDuration: 60s
proxyAdminPort: 15000
serviceCluster: istio-proxy
statNameLength: 189
statusPort: 15020
terminationDrainDuration: 5s
tracing:
  zipkin:
    address: zipkin.istio-system:9411

2022-04-12T10:19:11.109031Z	info	JWT policy is third-party-jwt
2022-04-12T10:19:11.248805Z	info	CA Endpoint istiod.istio-system.svc:15012, provider Citadel
2022-04-12T10:19:11.248999Z	info	Opening status port 15020
2022-04-12T10:19:11.249080Z	info	Using CA istiod.istio-system.svc:15012 cert with certs: var/run/secrets/istio/root-cert.pem
2022-04-12T10:19:11.301146Z	info	citadelclient	Citadel client using custom root cert: var/run/secrets/istio/root-cert.pem
2022-04-12T10:19:11.944042Z	info	ads	All caches have been synced up in 1.179328465s, marking server ready
2022-04-12T10:19:11.944434Z	info	sds	SDS server for workload certificates started, listening on "etc/istio/proxy/SDS"
2022-04-12T10:19:11.944514Z	info	xdsproxy	Initializing with upstream address "istiod.istio-system.svc:15012" and cluster "Kubernetes"
2022-04-12T10:19:11.966985Z	info	sds	Starting SDS grpc server
2022-04-12T10:19:11.969502Z	info	starting Http service at 127.0.0.1:15004
2022-04-12T10:19:12.028938Z	info	Pilot SAN: [istiod.istio-system.svc]
2022-04-12T10:19:12.046487Z	info	Starting proxy agent
2022-04-12T10:19:12.046582Z	info	Epoch 0 starting
2022-04-12T10:19:12.046619Z	info	Envoy command: [-c etc/istio/proxy/envoy-rev0.json --restart-epoch 0 --drain-time-s 45 --drain-strategy immediate --parent-shutdown-time-s 60 --local-address-ip-version v4 --file-flush-interval-msec 1000 --disable-hot-restart --log-format %Y-%m-%dT%T.%fZ	%l	envoy %n	%v -l warning --component-log-level misc:error --concurrency 2]
2022-04-12T10:19:13.111184Z	info	xdsproxy	connected to upstream XDS server: istiod.istio-system.svc:15012
2022-04-12T10:19:13.640040Z	info	ads	ADS: new connection for node:ts-inside-payment-mongo-6cc8d489-l94jv.default-1
2022-04-12T10:19:13.674828Z	info	ads	ADS: new connection for node:ts-inside-payment-mongo-6cc8d489-l94jv.default-2
2022-04-12T10:19:16.045482Z	info	cache	generated new workload certificate	latency=4.099635414s ttl=23h59m59.95453269s
2022-04-12T10:19:16.045550Z	info	cache	Root cert has changed, start rotating root cert
2022-04-12T10:19:16.045567Z	info	ads	XDS: Incremental Pushing:0 ConnectedEndpoints:2 Version:
2022-04-12T10:19:16.045644Z	info	cache	returned workload trust anchor from cache	ttl=23h59m59.954360668s
2022-04-12T10:19:16.045680Z	info	cache	returned workload trust anchor from cache	ttl=23h59m59.954323745s
2022-04-12T10:19:16.046189Z	info	ads	SDS: PUSH request for node:ts-inside-payment-mongo-6cc8d489-l94jv.default resources:1 size:1.1kB resource:ROOTCA
2022-04-12T10:19:16.046357Z	info	cache	returned workload certificate from cache	ttl=23h59m59.953647771s
2022-04-12T10:19:16.046459Z	info	ads	SDS: PUSH request for node:ts-inside-payment-mongo-6cc8d489-l94jv.default resources:1 size:4.0kB resource:default
2022-04-12T10:19:16.046620Z	info	cache	returned workload trust anchor from cache	ttl=23h59m59.953385406s
2022-04-12T10:19:16.046666Z	info	ads	SDS: PUSH for node:ts-inside-payment-mongo-6cc8d489-l94jv.default resources:1 size:1.1kB resource:ROOTCA
2022-04-12T10:19:18.350194Z	info	Readiness succeeded in 7.543588683s
2022-04-12T10:19:18.350763Z	info	Envoy proxy is ready
2022-04-12T10:51:00.424625Z	info	xdsproxy	connected to upstream XDS server: istiod.istio-system.svc:15012
