2022-04-12T10:19:41.390919Z	info	FLAG: --concurrency="2"
2022-04-12T10:19:41.391270Z	info	FLAG: --domain="default.svc.cluster.local"
2022-04-12T10:19:41.391285Z	info	FLAG: --help="false"
2022-04-12T10:19:41.391290Z	info	FLAG: --log_as_json="false"
2022-04-12T10:19:41.391294Z	info	FLAG: --log_caller=""
2022-04-12T10:19:41.391297Z	info	FLAG: --log_output_level="default:info"
2022-04-12T10:19:41.391301Z	info	FLAG: --log_rotate=""
2022-04-12T10:19:41.391305Z	info	FLAG: --log_rotate_max_age="30"
2022-04-12T10:19:41.391309Z	info	FLAG: --log_rotate_max_backups="1000"
2022-04-12T10:19:41.391313Z	info	FLAG: --log_rotate_max_size="104857600"
2022-04-12T10:19:41.391316Z	info	FLAG: --log_stacktrace_level="default:none"
2022-04-12T10:19:41.391329Z	info	FLAG: --log_target="[stdout]"
2022-04-12T10:19:41.391341Z	info	FLAG: --meshConfig="./etc/istio/config/mesh"
2022-04-12T10:19:41.391345Z	info	FLAG: --outlierLogPath=""
2022-04-12T10:19:41.391348Z	info	FLAG: --proxyComponentLogLevel="misc:error"
2022-04-12T10:19:41.391352Z	info	FLAG: --proxyLogLevel="warning"
2022-04-12T10:19:41.391356Z	info	FLAG: --serviceCluster="istio-proxy"
2022-04-12T10:19:41.391360Z	info	FLAG: --stsPort="0"
2022-04-12T10:19:41.391363Z	info	FLAG: --templateFile=""
2022-04-12T10:19:41.391367Z	info	FLAG: --tokenManagerPlugin="GoogleTokenExchange"
2022-04-12T10:19:41.391373Z	info	FLAG: --vklog="0"
2022-04-12T10:19:41.391377Z	info	Version 1.13.2-91533d04e894ff86b80acd6d7a4517b144f9e19a-Clean
2022-04-12T10:19:41.475517Z	info	Proxy role	ips=[10.244.0.146 fe80::88f3:34ff:fe49:6688] type=sidecar id=ts-notification-service-6d5884f85b-kz4nv.default domain=default.svc.cluster.local
2022-04-12T10:19:41.689160Z	info	Apply proxy config from env {}

2022-04-12T10:19:41.759485Z	info	Effective config: binaryPath: /usr/local/bin/envoy
concurrency: 2
configPath: ./etc/istio/proxy
controlPlaneAuthPolicy: MUTUAL_TLS
discoveryAddress: istiod.istio-system.svc:15012
drainDuration: 45s
parentShutdownDuration: 60s
proxyAdminPort: 15000
serviceCluster: istio-proxy
statNameLength: 189
statusPort: 15020
terminationDrainDuration: 5s
tracing:
  zipkin:
    address: zipkin.istio-system:9411

2022-04-12T10:19:41.759561Z	info	JWT policy is third-party-jwt
2022-04-12T10:19:41.955667Z	info	CA Endpoint istiod.istio-system.svc:15012, provider Citadel
2022-04-12T10:19:41.955757Z	info	Using CA istiod.istio-system.svc:15012 cert with certs: var/run/secrets/istio/root-cert.pem
2022-04-12T10:19:41.972546Z	info	Opening status port 15020
2022-04-12T10:19:42.031371Z	info	citadelclient	Citadel client using custom root cert: var/run/secrets/istio/root-cert.pem
2022-04-12T10:19:45.642353Z	info	ads	All caches have been synced up in 5.021299373s, marking server ready
2022-04-12T10:19:45.643587Z	info	sds	SDS server for workload certificates started, listening on "etc/istio/proxy/SDS"
2022-04-12T10:19:45.643727Z	info	xdsproxy	Initializing with upstream address "istiod.istio-system.svc:15012" and cluster "Kubernetes"
2022-04-12T10:19:45.673377Z	info	sds	Starting SDS grpc server
2022-04-12T10:19:46.161886Z	info	Pilot SAN: [istiod.istio-system.svc]
2022-04-12T10:19:46.480474Z	info	starting Http service at 127.0.0.1:15004
2022-04-12T10:19:46.609712Z	info	Starting proxy agent
2022-04-12T10:19:46.609827Z	info	Epoch 0 starting
2022-04-12T10:19:46.610486Z	info	Envoy command: [-c etc/istio/proxy/envoy-rev0.json --restart-epoch 0 --drain-time-s 45 --drain-strategy immediate --parent-shutdown-time-s 60 --local-address-ip-version v4 --file-flush-interval-msec 1000 --disable-hot-restart --log-format %Y-%m-%dT%T.%fZ	%l	envoy %n	%v -l warning --component-log-level misc:error --concurrency 2]
2022-04-12T10:20:02.215761Z	info	xdsproxy	connected to upstream XDS server: istiod.istio-system.svc:15012
2022-04-12T10:20:42.775379Z	info	cache	generated new workload certificate	latency=56.888325969s ttl=23h59m40.224645391s
2022-04-12T10:20:42.775497Z	info	cache	Root cert has changed, start rotating root cert
2022-04-12T10:20:42.775581Z	info	ads	XDS: Incremental Pushing:0 ConnectedEndpoints:0 Version:
2022-04-12T10:20:42.775723Z	info	cache	returned workload trust anchor from cache	ttl=23h59m40.224284929s
2022-04-12T10:20:51.851587Z	error	failed scraping envoy metrics: error scraping http://localhost:15090/stats/prometheus: Get "http://localhost:15090/stats/prometheus": dial tcp [::1]:15090: connect: connection refused
2022-04-12T10:21:38.376634Z	error	failed scraping envoy metrics: error scraping http://localhost:15090/stats/prometheus: Get "http://localhost:15090/stats/prometheus": dial tcp [::1]:15090: connect: connection refused
2022-04-12T10:21:39.316790Z	error	failed scraping envoy metrics: error scraping http://localhost:15090/stats/prometheus: Get "http://localhost:15090/stats/prometheus": dial tcp [::1]:15090: connect: connection refused
2022-04-12T10:21:50.367008Z	error	failed scraping envoy metrics: error scraping http://localhost:15090/stats/prometheus: Get "http://localhost:15090/stats/prometheus": dial tcp [::1]:15090: connect: connection refused
2022-04-12T10:22:05.571523Z	error	failed scraping envoy metrics: error scraping http://localhost:15090/stats/prometheus: Get "http://localhost:15090/stats/prometheus": dial tcp [::1]:15090: connect: connection refused
2022-04-12T10:22:22.260723Z	error	failed scraping envoy metrics: error scraping http://localhost:15090/stats/prometheus: Get "http://localhost:15090/stats/prometheus": dial tcp [::1]:15090: connect: connection refused
2022-04-12T10:22:26.404280Z	info	ads	ADS: new connection for node:ts-notification-service-6d5884f85b-kz4nv.default-1
2022-04-12T10:22:26.477488Z	info	ads	ADS: new connection for node:ts-notification-service-6d5884f85b-kz4nv.default-2
2022-04-12T10:22:26.477680Z	info	cache	returned workload certificate from cache	ttl=23h57m56.522330382s
2022-04-12T10:22:26.478078Z	info	ads	SDS: PUSH request for node:ts-notification-service-6d5884f85b-kz4nv.default resources:1 size:4.0kB resource:default
2022-04-12T10:22:26.678718Z	info	cache	returned workload trust anchor from cache	ttl=23h57m56.321297365s
2022-04-12T10:22:26.679068Z	info	ads	SDS: PUSH request for node:ts-notification-service-6d5884f85b-kz4nv.default resources:1 size:1.1kB resource:ROOTCA
2022-04-12T10:22:40.379180Z	error	failed scraping envoy metrics: error scraping http://localhost:15090/stats/prometheus: Get "http://localhost:15090/stats/prometheus": dial tcp [::1]:15090: connect: connection refused
2022-04-12T10:22:56.670264Z	error	failed scraping envoy metrics: error scraping http://localhost:15090/stats/prometheus: Get "http://localhost:15090/stats/prometheus": dial tcp [::1]:15090: connect: connection refused
2022-04-12T10:23:09.376346Z	error	failed scraping envoy metrics: error scraping http://localhost:15090/stats/prometheus: Get "http://localhost:15090/stats/prometheus": dial tcp [::1]:15090: connect: connection refused
2022-04-12T10:23:26.776387Z	error	failed scraping envoy metrics: error scraping http://localhost:15090/stats/prometheus: Get "http://localhost:15090/stats/prometheus": dial tcp [::1]:15090: connect: connection refused
2022-04-12T10:23:35.061858Z	error	failed scraping envoy metrics: error scraping http://localhost:15090/stats/prometheus: Get "http://localhost:15090/stats/prometheus": dial tcp [::1]:15090: connect: connection refused
2022-04-12T10:23:57.999591Z	error	failed scraping envoy metrics: error scraping http://localhost:15090/stats/prometheus: Get "http://localhost:15090/stats/prometheus": dial tcp [::1]:15090: connect: connection refused
2022-04-12T10:24:05.623223Z	error	failed scraping envoy metrics: error scraping http://localhost:15090/stats/prometheus: Get "http://localhost:15090/stats/prometheus": dial tcp [::1]:15090: connect: connection refused
2022-04-12T10:24:20.266106Z	error	failed scraping envoy metrics: error scraping http://localhost:15090/stats/prometheus: Get "http://localhost:15090/stats/prometheus": dial tcp [::1]:15090: connect: connection refused
2022-04-12T10:24:24.230716Z	warn	Envoy proxy is NOT ready: Get "http://127.0.0.1:15000/stats?usedonly&filter=^(cluster_manager\\.cds|listener_manager\\.lds)\\.(update_success|update_rejected)$": context deadline exceeded (Client.Timeout exceeded while awaiting headers)
2022-04-12T10:24:25.147023Z	info	Readiness succeeded in 4m44.413452556s
2022-04-12T10:24:25.289306Z	info	Envoy proxy is ready
2022-04-12T10:49:45.196752Z	info	xdsproxy	connected to upstream XDS server: istiod.istio-system.svc:15012
