2022-04-12T10:19:31.073565Z	info	FLAG: --concurrency="2"
2022-04-12T10:19:31.073672Z	info	FLAG: --domain="default.svc.cluster.local"
2022-04-12T10:19:31.073681Z	info	FLAG: --help="false"
2022-04-12T10:19:31.073686Z	info	FLAG: --log_as_json="false"
2022-04-12T10:19:31.073689Z	info	FLAG: --log_caller=""
2022-04-12T10:19:31.073693Z	info	FLAG: --log_output_level="default:info"
2022-04-12T10:19:31.073696Z	info	FLAG: --log_rotate=""
2022-04-12T10:19:31.073700Z	info	FLAG: --log_rotate_max_age="30"
2022-04-12T10:19:31.073704Z	info	FLAG: --log_rotate_max_backups="1000"
2022-04-12T10:19:31.073708Z	info	FLAG: --log_rotate_max_size="104857600"
2022-04-12T10:19:31.073711Z	info	FLAG: --log_stacktrace_level="default:none"
2022-04-12T10:19:31.073720Z	info	FLAG: --log_target="[stdout]"
2022-04-12T10:19:31.073724Z	info	FLAG: --meshConfig="./etc/istio/config/mesh"
2022-04-12T10:19:31.073728Z	info	FLAG: --outlierLogPath=""
2022-04-12T10:19:31.073731Z	info	FLAG: --proxyComponentLogLevel="misc:error"
2022-04-12T10:19:31.073735Z	info	FLAG: --proxyLogLevel="warning"
2022-04-12T10:19:31.073739Z	info	FLAG: --serviceCluster="istio-proxy"
2022-04-12T10:19:31.073742Z	info	FLAG: --stsPort="0"
2022-04-12T10:19:31.073745Z	info	FLAG: --templateFile=""
2022-04-12T10:19:31.073748Z	info	FLAG: --tokenManagerPlugin="GoogleTokenExchange"
2022-04-12T10:19:31.073766Z	info	FLAG: --vklog="0"
2022-04-12T10:19:31.073791Z	info	Version 1.13.2-91533d04e894ff86b80acd6d7a4517b144f9e19a-Clean
2022-04-12T10:19:31.074086Z	info	Proxy role	ips=[10.244.0.149 fe80::8839:96ff:fe7b:c0c2] type=sidecar id=ts-news-service-5d59b7dd44-mr78j.default domain=default.svc.cluster.local
2022-04-12T10:19:31.074180Z	info	Apply proxy config from env {}

2022-04-12T10:19:31.087768Z	info	Effective config: binaryPath: /usr/local/bin/envoy
concurrency: 2
configPath: ./etc/istio/proxy
controlPlaneAuthPolicy: MUTUAL_TLS
discoveryAddress: istiod.istio-system.svc:15012
drainDuration: 45s
parentShutdownDuration: 60s
proxyAdminPort: 15000
serviceCluster: istio-proxy
statNameLength: 189
statusPort: 15020
terminationDrainDuration: 5s
tracing:
  zipkin:
    address: zipkin.istio-system:9411

2022-04-12T10:19:31.087842Z	info	JWT policy is third-party-jwt
2022-04-12T10:19:31.098701Z	info	CA Endpoint istiod.istio-system.svc:15012, provider Citadel
2022-04-12T10:19:31.098854Z	info	Using CA istiod.istio-system.svc:15012 cert with certs: var/run/secrets/istio/root-cert.pem
2022-04-12T10:19:31.099121Z	info	citadelclient	Citadel client using custom root cert: var/run/secrets/istio/root-cert.pem
2022-04-12T10:19:31.100039Z	info	Opening status port 15020
2022-04-12T10:19:32.224175Z	info	ads	All caches have been synced up in 1.407525852s, marking server ready
2022-04-12T10:19:32.317982Z	info	sds	SDS server for workload certificates started, listening on "etc/istio/proxy/SDS"
2022-04-12T10:19:32.318691Z	info	sds	Starting SDS grpc server
2022-04-12T10:19:32.360622Z	info	xdsproxy	Initializing with upstream address "istiod.istio-system.svc:15012" and cluster "Kubernetes"
2022-04-12T10:19:32.366794Z	info	starting Http service at 127.0.0.1:15004
2022-04-12T10:19:32.387685Z	info	Pilot SAN: [istiod.istio-system.svc]
2022-04-12T10:19:32.428346Z	info	Starting proxy agent
2022-04-12T10:19:32.428389Z	info	Epoch 0 starting
2022-04-12T10:19:32.428422Z	info	Envoy command: [-c etc/istio/proxy/envoy-rev0.json --restart-epoch 0 --drain-time-s 45 --drain-strategy immediate --parent-shutdown-time-s 60 --local-address-ip-version v4 --file-flush-interval-msec 1000 --disable-hot-restart --log-format %Y-%m-%dT%T.%fZ	%l	envoy %n	%v -l warning --component-log-level misc:error --concurrency 2]
2022-04-12T10:19:35.540586Z	info	xdsproxy	connected to upstream XDS server: istiod.istio-system.svc:15012
2022-04-12T10:19:37.763357Z	info	cache	generated new workload certificate	latency=5.52571996s ttl=23h59m59.236664508s
2022-04-12T10:19:37.763429Z	info	cache	Root cert has changed, start rotating root cert
2022-04-12T10:19:37.763460Z	info	ads	XDS: Incremental Pushing:0 ConnectedEndpoints:0 Version:
2022-04-12T10:19:37.765583Z	info	cache	returned workload trust anchor from cache	ttl=23h59m59.234684219s
2022-04-12T10:19:49.557975Z	info	ads	ADS: new connection for node:ts-news-service-5d59b7dd44-mr78j.default-1
2022-04-12T10:19:49.558274Z	info	cache	returned workload trust anchor from cache	ttl=23h59m47.441755953s
2022-04-12T10:19:49.559681Z	info	ads	SDS: PUSH request for node:ts-news-service-5d59b7dd44-mr78j.default resources:1 size:1.1kB resource:ROOTCA
2022-04-12T10:19:49.597641Z	info	ads	ADS: new connection for node:ts-news-service-5d59b7dd44-mr78j.default-2
2022-04-12T10:19:49.597794Z	info	cache	returned workload certificate from cache	ttl=23h59m47.402214269s
2022-04-12T10:19:49.597964Z	info	ads	SDS: PUSH request for node:ts-news-service-5d59b7dd44-mr78j.default resources:1 size:4.0kB resource:default
2022-04-12T10:20:25.819835Z	info	Readiness succeeded in 54.93329275s
2022-04-12T10:20:25.839133Z	info	Envoy proxy is ready
2022-04-12T10:50:09.171578Z	info	xdsproxy	connected to upstream XDS server: istiod.istio-system.svc:15012
