2022-04-12T10:19:01.228978Z	info	FLAG: --concurrency="2"
2022-04-12T10:19:01.229051Z	info	FLAG: --domain="default.svc.cluster.local"
2022-04-12T10:19:01.229062Z	info	FLAG: --help="false"
2022-04-12T10:19:01.229067Z	info	FLAG: --log_as_json="false"
2022-04-12T10:19:01.229071Z	info	FLAG: --log_caller=""
2022-04-12T10:19:01.229081Z	info	FLAG: --log_output_level="default:info"
2022-04-12T10:19:01.229087Z	info	FLAG: --log_rotate=""
2022-04-12T10:19:01.229117Z	info	FLAG: --log_rotate_max_age="30"
2022-04-12T10:19:01.229129Z	info	FLAG: --log_rotate_max_backups="1000"
2022-04-12T10:19:01.229134Z	info	FLAG: --log_rotate_max_size="104857600"
2022-04-12T10:19:01.229139Z	info	FLAG: --log_stacktrace_level="default:none"
2022-04-12T10:19:01.229153Z	info	FLAG: --log_target="[stdout]"
2022-04-12T10:19:01.229159Z	info	FLAG: --meshConfig="./etc/istio/config/mesh"
2022-04-12T10:19:01.229163Z	info	FLAG: --outlierLogPath=""
2022-04-12T10:19:01.229172Z	info	FLAG: --proxyComponentLogLevel="misc:error"
2022-04-12T10:19:01.229176Z	info	FLAG: --proxyLogLevel="warning"
2022-04-12T10:19:01.229180Z	info	FLAG: --serviceCluster="istio-proxy"
2022-04-12T10:19:01.229189Z	info	FLAG: --stsPort="0"
2022-04-12T10:19:01.229193Z	info	FLAG: --templateFile=""
2022-04-12T10:19:01.229198Z	info	FLAG: --tokenManagerPlugin="GoogleTokenExchange"
2022-04-12T10:19:01.229209Z	info	FLAG: --vklog="0"
2022-04-12T10:19:01.229214Z	info	Version 1.13.2-91533d04e894ff86b80acd6d7a4517b144f9e19a-Clean
2022-04-12T10:19:01.229543Z	info	Proxy role	ips=[10.244.0.110 fe80::14dd:5bff:fe03:d063] type=sidecar id=ts-order-other-mongo-866b995c69-whg4m.default domain=default.svc.cluster.local
2022-04-12T10:19:01.229676Z	info	Apply proxy config from env {}

2022-04-12T10:19:01.231912Z	info	Effective config: binaryPath: /usr/local/bin/envoy
concurrency: 2
configPath: ./etc/istio/proxy
controlPlaneAuthPolicy: MUTUAL_TLS
discoveryAddress: istiod.istio-system.svc:15012
drainDuration: 45s
parentShutdownDuration: 60s
proxyAdminPort: 15000
serviceCluster: istio-proxy
statNameLength: 189
statusPort: 15020
terminationDrainDuration: 5s
tracing:
  zipkin:
    address: zipkin.istio-system:9411

2022-04-12T10:19:01.231940Z	info	JWT policy is third-party-jwt
2022-04-12T10:19:01.254474Z	info	CA Endpoint istiod.istio-system.svc:15012, provider Citadel
2022-04-12T10:19:01.254563Z	info	Using CA istiod.istio-system.svc:15012 cert with certs: var/run/secrets/istio/root-cert.pem
2022-04-12T10:19:01.254655Z	info	citadelclient	Citadel client using custom root cert: var/run/secrets/istio/root-cert.pem
2022-04-12T10:19:01.257553Z	info	Opening status port 15020
2022-04-12T10:19:01.381319Z	info	ads	All caches have been synced up in 181.992501ms, marking server ready
2022-04-12T10:19:01.381814Z	info	sds	SDS server for workload certificates started, listening on "etc/istio/proxy/SDS"
2022-04-12T10:19:01.381853Z	info	xdsproxy	Initializing with upstream address "istiod.istio-system.svc:15012" and cluster "Kubernetes"
2022-04-12T10:19:01.383525Z	info	sds	Starting SDS grpc server
2022-04-12T10:19:01.508100Z	info	starting Http service at 127.0.0.1:15004
2022-04-12T10:19:01.508331Z	info	Pilot SAN: [istiod.istio-system.svc]
2022-04-12T10:19:01.612723Z	info	Starting proxy agent
2022-04-12T10:19:01.612926Z	info	Epoch 0 starting
2022-04-12T10:19:01.613030Z	info	Envoy command: [-c etc/istio/proxy/envoy-rev0.json --restart-epoch 0 --drain-time-s 45 --drain-strategy immediate --parent-shutdown-time-s 60 --local-address-ip-version v4 --file-flush-interval-msec 1000 --disable-hot-restart --log-format %Y-%m-%dT%T.%fZ	%l	envoy %n	%v -l warning --component-log-level misc:error --concurrency 2]
2022-04-12T10:19:02.757861Z	info	xdsproxy	connected to upstream XDS server: istiod.istio-system.svc:15012
2022-04-12T10:19:03.358922Z	info	ads	ADS: new connection for node:ts-order-other-mongo-866b995c69-whg4m.default-1
2022-04-12T10:19:03.401436Z	info	ads	ADS: new connection for node:ts-order-other-mongo-866b995c69-whg4m.default-2
2022-04-12T10:19:04.862457Z	info	cache	generated new workload certificate	latency=3.478994742s ttl=23h59m59.137556568s
2022-04-12T10:19:04.862511Z	info	cache	Root cert has changed, start rotating root cert
2022-04-12T10:19:04.862524Z	info	ads	XDS: Incremental Pushing:0 ConnectedEndpoints:2 Version:
2022-04-12T10:19:04.862570Z	info	cache	returned workload trust anchor from cache	ttl=23h59m59.137432683s
2022-04-12T10:19:04.862585Z	info	cache	returned workload trust anchor from cache	ttl=23h59m59.137415612s
2022-04-12T10:19:04.862946Z	info	ads	SDS: PUSH request for node:ts-order-other-mongo-866b995c69-whg4m.default resources:1 size:1.1kB resource:ROOTCA
2022-04-12T10:19:04.863143Z	info	cache	returned workload certificate from cache	ttl=23h59m59.136870904s
2022-04-12T10:19:04.863262Z	info	ads	SDS: PUSH request for node:ts-order-other-mongo-866b995c69-whg4m.default resources:1 size:4.0kB resource:default
2022-04-12T10:19:04.863346Z	info	cache	returned workload trust anchor from cache	ttl=23h59m59.13665755s
2022-04-12T10:19:04.863385Z	info	ads	SDS: PUSH for node:ts-order-other-mongo-866b995c69-whg4m.default resources:1 size:1.1kB resource:ROOTCA
2022-04-12T10:19:09.510090Z	info	Readiness succeeded in 8.309975492s
2022-04-12T10:19:09.516874Z	info	Envoy proxy is ready
2022-04-12T10:46:41.858934Z	info	xdsproxy	connected to upstream XDS server: istiod.istio-system.svc:15012
