2022-04-12T10:18:59.525095Z	info	FLAG: --concurrency="2"
2022-04-12T10:18:59.525129Z	info	FLAG: --domain="default.svc.cluster.local"
2022-04-12T10:18:59.525138Z	info	FLAG: --help="false"
2022-04-12T10:18:59.525142Z	info	FLAG: --log_as_json="false"
2022-04-12T10:18:59.525145Z	info	FLAG: --log_caller=""
2022-04-12T10:18:59.525149Z	info	FLAG: --log_output_level="default:info"
2022-04-12T10:18:59.525152Z	info	FLAG: --log_rotate=""
2022-04-12T10:18:59.525156Z	info	FLAG: --log_rotate_max_age="30"
2022-04-12T10:18:59.525159Z	info	FLAG: --log_rotate_max_backups="1000"
2022-04-12T10:18:59.525163Z	info	FLAG: --log_rotate_max_size="104857600"
2022-04-12T10:18:59.525167Z	info	FLAG: --log_stacktrace_level="default:none"
2022-04-12T10:18:59.525175Z	info	FLAG: --log_target="[stdout]"
2022-04-12T10:18:59.525180Z	info	FLAG: --meshConfig="./etc/istio/config/mesh"
2022-04-12T10:18:59.525184Z	info	FLAG: --outlierLogPath=""
2022-04-12T10:18:59.525187Z	info	FLAG: --proxyComponentLogLevel="misc:error"
2022-04-12T10:18:59.525190Z	info	FLAG: --proxyLogLevel="warning"
2022-04-12T10:18:59.525194Z	info	FLAG: --serviceCluster="istio-proxy"
2022-04-12T10:18:59.525198Z	info	FLAG: --stsPort="0"
2022-04-12T10:18:59.525201Z	info	FLAG: --templateFile=""
2022-04-12T10:18:59.525205Z	info	FLAG: --tokenManagerPlugin="GoogleTokenExchange"
2022-04-12T10:18:59.527483Z	info	FLAG: --vklog="0"
2022-04-12T10:18:59.527554Z	info	Version 1.13.2-91533d04e894ff86b80acd6d7a4517b144f9e19a-Clean
2022-04-12T10:18:59.527923Z	info	Proxy role	ips=[10.244.0.109 fe80::488:b4ff:fe2e:5904] type=sidecar id=ts-order-mongo-8c7d9bc97-zwj7n.default domain=default.svc.cluster.local
2022-04-12T10:18:59.528015Z	info	Apply proxy config from env {}

2022-04-12T10:18:59.530037Z	info	Effective config: binaryPath: /usr/local/bin/envoy
concurrency: 2
configPath: ./etc/istio/proxy
controlPlaneAuthPolicy: MUTUAL_TLS
discoveryAddress: istiod.istio-system.svc:15012
drainDuration: 45s
parentShutdownDuration: 60s
proxyAdminPort: 15000
serviceCluster: istio-proxy
statNameLength: 189
statusPort: 15020
terminationDrainDuration: 5s
tracing:
  zipkin:
    address: zipkin.istio-system:9411

2022-04-12T10:18:59.530063Z	info	JWT policy is third-party-jwt
2022-04-12T10:18:59.592063Z	info	CA Endpoint istiod.istio-system.svc:15012, provider Citadel
2022-04-12T10:18:59.592162Z	info	Using CA istiod.istio-system.svc:15012 cert with certs: var/run/secrets/istio/root-cert.pem
2022-04-12T10:18:59.592297Z	info	citadelclient	Citadel client using custom root cert: var/run/secrets/istio/root-cert.pem
2022-04-12T10:18:59.613701Z	info	Opening status port 15020
2022-04-12T10:18:59.771535Z	info	ads	All caches have been synced up in 276.444501ms, marking server ready
2022-04-12T10:18:59.771929Z	info	sds	SDS server for workload certificates started, listening on "etc/istio/proxy/SDS"
2022-04-12T10:18:59.772041Z	info	xdsproxy	Initializing with upstream address "istiod.istio-system.svc:15012" and cluster "Kubernetes"
2022-04-12T10:18:59.775869Z	info	sds	Starting SDS grpc server
2022-04-12T10:18:59.776359Z	info	Pilot SAN: [istiod.istio-system.svc]
2022-04-12T10:18:59.778863Z	info	starting Http service at 127.0.0.1:15004
2022-04-12T10:18:59.779482Z	info	Starting proxy agent
2022-04-12T10:18:59.779503Z	info	Epoch 0 starting
2022-04-12T10:18:59.779526Z	info	Envoy command: [-c etc/istio/proxy/envoy-rev0.json --restart-epoch 0 --drain-time-s 45 --drain-strategy immediate --parent-shutdown-time-s 60 --local-address-ip-version v4 --file-flush-interval-msec 1000 --disable-hot-restart --log-format %Y-%m-%dT%T.%fZ	%l	envoy %n	%v -l warning --component-log-level misc:error --concurrency 2]
2022-04-12T10:19:00.940512Z	info	cache	generated new workload certificate	latency=1.165531353s ttl=23h59m59.059499573s
2022-04-12T10:19:00.940603Z	info	cache	Root cert has changed, start rotating root cert
2022-04-12T10:19:00.940655Z	info	ads	XDS: Incremental Pushing:0 ConnectedEndpoints:0 Version:
2022-04-12T10:19:00.940782Z	info	cache	returned workload trust anchor from cache	ttl=23h59m59.059224944s
2022-04-12T10:19:01.313676Z	info	xdsproxy	connected to upstream XDS server: istiod.istio-system.svc:15012
2022-04-12T10:19:01.558654Z	info	ads	ADS: new connection for node:ts-order-mongo-8c7d9bc97-zwj7n.default-1
2022-04-12T10:19:01.558960Z	info	cache	returned workload trust anchor from cache	ttl=23h59m58.441077437s
2022-04-12T10:19:01.559429Z	info	ads	SDS: PUSH request for node:ts-order-mongo-8c7d9bc97-zwj7n.default resources:1 size:1.1kB resource:ROOTCA
2022-04-12T10:19:01.591270Z	info	ads	ADS: new connection for node:ts-order-mongo-8c7d9bc97-zwj7n.default-2
2022-04-12T10:19:01.591392Z	info	cache	returned workload certificate from cache	ttl=23h59m58.408614657s
2022-04-12T10:19:01.591489Z	info	ads	SDS: PUSH request for node:ts-order-mongo-8c7d9bc97-zwj7n.default resources:1 size:4.0kB resource:default
2022-04-12T10:19:06.970479Z	info	Readiness succeeded in 7.474283021s
2022-04-12T10:19:06.971112Z	info	Envoy proxy is ready
2022-04-12T10:46:17.776447Z	info	xdsproxy	connected to upstream XDS server: istiod.istio-system.svc:15012
