2022-04-12T10:19:48.959361Z	info	FLAG: --concurrency="2"
2022-04-12T10:19:48.959394Z	info	FLAG: --domain="default.svc.cluster.local"
2022-04-12T10:19:48.959402Z	info	FLAG: --help="false"
2022-04-12T10:19:48.959406Z	info	FLAG: --log_as_json="false"
2022-04-12T10:19:48.959410Z	info	FLAG: --log_caller=""
2022-04-12T10:19:48.959414Z	info	FLAG: --log_output_level="default:info"
2022-04-12T10:19:48.959417Z	info	FLAG: --log_rotate=""
2022-04-12T10:19:48.959421Z	info	FLAG: --log_rotate_max_age="30"
2022-04-12T10:19:48.959425Z	info	FLAG: --log_rotate_max_backups="1000"
2022-04-12T10:19:48.959430Z	info	FLAG: --log_rotate_max_size="104857600"
2022-04-12T10:19:48.959434Z	info	FLAG: --log_stacktrace_level="default:none"
2022-04-12T10:19:48.959491Z	info	FLAG: --log_target="[stdout]"
2022-04-12T10:19:48.959532Z	info	FLAG: --meshConfig="./etc/istio/config/mesh"
2022-04-12T10:19:48.959538Z	info	FLAG: --outlierLogPath=""
2022-04-12T10:19:48.959542Z	info	FLAG: --proxyComponentLogLevel="misc:error"
2022-04-12T10:19:48.959546Z	info	FLAG: --proxyLogLevel="warning"
2022-04-12T10:19:48.959550Z	info	FLAG: --serviceCluster="istio-proxy"
2022-04-12T10:19:48.959554Z	info	FLAG: --stsPort="0"
2022-04-12T10:19:48.959558Z	info	FLAG: --templateFile=""
2022-04-12T10:19:48.959562Z	info	FLAG: --tokenManagerPlugin="GoogleTokenExchange"
2022-04-12T10:19:48.959599Z	info	FLAG: --vklog="0"
2022-04-12T10:19:48.959644Z	info	Version 1.13.2-91533d04e894ff86b80acd6d7a4517b144f9e19a-Clean
2022-04-12T10:19:48.959913Z	info	Proxy role	ips=[10.244.0.156 fe80::8a:beff:feba:2f2f] type=sidecar id=ts-preserve-other-service-f79b9f45c-t6p8d.default domain=default.svc.cluster.local
2022-04-12T10:19:48.960702Z	info	Apply proxy config from env {}

2022-04-12T10:19:49.342166Z	info	Effective config: binaryPath: /usr/local/bin/envoy
concurrency: 2
configPath: ./etc/istio/proxy
controlPlaneAuthPolicy: MUTUAL_TLS
discoveryAddress: istiod.istio-system.svc:15012
drainDuration: 45s
parentShutdownDuration: 60s
proxyAdminPort: 15000
serviceCluster: istio-proxy
statNameLength: 189
statusPort: 15020
terminationDrainDuration: 5s
tracing:
  zipkin:
    address: zipkin.istio-system:9411

2022-04-12T10:19:49.342232Z	info	JWT policy is third-party-jwt
2022-04-12T10:19:49.435275Z	info	CA Endpoint istiod.istio-system.svc:15012, provider Citadel
2022-04-12T10:19:49.435401Z	info	Using CA istiod.istio-system.svc:15012 cert with certs: var/run/secrets/istio/root-cert.pem
2022-04-12T10:19:49.435528Z	info	citadelclient	Citadel client using custom root cert: var/run/secrets/istio/root-cert.pem
2022-04-12T10:19:49.453655Z	info	Opening status port 15020
2022-04-12T10:19:52.283404Z	info	ads	All caches have been synced up in 4.778568978s, marking server ready
2022-04-12T10:19:52.505116Z	info	sds	SDS server for workload certificates started, listening on "etc/istio/proxy/SDS"
2022-04-12T10:19:52.505223Z	info	xdsproxy	Initializing with upstream address "istiod.istio-system.svc:15012" and cluster "Kubernetes"
2022-04-12T10:19:52.549110Z	info	Pilot SAN: [istiod.istio-system.svc]
2022-04-12T10:19:52.791592Z	info	sds	Starting SDS grpc server
2022-04-12T10:19:52.791740Z	info	starting Http service at 127.0.0.1:15004
2022-04-12T10:19:52.846889Z	info	Starting proxy agent
2022-04-12T10:19:52.846967Z	info	Epoch 0 starting
2022-04-12T10:19:52.854814Z	info	Envoy command: [-c etc/istio/proxy/envoy-rev0.json --restart-epoch 0 --drain-time-s 45 --drain-strategy immediate --parent-shutdown-time-s 60 --local-address-ip-version v4 --file-flush-interval-msec 1000 --disable-hot-restart --log-format %Y-%m-%dT%T.%fZ	%l	envoy %n	%v -l warning --component-log-level misc:error --concurrency 2]
2022-04-12T10:20:18.122201Z	info	xdsproxy	connected to upstream XDS server: istiod.istio-system.svc:15012
2022-04-12T10:20:29.924075Z	info	cache	generated new workload certificate	latency=37.499229616s ttl=23h59m54.075998976s
2022-04-12T10:20:29.924223Z	info	cache	Root cert has changed, start rotating root cert
2022-04-12T10:20:29.924325Z	info	ads	XDS: Incremental Pushing:0 ConnectedEndpoints:0 Version:
2022-04-12T10:20:29.924452Z	info	cache	returned workload trust anchor from cache	ttl=23h59m54.075558431s
2022-04-12T10:20:51.552032Z	error	failed scraping envoy metrics: error scraping http://localhost:15090/stats/prometheus: Get "http://localhost:15090/stats/prometheus": dial tcp [::1]:15090: connect: connection refused
2022-04-12T10:21:33.690906Z	error	failed scraping envoy metrics: error scraping http://localhost:15090/stats/prometheus: Get "http://localhost:15090/stats/prometheus": dial tcp [::1]:15090: connect: connection refused
2022-04-12T10:22:01.622468Z	error	failed scraping envoy metrics: error scraping http://localhost:15090/stats/prometheus: Get "http://localhost:15090/stats/prometheus": dial tcp [::1]:15090: connect: connection refused
2022-04-12T10:22:05.429344Z	error	failed scraping envoy metrics: error scraping http://localhost:15090/stats/prometheus: Get "http://localhost:15090/stats/prometheus": dial tcp [::1]:15090: connect: connection refused
2022-04-12T10:22:19.938695Z	error	failed scraping envoy metrics: error scraping http://localhost:15090/stats/prometheus: Get "http://localhost:15090/stats/prometheus": dial tcp [::1]:15090: connect: connection refused
2022-04-12T10:22:38.410219Z	error	failed scraping envoy metrics: error scraping http://localhost:15090/stats/prometheus: Get "http://localhost:15090/stats/prometheus": dial tcp [::1]:15090: connect: connection refused
2022-04-12T10:22:50.537481Z	error	failed scraping envoy metrics: error scraping http://localhost:15090/stats/prometheus: Get "http://localhost:15090/stats/prometheus": dial tcp [::1]:15090: connect: connection refused
2022-04-12T10:22:56.837853Z	info	ads	ADS: new connection for node:ts-preserve-other-service-f79b9f45c-t6p8d.default-1
2022-04-12T10:22:56.838086Z	info	cache	returned workload trust anchor from cache	ttl=23h57m27.161988663s
2022-04-12T10:22:56.859779Z	info	ads	SDS: PUSH request for node:ts-preserve-other-service-f79b9f45c-t6p8d.default resources:1 size:1.1kB resource:ROOTCA
2022-04-12T10:22:56.879194Z	info	ads	ADS: new connection for node:ts-preserve-other-service-f79b9f45c-t6p8d.default-2
2022-04-12T10:22:56.879329Z	info	cache	returned workload certificate from cache	ttl=23h57m27.120678224s
2022-04-12T10:22:56.879512Z	info	ads	SDS: PUSH request for node:ts-preserve-other-service-f79b9f45c-t6p8d.default resources:1 size:4.0kB resource:default
2022-04-12T10:23:08.688306Z	error	failed scraping envoy metrics: error scraping http://localhost:15090/stats/prometheus: Get "http://localhost:15090/stats/prometheus": dial tcp [::1]:15090: connect: connection refused
2022-04-12T10:23:26.270148Z	error	failed scraping envoy metrics: error scraping http://localhost:15090/stats/prometheus: Get "http://localhost:15090/stats/prometheus": dial tcp [::1]:15090: connect: connection refused
2022-04-12T10:23:35.269299Z	error	failed scraping envoy metrics: error scraping http://localhost:15090/stats/prometheus: Get "http://localhost:15090/stats/prometheus": dial tcp [::1]:15090: connect: connection refused
2022-04-12T10:23:57.994828Z	error	failed scraping envoy metrics: error scraping http://localhost:15090/stats/prometheus: Get "http://localhost:15090/stats/prometheus": dial tcp [::1]:15090: connect: connection refused
2022-04-12T10:24:05.625150Z	error	failed scraping envoy metrics: error scraping http://localhost:15090/stats/prometheus: Get "http://localhost:15090/stats/prometheus": dial tcp [::1]:15090: connect: connection refused
2022-04-12T10:24:10.301367Z	info	Readiness succeeded in 4m22.415689525s
2022-04-12T10:24:10.303182Z	info	Envoy proxy is ready
2022-04-12T10:53:05.909877Z	info	xdsproxy	connected to upstream XDS server: istiod.istio-system.svc:15012
