2022-04-12T10:19:08.643142Z	info	FLAG: --concurrency="2"
2022-04-12T10:19:08.643176Z	info	FLAG: --domain="default.svc.cluster.local"
2022-04-12T10:19:08.643183Z	info	FLAG: --help="false"
2022-04-12T10:19:08.643187Z	info	FLAG: --log_as_json="false"
2022-04-12T10:19:08.643191Z	info	FLAG: --log_caller=""
2022-04-12T10:19:08.643194Z	info	FLAG: --log_output_level="default:info"
2022-04-12T10:19:08.643197Z	info	FLAG: --log_rotate=""
2022-04-12T10:19:08.643200Z	info	FLAG: --log_rotate_max_age="30"
2022-04-12T10:19:08.643204Z	info	FLAG: --log_rotate_max_backups="1000"
2022-04-12T10:19:08.643207Z	info	FLAG: --log_rotate_max_size="104857600"
2022-04-12T10:19:08.643211Z	info	FLAG: --log_stacktrace_level="default:none"
2022-04-12T10:19:08.753848Z	info	FLAG: --log_target="[stdout]"
2022-04-12T10:19:08.753924Z	info	FLAG: --meshConfig="./etc/istio/config/mesh"
2022-04-12T10:19:08.753934Z	info	FLAG: --outlierLogPath=""
2022-04-12T10:19:08.753940Z	info	FLAG: --proxyComponentLogLevel="misc:error"
2022-04-12T10:19:08.753943Z	info	FLAG: --proxyLogLevel="warning"
2022-04-12T10:19:08.753947Z	info	FLAG: --serviceCluster="istio-proxy"
2022-04-12T10:19:08.753953Z	info	FLAG: --stsPort="0"
2022-04-12T10:19:08.753957Z	info	FLAG: --templateFile=""
2022-04-12T10:19:08.753961Z	info	FLAG: --tokenManagerPlugin="GoogleTokenExchange"
2022-04-12T10:19:08.754005Z	info	FLAG: --vklog="0"
2022-04-12T10:19:08.754019Z	info	Version 1.13.2-91533d04e894ff86b80acd6d7a4517b144f9e19a-Clean
2022-04-12T10:19:08.754247Z	info	Proxy role	ips=[10.244.0.115 fe80::dc93:6aff:fefb:244a] type=sidecar id=ts-price-mongo-7689767c4f-9vh8m.default domain=default.svc.cluster.local
2022-04-12T10:19:08.754351Z	info	Apply proxy config from env {}

2022-04-12T10:19:08.756936Z	info	Effective config: binaryPath: /usr/local/bin/envoy
concurrency: 2
configPath: ./etc/istio/proxy
controlPlaneAuthPolicy: MUTUAL_TLS
discoveryAddress: istiod.istio-system.svc:15012
drainDuration: 45s
parentShutdownDuration: 60s
proxyAdminPort: 15000
serviceCluster: istio-proxy
statNameLength: 189
statusPort: 15020
terminationDrainDuration: 5s
tracing:
  zipkin:
    address: zipkin.istio-system:9411

2022-04-12T10:19:08.756965Z	info	JWT policy is third-party-jwt
2022-04-12T10:19:08.766489Z	info	CA Endpoint istiod.istio-system.svc:15012, provider Citadel
2022-04-12T10:19:08.766650Z	info	Using CA istiod.istio-system.svc:15012 cert with certs: var/run/secrets/istio/root-cert.pem
2022-04-12T10:19:08.766877Z	info	citadelclient	Citadel client using custom root cert: var/run/secrets/istio/root-cert.pem
2022-04-12T10:19:08.771468Z	info	Opening status port 15020
2022-04-12T10:19:09.822853Z	info	ads	All caches have been synced up in 1.285105461s, marking server ready
2022-04-12T10:19:09.823140Z	info	sds	SDS server for workload certificates started, listening on "etc/istio/proxy/SDS"
2022-04-12T10:19:09.823169Z	info	xdsproxy	Initializing with upstream address "istiod.istio-system.svc:15012" and cluster "Kubernetes"
2022-04-12T10:19:09.824381Z	info	sds	Starting SDS grpc server
2022-04-12T10:19:09.844225Z	info	starting Http service at 127.0.0.1:15004
2022-04-12T10:19:09.845796Z	info	Pilot SAN: [istiod.istio-system.svc]
2022-04-12T10:19:09.857006Z	info	Starting proxy agent
2022-04-12T10:19:09.857087Z	info	Epoch 0 starting
2022-04-12T10:19:09.857127Z	info	Envoy command: [-c etc/istio/proxy/envoy-rev0.json --restart-epoch 0 --drain-time-s 45 --drain-strategy immediate --parent-shutdown-time-s 60 --local-address-ip-version v4 --file-flush-interval-msec 1000 --disable-hot-restart --log-format %Y-%m-%dT%T.%fZ	%l	envoy %n	%v -l warning --component-log-level misc:error --concurrency 2]
2022-04-12T10:19:11.471093Z	info	xdsproxy	connected to upstream XDS server: istiod.istio-system.svc:15012
2022-04-12T10:19:12.657384Z	info	ads	ADS: new connection for node:ts-price-mongo-7689767c4f-9vh8m.default-1
2022-04-12T10:19:12.698575Z	info	ads	ADS: new connection for node:ts-price-mongo-7689767c4f-9vh8m.default-2
2022-04-12T10:19:16.301112Z	info	cache	generated new workload certificate	latency=6.475601291s ttl=23h59m59.698927412s
2022-04-12T10:19:16.301152Z	info	cache	Root cert has changed, start rotating root cert
2022-04-12T10:19:16.301193Z	info	ads	XDS: Incremental Pushing:0 ConnectedEndpoints:2 Version:
2022-04-12T10:19:16.301320Z	info	cache	returned workload trust anchor from cache	ttl=23h59m59.698687683s
2022-04-12T10:19:16.301353Z	info	cache	returned workload trust anchor from cache	ttl=23h59m59.69865293s
2022-04-12T10:19:16.302434Z	info	ads	SDS: PUSH request for node:ts-price-mongo-7689767c4f-9vh8m.default resources:1 size:1.1kB resource:ROOTCA
2022-04-12T10:19:16.302503Z	info	cache	returned workload trust anchor from cache	ttl=23h59m59.697501642s
2022-04-12T10:19:16.302533Z	info	ads	SDS: PUSH for node:ts-price-mongo-7689767c4f-9vh8m.default resources:1 size:1.1kB resource:ROOTCA
2022-04-12T10:19:16.302553Z	info	cache	returned workload certificate from cache	ttl=23h59m59.697451129s
2022-04-12T10:19:16.302640Z	info	ads	SDS: PUSH request for node:ts-price-mongo-7689767c4f-9vh8m.default resources:1 size:4.0kB resource:default
2022-04-12T10:19:19.627071Z	info	Readiness succeeded in 11.087776384s
2022-04-12T10:19:19.627600Z	info	Envoy proxy is ready
2022-04-12T10:48:48.936071Z	info	xdsproxy	connected to upstream XDS server: istiod.istio-system.svc:15012
