2022-04-12T10:19:37.268168Z	info	FLAG: --concurrency="2"
2022-04-12T10:19:37.268233Z	info	FLAG: --domain="default.svc.cluster.local"
2022-04-12T10:19:37.268243Z	info	FLAG: --help="false"
2022-04-12T10:19:37.268254Z	info	FLAG: --log_as_json="false"
2022-04-12T10:19:37.268259Z	info	FLAG: --log_caller=""
2022-04-12T10:19:37.268263Z	info	FLAG: --log_output_level="default:info"
2022-04-12T10:19:37.268278Z	info	FLAG: --log_rotate=""
2022-04-12T10:19:37.268289Z	info	FLAG: --log_rotate_max_age="30"
2022-04-12T10:19:37.268296Z	info	FLAG: --log_rotate_max_backups="1000"
2022-04-12T10:19:37.268306Z	info	FLAG: --log_rotate_max_size="104857600"
2022-04-12T10:19:37.268311Z	info	FLAG: --log_stacktrace_level="default:none"
2022-04-12T10:19:37.268359Z	info	FLAG: --log_target="[stdout]"
2022-04-12T10:19:37.268374Z	info	FLAG: --meshConfig="./etc/istio/config/mesh"
2022-04-12T10:19:37.268379Z	info	FLAG: --outlierLogPath=""
2022-04-12T10:19:37.268383Z	info	FLAG: --proxyComponentLogLevel="misc:error"
2022-04-12T10:19:37.268392Z	info	FLAG: --proxyLogLevel="warning"
2022-04-12T10:19:37.268396Z	info	FLAG: --serviceCluster="istio-proxy"
2022-04-12T10:19:37.268401Z	info	FLAG: --stsPort="0"
2022-04-12T10:19:37.268405Z	info	FLAG: --templateFile=""
2022-04-12T10:19:37.268414Z	info	FLAG: --tokenManagerPlugin="GoogleTokenExchange"
2022-04-12T10:19:37.268421Z	info	FLAG: --vklog="0"
2022-04-12T10:19:37.268430Z	info	Version 1.13.2-91533d04e894ff86b80acd6d7a4517b144f9e19a-Clean
2022-04-12T10:19:37.268690Z	info	Proxy role	ips=[10.244.0.150 fe80::1877:6aff:fe36:ee5c] type=sidecar id=ts-payment-service-54f68d4ff5-5nnrb.default domain=default.svc.cluster.local
2022-04-12T10:19:37.415431Z	info	Apply proxy config from env {}

2022-04-12T10:19:37.687568Z	info	Effective config: binaryPath: /usr/local/bin/envoy
concurrency: 2
configPath: ./etc/istio/proxy
controlPlaneAuthPolicy: MUTUAL_TLS
discoveryAddress: istiod.istio-system.svc:15012
drainDuration: 45s
parentShutdownDuration: 60s
proxyAdminPort: 15000
serviceCluster: istio-proxy
statNameLength: 189
statusPort: 15020
terminationDrainDuration: 5s
tracing:
  zipkin:
    address: zipkin.istio-system:9411

2022-04-12T10:19:37.694532Z	info	JWT policy is third-party-jwt
2022-04-12T10:19:37.700579Z	info	CA Endpoint istiod.istio-system.svc:15012, provider Citadel
2022-04-12T10:19:37.700677Z	info	Using CA istiod.istio-system.svc:15012 cert with certs: var/run/secrets/istio/root-cert.pem
2022-04-12T10:19:37.700780Z	info	citadelclient	Citadel client using custom root cert: var/run/secrets/istio/root-cert.pem
2022-04-12T10:19:37.703283Z	info	Opening status port 15020
2022-04-12T10:19:40.161724Z	info	ads	All caches have been synced up in 4.088257811s, marking server ready
2022-04-12T10:19:40.162370Z	info	sds	SDS server for workload certificates started, listening on "etc/istio/proxy/SDS"
2022-04-12T10:19:40.162418Z	info	xdsproxy	Initializing with upstream address "istiod.istio-system.svc:15012" and cluster "Kubernetes"
2022-04-12T10:19:40.230756Z	info	sds	Starting SDS grpc server
2022-04-12T10:19:40.240348Z	info	starting Http service at 127.0.0.1:15004
2022-04-12T10:19:40.259467Z	info	Pilot SAN: [istiod.istio-system.svc]
2022-04-12T10:19:40.696545Z	info	Starting proxy agent
2022-04-12T10:19:40.696624Z	info	Epoch 0 starting
2022-04-12T10:19:40.696676Z	info	Envoy command: [-c etc/istio/proxy/envoy-rev0.json --restart-epoch 0 --drain-time-s 45 --drain-strategy immediate --parent-shutdown-time-s 60 --local-address-ip-version v4 --file-flush-interval-msec 1000 --disable-hot-restart --log-format %Y-%m-%dT%T.%fZ	%l	envoy %n	%v -l warning --component-log-level misc:error --concurrency 2]
2022-04-12T10:19:53.824219Z	info	xdsproxy	connected to upstream XDS server: istiod.istio-system.svc:15012
2022-04-12T10:20:31.091751Z	info	ads	ADS: new connection for node:ts-payment-service-54f68d4ff5-5nnrb.default-1
2022-04-12T10:20:31.275416Z	info	ads	ADS: new connection for node:ts-payment-service-54f68d4ff5-5nnrb.default-2
2022-04-12T10:20:52.140907Z	info	cache	generated new workload certificate	latency=1m12.01851376s ttl=23h59m55.859118038s
2022-04-12T10:20:52.141052Z	info	cache	Root cert has changed, start rotating root cert
2022-04-12T10:20:52.141085Z	info	ads	XDS: Incremental Pushing:0 ConnectedEndpoints:2 Version:
2022-04-12T10:20:52.141314Z	info	cache	returned workload trust anchor from cache	ttl=23h59m55.858697058s
2022-04-12T10:20:52.141427Z	info	cache	returned workload certificate from cache	ttl=23h59m55.858586659s
2022-04-12T10:20:52.174095Z	info	cache	returned workload trust anchor from cache	ttl=23h59m55.825924183s
2022-04-12T10:20:52.316787Z	info	ads	SDS: PUSH request for node:ts-payment-service-54f68d4ff5-5nnrb.default resources:1 size:4.0kB resource:default
2022-04-12T10:20:52.317115Z	info	ads	SDS: PUSH request for node:ts-payment-service-54f68d4ff5-5nnrb.default resources:1 size:1.1kB resource:ROOTCA
2022-04-12T10:20:52.317414Z	info	cache	returned workload trust anchor from cache	ttl=23h59m55.682596112s
2022-04-12T10:20:52.317616Z	info	ads	SDS: PUSH for node:ts-payment-service-54f68d4ff5-5nnrb.default resources:1 size:1.1kB resource:ROOTCA
2022-04-12T10:22:57.183655Z	error	failed scraping envoy metrics: error scraping http://localhost:15090/stats/prometheus: Get "http://localhost:15090/stats/prometheus": dial tcp [::1]:15090: connect: connection refused
2022-04-12T10:22:58.957294Z	info	Readiness succeeded in 3m22.270272926s
2022-04-12T10:22:58.960888Z	info	Envoy proxy is ready
2022-04-12T10:52:03.186550Z	info	xdsproxy	connected to upstream XDS server: istiod.istio-system.svc:15012
