2022-04-12T10:19:11.464834Z	info	FLAG: --concurrency="2"
2022-04-12T10:19:11.464998Z	info	FLAG: --domain="default.svc.cluster.local"
2022-04-12T10:19:11.465017Z	info	FLAG: --help="false"
2022-04-12T10:19:11.465023Z	info	FLAG: --log_as_json="false"
2022-04-12T10:19:11.465027Z	info	FLAG: --log_caller=""
2022-04-12T10:19:11.465036Z	info	FLAG: --log_output_level="default:info"
2022-04-12T10:19:11.465041Z	info	FLAG: --log_rotate=""
2022-04-12T10:19:11.465046Z	info	FLAG: --log_rotate_max_age="30"
2022-04-12T10:19:11.465051Z	info	FLAG: --log_rotate_max_backups="1000"
2022-04-12T10:19:11.465059Z	info	FLAG: --log_rotate_max_size="104857600"
2022-04-12T10:19:11.465065Z	info	FLAG: --log_stacktrace_level="default:none"
2022-04-12T10:19:11.465088Z	info	FLAG: --log_target="[stdout]"
2022-04-12T10:19:11.465114Z	info	FLAG: --meshConfig="./etc/istio/config/mesh"
2022-04-12T10:19:11.465123Z	info	FLAG: --outlierLogPath=""
2022-04-12T10:19:11.465127Z	info	FLAG: --proxyComponentLogLevel="misc:error"
2022-04-12T10:19:11.465134Z	info	FLAG: --proxyLogLevel="warning"
2022-04-12T10:19:11.465150Z	info	FLAG: --serviceCluster="istio-proxy"
2022-04-12T10:19:11.465156Z	info	FLAG: --stsPort="0"
2022-04-12T10:19:11.465163Z	info	FLAG: --templateFile=""
2022-04-12T10:19:11.465168Z	info	FLAG: --tokenManagerPlugin="GoogleTokenExchange"
2022-04-12T10:19:11.465176Z	info	FLAG: --vklog="0"
2022-04-12T10:19:11.465186Z	info	Version 1.13.2-91533d04e894ff86b80acd6d7a4517b144f9e19a-Clean
2022-04-12T10:19:11.465616Z	info	Proxy role	ips=[10.244.0.119 fe80::8469:81ff:fe70:1eb8] type=sidecar id=ts-payment-mongo-6f8f8dffb5-z6bll.default domain=default.svc.cluster.local
2022-04-12T10:19:11.465742Z	info	Apply proxy config from env {}

2022-04-12T10:19:11.472520Z	info	Effective config: binaryPath: /usr/local/bin/envoy
concurrency: 2
configPath: ./etc/istio/proxy
controlPlaneAuthPolicy: MUTUAL_TLS
discoveryAddress: istiod.istio-system.svc:15012
drainDuration: 45s
parentShutdownDuration: 60s
proxyAdminPort: 15000
serviceCluster: istio-proxy
statNameLength: 189
statusPort: 15020
terminationDrainDuration: 5s
tracing:
  zipkin:
    address: zipkin.istio-system:9411

2022-04-12T10:19:11.472577Z	info	JWT policy is third-party-jwt
2022-04-12T10:19:11.481241Z	info	CA Endpoint istiod.istio-system.svc:15012, provider Citadel
2022-04-12T10:19:11.481319Z	info	Using CA istiod.istio-system.svc:15012 cert with certs: var/run/secrets/istio/root-cert.pem
2022-04-12T10:19:11.481456Z	info	citadelclient	Citadel client using custom root cert: var/run/secrets/istio/root-cert.pem
2022-04-12T10:19:11.509855Z	info	Opening status port 15020
2022-04-12T10:19:12.031022Z	info	ads	All caches have been synced up in 626.953872ms, marking server ready
2022-04-12T10:19:12.031361Z	info	sds	SDS server for workload certificates started, listening on "etc/istio/proxy/SDS"
2022-04-12T10:19:12.031460Z	info	xdsproxy	Initializing with upstream address "istiod.istio-system.svc:15012" and cluster "Kubernetes"
2022-04-12T10:19:12.032220Z	info	sds	Starting SDS grpc server
2022-04-12T10:19:12.037903Z	info	starting Http service at 127.0.0.1:15004
2022-04-12T10:19:12.046136Z	info	Pilot SAN: [istiod.istio-system.svc]
2022-04-12T10:19:12.050783Z	info	Starting proxy agent
2022-04-12T10:19:12.051198Z	info	Epoch 0 starting
2022-04-12T10:19:12.051305Z	info	Envoy command: [-c etc/istio/proxy/envoy-rev0.json --restart-epoch 0 --drain-time-s 45 --drain-strategy immediate --parent-shutdown-time-s 60 --local-address-ip-version v4 --file-flush-interval-msec 1000 --disable-hot-restart --log-format %Y-%m-%dT%T.%fZ	%l	envoy %n	%v -l warning --component-log-level misc:error --concurrency 2]
2022-04-12T10:19:13.909676Z	info	xdsproxy	connected to upstream XDS server: istiod.istio-system.svc:15012
2022-04-12T10:19:14.668699Z	info	ads	ADS: new connection for node:ts-payment-mongo-6f8f8dffb5-z6bll.default-1
2022-04-12T10:19:14.709321Z	info	ads	ADS: new connection for node:ts-payment-mongo-6f8f8dffb5-z6bll.default-2
2022-04-12T10:19:16.028488Z	info	cache	generated new workload certificate	latency=3.996973184s ttl=23h59m58.97153121s
2022-04-12T10:19:16.028556Z	info	cache	Root cert has changed, start rotating root cert
2022-04-12T10:19:16.028575Z	info	ads	XDS: Incremental Pushing:0 ConnectedEndpoints:2 Version:
2022-04-12T10:19:16.028683Z	info	cache	returned workload trust anchor from cache	ttl=23h59m58.971322833s
2022-04-12T10:19:16.028766Z	info	cache	returned workload certificate from cache	ttl=23h59m58.97130261s
2022-04-12T10:19:16.029207Z	info	ads	SDS: PUSH request for node:ts-payment-mongo-6f8f8dffb5-z6bll.default resources:1 size:4.0kB resource:default
2022-04-12T10:19:16.029397Z	info	cache	returned workload trust anchor from cache	ttl=23h59m58.970608421s
2022-04-12T10:19:16.029595Z	info	ads	SDS: PUSH request for node:ts-payment-mongo-6f8f8dffb5-z6bll.default resources:1 size:1.1kB resource:ROOTCA
2022-04-12T10:19:16.029699Z	info	cache	returned workload trust anchor from cache	ttl=23h59m58.970305915s
2022-04-12T10:19:16.029788Z	info	ads	SDS: PUSH for node:ts-payment-mongo-6f8f8dffb5-z6bll.default resources:1 size:1.1kB resource:ROOTCA
2022-04-12T10:19:20.461868Z	info	Readiness succeeded in 9.056272037s
2022-04-12T10:19:20.466518Z	info	Envoy proxy is ready
2022-04-12T10:50:41.545187Z	info	xdsproxy	connected to upstream XDS server: istiod.istio-system.svc:15012
