2022-04-12T10:19:43.526224Z	info	FLAG: --concurrency="2"
2022-04-12T10:19:43.526288Z	info	FLAG: --domain="default.svc.cluster.local"
2022-04-12T10:19:43.526299Z	info	FLAG: --help="false"
2022-04-12T10:19:43.526304Z	info	FLAG: --log_as_json="false"
2022-04-12T10:19:43.526308Z	info	FLAG: --log_caller=""
2022-04-12T10:19:43.526312Z	info	FLAG: --log_output_level="default:info"
2022-04-12T10:19:43.526316Z	info	FLAG: --log_rotate=""
2022-04-12T10:19:43.526320Z	info	FLAG: --log_rotate_max_age="30"
2022-04-12T10:19:43.526324Z	info	FLAG: --log_rotate_max_backups="1000"
2022-04-12T10:19:43.526328Z	info	FLAG: --log_rotate_max_size="104857600"
2022-04-12T10:19:43.526333Z	info	FLAG: --log_stacktrace_level="default:none"
2022-04-12T10:19:43.526343Z	info	FLAG: --log_target="[stdout]"
2022-04-12T10:19:43.526349Z	info	FLAG: --meshConfig="./etc/istio/config/mesh"
2022-04-12T10:19:43.526353Z	info	FLAG: --outlierLogPath=""
2022-04-12T10:19:43.526357Z	info	FLAG: --proxyComponentLogLevel="misc:error"
2022-04-12T10:19:43.526361Z	info	FLAG: --proxyLogLevel="warning"
2022-04-12T10:19:43.526365Z	info	FLAG: --serviceCluster="istio-proxy"
2022-04-12T10:19:43.526369Z	info	FLAG: --stsPort="0"
2022-04-12T10:19:43.526373Z	info	FLAG: --templateFile=""
2022-04-12T10:19:43.526379Z	info	FLAG: --tokenManagerPlugin="GoogleTokenExchange"
2022-04-12T10:19:43.526385Z	info	FLAG: --vklog="0"
2022-04-12T10:19:43.526390Z	info	Version 1.13.2-91533d04e894ff86b80acd6d7a4517b144f9e19a-Clean
2022-04-12T10:19:43.526677Z	info	Proxy role	ips=[10.244.0.154 fe80::1876:6ff:fe0a:faf0] type=sidecar id=ts-rebook-service-6d9f8d4497-r272k.default domain=default.svc.cluster.local
2022-04-12T10:19:43.526804Z	info	Apply proxy config from env {}

2022-04-12T10:19:43.528995Z	info	Effective config: binaryPath: /usr/local/bin/envoy
concurrency: 2
configPath: ./etc/istio/proxy
controlPlaneAuthPolicy: MUTUAL_TLS
discoveryAddress: istiod.istio-system.svc:15012
drainDuration: 45s
parentShutdownDuration: 60s
proxyAdminPort: 15000
serviceCluster: istio-proxy
statNameLength: 189
statusPort: 15020
terminationDrainDuration: 5s
tracing:
  zipkin:
    address: zipkin.istio-system:9411

2022-04-12T10:19:43.575483Z	info	JWT policy is third-party-jwt
2022-04-12T10:19:43.686915Z	info	CA Endpoint istiod.istio-system.svc:15012, provider Citadel
2022-04-12T10:19:43.687004Z	info	Using CA istiod.istio-system.svc:15012 cert with certs: var/run/secrets/istio/root-cert.pem
2022-04-12T10:19:43.687288Z	info	citadelclient	Citadel client using custom root cert: var/run/secrets/istio/root-cert.pem
2022-04-12T10:19:43.783167Z	info	Opening status port 15020
2022-04-12T10:19:46.097701Z	info	ads	All caches have been synced up in 2.781164833s, marking server ready
2022-04-12T10:19:46.098139Z	info	sds	SDS server for workload certificates started, listening on "etc/istio/proxy/SDS"
2022-04-12T10:19:46.098197Z	info	xdsproxy	Initializing with upstream address "istiod.istio-system.svc:15012" and cluster "Kubernetes"
2022-04-12T10:19:46.702647Z	info	Pilot SAN: [istiod.istio-system.svc]
2022-04-12T10:19:46.708765Z	info	Starting proxy agent
2022-04-12T10:19:46.708850Z	info	Epoch 0 starting
2022-04-12T10:19:46.708894Z	info	Envoy command: [-c etc/istio/proxy/envoy-rev0.json --restart-epoch 0 --drain-time-s 45 --drain-strategy immediate --parent-shutdown-time-s 60 --local-address-ip-version v4 --file-flush-interval-msec 1000 --disable-hot-restart --log-format %Y-%m-%dT%T.%fZ	%l	envoy %n	%v -l warning --component-log-level misc:error --concurrency 2]
2022-04-12T10:19:46.733631Z	info	starting Http service at 127.0.0.1:15004
2022-04-12T10:19:46.734252Z	info	sds	Starting SDS grpc server
2022-04-12T10:19:54.744649Z	info	xdsproxy	connected to upstream XDS server: istiod.istio-system.svc:15012
2022-04-12T10:20:44.602320Z	info	cache	generated new workload certificate	latency=58.543802158s ttl=23h59m47.397711789s
2022-04-12T10:20:44.602656Z	info	cache	Root cert has changed, start rotating root cert
2022-04-12T10:20:44.602720Z	info	ads	XDS: Incremental Pushing:0 ConnectedEndpoints:0 Version:
2022-04-12T10:20:44.602949Z	info	cache	returned workload trust anchor from cache	ttl=23h59m47.397065872s
2022-04-12T10:21:21.083846Z	info	ads	ADS: new connection for node:ts-rebook-service-6d9f8d4497-r272k.default-1
2022-04-12T10:21:21.084091Z	info	cache	returned workload certificate from cache	ttl=23h59m10.915956843s
2022-04-12T10:21:21.140572Z	info	ads	SDS: PUSH request for node:ts-rebook-service-6d9f8d4497-r272k.default resources:1 size:4.0kB resource:default
2022-04-12T10:21:21.519186Z	info	ads	ADS: new connection for node:ts-rebook-service-6d9f8d4497-r272k.default-2
2022-04-12T10:21:21.519433Z	info	cache	returned workload trust anchor from cache	ttl=23h59m10.480583166s
2022-04-12T10:21:21.520014Z	info	ads	SDS: PUSH request for node:ts-rebook-service-6d9f8d4497-r272k.default resources:1 size:1.1kB resource:ROOTCA
2022-04-12T10:22:48.975385Z	info	Readiness succeeded in 3m5.604036798s
2022-04-12T10:22:49.121594Z	info	Envoy proxy is ready
2022-04-12T10:48:04.911950Z	info	xdsproxy	connected to upstream XDS server: istiod.istio-system.svc:15012
