2022-04-12T10:18:59.275302Z	info	FLAG: --concurrency="2"
2022-04-12T10:18:59.275361Z	info	FLAG: --domain="default.svc.cluster.local"
2022-04-12T10:18:59.275381Z	info	FLAG: --help="false"
2022-04-12T10:18:59.275390Z	info	FLAG: --log_as_json="false"
2022-04-12T10:18:59.275395Z	info	FLAG: --log_caller=""
2022-04-12T10:18:59.275399Z	info	FLAG: --log_output_level="default:info"
2022-04-12T10:18:59.275401Z	info	FLAG: --log_rotate=""
2022-04-12T10:18:59.275405Z	info	FLAG: --log_rotate_max_age="30"
2022-04-12T10:18:59.275409Z	info	FLAG: --log_rotate_max_backups="1000"
2022-04-12T10:18:59.275412Z	info	FLAG: --log_rotate_max_size="104857600"
2022-04-12T10:18:59.275416Z	info	FLAG: --log_stacktrace_level="default:none"
2022-04-12T10:18:59.275425Z	info	FLAG: --log_target="[stdout]"
2022-04-12T10:18:59.275430Z	info	FLAG: --meshConfig="./etc/istio/config/mesh"
2022-04-12T10:18:59.275433Z	info	FLAG: --outlierLogPath=""
2022-04-12T10:18:59.275437Z	info	FLAG: --proxyComponentLogLevel="misc:error"
2022-04-12T10:18:59.275440Z	info	FLAG: --proxyLogLevel="warning"
2022-04-12T10:18:59.275443Z	info	FLAG: --serviceCluster="istio-proxy"
2022-04-12T10:18:59.275447Z	info	FLAG: --stsPort="0"
2022-04-12T10:18:59.275450Z	info	FLAG: --templateFile=""
2022-04-12T10:18:59.275455Z	info	FLAG: --tokenManagerPlugin="GoogleTokenExchange"
2022-04-12T10:18:59.275460Z	info	FLAG: --vklog="0"
2022-04-12T10:18:59.275464Z	info	Version 1.13.2-91533d04e894ff86b80acd6d7a4517b144f9e19a-Clean
2022-04-12T10:18:59.275653Z	info	Proxy role	ips=[10.244.0.105 fe80::b8ee:65ff:fed8:33f5] type=sidecar id=ts-route-mongo-7cfc758fdf-jxrhh.default domain=default.svc.cluster.local
2022-04-12T10:18:59.275878Z	info	Apply proxy config from env {}

2022-04-12T10:18:59.281074Z	info	Effective config: binaryPath: /usr/local/bin/envoy
concurrency: 2
configPath: ./etc/istio/proxy
controlPlaneAuthPolicy: MUTUAL_TLS
discoveryAddress: istiod.istio-system.svc:15012
drainDuration: 45s
parentShutdownDuration: 60s
proxyAdminPort: 15000
serviceCluster: istio-proxy
statNameLength: 189
statusPort: 15020
terminationDrainDuration: 5s
tracing:
  zipkin:
    address: zipkin.istio-system:9411

2022-04-12T10:18:59.281140Z	info	JWT policy is third-party-jwt
2022-04-12T10:18:59.301881Z	info	CA Endpoint istiod.istio-system.svc:15012, provider Citadel
2022-04-12T10:18:59.304181Z	info	Using CA istiod.istio-system.svc:15012 cert with certs: var/run/secrets/istio/root-cert.pem
2022-04-12T10:18:59.304486Z	info	citadelclient	Citadel client using custom root cert: var/run/secrets/istio/root-cert.pem
2022-04-12T10:18:59.302313Z	info	Opening status port 15020
2022-04-12T10:18:59.541595Z	info	ads	All caches have been synced up in 288.637115ms, marking server ready
2022-04-12T10:18:59.550433Z	info	sds	SDS server for workload certificates started, listening on "etc/istio/proxy/SDS"
2022-04-12T10:18:59.550501Z	info	xdsproxy	Initializing with upstream address "istiod.istio-system.svc:15012" and cluster "Kubernetes"
2022-04-12T10:18:59.551896Z	info	sds	Starting SDS grpc server
2022-04-12T10:18:59.564456Z	info	starting Http service at 127.0.0.1:15004
2022-04-12T10:18:59.565700Z	info	Pilot SAN: [istiod.istio-system.svc]
2022-04-12T10:18:59.569496Z	info	Starting proxy agent
2022-04-12T10:18:59.569558Z	info	Epoch 0 starting
2022-04-12T10:18:59.569578Z	info	Envoy command: [-c etc/istio/proxy/envoy-rev0.json --restart-epoch 0 --drain-time-s 45 --drain-strategy immediate --parent-shutdown-time-s 60 --local-address-ip-version v4 --file-flush-interval-msec 1000 --disable-hot-restart --log-format %Y-%m-%dT%T.%fZ	%l	envoy %n	%v -l warning --component-log-level misc:error --concurrency 2]
2022-04-12T10:19:00.892175Z	info	xdsproxy	connected to upstream XDS server: istiod.istio-system.svc:15012
2022-04-12T10:19:01.081467Z	info	ads	ADS: new connection for node:ts-route-mongo-7cfc758fdf-jxrhh.default-1
2022-04-12T10:19:01.120179Z	info	ads	ADS: new connection for node:ts-route-mongo-7cfc758fdf-jxrhh.default-2
2022-04-12T10:19:01.315318Z	info	cache	generated new workload certificate	latency=1.776068026s ttl=23h59m59.684692398s
2022-04-12T10:19:01.315413Z	info	cache	Root cert has changed, start rotating root cert
2022-04-12T10:19:01.315427Z	info	ads	XDS: Incremental Pushing:0 ConnectedEndpoints:2 Version:
2022-04-12T10:19:01.315471Z	info	cache	returned workload trust anchor from cache	ttl=23h59m59.684531709s
2022-04-12T10:19:01.315480Z	info	cache	returned workload certificate from cache	ttl=23h59m59.684521231s
2022-04-12T10:19:01.316474Z	info	ads	SDS: PUSH request for node:ts-route-mongo-7cfc758fdf-jxrhh.default resources:1 size:4.0kB resource:default
2022-04-12T10:19:01.316580Z	info	cache	returned workload trust anchor from cache	ttl=23h59m59.683426583s
2022-04-12T10:19:01.316972Z	info	ads	SDS: PUSH request for node:ts-route-mongo-7cfc758fdf-jxrhh.default resources:1 size:1.1kB resource:ROOTCA
2022-04-12T10:19:01.317074Z	info	cache	returned workload trust anchor from cache	ttl=23h59m59.682931712s
2022-04-12T10:19:01.317113Z	info	ads	SDS: PUSH for node:ts-route-mongo-7cfc758fdf-jxrhh.default resources:1 size:1.1kB resource:ROOTCA
2022-04-12T10:19:02.980151Z	info	Readiness succeeded in 3.746875243s
2022-04-12T10:19:02.980835Z	info	Envoy proxy is ready
2022-04-12T10:48:12.378457Z	info	xdsproxy	connected to upstream XDS server: istiod.istio-system.svc:15012
