2022-04-12T10:19:08.536482Z	info	FLAG: --concurrency="2"
2022-04-12T10:19:08.536543Z	info	FLAG: --domain="default.svc.cluster.local"
2022-04-12T10:19:08.536552Z	info	FLAG: --help="false"
2022-04-12T10:19:08.536556Z	info	FLAG: --log_as_json="false"
2022-04-12T10:19:08.536560Z	info	FLAG: --log_caller=""
2022-04-12T10:19:08.536563Z	info	FLAG: --log_output_level="default:info"
2022-04-12T10:19:08.536567Z	info	FLAG: --log_rotate=""
2022-04-12T10:19:08.536570Z	info	FLAG: --log_rotate_max_age="30"
2022-04-12T10:19:08.536574Z	info	FLAG: --log_rotate_max_backups="1000"
2022-04-12T10:19:08.536577Z	info	FLAG: --log_rotate_max_size="104857600"
2022-04-12T10:19:08.536581Z	info	FLAG: --log_stacktrace_level="default:none"
2022-04-12T10:19:08.536614Z	info	FLAG: --log_target="[stdout]"
2022-04-12T10:19:08.536623Z	info	FLAG: --meshConfig="./etc/istio/config/mesh"
2022-04-12T10:19:08.536627Z	info	FLAG: --outlierLogPath=""
2022-04-12T10:19:08.536630Z	info	FLAG: --proxyComponentLogLevel="misc:error"
2022-04-12T10:19:08.536633Z	info	FLAG: --proxyLogLevel="warning"
2022-04-12T10:19:08.536637Z	info	FLAG: --serviceCluster="istio-proxy"
2022-04-12T10:19:08.536641Z	info	FLAG: --stsPort="0"
2022-04-12T10:19:08.536644Z	info	FLAG: --templateFile=""
2022-04-12T10:19:08.536648Z	info	FLAG: --tokenManagerPlugin="GoogleTokenExchange"
2022-04-12T10:19:08.536678Z	info	FLAG: --vklog="0"
2022-04-12T10:19:08.536691Z	info	Version 1.13.2-91533d04e894ff86b80acd6d7a4517b144f9e19a-Clean
2022-04-12T10:19:08.536986Z	info	Proxy role	ips=[10.244.0.117 fe80::208e:37ff:fed1:f99c] type=sidecar id=ts-security-mongo-6f9d5866c9-l7hj7.default domain=default.svc.cluster.local
2022-04-12T10:19:08.540704Z	info	Apply proxy config from env {}

2022-04-12T10:19:08.558258Z	info	Effective config: binaryPath: /usr/local/bin/envoy
concurrency: 2
configPath: ./etc/istio/proxy
controlPlaneAuthPolicy: MUTUAL_TLS
discoveryAddress: istiod.istio-system.svc:15012
drainDuration: 45s
parentShutdownDuration: 60s
proxyAdminPort: 15000
serviceCluster: istio-proxy
statNameLength: 189
statusPort: 15020
terminationDrainDuration: 5s
tracing:
  zipkin:
    address: zipkin.istio-system:9411

2022-04-12T10:19:08.558321Z	info	JWT policy is third-party-jwt
2022-04-12T10:19:08.760028Z	info	CA Endpoint istiod.istio-system.svc:15012, provider Citadel
2022-04-12T10:19:08.760245Z	info	Using CA istiod.istio-system.svc:15012 cert with certs: var/run/secrets/istio/root-cert.pem
2022-04-12T10:19:08.760522Z	info	citadelclient	Citadel client using custom root cert: var/run/secrets/istio/root-cert.pem
2022-04-12T10:19:08.799651Z	info	Opening status port 15020
2022-04-12T10:19:09.849317Z	info	ads	All caches have been synced up in 1.389701998s, marking server ready
2022-04-12T10:19:09.849669Z	info	sds	SDS server for workload certificates started, listening on "etc/istio/proxy/SDS"
2022-04-12T10:19:09.849709Z	info	xdsproxy	Initializing with upstream address "istiod.istio-system.svc:15012" and cluster "Kubernetes"
2022-04-12T10:19:09.851539Z	info	sds	Starting SDS grpc server
2022-04-12T10:19:09.851842Z	info	starting Http service at 127.0.0.1:15004
2022-04-12T10:19:09.853189Z	info	Pilot SAN: [istiod.istio-system.svc]
2022-04-12T10:19:09.871458Z	info	Starting proxy agent
2022-04-12T10:19:09.871586Z	info	Epoch 0 starting
2022-04-12T10:19:09.871802Z	info	Envoy command: [-c etc/istio/proxy/envoy-rev0.json --restart-epoch 0 --drain-time-s 45 --drain-strategy immediate --parent-shutdown-time-s 60 --local-address-ip-version v4 --file-flush-interval-msec 1000 --disable-hot-restart --log-format %Y-%m-%dT%T.%fZ	%l	envoy %n	%v -l warning --component-log-level misc:error --concurrency 2]
2022-04-12T10:19:10.322895Z	info	cache	generated new workload certificate	latency=471.39014ms ttl=23h59m59.677121614s
2022-04-12T10:19:10.322968Z	info	cache	Root cert has changed, start rotating root cert
2022-04-12T10:19:10.322997Z	info	ads	XDS: Incremental Pushing:0 ConnectedEndpoints:0 Version:
2022-04-12T10:19:10.323069Z	info	cache	returned workload trust anchor from cache	ttl=23h59m59.676935144s
2022-04-12T10:19:11.451931Z	info	xdsproxy	connected to upstream XDS server: istiod.istio-system.svc:15012
2022-04-12T10:19:12.092314Z	info	ads	ADS: new connection for node:ts-security-mongo-6f9d5866c9-l7hj7.default-1
2022-04-12T10:19:12.092493Z	info	cache	returned workload trust anchor from cache	ttl=23h59m57.907515544s
2022-04-12T10:19:12.092944Z	info	ads	SDS: PUSH request for node:ts-security-mongo-6f9d5866c9-l7hj7.default resources:1 size:1.1kB resource:ROOTCA
2022-04-12T10:19:12.132909Z	info	ads	ADS: new connection for node:ts-security-mongo-6f9d5866c9-l7hj7.default-2
2022-04-12T10:19:12.133037Z	info	cache	returned workload certificate from cache	ttl=23h59m57.866971568s
2022-04-12T10:19:12.133190Z	info	ads	SDS: PUSH request for node:ts-security-mongo-6f9d5866c9-l7hj7.default resources:1 size:4.0kB resource:default
2022-04-12T10:19:14.154185Z	info	Readiness succeeded in 5.693727767s
2022-04-12T10:19:14.155920Z	info	Envoy proxy is ready
2022-04-12T10:50:41.196157Z	info	xdsproxy	connected to upstream XDS server: istiod.istio-system.svc:15012
