2022-04-12T10:19:03.829042Z	info	FLAG: --concurrency="2"
2022-04-12T10:19:03.831971Z	info	FLAG: --domain="default.svc.cluster.local"
2022-04-12T10:19:03.832000Z	info	FLAG: --help="false"
2022-04-12T10:19:03.832005Z	info	FLAG: --log_as_json="false"
2022-04-12T10:19:03.832007Z	info	FLAG: --log_caller=""
2022-04-12T10:19:03.832011Z	info	FLAG: --log_output_level="default:info"
2022-04-12T10:19:03.832013Z	info	FLAG: --log_rotate=""
2022-04-12T10:19:03.832016Z	info	FLAG: --log_rotate_max_age="30"
2022-04-12T10:19:03.832019Z	info	FLAG: --log_rotate_max_backups="1000"
2022-04-12T10:19:03.832021Z	info	FLAG: --log_rotate_max_size="104857600"
2022-04-12T10:19:03.832024Z	info	FLAG: --log_stacktrace_level="default:none"
2022-04-12T10:19:03.832034Z	info	FLAG: --log_target="[stdout]"
2022-04-12T10:19:03.832052Z	info	FLAG: --meshConfig="./etc/istio/config/mesh"
2022-04-12T10:19:03.832055Z	info	FLAG: --outlierLogPath=""
2022-04-12T10:19:03.832057Z	info	FLAG: --proxyComponentLogLevel="misc:error"
2022-04-12T10:19:03.832060Z	info	FLAG: --proxyLogLevel="warning"
2022-04-12T10:19:03.832062Z	info	FLAG: --serviceCluster="istio-proxy"
2022-04-12T10:19:03.832064Z	info	FLAG: --stsPort="0"
2022-04-12T10:19:03.832066Z	info	FLAG: --templateFile=""
2022-04-12T10:19:03.832069Z	info	FLAG: --tokenManagerPlugin="GoogleTokenExchange"
2022-04-12T10:19:03.832073Z	info	FLAG: --vklog="0"
2022-04-12T10:19:03.832081Z	info	Version 1.13.2-91533d04e894ff86b80acd6d7a4517b144f9e19a-Clean
2022-04-12T10:19:03.832243Z	info	Proxy role	ips=[10.244.0.111 fe80::dc36:f8ff:feae:570a] type=sidecar id=ts-station-mongo-849d94d789-42scq.default domain=default.svc.cluster.local
2022-04-12T10:19:03.832319Z	info	Apply proxy config from env {}

2022-04-12T10:19:03.835082Z	info	Effective config: binaryPath: /usr/local/bin/envoy
concurrency: 2
configPath: ./etc/istio/proxy
controlPlaneAuthPolicy: MUTUAL_TLS
discoveryAddress: istiod.istio-system.svc:15012
drainDuration: 45s
parentShutdownDuration: 60s
proxyAdminPort: 15000
serviceCluster: istio-proxy
statNameLength: 189
statusPort: 15020
terminationDrainDuration: 5s
tracing:
  zipkin:
    address: zipkin.istio-system:9411

2022-04-12T10:19:03.835113Z	info	JWT policy is third-party-jwt
2022-04-12T10:19:03.845788Z	info	CA Endpoint istiod.istio-system.svc:15012, provider Citadel
2022-04-12T10:19:03.845871Z	info	Using CA istiod.istio-system.svc:15012 cert with certs: var/run/secrets/istio/root-cert.pem
2022-04-12T10:19:03.845969Z	info	citadelclient	Citadel client using custom root cert: var/run/secrets/istio/root-cert.pem
2022-04-12T10:19:03.849259Z	info	Opening status port 15020
2022-04-12T10:19:03.930550Z	info	ads	All caches have been synced up in 428.385285ms, marking server ready
2022-04-12T10:19:03.931114Z	info	sds	SDS server for workload certificates started, listening on "etc/istio/proxy/SDS"
2022-04-12T10:19:03.931145Z	info	xdsproxy	Initializing with upstream address "istiod.istio-system.svc:15012" and cluster "Kubernetes"
2022-04-12T10:19:03.933306Z	info	sds	Starting SDS grpc server
2022-04-12T10:19:03.934032Z	info	starting Http service at 127.0.0.1:15004
2022-04-12T10:19:03.934571Z	info	Pilot SAN: [istiod.istio-system.svc]
2022-04-12T10:19:03.937027Z	info	Starting proxy agent
2022-04-12T10:19:03.937061Z	info	Epoch 0 starting
2022-04-12T10:19:03.937139Z	info	Envoy command: [-c etc/istio/proxy/envoy-rev0.json --restart-epoch 0 --drain-time-s 45 --drain-strategy immediate --parent-shutdown-time-s 60 --local-address-ip-version v4 --file-flush-interval-msec 1000 --disable-hot-restart --log-format %Y-%m-%dT%T.%fZ	%l	envoy %n	%v -l warning --component-log-level misc:error --concurrency 2]
2022-04-12T10:19:04.771582Z	info	cache	generated new workload certificate	latency=838.67818ms ttl=23h59m59.228429892s
2022-04-12T10:19:04.771614Z	info	cache	Root cert has changed, start rotating root cert
2022-04-12T10:19:04.771632Z	info	ads	XDS: Incremental Pushing:0 ConnectedEndpoints:0 Version:
2022-04-12T10:19:04.771672Z	info	cache	returned workload trust anchor from cache	ttl=23h59m59.228329911s
2022-04-12T10:19:04.946659Z	info	xdsproxy	connected to upstream XDS server: istiod.istio-system.svc:15012
2022-04-12T10:19:05.682685Z	info	ads	ADS: new connection for node:ts-station-mongo-849d94d789-42scq.default-1
2022-04-12T10:19:05.682899Z	info	cache	returned workload certificate from cache	ttl=23h59m58.317110003s
2022-04-12T10:19:05.683692Z	info	ads	SDS: PUSH request for node:ts-station-mongo-849d94d789-42scq.default resources:1 size:4.0kB resource:default
2022-04-12T10:19:05.729208Z	info	ads	ADS: new connection for node:ts-station-mongo-849d94d789-42scq.default-2
2022-04-12T10:19:05.729518Z	info	cache	returned workload trust anchor from cache	ttl=23h59m58.270491343s
2022-04-12T10:19:05.729829Z	info	ads	SDS: PUSH request for node:ts-station-mongo-849d94d789-42scq.default resources:1 size:1.1kB resource:ROOTCA
2022-04-12T10:19:11.073400Z	info	Readiness succeeded in 7.424708404s
2022-04-12T10:19:11.074169Z	info	Envoy proxy is ready
2022-04-12T10:48:59.069046Z	info	xdsproxy	connected to upstream XDS server: istiod.istio-system.svc:15012
