2022-04-12T10:19:12.419244Z	info	FLAG: --concurrency="2"
2022-04-12T10:19:12.419459Z	info	FLAG: --domain="default.svc.cluster.local"
2022-04-12T10:19:12.419473Z	info	FLAG: --help="false"
2022-04-12T10:19:12.419478Z	info	FLAG: --log_as_json="false"
2022-04-12T10:19:12.419481Z	info	FLAG: --log_caller=""
2022-04-12T10:19:12.419485Z	info	FLAG: --log_output_level="default:info"
2022-04-12T10:19:12.419488Z	info	FLAG: --log_rotate=""
2022-04-12T10:19:12.419492Z	info	FLAG: --log_rotate_max_age="30"
2022-04-12T10:19:12.419496Z	info	FLAG: --log_rotate_max_backups="1000"
2022-04-12T10:19:12.419500Z	info	FLAG: --log_rotate_max_size="104857600"
2022-04-12T10:19:12.419503Z	info	FLAG: --log_stacktrace_level="default:none"
2022-04-12T10:19:12.419534Z	info	FLAG: --log_target="[stdout]"
2022-04-12T10:19:12.419543Z	info	FLAG: --meshConfig="./etc/istio/config/mesh"
2022-04-12T10:19:12.419547Z	info	FLAG: --outlierLogPath=""
2022-04-12T10:19:12.419551Z	info	FLAG: --proxyComponentLogLevel="misc:error"
2022-04-12T10:19:12.419554Z	info	FLAG: --proxyLogLevel="warning"
2022-04-12T10:19:12.419558Z	info	FLAG: --serviceCluster="istio-proxy"
2022-04-12T10:19:12.419561Z	info	FLAG: --stsPort="0"
2022-04-12T10:19:12.419565Z	info	FLAG: --templateFile=""
2022-04-12T10:19:12.419568Z	info	FLAG: --tokenManagerPlugin="GoogleTokenExchange"
2022-04-12T10:19:12.419575Z	info	FLAG: --vklog="0"
2022-04-12T10:19:12.419579Z	info	Version 1.13.2-91533d04e894ff86b80acd6d7a4517b144f9e19a-Clean
2022-04-12T10:19:12.420114Z	info	Proxy role	ips=[10.244.0.121 fe80::20c7:20ff:fe9d:83dd] type=sidecar id=ts-ticket-office-mongo-6f4b5d8c45-dsvg5.default domain=default.svc.cluster.local
2022-04-12T10:19:12.420229Z	info	Apply proxy config from env {}

2022-04-12T10:19:12.455067Z	info	Effective config: binaryPath: /usr/local/bin/envoy
concurrency: 2
configPath: ./etc/istio/proxy
controlPlaneAuthPolicy: MUTUAL_TLS
discoveryAddress: istiod.istio-system.svc:15012
drainDuration: 45s
parentShutdownDuration: 60s
proxyAdminPort: 15000
serviceCluster: istio-proxy
statNameLength: 189
statusPort: 15020
terminationDrainDuration: 5s
tracing:
  zipkin:
    address: zipkin.istio-system:9411

2022-04-12T10:19:12.455138Z	info	JWT policy is third-party-jwt
2022-04-12T10:19:12.496315Z	info	CA Endpoint istiod.istio-system.svc:15012, provider Citadel
2022-04-12T10:19:12.513501Z	info	Using CA istiod.istio-system.svc:15012 cert with certs: var/run/secrets/istio/root-cert.pem
2022-04-12T10:19:12.513693Z	info	citadelclient	Citadel client using custom root cert: var/run/secrets/istio/root-cert.pem
2022-04-12T10:19:12.496508Z	info	Opening status port 15020
2022-04-12T10:19:12.637865Z	info	ads	All caches have been synced up in 264.096997ms, marking server ready
2022-04-12T10:19:12.638403Z	info	sds	SDS server for workload certificates started, listening on "etc/istio/proxy/SDS"
2022-04-12T10:19:12.638475Z	info	xdsproxy	Initializing with upstream address "istiod.istio-system.svc:15012" and cluster "Kubernetes"
2022-04-12T10:19:12.645693Z	info	Pilot SAN: [istiod.istio-system.svc]
2022-04-12T10:19:12.649869Z	info	Starting proxy agent
2022-04-12T10:19:12.649914Z	info	Epoch 0 starting
2022-04-12T10:19:12.649973Z	info	Envoy command: [-c etc/istio/proxy/envoy-rev0.json --restart-epoch 0 --drain-time-s 45 --drain-strategy immediate --parent-shutdown-time-s 60 --local-address-ip-version v4 --file-flush-interval-msec 1000 --disable-hot-restart --log-format %Y-%m-%dT%T.%fZ	%l	envoy %n	%v -l warning --component-log-level misc:error --concurrency 2]
2022-04-12T10:19:12.661757Z	info	sds	Starting SDS grpc server
2022-04-12T10:19:12.662077Z	info	starting Http service at 127.0.0.1:15004
2022-04-12T10:19:13.391509Z	info	xdsproxy	connected to upstream XDS server: istiod.istio-system.svc:15012
2022-04-12T10:19:14.741669Z	info	ads	ADS: new connection for node:ts-ticket-office-mongo-6f4b5d8c45-dsvg5.default-1
2022-04-12T10:19:14.781888Z	info	ads	ADS: new connection for node:ts-ticket-office-mongo-6f4b5d8c45-dsvg5.default-2
2022-04-12T10:19:15.570562Z	info	cache	generated new workload certificate	latency=2.908628961s ttl=23h59m59.4296246s
2022-04-12T10:19:15.570919Z	info	cache	Root cert has changed, start rotating root cert
2022-04-12T10:19:15.570954Z	info	ads	XDS: Incremental Pushing:0 ConnectedEndpoints:2 Version:
2022-04-12T10:19:15.571076Z	info	cache	returned workload trust anchor from cache	ttl=23h59m59.428930477s
2022-04-12T10:19:15.571149Z	info	cache	returned workload trust anchor from cache	ttl=23h59m59.428855992s
2022-04-12T10:19:15.572211Z	info	ads	SDS: PUSH request for node:ts-ticket-office-mongo-6f4b5d8c45-dsvg5.default resources:1 size:1.1kB resource:ROOTCA
2022-04-12T10:19:15.572373Z	info	cache	returned workload certificate from cache	ttl=23h59m59.427633109s
2022-04-12T10:19:15.572607Z	info	ads	SDS: PUSH request for node:ts-ticket-office-mongo-6f4b5d8c45-dsvg5.default resources:1 size:4.0kB resource:default
2022-04-12T10:19:15.572821Z	info	cache	returned workload trust anchor from cache	ttl=23h59m59.427193228s
2022-04-12T10:19:15.644432Z	info	ads	SDS: PUSH for node:ts-ticket-office-mongo-6f4b5d8c45-dsvg5.default resources:1 size:1.1kB resource:ROOTCA
2022-04-12T10:19:18.973981Z	info	Readiness succeeded in 6.588356651s
2022-04-12T10:19:18.974631Z	info	Envoy proxy is ready
{"protocol":null,"bytes_sent":843,"upstream_service_time":null,"route_name":null,"upstream_cluster":"inbound|27017||","path":null,"downstream_remote_address":"10.244.0.162:43814","upstream_transport_failure_reason":null,"duration":656,"method":null,"user_agent":null,"response_code":0,"request_id":null,"response_code_details":null,"requested_server_name":"outbound_.27017_._.ts-ticket-office-mongo.default.svc.cluster.local","start_time":"2022-04-12T10:24:57.560Z","upstream_host":"10.244.0.121:27017","x_forwarded_for":null,"upstream_local_address":"127.0.0.6:46591","authority":null,"connection_termination_details":null,"downstream_local_address":"10.244.0.121:27017","response_flags":"-","bytes_received":2144}
{"x_forwarded_for":null,"response_flags":"-","protocol":null,"start_time":"2022-04-12T10:24:57.228Z","requested_server_name":"outbound_.27017_._.ts-ticket-office-mongo.default.svc.cluster.local","authority":null,"user_agent":null,"upstream_local_address":"127.0.0.6:58789","downstream_remote_address":"10.244.0.162:43782","route_name":null,"upstream_transport_failure_reason":null,"upstream_host":"10.244.0.121:27017","downstream_local_address":"10.244.0.121:27017","upstream_cluster":"inbound|27017||","upstream_service_time":null,"bytes_sent":1162,"request_id":null,"connection_termination_details":null,"duration":989,"method":null,"path":null,"response_code":0,"response_code_details":null,"bytes_received":1181}
2022-04-12T10:50:53.467356Z	info	xdsproxy	connected to upstream XDS server: istiod.istio-system.svc:15012
