2022-04-12T10:19:06.114896Z	info	FLAG: --concurrency="2"
2022-04-12T10:19:06.114962Z	info	FLAG: --domain="default.svc.cluster.local"
2022-04-12T10:19:06.114971Z	info	FLAG: --help="false"
2022-04-12T10:19:06.114976Z	info	FLAG: --log_as_json="false"
2022-04-12T10:19:06.114979Z	info	FLAG: --log_caller=""
2022-04-12T10:19:06.114983Z	info	FLAG: --log_output_level="default:info"
2022-04-12T10:19:06.114991Z	info	FLAG: --log_rotate=""
2022-04-12T10:19:06.114997Z	info	FLAG: --log_rotate_max_age="30"
2022-04-12T10:19:06.115009Z	info	FLAG: --log_rotate_max_backups="1000"
2022-04-12T10:19:06.115019Z	info	FLAG: --log_rotate_max_size="104857600"
2022-04-12T10:19:06.115026Z	info	FLAG: --log_stacktrace_level="default:none"
2022-04-12T10:19:06.115041Z	info	FLAG: --log_target="[stdout]"
2022-04-12T10:19:06.115047Z	info	FLAG: --meshConfig="./etc/istio/config/mesh"
2022-04-12T10:19:06.115050Z	info	FLAG: --outlierLogPath=""
2022-04-12T10:19:06.115054Z	info	FLAG: --proxyComponentLogLevel="misc:error"
2022-04-12T10:19:06.115057Z	info	FLAG: --proxyLogLevel="warning"
2022-04-12T10:19:06.115061Z	info	FLAG: --serviceCluster="istio-proxy"
2022-04-12T10:19:06.115065Z	info	FLAG: --stsPort="0"
2022-04-12T10:19:06.115068Z	info	FLAG: --templateFile=""
2022-04-12T10:19:06.115071Z	info	FLAG: --tokenManagerPlugin="GoogleTokenExchange"
2022-04-12T10:19:06.115077Z	info	FLAG: --vklog="0"
2022-04-12T10:19:06.115081Z	info	Version 1.13.2-91533d04e894ff86b80acd6d7a4517b144f9e19a-Clean
2022-04-12T10:19:06.115286Z	info	Proxy role	ips=[10.244.0.113 fe80::49b:7cff:fe90:1035] type=sidecar id=ts-travel-mongo-7d89f4498c-575j2.default domain=default.svc.cluster.local
2022-04-12T10:19:06.115402Z	info	Apply proxy config from env {}

2022-04-12T10:19:06.146627Z	info	Effective config: binaryPath: /usr/local/bin/envoy
concurrency: 2
configPath: ./etc/istio/proxy
controlPlaneAuthPolicy: MUTUAL_TLS
discoveryAddress: istiod.istio-system.svc:15012
drainDuration: 45s
parentShutdownDuration: 60s
proxyAdminPort: 15000
serviceCluster: istio-proxy
statNameLength: 189
statusPort: 15020
terminationDrainDuration: 5s
tracing:
  zipkin:
    address: zipkin.istio-system:9411

2022-04-12T10:19:06.146688Z	info	JWT policy is third-party-jwt
2022-04-12T10:19:06.175540Z	info	Opening status port 15020
2022-04-12T10:19:06.185941Z	info	CA Endpoint istiod.istio-system.svc:15012, provider Citadel
2022-04-12T10:19:06.186412Z	info	Using CA istiod.istio-system.svc:15012 cert with certs: var/run/secrets/istio/root-cert.pem
2022-04-12T10:19:06.204951Z	info	citadelclient	Citadel client using custom root cert: var/run/secrets/istio/root-cert.pem
2022-04-12T10:19:06.933564Z	info	ads	All caches have been synced up in 1.046080637s, marking server ready
2022-04-12T10:19:06.934030Z	info	sds	SDS server for workload certificates started, listening on "etc/istio/proxy/SDS"
2022-04-12T10:19:06.934063Z	info	xdsproxy	Initializing with upstream address "istiod.istio-system.svc:15012" and cluster "Kubernetes"
2022-04-12T10:19:06.938157Z	info	sds	Starting SDS grpc server
2022-04-12T10:19:06.941025Z	info	Pilot SAN: [istiod.istio-system.svc]
2022-04-12T10:19:06.943346Z	info	starting Http service at 127.0.0.1:15004
2022-04-12T10:19:06.969482Z	info	Starting proxy agent
2022-04-12T10:19:06.969596Z	info	Epoch 0 starting
2022-04-12T10:19:07.000922Z	info	Envoy command: [-c etc/istio/proxy/envoy-rev0.json --restart-epoch 0 --drain-time-s 45 --drain-strategy immediate --parent-shutdown-time-s 60 --local-address-ip-version v4 --file-flush-interval-msec 1000 --disable-hot-restart --log-format %Y-%m-%dT%T.%fZ	%l	envoy %n	%v -l warning --component-log-level misc:error --concurrency 2]
2022-04-12T10:19:09.575417Z	info	cache	generated new workload certificate	latency=2.641035362s ttl=23h59m59.424598739s
2022-04-12T10:19:09.575489Z	info	cache	Root cert has changed, start rotating root cert
2022-04-12T10:19:09.575526Z	info	ads	XDS: Incremental Pushing:0 ConnectedEndpoints:0 Version:
2022-04-12T10:19:09.575616Z	info	cache	returned workload trust anchor from cache	ttl=23h59m59.424408084s
2022-04-12T10:19:10.000035Z	info	xdsproxy	connected to upstream XDS server: istiod.istio-system.svc:15012
2022-04-12T10:19:10.509777Z	info	ads	ADS: new connection for node:ts-travel-mongo-7d89f4498c-575j2.default-1
2022-04-12T10:19:10.509967Z	info	cache	returned workload trust anchor from cache	ttl=23h59m58.490042003s
2022-04-12T10:19:10.518123Z	info	ads	SDS: PUSH request for node:ts-travel-mongo-7d89f4498c-575j2.default resources:1 size:1.1kB resource:ROOTCA
2022-04-12T10:19:10.536836Z	info	ads	ADS: new connection for node:ts-travel-mongo-7d89f4498c-575j2.default-2
2022-04-12T10:19:10.537001Z	info	cache	returned workload certificate from cache	ttl=23h59m58.463007198s
2022-04-12T10:19:10.537197Z	info	ads	SDS: PUSH request for node:ts-travel-mongo-7d89f4498c-575j2.default resources:1 size:4.0kB resource:default
2022-04-12T10:19:13.515444Z	info	Readiness succeeded in 7.534407661s
2022-04-12T10:19:13.516013Z	info	Envoy proxy is ready
2022-04-12T10:23:28.175202Z	warn	xdsproxy	upstream [1] terminated with unexpected error rpc error: code = Unavailable desc = keepalive ping failed to receive ACK within timeout
2022-04-12T10:23:35.849177Z	info	xdsproxy	connected to upstream XDS server: istiod.istio-system.svc:15012
2022-04-12T10:52:34.118667Z	info	xdsproxy	connected to upstream XDS server: istiod.istio-system.svc:15012
