2022-04-12T10:18:59.603043Z	info	FLAG: --concurrency="2"
2022-04-12T10:18:59.603066Z	info	FLAG: --domain="default.svc.cluster.local"
2022-04-12T10:18:59.603075Z	info	FLAG: --help="false"
2022-04-12T10:18:59.603078Z	info	FLAG: --log_as_json="false"
2022-04-12T10:18:59.603081Z	info	FLAG: --log_caller=""
2022-04-12T10:18:59.603087Z	info	FLAG: --log_output_level="default:info"
2022-04-12T10:18:59.603089Z	info	FLAG: --log_rotate=""
2022-04-12T10:18:59.603092Z	info	FLAG: --log_rotate_max_age="30"
2022-04-12T10:18:59.603096Z	info	FLAG: --log_rotate_max_backups="1000"
2022-04-12T10:18:59.603099Z	info	FLAG: --log_rotate_max_size="104857600"
2022-04-12T10:18:59.603102Z	info	FLAG: --log_stacktrace_level="default:none"
2022-04-12T10:18:59.603118Z	info	FLAG: --log_target="[stdout]"
2022-04-12T10:18:59.603122Z	info	FLAG: --meshConfig="./etc/istio/config/mesh"
2022-04-12T10:18:59.603125Z	info	FLAG: --outlierLogPath=""
2022-04-12T10:18:59.603127Z	info	FLAG: --proxyComponentLogLevel="misc:error"
2022-04-12T10:18:59.603132Z	info	FLAG: --proxyLogLevel="warning"
2022-04-12T10:18:59.603135Z	info	FLAG: --serviceCluster="istio-proxy"
2022-04-12T10:18:59.603142Z	info	FLAG: --stsPort="0"
2022-04-12T10:18:59.603146Z	info	FLAG: --templateFile=""
2022-04-12T10:18:59.603149Z	info	FLAG: --tokenManagerPlugin="GoogleTokenExchange"
2022-04-12T10:18:59.603153Z	info	FLAG: --vklog="0"
2022-04-12T10:18:59.603158Z	info	Version 1.13.2-91533d04e894ff86b80acd6d7a4517b144f9e19a-Clean
2022-04-12T10:18:59.603312Z	info	Proxy role	ips=[10.244.0.106 fe80::589a:6dff:fe68:c2e5] type=sidecar id=ts-user-mongo-d44b48f9c-24ff2.default domain=default.svc.cluster.local
2022-04-12T10:18:59.603382Z	info	Apply proxy config from env {}

2022-04-12T10:18:59.612168Z	info	Effective config: binaryPath: /usr/local/bin/envoy
concurrency: 2
configPath: ./etc/istio/proxy
controlPlaneAuthPolicy: MUTUAL_TLS
discoveryAddress: istiod.istio-system.svc:15012
drainDuration: 45s
parentShutdownDuration: 60s
proxyAdminPort: 15000
serviceCluster: istio-proxy
statNameLength: 189
statusPort: 15020
terminationDrainDuration: 5s
tracing:
  zipkin:
    address: zipkin.istio-system:9411

2022-04-12T10:18:59.612209Z	info	JWT policy is third-party-jwt
2022-04-12T10:18:59.692647Z	info	CA Endpoint istiod.istio-system.svc:15012, provider Citadel
2022-04-12T10:18:59.698522Z	info	Using CA istiod.istio-system.svc:15012 cert with certs: var/run/secrets/istio/root-cert.pem
2022-04-12T10:18:59.698788Z	info	citadelclient	Citadel client using custom root cert: var/run/secrets/istio/root-cert.pem
2022-04-12T10:18:59.693457Z	info	Opening status port 15020
2022-04-12T10:19:00.178601Z	info	ads	All caches have been synced up in 651.15824ms, marking server ready
2022-04-12T10:19:00.191101Z	info	sds	SDS server for workload certificates started, listening on "etc/istio/proxy/SDS"
2022-04-12T10:19:00.191183Z	info	xdsproxy	Initializing with upstream address "istiod.istio-system.svc:15012" and cluster "Kubernetes"
2022-04-12T10:19:00.193013Z	info	sds	Starting SDS grpc server
2022-04-12T10:19:00.196833Z	info	starting Http service at 127.0.0.1:15004
2022-04-12T10:19:00.206378Z	info	Pilot SAN: [istiod.istio-system.svc]
2022-04-12T10:19:00.216880Z	info	Starting proxy agent
2022-04-12T10:19:00.217046Z	info	Epoch 0 starting
2022-04-12T10:19:00.218556Z	info	Envoy command: [-c etc/istio/proxy/envoy-rev0.json --restart-epoch 0 --drain-time-s 45 --drain-strategy immediate --parent-shutdown-time-s 60 --local-address-ip-version v4 --file-flush-interval-msec 1000 --disable-hot-restart --log-format %Y-%m-%dT%T.%fZ	%l	envoy %n	%v -l warning --component-log-level misc:error --concurrency 2]
2022-04-12T10:19:00.929334Z	info	xdsproxy	connected to upstream XDS server: istiod.istio-system.svc:15012
2022-04-12T10:19:01.351121Z	info	cache	generated new workload certificate	latency=1.166738702s ttl=23h59m59.648917076s
2022-04-12T10:19:01.351148Z	info	cache	Root cert has changed, start rotating root cert
2022-04-12T10:19:01.351170Z	info	ads	XDS: Incremental Pushing:0 ConnectedEndpoints:0 Version:
2022-04-12T10:19:01.351216Z	info	cache	returned workload trust anchor from cache	ttl=23h59m59.648786065s
2022-04-12T10:19:01.638273Z	info	ads	ADS: new connection for node:ts-user-mongo-d44b48f9c-24ff2.default-1
2022-04-12T10:19:01.638560Z	info	cache	returned workload trust anchor from cache	ttl=23h59m59.36144738s
2022-04-12T10:19:01.642414Z	info	ads	SDS: PUSH request for node:ts-user-mongo-d44b48f9c-24ff2.default resources:1 size:1.1kB resource:ROOTCA
2022-04-12T10:19:01.680976Z	info	ads	ADS: new connection for node:ts-user-mongo-d44b48f9c-24ff2.default-2
2022-04-12T10:19:01.681105Z	info	cache	returned workload certificate from cache	ttl=23h59m59.318902725s
2022-04-12T10:19:01.681267Z	info	ads	SDS: PUSH request for node:ts-user-mongo-d44b48f9c-24ff2.default resources:1 size:4.0kB resource:default
2022-04-12T10:19:06.991563Z	info	Readiness succeeded in 7.444435472s
2022-04-12T10:19:06.994515Z	info	Envoy proxy is ready
2022-04-12T10:50:16.660944Z	info	xdsproxy	connected to upstream XDS server: istiod.istio-system.svc:15012
