2022-04-12T10:19:54.568343Z	info	FLAG: --concurrency="2"
2022-04-12T10:19:54.568395Z	info	FLAG: --domain="default.svc.cluster.local"
2022-04-12T10:19:54.568402Z	info	FLAG: --help="false"
2022-04-12T10:19:54.568460Z	info	FLAG: --log_as_json="false"
2022-04-12T10:19:54.568465Z	info	FLAG: --log_caller=""
2022-04-12T10:19:54.568467Z	info	FLAG: --log_output_level="default:info"
2022-04-12T10:19:54.568469Z	info	FLAG: --log_rotate=""
2022-04-12T10:19:54.568471Z	info	FLAG: --log_rotate_max_age="30"
2022-04-12T10:19:54.568474Z	info	FLAG: --log_rotate_max_backups="1000"
2022-04-12T10:19:54.568476Z	info	FLAG: --log_rotate_max_size="104857600"
2022-04-12T10:19:54.568479Z	info	FLAG: --log_stacktrace_level="default:none"
2022-04-12T10:19:54.568495Z	info	FLAG: --log_target="[stdout]"
2022-04-12T10:19:54.568502Z	info	FLAG: --meshConfig="./etc/istio/config/mesh"
2022-04-12T10:19:54.568505Z	info	FLAG: --outlierLogPath=""
2022-04-12T10:19:54.568507Z	info	FLAG: --proxyComponentLogLevel="misc:error"
2022-04-12T10:19:54.568509Z	info	FLAG: --proxyLogLevel="warning"
2022-04-12T10:19:54.568511Z	info	FLAG: --serviceCluster="istio-proxy"
2022-04-12T10:19:54.568514Z	info	FLAG: --stsPort="0"
2022-04-12T10:19:54.568516Z	info	FLAG: --templateFile=""
2022-04-12T10:19:54.568518Z	info	FLAG: --tokenManagerPlugin="GoogleTokenExchange"
2022-04-12T10:19:54.568529Z	info	FLAG: --vklog="0"
2022-04-12T10:19:54.568535Z	info	Version 1.13.2-91533d04e894ff86b80acd6d7a4517b144f9e19a-Clean
2022-04-12T10:19:54.568916Z	info	Proxy role	ips=[10.244.0.168 fe80::4bf:78ff:fe6d:42f6] type=sidecar id=ts-voucher-service-6f95f474dc-sh72x.default domain=default.svc.cluster.local
2022-04-12T10:19:54.569120Z	info	Apply proxy config from env {}

2022-04-12T10:19:54.571092Z	info	Effective config: binaryPath: /usr/local/bin/envoy
concurrency: 2
configPath: ./etc/istio/proxy
controlPlaneAuthPolicy: MUTUAL_TLS
discoveryAddress: istiod.istio-system.svc:15012
drainDuration: 45s
parentShutdownDuration: 60s
proxyAdminPort: 15000
serviceCluster: istio-proxy
statNameLength: 189
statusPort: 15020
terminationDrainDuration: 5s
tracing:
  zipkin:
    address: zipkin.istio-system:9411

2022-04-12T10:19:54.571215Z	info	JWT policy is third-party-jwt
2022-04-12T10:19:54.573963Z	info	CA Endpoint istiod.istio-system.svc:15012, provider Citadel
2022-04-12T10:19:54.574105Z	info	Using CA istiod.istio-system.svc:15012 cert with certs: var/run/secrets/istio/root-cert.pem
2022-04-12T10:19:54.574665Z	info	Opening status port 15020
2022-04-12T10:19:54.582609Z	info	citadelclient	Citadel client using custom root cert: var/run/secrets/istio/root-cert.pem
2022-04-12T10:19:55.188297Z	info	ads	All caches have been synced up in 855.978033ms, marking server ready
2022-04-12T10:19:55.189663Z	info	sds	SDS server for workload certificates started, listening on "etc/istio/proxy/SDS"
2022-04-12T10:19:55.189741Z	info	xdsproxy	Initializing with upstream address "istiod.istio-system.svc:15012" and cluster "Kubernetes"
2022-04-12T10:19:55.236386Z	info	starting Http service at 127.0.0.1:15004
2022-04-12T10:19:55.240470Z	info	sds	Starting SDS grpc server
2022-04-12T10:19:55.242870Z	info	Pilot SAN: [istiod.istio-system.svc]
2022-04-12T10:19:55.284982Z	info	Starting proxy agent
2022-04-12T10:19:55.285092Z	info	Epoch 0 starting
2022-04-12T10:19:55.285237Z	info	Envoy command: [-c etc/istio/proxy/envoy-rev0.json --restart-epoch 0 --drain-time-s 45 --drain-strategy immediate --parent-shutdown-time-s 60 --local-address-ip-version v4 --file-flush-interval-msec 1000 --disable-hot-restart --log-format %Y-%m-%dT%T.%fZ	%l	envoy %n	%v -l warning --component-log-level misc:error --concurrency 2]
2022-04-12T10:20:04.708324Z	info	xdsproxy	connected to upstream XDS server: istiod.istio-system.svc:15012
2022-04-12T10:20:18.362021Z	info	cache	generated new workload certificate	latency=23.144906014s ttl=23h59m51.637998082s
2022-04-12T10:20:18.362184Z	info	cache	Root cert has changed, start rotating root cert
2022-04-12T10:20:18.362244Z	info	ads	XDS: Incremental Pushing:0 ConnectedEndpoints:0 Version:
2022-04-12T10:20:18.378019Z	info	cache	returned workload trust anchor from cache	ttl=23h59m51.622004802s
2022-04-12T10:21:46.424807Z	info	ads	ADS: new connection for node:ts-voucher-service-6f95f474dc-sh72x.default-1
2022-04-12T10:21:46.438567Z	info	cache	returned workload trust anchor from cache	ttl=23h58m23.561445181s
2022-04-12T10:21:46.445994Z	info	ads	SDS: PUSH request for node:ts-voucher-service-6f95f474dc-sh72x.default resources:1 size:1.1kB resource:ROOTCA
2022-04-12T10:21:46.464735Z	info	ads	ADS: new connection for node:ts-voucher-service-6f95f474dc-sh72x.default-2
2022-04-12T10:21:46.477911Z	info	cache	returned workload certificate from cache	ttl=23h58m23.522105068s
2022-04-12T10:21:46.488951Z	info	ads	SDS: PUSH request for node:ts-voucher-service-6f95f474dc-sh72x.default resources:1 size:4.0kB resource:default
2022-04-12T10:24:13.968399Z	error	failed scraping envoy metrics: error scraping http://localhost:15090/stats/prometheus: Get "http://localhost:15090/stats/prometheus": dial tcp [::1]:15090: connect: connection refused
2022-04-12T10:24:26.194787Z	info	Readiness succeeded in 4m31.989525767s
2022-04-12T10:24:26.195740Z	info	Envoy proxy is ready
{"upstream_transport_failure_reason":null,"bytes_received":773,"response_flags":"-","upstream_cluster":"outbound|3306||ts-voucher-mysql.default.svc.cluster.local","downstream_remote_address":"10.244.0.168:55602","response_code":0,"downstream_local_address":"10.96.231.167:3306","duration":1721,"upstream_local_address":"10.244.0.168:46530","authority":null,"bytes_sent":166,"method":null,"request_id":null,"route_name":null,"start_time":"2022-04-12T10:26:42.301Z","requested_server_name":null,"upstream_host":"10.244.0.122:3306","x_forwarded_for":null,"protocol":null,"response_code_details":null,"connection_termination_details":null,"path":null,"user_agent":null,"upstream_service_time":null}
2022-04-12T10:49:56.916903Z	info	xdsproxy	connected to upstream XDS server: istiod.istio-system.svc:15012
