2022-05-26T05:35:07.590777Z	info	FLAG: --concurrency="2"
2022-05-26T05:35:07.590899Z	info	FLAG: --domain="default.svc.cluster.local"
2022-05-26T05:35:07.590917Z	info	FLAG: --help="false"
2022-05-26T05:35:07.590926Z	info	FLAG: --log_as_json="false"
2022-05-26T05:35:07.590932Z	info	FLAG: --log_caller=""
2022-05-26T05:35:07.590937Z	info	FLAG: --log_output_level="default:info"
2022-05-26T05:35:07.590942Z	info	FLAG: --log_rotate=""
2022-05-26T05:35:07.590949Z	info	FLAG: --log_rotate_max_age="30"
2022-05-26T05:35:07.590955Z	info	FLAG: --log_rotate_max_backups="1000"
2022-05-26T05:35:07.590961Z	info	FLAG: --log_rotate_max_size="104857600"
2022-05-26T05:35:07.590967Z	info	FLAG: --log_stacktrace_level="default:none"
2022-05-26T05:35:07.591006Z	info	FLAG: --log_target="[stdout]"
2022-05-26T05:35:07.591033Z	info	FLAG: --meshConfig="./etc/istio/config/mesh"
2022-05-26T05:35:07.591045Z	info	FLAG: --outlierLogPath=""
2022-05-26T05:35:07.591053Z	info	FLAG: --proxyComponentLogLevel="misc:error"
2022-05-26T05:35:07.591059Z	info	FLAG: --proxyLogLevel="warning"
2022-05-26T05:35:07.591064Z	info	FLAG: --serviceCluster="istio-proxy"
2022-05-26T05:35:07.591071Z	info	FLAG: --stsPort="0"
2022-05-26T05:35:07.591076Z	info	FLAG: --templateFile=""
2022-05-26T05:35:07.591108Z	info	FLAG: --tokenManagerPlugin="GoogleTokenExchange"
2022-05-26T05:35:07.591345Z	info	FLAG: --vklog="0"
2022-05-26T05:35:07.591459Z	info	Version 1.13.2-91533d04e894ff86b80acd6d7a4517b144f9e19a-Clean
2022-05-26T05:35:07.592182Z	info	Proxy role	ips=[10.244.0.73 fe80::4488:87ff:fef1:20f0] type=sidecar id=ts-delivery-service-6dd9587b9-flgxc.default domain=default.svc.cluster.local
2022-05-26T05:35:07.592423Z	info	Apply proxy config from env {}

2022-05-26T05:35:08.235597Z	info	Effective config: binaryPath: /usr/local/bin/envoy
concurrency: 2
configPath: ./etc/istio/proxy
controlPlaneAuthPolicy: MUTUAL_TLS
discoveryAddress: istiod.istio-system.svc:15012
drainDuration: 45s
parentShutdownDuration: 60s
proxyAdminPort: 15000
serviceCluster: istio-proxy
statNameLength: 189
statusPort: 15020
terminationDrainDuration: 5s
tracing:
  zipkin:
    address: zipkin.istio-system:9411

2022-05-26T05:35:08.235750Z	info	JWT policy is third-party-jwt
2022-05-26T05:35:08.327832Z	info	CA Endpoint istiod.istio-system.svc:15012, provider Citadel
2022-05-26T05:35:08.327907Z	info	Using CA istiod.istio-system.svc:15012 cert with certs: var/run/secrets/istio/root-cert.pem
2022-05-26T05:35:08.404429Z	info	citadelclient	Citadel client using custom root cert: var/run/secrets/istio/root-cert.pem
2022-05-26T05:35:08.488085Z	info	Opening status port 15020
2022-05-26T05:35:11.693523Z	info	ads	All caches have been synced up in 5.041675758s, marking server ready
2022-05-26T05:35:11.694031Z	info	sds	SDS server for workload certificates started, listening on "etc/istio/proxy/SDS"
2022-05-26T05:35:11.694084Z	info	xdsproxy	Initializing with upstream address "istiod.istio-system.svc:15012" and cluster "Kubernetes"
2022-05-26T05:35:11.695459Z	info	sds	Starting SDS grpc server
2022-05-26T05:35:11.717230Z	info	starting Http service at 127.0.0.1:15004
2022-05-26T05:35:11.877428Z	info	Pilot SAN: [istiod.istio-system.svc]
2022-05-26T05:35:12.653613Z	info	Starting proxy agent
2022-05-26T05:35:12.653798Z	info	Epoch 0 starting
2022-05-26T05:35:12.653884Z	info	Envoy command: [-c etc/istio/proxy/envoy-rev0.json --restart-epoch 0 --drain-time-s 45 --drain-strategy immediate --parent-shutdown-time-s 60 --local-address-ip-version v4 --file-flush-interval-msec 1000 --disable-hot-restart --log-format %Y-%m-%dT%T.%fZ	%l	envoy %n	%v -l warning --component-log-level misc:error --concurrency 2]
2022-05-26T05:35:32.875848Z	info	xdsproxy	connected to upstream XDS server: istiod.istio-system.svc:15012
2022-05-26T05:35:39.236685Z	info	ads	ADS: new connection for node:ts-delivery-service-6dd9587b9-flgxc.default-1
2022-05-26T05:35:39.358420Z	info	ads	ADS: new connection for node:ts-delivery-service-6dd9587b9-flgxc.default-2
2022-05-26T05:35:47.119579Z	info	cache	generated new workload certificate	latency=35.445020681s ttl=23h59m56.880444357s
2022-05-26T05:35:47.119666Z	info	cache	Root cert has changed, start rotating root cert
2022-05-26T05:35:47.119690Z	info	ads	XDS: Incremental Pushing:0 ConnectedEndpoints:2 Version:
2022-05-26T05:35:47.119801Z	info	cache	returned workload trust anchor from cache	ttl=23h59m56.880204543s
2022-05-26T05:35:47.119842Z	info	cache	returned workload trust anchor from cache	ttl=23h59m56.880161276s
2022-05-26T05:35:47.126934Z	info	cache	returned workload certificate from cache	ttl=23h59m56.873096047s
2022-05-26T05:35:47.292575Z	info	ads	SDS: PUSH request for node:ts-delivery-service-6dd9587b9-flgxc.default resources:1 size:1.1kB resource:ROOTCA
2022-05-26T05:35:47.292787Z	info	cache	returned workload trust anchor from cache	ttl=23h59m56.70722503s
2022-05-26T05:35:47.292987Z	info	ads	SDS: PUSH for node:ts-delivery-service-6dd9587b9-flgxc.default resources:1 size:1.1kB resource:ROOTCA
2022-05-26T05:35:47.293273Z	info	ads	SDS: PUSH request for node:ts-delivery-service-6dd9587b9-flgxc.default resources:1 size:4.0kB resource:default
2022-05-26T05:35:51.583347Z	error	failed scraping envoy metrics: error scraping http://localhost:15090/stats/prometheus: Get "http://localhost:15090/stats/prometheus": dial tcp [::1]:15090: connect: connection refused
2022-05-26T05:36:05.231666Z	error	failed scraping envoy metrics: error scraping http://localhost:15090/stats/prometheus: Get "http://localhost:15090/stats/prometheus": dial tcp [::1]:15090: connect: connection refused
2022-05-26T05:36:11.879783Z	info	Readiness succeeded in 1m5.078384914s
2022-05-26T05:36:11.881854Z	info	Envoy proxy is ready
2022-05-26T05:44:38.709452Z	error	failed scraping envoy metrics: error scraping http://localhost:15090/stats/prometheus: Get "http://localhost:15090/stats/prometheus": context deadline exceeded
2022-05-26T06:04:18.696363Z	info	xdsproxy	connected to upstream XDS server: istiod.istio-system.svc:15012
2022-05-26T06:33:29.068591Z	info	xdsproxy	connected to upstream XDS server: istiod.istio-system.svc:15012
2022-05-26T07:05:56.092782Z	info	xdsproxy	connected to upstream XDS server: istiod.istio-system.svc:15012
