2022-05-26T05:26:20.877550Z	info	FLAG: --concurrency="2"
2022-05-26T05:26:20.877997Z	info	FLAG: --domain="default.svc.cluster.local"
2022-05-26T05:26:20.878181Z	info	FLAG: --help="false"
2022-05-26T05:26:20.878245Z	info	FLAG: --log_as_json="false"
2022-05-26T05:26:20.878277Z	info	FLAG: --log_caller=""
2022-05-26T05:26:20.878465Z	info	FLAG: --log_output_level="default:info"
2022-05-26T05:26:20.878516Z	info	FLAG: --log_rotate=""
2022-05-26T05:26:20.878751Z	info	FLAG: --log_rotate_max_age="30"
2022-05-26T05:26:20.878875Z	info	FLAG: --log_rotate_max_backups="1000"
2022-05-26T05:26:20.878926Z	info	FLAG: --log_rotate_max_size="104857600"
2022-05-26T05:26:20.878949Z	info	FLAG: --log_stacktrace_level="default:none"
2022-05-26T05:26:20.879142Z	info	FLAG: --log_target="[stdout]"
2022-05-26T05:26:20.879510Z	info	FLAG: --meshConfig="./etc/istio/config/mesh"
2022-05-26T05:26:20.879625Z	info	FLAG: --outlierLogPath=""
2022-05-26T05:26:20.879767Z	info	FLAG: --proxyComponentLogLevel="misc:error"
2022-05-26T05:26:20.879986Z	info	FLAG: --proxyLogLevel="warning"
2022-05-26T05:26:20.880088Z	info	FLAG: --serviceCluster="istio-proxy"
2022-05-26T05:26:20.880136Z	info	FLAG: --stsPort="0"
2022-05-26T05:26:20.880160Z	info	FLAG: --templateFile=""
2022-05-26T05:26:20.880347Z	info	FLAG: --tokenManagerPlugin="GoogleTokenExchange"
2022-05-26T05:26:20.880444Z	info	FLAG: --vklog="0"
2022-05-26T05:26:20.880503Z	info	Version 1.13.2-91533d04e894ff86b80acd6d7a4517b144f9e19a-Clean
2022-05-26T05:26:20.881828Z	info	Proxy role	ips=[10.244.0.33 fe80::f076:b1ff:fe39:f604] type=sidecar id=ts-delivery-mongo-69b6954b45-wsljq.default domain=default.svc.cluster.local
2022-05-26T05:26:20.882950Z	info	Apply proxy config from env {}

2022-05-26T05:26:20.892295Z	info	Effective config: binaryPath: /usr/local/bin/envoy
concurrency: 2
configPath: ./etc/istio/proxy
controlPlaneAuthPolicy: MUTUAL_TLS
discoveryAddress: istiod.istio-system.svc:15012
drainDuration: 45s
parentShutdownDuration: 60s
proxyAdminPort: 15000
serviceCluster: istio-proxy
statNameLength: 189
statusPort: 15020
terminationDrainDuration: 5s
tracing:
  zipkin:
    address: zipkin.istio-system:9411

2022-05-26T05:26:20.892565Z	info	JWT policy is third-party-jwt
2022-05-26T05:26:20.907520Z	info	CA Endpoint istiod.istio-system.svc:15012, provider Citadel
2022-05-26T05:26:20.907670Z	info	Using CA istiod.istio-system.svc:15012 cert with certs: var/run/secrets/istio/root-cert.pem
2022-05-26T05:26:20.908081Z	info	citadelclient	Citadel client using custom root cert: var/run/secrets/istio/root-cert.pem
2022-05-26T05:26:20.910259Z	info	Opening status port 15020
2022-05-26T05:26:21.119869Z	info	ads	All caches have been synced up in 285.416802ms, marking server ready
2022-05-26T05:26:21.121500Z	info	sds	SDS server for workload certificates started, listening on "etc/istio/proxy/SDS"
2022-05-26T05:26:21.122232Z	info	xdsproxy	Initializing with upstream address "istiod.istio-system.svc:15012" and cluster "Kubernetes"
2022-05-26T05:26:21.122109Z	info	sds	Starting SDS grpc server
2022-05-26T05:26:21.124510Z	info	starting Http service at 127.0.0.1:15004
2022-05-26T05:26:21.131785Z	info	Pilot SAN: [istiod.istio-system.svc]
2022-05-26T05:26:21.140864Z	info	Starting proxy agent
2022-05-26T05:26:21.140981Z	info	Epoch 0 starting
2022-05-26T05:26:21.141036Z	info	Envoy command: [-c etc/istio/proxy/envoy-rev0.json --restart-epoch 0 --drain-time-s 45 --drain-strategy immediate --parent-shutdown-time-s 60 --local-address-ip-version v4 --file-flush-interval-msec 1000 --disable-hot-restart --log-format %Y-%m-%dT%T.%fZ	%l	envoy %n	%v -l warning --component-log-level misc:error --concurrency 2]
2022-05-26T05:26:24.049660Z	info	cache	generated new workload certificate	latency=2.697311017s ttl=23h59m59.180977879s
2022-05-26T05:26:24.049923Z	info	cache	Root cert has changed, start rotating root cert
2022-05-26T05:26:24.050034Z	info	ads	XDS: Incremental Pushing:0 ConnectedEndpoints:0 Version:
2022-05-26T05:26:24.050166Z	info	cache	returned workload trust anchor from cache	ttl=23h59m58.949856674s
2022-05-26T05:26:24.519346Z	info	xdsproxy	connected to upstream XDS server: istiod.istio-system.svc:15012
2022-05-26T05:26:25.047585Z	info	ads	ADS: new connection for node:ts-delivery-mongo-69b6954b45-wsljq.default-1
2022-05-26T05:26:25.048814Z	info	cache	returned workload trust anchor from cache	ttl=23h59m57.95120598s
2022-05-26T05:26:25.056308Z	info	ads	SDS: PUSH request for node:ts-delivery-mongo-69b6954b45-wsljq.default resources:1 size:1.1kB resource:ROOTCA
2022-05-26T05:26:25.085549Z	info	ads	ADS: new connection for node:ts-delivery-mongo-69b6954b45-wsljq.default-2
2022-05-26T05:26:25.087217Z	info	cache	returned workload certificate from cache	ttl=23h59m57.912809245s
2022-05-26T05:26:25.087587Z	info	ads	SDS: PUSH request for node:ts-delivery-mongo-69b6954b45-wsljq.default resources:1 size:4.0kB resource:default
2022-05-26T05:26:28.046003Z	info	Readiness succeeded in 7.228267344s
2022-05-26T05:26:28.053907Z	info	Envoy proxy is ready
2022-05-26T05:43:58.142182Z	warn	xdsproxy	upstream [1] terminated with unexpected error rpc error: code = Unavailable desc = keepalive ping failed to receive ACK within timeout
2022-05-26T05:44:26.679227Z	info	xdsproxy	connected to upstream XDS server: istiod.istio-system.svc:15012
2022-05-26T05:47:42.376631Z	warn	xdsproxy	upstream [3] terminated with unexpected error rpc error: code = Unavailable desc = keepalive ping failed to receive ACK within timeout
2022-05-26T05:47:58.549679Z	info	xdsproxy	connected to upstream XDS server: istiod.istio-system.svc:15012
2022-05-26T06:16:06.403721Z	info	xdsproxy	connected to upstream XDS server: istiod.istio-system.svc:15012
2022-05-26T06:46:59.970546Z	info	xdsproxy	connected to upstream XDS server: istiod.istio-system.svc:15012
2022-05-26T07:17:15.297321Z	info	xdsproxy	connected to upstream XDS server: istiod.istio-system.svc:15012
{"route_name":null,"upstream_transport_failure_reason":null,"x_forwarded_for":null,"upstream_service_time":null,"upstream_host":"10.244.0.33:27017","bytes_received":192963,"authority":null,"start_time":"2022-05-26T05:54:27.190Z","request_id":null,"bytes_sent":101969,"downstream_local_address":"10.244.0.33:27017","requested_server_name":"outbound_.27017_._.ts-delivery-mongo.default.svc.cluster.local","response_flags":"-","downstream_remote_address":"10.244.0.73:45480","protocol":null,"upstream_cluster":"inbound|27017||","method":null,"user_agent":null,"upstream_local_address":"127.0.0.6:54693","duration":5256850,"response_code":0,"connection_termination_details":null,"response_code_details":null,"path":null}
