2022-05-26T05:31:04.299505Z	info	FLAG: --concurrency="2"
2022-05-26T05:31:04.299615Z	info	FLAG: --domain="default.svc.cluster.local"
2022-05-26T05:31:04.299643Z	info	FLAG: --help="false"
2022-05-26T05:31:04.299651Z	info	FLAG: --log_as_json="false"
2022-05-26T05:31:04.299658Z	info	FLAG: --log_caller=""
2022-05-26T05:31:04.299673Z	info	FLAG: --log_output_level="default:info"
2022-05-26T05:31:04.299680Z	info	FLAG: --log_rotate=""
2022-05-26T05:31:04.299687Z	info	FLAG: --log_rotate_max_age="30"
2022-05-26T05:31:04.299701Z	info	FLAG: --log_rotate_max_backups="1000"
2022-05-26T05:31:04.299709Z	info	FLAG: --log_rotate_max_size="104857600"
2022-05-26T05:31:04.299717Z	info	FLAG: --log_stacktrace_level="default:none"
2022-05-26T05:31:04.299737Z	info	FLAG: --log_target="[stdout]"
2022-05-26T05:31:04.299796Z	info	FLAG: --meshConfig="./etc/istio/config/mesh"
2022-05-26T05:31:04.299807Z	info	FLAG: --outlierLogPath=""
2022-05-26T05:31:04.299822Z	info	FLAG: --proxyComponentLogLevel="misc:error"
2022-05-26T05:31:04.299829Z	info	FLAG: --proxyLogLevel="warning"
2022-05-26T05:31:04.299847Z	info	FLAG: --serviceCluster="istio-proxy"
2022-05-26T05:31:04.299862Z	info	FLAG: --stsPort="0"
2022-05-26T05:31:04.299876Z	info	FLAG: --templateFile=""
2022-05-26T05:31:04.299883Z	info	FLAG: --tokenManagerPlugin="GoogleTokenExchange"
2022-05-26T05:31:04.299894Z	info	FLAG: --vklog="0"
2022-05-26T05:31:04.299909Z	info	Version 1.13.2-91533d04e894ff86b80acd6d7a4517b144f9e19a-Clean
2022-05-26T05:31:04.300593Z	info	Proxy role	ips=[10.244.0.57 fe80::80d2:96ff:fe20:28a] type=sidecar id=ts-preserve-other-service-7869df89d-fts9d.default domain=default.svc.cluster.local
2022-05-26T05:31:04.540879Z	info	Apply proxy config from env {}

2022-05-26T05:31:04.732699Z	info	Effective config: binaryPath: /usr/local/bin/envoy
concurrency: 2
configPath: ./etc/istio/proxy
controlPlaneAuthPolicy: MUTUAL_TLS
discoveryAddress: istiod.istio-system.svc:15012
drainDuration: 45s
parentShutdownDuration: 60s
proxyAdminPort: 15000
serviceCluster: istio-proxy
statNameLength: 189
statusPort: 15020
terminationDrainDuration: 5s
tracing:
  zipkin:
    address: zipkin.istio-system:9411

2022-05-26T05:31:04.732748Z	info	JWT policy is third-party-jwt
2022-05-26T05:31:04.848482Z	info	CA Endpoint istiod.istio-system.svc:15012, provider Citadel
2022-05-26T05:31:04.848642Z	info	Using CA istiod.istio-system.svc:15012 cert with certs: var/run/secrets/istio/root-cert.pem
2022-05-26T05:31:04.848864Z	info	citadelclient	Citadel client using custom root cert: var/run/secrets/istio/root-cert.pem
2022-05-26T05:31:05.079898Z	info	Opening status port 15020
2022-05-26T05:31:07.187642Z	info	ads	All caches have been synced up in 3.46814236s, marking server ready
2022-05-26T05:31:07.188435Z	info	sds	SDS server for workload certificates started, listening on "etc/istio/proxy/SDS"
2022-05-26T05:31:07.188556Z	info	xdsproxy	Initializing with upstream address "istiod.istio-system.svc:15012" and cluster "Kubernetes"
2022-05-26T05:31:07.281693Z	info	sds	Starting SDS grpc server
2022-05-26T05:31:07.283009Z	info	starting Http service at 127.0.0.1:15004
2022-05-26T05:31:07.523363Z	info	Pilot SAN: [istiod.istio-system.svc]
2022-05-26T05:31:07.613998Z	info	Starting proxy agent
2022-05-26T05:31:07.614120Z	info	Epoch 0 starting
2022-05-26T05:31:07.614195Z	info	Envoy command: [-c etc/istio/proxy/envoy-rev0.json --restart-epoch 0 --drain-time-s 45 --drain-strategy immediate --parent-shutdown-time-s 60 --local-address-ip-version v4 --file-flush-interval-msec 1000 --disable-hot-restart --log-format %Y-%m-%dT%T.%fZ	%l	envoy %n	%v -l warning --component-log-level misc:error --concurrency 2]
2022-05-26T05:31:26.393619Z	info	xdsproxy	connected to upstream XDS server: istiod.istio-system.svc:15012
2022-05-26T05:31:30.191937Z	error	failed scraping envoy metrics: error scraping http://localhost:15090/stats/prometheus: Get "http://localhost:15090/stats/prometheus": dial tcp [::1]:15090: connect: connection refused
2022-05-26T05:31:40.094916Z	info	ads	ADS: new connection for node:ts-preserve-other-service-7869df89d-fts9d.default-1
2022-05-26T05:31:40.182394Z	info	ads	ADS: new connection for node:ts-preserve-other-service-7869df89d-fts9d.default-2
2022-05-26T05:31:44.194552Z	error	failed scraping envoy metrics: error scraping http://localhost:15090/stats/prometheus: Get "http://localhost:15090/stats/prometheus": dial tcp [::1]:15090: connect: connection refused
2022-05-26T05:31:57.034001Z	info	cache	generated new workload certificate	latency=49.866402981s ttl=23h59m56.966030279s
2022-05-26T05:31:57.034078Z	info	cache	Root cert has changed, start rotating root cert
2022-05-26T05:31:57.148230Z	info	ads	XDS: Incremental Pushing:0 ConnectedEndpoints:2 Version:
2022-05-26T05:31:57.148435Z	info	cache	returned workload trust anchor from cache	ttl=23h59m56.851577991s
2022-05-26T05:31:57.148538Z	info	cache	returned workload certificate from cache	ttl=23h59m56.851470024s
2022-05-26T05:31:57.149555Z	info	ads	SDS: PUSH request for node:ts-preserve-other-service-7869df89d-fts9d.default resources:1 size:4.0kB resource:default
2022-05-26T05:31:57.149819Z	info	cache	returned workload trust anchor from cache	ttl=23h59m56.850202184s
2022-05-26T05:31:57.150238Z	info	ads	SDS: PUSH request for node:ts-preserve-other-service-7869df89d-fts9d.default resources:1 size:1.1kB resource:ROOTCA
2022-05-26T05:31:57.150358Z	info	cache	returned workload trust anchor from cache	ttl=23h59m56.849650585s
2022-05-26T05:31:57.150436Z	info	ads	SDS: PUSH for node:ts-preserve-other-service-7869df89d-fts9d.default resources:1 size:1.1kB resource:ROOTCA
2022-05-26T05:31:57.884640Z	error	failed scraping envoy metrics: error scraping http://localhost:15090/stats/prometheus: Get "http://localhost:15090/stats/prometheus": dial tcp [::1]:15090: connect: connection refused
2022-05-26T05:32:12.279553Z	error	failed scraping envoy metrics: error scraping http://localhost:15090/stats/prometheus: Get "http://localhost:15090/stats/prometheus": dial tcp [::1]:15090: connect: connection refused
2022-05-26T05:32:28.159160Z	error	failed scraping envoy metrics: error scraping http://localhost:15090/stats/prometheus: Get "http://localhost:15090/stats/prometheus": dial tcp [::1]:15090: connect: connection refused
2022-05-26T05:32:46.038215Z	error	failed scraping envoy metrics: error scraping http://localhost:15090/stats/prometheus: Get "http://localhost:15090/stats/prometheus": dial tcp [::1]:15090: connect: connection refused
2022-05-26T05:33:00.347932Z	error	failed scraping envoy metrics: error scraping http://localhost:15090/stats/prometheus: Get "http://localhost:15090/stats/prometheus": dial tcp [::1]:15090: connect: connection refused
2022-05-26T05:33:01.422250Z	warning	envoy config	StreamAggregatedResources gRPC config stream closed: 13, 
2022-05-26T05:33:11.796108Z	error	failed scraping envoy metrics: error scraping http://localhost:15090/stats/prometheus: Get "http://localhost:15090/stats/prometheus": dial tcp [::1]:15090: connect: connection refused
2022-05-26T05:33:24.512721Z	info	xdsproxy	connected to upstream XDS server: istiod.istio-system.svc:15012
2022-05-26T05:33:27.113044Z	error	failed scraping envoy metrics: error scraping http://localhost:15090/stats/prometheus: Get "http://localhost:15090/stats/prometheus": dial tcp [::1]:15090: connect: connection refused
2022-05-26T05:33:41.883525Z	error	failed scraping envoy metrics: error scraping http://localhost:15090/stats/prometheus: Get "http://localhost:15090/stats/prometheus": dial tcp [::1]:15090: connect: connection refused
2022-05-26T05:33:57.151230Z	error	failed scraping envoy metrics: error scraping http://localhost:15090/stats/prometheus: Get "http://localhost:15090/stats/prometheus": dial tcp [::1]:15090: connect: connection refused
2022-05-26T05:33:59.998292Z	info	Readiness succeeded in 2m56.226270485s
2022-05-26T05:34:00.303438Z	info	Envoy proxy is ready
2022-05-26T05:38:36.939076Z	error	failed to write agent metrics: write tcp 10.244.0.57:15020->10.244.0.8:53046: write: broken pipe
2022-05-26T05:38:36.940374Z	error	failed to write envoy metrics: write tcp 10.244.0.57:15020->10.244.0.8:53046: write: broken pipe
2022-05-26T06:06:00.682999Z	info	xdsproxy	connected to upstream XDS server: istiod.istio-system.svc:15012
2022-05-26T06:38:00.950741Z	info	xdsproxy	connected to upstream XDS server: istiod.istio-system.svc:15012
2022-05-26T07:09:16.439342Z	info	xdsproxy	connected to upstream XDS server: istiod.istio-system.svc:15012
