2022-05-26T05:31:45.927353Z	info	FLAG: --concurrency="2"
2022-05-26T05:31:45.927449Z	info	FLAG: --domain="default.svc.cluster.local"
2022-05-26T05:31:45.927465Z	info	FLAG: --help="false"
2022-05-26T05:31:45.927473Z	info	FLAG: --log_as_json="false"
2022-05-26T05:31:45.927480Z	info	FLAG: --log_caller=""
2022-05-26T05:31:45.927486Z	info	FLAG: --log_output_level="default:info"
2022-05-26T05:31:45.927492Z	info	FLAG: --log_rotate=""
2022-05-26T05:31:45.927498Z	info	FLAG: --log_rotate_max_age="30"
2022-05-26T05:31:45.927505Z	info	FLAG: --log_rotate_max_backups="1000"
2022-05-26T05:31:45.927512Z	info	FLAG: --log_rotate_max_size="104857600"
2022-05-26T05:31:45.927518Z	info	FLAG: --log_stacktrace_level="default:none"
2022-05-26T05:31:45.927544Z	info	FLAG: --log_target="[stdout]"
2022-05-26T05:31:45.927556Z	info	FLAG: --meshConfig="./etc/istio/config/mesh"
2022-05-26T05:31:45.927562Z	info	FLAG: --outlierLogPath=""
2022-05-26T05:31:45.927654Z	info	FLAG: --proxyComponentLogLevel="misc:error"
2022-05-26T05:31:45.927666Z	info	FLAG: --proxyLogLevel="warning"
2022-05-26T05:31:45.927673Z	info	FLAG: --serviceCluster="istio-proxy"
2022-05-26T05:31:45.927679Z	info	FLAG: --stsPort="0"
2022-05-26T05:31:45.927685Z	info	FLAG: --templateFile=""
2022-05-26T05:31:45.927692Z	info	FLAG: --tokenManagerPlugin="GoogleTokenExchange"
2022-05-26T05:31:45.927701Z	info	FLAG: --vklog="0"
2022-05-26T05:31:45.927709Z	info	Version 1.13.2-91533d04e894ff86b80acd6d7a4517b144f9e19a-Clean
2022-05-26T05:31:45.974727Z	info	Proxy role	ips=[10.244.0.61 fe80::508d:faff:feec:fa7] type=sidecar id=ts-route-plan-service-79f54f85dc-h6xn9.default domain=default.svc.cluster.local
2022-05-26T05:31:45.975080Z	info	Apply proxy config from env {}

2022-05-26T05:31:46.332672Z	info	Effective config: binaryPath: /usr/local/bin/envoy
concurrency: 2
configPath: ./etc/istio/proxy
controlPlaneAuthPolicy: MUTUAL_TLS
discoveryAddress: istiod.istio-system.svc:15012
drainDuration: 45s
parentShutdownDuration: 60s
proxyAdminPort: 15000
serviceCluster: istio-proxy
statNameLength: 189
statusPort: 15020
terminationDrainDuration: 5s
tracing:
  zipkin:
    address: zipkin.istio-system:9411

2022-05-26T05:31:46.333069Z	info	JWT policy is third-party-jwt
2022-05-26T05:31:46.548743Z	info	CA Endpoint istiod.istio-system.svc:15012, provider Citadel
2022-05-26T05:31:46.549026Z	info	Using CA istiod.istio-system.svc:15012 cert with certs: var/run/secrets/istio/root-cert.pem
2022-05-26T05:31:46.549422Z	info	Opening status port 15020
2022-05-26T05:31:46.590483Z	info	citadelclient	Citadel client using custom root cert: var/run/secrets/istio/root-cert.pem
2022-05-26T05:31:47.793118Z	info	ads	All caches have been synced up in 2.153745888s, marking server ready
2022-05-26T05:31:47.815692Z	info	sds	SDS server for workload certificates started, listening on "etc/istio/proxy/SDS"
2022-05-26T05:31:47.815826Z	info	xdsproxy	Initializing with upstream address "istiod.istio-system.svc:15012" and cluster "Kubernetes"
2022-05-26T05:31:47.879219Z	info	starting Http service at 127.0.0.1:15004
2022-05-26T05:31:47.880912Z	info	Pilot SAN: [istiod.istio-system.svc]
2022-05-26T05:31:47.948908Z	info	sds	Starting SDS grpc server
2022-05-26T05:31:47.949216Z	info	Starting proxy agent
2022-05-26T05:31:47.949648Z	info	Epoch 0 starting
2022-05-26T05:31:47.949788Z	info	Envoy command: [-c etc/istio/proxy/envoy-rev0.json --restart-epoch 0 --drain-time-s 45 --drain-strategy immediate --parent-shutdown-time-s 60 --local-address-ip-version v4 --file-flush-interval-msec 1000 --disable-hot-restart --log-format %Y-%m-%dT%T.%fZ	%l	envoy %n	%v -l warning --component-log-level misc:error --concurrency 2]
2022-05-26T05:32:18.409193Z	info	xdsproxy	connected to upstream XDS server: istiod.istio-system.svc:15012
2022-05-26T05:32:24.608869Z	info	cache	generated new workload certificate	latency=36.706517761s ttl=23h59m52.391152944s
2022-05-26T05:32:24.608983Z	info	cache	Root cert has changed, start rotating root cert
2022-05-26T05:32:24.609039Z	info	ads	XDS: Incremental Pushing:0 ConnectedEndpoints:0 Version:
2022-05-26T05:32:24.609167Z	info	cache	returned workload trust anchor from cache	ttl=23h59m52.390842097s
2022-05-26T05:33:15.863150Z	error	failed scraping envoy metrics: error scraping http://localhost:15090/stats/prometheus: Get "http://localhost:15090/stats/prometheus": dial tcp [::1]:15090: connect: connection refused
2022-05-26T05:33:16.127820Z	info	ads	ADS: new connection for node:ts-route-plan-service-79f54f85dc-h6xn9.default-1
2022-05-26T05:33:16.128021Z	info	cache	returned workload trust anchor from cache	ttl=23h59m0.87203504s
2022-05-26T05:33:16.209039Z	info	ads	SDS: PUSH request for node:ts-route-plan-service-79f54f85dc-h6xn9.default resources:1 size:1.1kB resource:ROOTCA
2022-05-26T05:33:16.237786Z	info	ads	ADS: new connection for node:ts-route-plan-service-79f54f85dc-h6xn9.default-2
2022-05-26T05:33:16.258386Z	info	cache	returned workload certificate from cache	ttl=23h59m0.741626786s
2022-05-26T05:33:16.258669Z	info	ads	SDS: PUSH request for node:ts-route-plan-service-79f54f85dc-h6xn9.default resources:1 size:4.0kB resource:default
2022-05-26T05:33:30.612977Z	error	failed scraping envoy metrics: error scraping http://localhost:15090/stats/prometheus: Get "http://localhost:15090/stats/prometheus": dial tcp [::1]:15090: connect: connection refused
2022-05-26T05:33:45.616503Z	error	failed scraping envoy metrics: error scraping http://localhost:15090/stats/prometheus: Get "http://localhost:15090/stats/prometheus": dial tcp [::1]:15090: connect: connection refused
2022-05-26T05:34:01.976283Z	error	failed scraping envoy metrics: error scraping http://localhost:15090/stats/prometheus: Get "http://localhost:15090/stats/prometheus": dial tcp [::1]:15090: connect: connection refused
2022-05-26T05:34:17.134295Z	warn	Envoy proxy is NOT ready: Get "http://127.0.0.1:15000/stats?usedonly&filter=^(cluster_manager\\.cds|listener_manager\\.lds)\\.(update_success|update_rejected)$": context deadline exceeded (Client.Timeout exceeded while awaiting headers)
2022-05-26T05:34:22.265554Z	warn	Envoy proxy is NOT ready: Get "http://127.0.0.1:15000/stats?usedonly&filter=^(cluster_manager\\.cds|listener_manager\\.lds)\\.(update_success|update_rejected)$": context deadline exceeded (Client.Timeout exceeded while awaiting headers)
2022-05-26T05:34:22.674007Z	warn	Envoy proxy is NOT ready: Get "http://127.0.0.1:15000/stats?usedonly&filter=^(cluster_manager\\.cds|listener_manager\\.lds)\\.(update_success|update_rejected)$": context deadline exceeded (Client.Timeout exceeded while awaiting headers)
2022-05-26T05:34:25.062447Z	warn	Envoy proxy is NOT ready: Get "http://127.0.0.1:15000/stats?usedonly&filter=^(cluster_manager\\.cds|listener_manager\\.lds)\\.(update_success|update_rejected)$": context deadline exceeded (Client.Timeout exceeded while awaiting headers)
2022-05-26T05:34:27.449297Z	info	Readiness succeeded in 2m41.919059375s
2022-05-26T05:34:27.946368Z	info	Envoy proxy is ready
2022-05-26T06:02:11.673057Z	info	xdsproxy	connected to upstream XDS server: istiod.istio-system.svc:15012
2022-05-26T06:33:08.417970Z	info	xdsproxy	connected to upstream XDS server: istiod.istio-system.svc:15012
2022-05-26T07:05:19.212689Z	info	xdsproxy	connected to upstream XDS server: istiod.istio-system.svc:15012
