2022-05-26T05:34:51.722142Z	info	FLAG: --concurrency="2"
2022-05-26T05:34:51.722438Z	info	FLAG: --domain="default.svc.cluster.local"
2022-05-26T05:34:51.722461Z	info	FLAG: --help="false"
2022-05-26T05:34:51.722471Z	info	FLAG: --log_as_json="false"
2022-05-26T05:34:51.722477Z	info	FLAG: --log_caller=""
2022-05-26T05:34:51.722483Z	info	FLAG: --log_output_level="default:info"
2022-05-26T05:34:51.722489Z	info	FLAG: --log_rotate=""
2022-05-26T05:34:51.722636Z	info	FLAG: --log_rotate_max_age="30"
2022-05-26T05:34:51.722648Z	info	FLAG: --log_rotate_max_backups="1000"
2022-05-26T05:34:51.722654Z	info	FLAG: --log_rotate_max_size="104857600"
2022-05-26T05:34:51.722660Z	info	FLAG: --log_stacktrace_level="default:none"
2022-05-26T05:34:51.722677Z	info	FLAG: --log_target="[stdout]"
2022-05-26T05:34:51.722685Z	info	FLAG: --meshConfig="./etc/istio/config/mesh"
2022-05-26T05:34:51.722690Z	info	FLAG: --outlierLogPath=""
2022-05-26T05:34:51.722696Z	info	FLAG: --proxyComponentLogLevel="misc:error"
2022-05-26T05:34:51.722702Z	info	FLAG: --proxyLogLevel="warning"
2022-05-26T05:34:51.722715Z	info	FLAG: --serviceCluster="istio-proxy"
2022-05-26T05:34:51.722818Z	info	FLAG: --stsPort="0"
2022-05-26T05:34:51.722829Z	info	FLAG: --templateFile=""
2022-05-26T05:34:51.722836Z	info	FLAG: --tokenManagerPlugin="GoogleTokenExchange"
2022-05-26T05:34:51.722845Z	info	FLAG: --vklog="0"
2022-05-26T05:34:51.722852Z	info	Version 1.13.2-91533d04e894ff86b80acd6d7a4517b144f9e19a-Clean
2022-05-26T05:34:51.725372Z	info	Proxy role	ips=[10.244.0.71 fe80::e410:88ff:fe07:fe8e] type=sidecar id=ts-travel-plan-service-74dbb7bfd8-djcsr.default domain=default.svc.cluster.local
2022-05-26T05:34:51.725966Z	info	Apply proxy config from env {}

2022-05-26T05:34:51.730569Z	info	Effective config: binaryPath: /usr/local/bin/envoy
concurrency: 2
configPath: ./etc/istio/proxy
controlPlaneAuthPolicy: MUTUAL_TLS
discoveryAddress: istiod.istio-system.svc:15012
drainDuration: 45s
parentShutdownDuration: 60s
proxyAdminPort: 15000
serviceCluster: istio-proxy
statNameLength: 189
statusPort: 15020
terminationDrainDuration: 5s
tracing:
  zipkin:
    address: zipkin.istio-system:9411

2022-05-26T05:34:51.730713Z	info	JWT policy is third-party-jwt
2022-05-26T05:34:51.923045Z	info	CA Endpoint istiod.istio-system.svc:15012, provider Citadel
2022-05-26T05:34:51.923208Z	info	Using CA istiod.istio-system.svc:15012 cert with certs: var/run/secrets/istio/root-cert.pem
2022-05-26T05:34:51.923338Z	info	citadelclient	Citadel client using custom root cert: var/run/secrets/istio/root-cert.pem
2022-05-26T05:34:51.923473Z	info	Opening status port 15020
2022-05-26T05:34:57.535607Z	info	ads	All caches have been synced up in 7.842672051s, marking server ready
2022-05-26T05:34:57.792573Z	info	sds	SDS server for workload certificates started, listening on "etc/istio/proxy/SDS"
2022-05-26T05:34:57.801656Z	info	xdsproxy	Initializing with upstream address "istiod.istio-system.svc:15012" and cluster "Kubernetes"
2022-05-26T05:34:57.802363Z	info	sds	Starting SDS grpc server
2022-05-26T05:34:57.965070Z	info	starting Http service at 127.0.0.1:15004
2022-05-26T05:34:58.157857Z	info	Pilot SAN: [istiod.istio-system.svc]
2022-05-26T05:34:58.165336Z	info	Starting proxy agent
2022-05-26T05:34:58.165461Z	info	Epoch 0 starting
2022-05-26T05:34:58.165512Z	info	Envoy command: [-c etc/istio/proxy/envoy-rev0.json --restart-epoch 0 --drain-time-s 45 --drain-strategy immediate --parent-shutdown-time-s 60 --local-address-ip-version v4 --file-flush-interval-msec 1000 --disable-hot-restart --log-format %Y-%m-%dT%T.%fZ	%l	envoy %n	%v -l warning --component-log-level misc:error --concurrency 2]
2022-05-26T05:35:16.119369Z	info	xdsproxy	connected to upstream XDS server: istiod.istio-system.svc:15012
2022-05-26T05:35:34.385657Z	info	cache	generated new workload certificate	latency=36.604055427s ttl=23h59m59.614359708s
2022-05-26T05:35:34.385742Z	info	cache	Root cert has changed, start rotating root cert
2022-05-26T05:35:34.385774Z	info	ads	XDS: Incremental Pushing:0 ConnectedEndpoints:0 Version:
2022-05-26T05:35:34.385853Z	info	cache	returned workload trust anchor from cache	ttl=23h59m59.61415423s
2022-05-26T05:35:36.908208Z	info	ads	ADS: new connection for node:ts-travel-plan-service-74dbb7bfd8-djcsr.default-1
2022-05-26T05:35:36.908448Z	info	cache	returned workload trust anchor from cache	ttl=23h59m57.091562869s
2022-05-26T05:35:36.908974Z	info	ads	SDS: PUSH request for node:ts-travel-plan-service-74dbb7bfd8-djcsr.default resources:1 size:1.1kB resource:ROOTCA
2022-05-26T05:35:36.952797Z	info	ads	ADS: new connection for node:ts-travel-plan-service-74dbb7bfd8-djcsr.default-2
2022-05-26T05:35:36.999931Z	info	cache	returned workload certificate from cache	ttl=23h59m57.000086957s
2022-05-26T05:35:37.000628Z	info	ads	SDS: PUSH request for node:ts-travel-plan-service-74dbb7bfd8-djcsr.default resources:1 size:4.0kB resource:default
2022-05-26T05:35:47.387786Z	error	failed scraping envoy metrics: error scraping http://localhost:15090/stats/prometheus: Get "http://localhost:15090/stats/prometheus": dial tcp [::1]:15090: connect: connection refused
2022-05-26T05:35:56.992165Z	info	Readiness succeeded in 1m7.236416737s
2022-05-26T05:35:57.041504Z	info	Envoy proxy is ready
2022-05-26T06:08:09.760699Z	info	xdsproxy	connected to upstream XDS server: istiod.istio-system.svc:15012
2022-05-26T06:38:37.607309Z	info	xdsproxy	connected to upstream XDS server: istiod.istio-system.svc:15012
2022-05-26T07:07:43.444425Z	info	xdsproxy	connected to upstream XDS server: istiod.istio-system.svc:15012
