2022-03-30T09:16:09.617623Z	info	FLAG: --concurrency="2"
2022-03-30T09:16:09.617703Z	info	FLAG: --domain="default.svc.cluster.local"
2022-03-30T09:16:09.617730Z	info	FLAG: --help="false"
2022-03-30T09:16:09.617747Z	info	FLAG: --log_as_json="false"
2022-03-30T09:16:09.617770Z	info	FLAG: --log_caller=""
2022-03-30T09:16:09.617802Z	info	FLAG: --log_output_level="default:info"
2022-03-30T09:16:09.617821Z	info	FLAG: --log_rotate=""
2022-03-30T09:16:09.617839Z	info	FLAG: --log_rotate_max_age="30"
2022-03-30T09:16:09.617857Z	info	FLAG: --log_rotate_max_backups="1000"
2022-03-30T09:16:09.617874Z	info	FLAG: --log_rotate_max_size="104857600"
2022-03-30T09:16:09.617891Z	info	FLAG: --log_stacktrace_level="default:none"
2022-03-30T09:16:09.617918Z	info	FLAG: --log_target="[stdout]"
2022-03-30T09:16:09.618043Z	info	FLAG: --meshConfig="./etc/istio/config/mesh"
2022-03-30T09:16:09.618081Z	info	FLAG: --outlierLogPath=""
2022-03-30T09:16:09.618107Z	info	FLAG: --proxyComponentLogLevel="misc:error"
2022-03-30T09:16:09.618132Z	info	FLAG: --proxyLogLevel="warning"
2022-03-30T09:16:09.618172Z	info	FLAG: --serviceCluster="istio-proxy"
2022-03-30T09:16:09.618195Z	info	FLAG: --stsPort="0"
2022-03-30T09:16:09.618282Z	info	FLAG: --templateFile=""
2022-03-30T09:16:09.618301Z	info	FLAG: --tokenManagerPlugin="GoogleTokenExchange"
2022-03-30T09:16:09.618320Z	info	FLAG: --vklog="0"
2022-03-30T09:16:09.618367Z	info	Version 1.13.2-91533d04e894ff86b80acd6d7a4517b144f9e19a-Clean
2022-03-30T09:16:09.618839Z	info	Proxy role	ips=[10.244.0.223 fe80::6c1a:66ff:fe53:61bf] type=sidecar id=ts-admin-route-service-849dcc7c4-2vkz9.default domain=default.svc.cluster.local
2022-03-30T09:16:09.669153Z	info	Apply proxy config from env {}

2022-03-30T09:16:09.689132Z	info	Effective config: binaryPath: /usr/local/bin/envoy
concurrency: 2
configPath: ./etc/istio/proxy
controlPlaneAuthPolicy: MUTUAL_TLS
discoveryAddress: istiod.istio-system.svc:15012
drainDuration: 45s
parentShutdownDuration: 60s
proxyAdminPort: 15000
serviceCluster: istio-proxy
statNameLength: 189
statusPort: 15020
terminationDrainDuration: 5s
tracing:
  zipkin:
    address: zipkin.istio-system:9411

2022-03-30T09:16:09.689282Z	info	JWT policy is third-party-jwt
2022-03-30T09:16:09.760261Z	info	CA Endpoint istiod.istio-system.svc:15012, provider Citadel
2022-03-30T09:16:09.761066Z	info	Using CA istiod.istio-system.svc:15012 cert with certs: var/run/secrets/istio/root-cert.pem
2022-03-30T09:16:09.761248Z	info	citadelclient	Citadel client using custom root cert: var/run/secrets/istio/root-cert.pem
2022-03-30T09:16:09.786692Z	info	Opening status port 15020
2022-03-30T09:16:10.236760Z	info	ads	All caches have been synced up in 855.0356ms, marking server ready
2022-03-30T09:16:10.237107Z	info	sds	SDS server for workload certificates started, listening on "etc/istio/proxy/SDS"
2022-03-30T09:16:10.237167Z	info	xdsproxy	Initializing with upstream address "istiod.istio-system.svc:15012" and cluster "Kubernetes"
2022-03-30T09:16:10.248632Z	info	sds	Starting SDS grpc server
2022-03-30T09:16:10.251695Z	info	starting Http service at 127.0.0.1:15004
2022-03-30T09:16:10.286084Z	info	Pilot SAN: [istiod.istio-system.svc]
2022-03-30T09:16:10.743118Z	info	Starting proxy agent
2022-03-30T09:16:10.743208Z	info	Epoch 0 starting
2022-03-30T09:16:10.743270Z	info	Envoy command: [-c etc/istio/proxy/envoy-rev0.json --restart-epoch 0 --drain-time-s 45 --drain-strategy immediate --parent-shutdown-time-s 60 --local-address-ip-version v4 --file-flush-interval-msec 1000 --disable-hot-restart --log-format %Y-%m-%dT%T.%fZ	%l	envoy %n	%v -l warning --component-log-level misc:error --concurrency 2]
2022-03-30T09:16:15.110407Z	info	xdsproxy	connected to upstream XDS server: istiod.istio-system.svc:15012
2022-03-30T09:16:15.285750Z	info	cache	generated new workload certificate	latency=5.0717439s ttl=23h59m59.7142789s
2022-03-30T09:16:15.285892Z	info	cache	Root cert has changed, start rotating root cert
2022-03-30T09:16:15.308288Z	info	ads	XDS: Incremental Pushing:0 ConnectedEndpoints:0 Version:
2022-03-30T09:16:15.308476Z	info	cache	returned workload trust anchor from cache	ttl=23h59m59.6915476s
2022-03-30T09:16:19.816757Z	info	ads	ADS: new connection for node:ts-admin-route-service-849dcc7c4-2vkz9.default-1
2022-03-30T09:16:20.100916Z	info	cache	returned workload trust anchor from cache	ttl=23h59m54.8991115s
2022-03-30T09:16:20.101319Z	info	ads	SDS: PUSH request for node:ts-admin-route-service-849dcc7c4-2vkz9.default resources:1 size:1.1kB resource:ROOTCA
2022-03-30T09:16:19.856886Z	info	ads	ADS: new connection for node:ts-admin-route-service-849dcc7c4-2vkz9.default-2
2022-03-30T09:16:20.101724Z	info	cache	returned workload certificate from cache	ttl=23h59m54.8983013s
2022-03-30T09:16:20.101944Z	info	ads	SDS: PUSH request for node:ts-admin-route-service-849dcc7c4-2vkz9.default resources:1 size:4.0kB resource:default
2022-03-30T09:16:37.598329Z	info	Readiness succeeded in 28.1549289s
2022-03-30T09:16:37.615350Z	info	Envoy proxy is ready
2022-03-30T09:46:09.331220Z	info	xdsproxy	connected to upstream XDS server: istiod.istio-system.svc:15012
2022-03-30T10:02:53.727428Z	warning	envoy config	StreamAggregatedResources gRPC config stream closed: 13, 
2022-03-30T10:03:07.676919Z	info	xdsproxy	connected to upstream XDS server: istiod.istio-system.svc:15012
2022-03-30T10:32:33.466959Z	info	xdsproxy	connected to upstream XDS server: istiod.istio-system.svc:15012
