2022-03-30T09:15:45.578679Z	info	FLAG: --concurrency="2"
2022-03-30T09:15:45.578731Z	info	FLAG: --domain="default.svc.cluster.local"
2022-03-30T09:15:45.578750Z	info	FLAG: --help="false"
2022-03-30T09:15:45.578764Z	info	FLAG: --log_as_json="false"
2022-03-30T09:15:45.586904Z	info	FLAG: --log_caller=""
2022-03-30T09:15:45.587972Z	info	FLAG: --log_output_level="default:info"
2022-03-30T09:15:45.587990Z	info	FLAG: --log_rotate=""
2022-03-30T09:15:45.588782Z	info	FLAG: --log_rotate_max_age="30"
2022-03-30T09:15:45.588816Z	info	FLAG: --log_rotate_max_backups="1000"
2022-03-30T09:15:45.592161Z	info	FLAG: --log_rotate_max_size="104857600"
2022-03-30T09:15:45.592177Z	info	FLAG: --log_stacktrace_level="default:none"
2022-03-30T09:15:45.592198Z	info	FLAG: --log_target="[stdout]"
2022-03-30T09:15:45.592257Z	info	FLAG: --meshConfig="./etc/istio/config/mesh"
2022-03-30T09:15:45.592271Z	info	FLAG: --outlierLogPath=""
2022-03-30T09:15:45.592285Z	info	FLAG: --proxyComponentLogLevel="misc:error"
2022-03-30T09:15:45.592355Z	info	FLAG: --proxyLogLevel="warning"
2022-03-30T09:15:45.592390Z	info	FLAG: --serviceCluster="istio-proxy"
2022-03-30T09:15:45.592427Z	info	FLAG: --stsPort="0"
2022-03-30T09:15:45.592440Z	info	FLAG: --templateFile=""
2022-03-30T09:15:45.592453Z	info	FLAG: --tokenManagerPlugin="GoogleTokenExchange"
2022-03-30T09:15:45.592474Z	info	FLAG: --vklog="0"
2022-03-30T09:15:45.592487Z	info	Version 1.13.2-91533d04e894ff86b80acd6d7a4517b144f9e19a-Clean
2022-03-30T09:15:45.601896Z	info	Proxy role	ips=[10.244.0.218 fe80::c0c6:34ff:feae:f66a] type=sidecar id=ts-food-map-mongo-6848fd47d8-wq7vw.default domain=default.svc.cluster.local
2022-03-30T09:15:45.602463Z	info	Apply proxy config from env {}

2022-03-30T09:15:45.603815Z	info	Effective config: binaryPath: /usr/local/bin/envoy
concurrency: 2
configPath: ./etc/istio/proxy
controlPlaneAuthPolicy: MUTUAL_TLS
discoveryAddress: istiod.istio-system.svc:15012
drainDuration: 45s
parentShutdownDuration: 60s
proxyAdminPort: 15000
serviceCluster: istio-proxy
statNameLength: 189
statusPort: 15020
terminationDrainDuration: 5s
tracing:
  zipkin:
    address: zipkin.istio-system:9411

2022-03-30T09:15:45.603871Z	info	JWT policy is third-party-jwt
2022-03-30T09:15:45.616927Z	info	CA Endpoint istiod.istio-system.svc:15012, provider Citadel
2022-03-30T09:15:45.617006Z	info	Using CA istiod.istio-system.svc:15012 cert with certs: var/run/secrets/istio/root-cert.pem
2022-03-30T09:15:45.617426Z	info	citadelclient	Citadel client using custom root cert: var/run/secrets/istio/root-cert.pem
2022-03-30T09:15:45.625136Z	info	Opening status port 15020
2022-03-30T09:15:46.074672Z	info	ads	All caches have been synced up in 518.3362ms, marking server ready
2022-03-30T09:15:46.111527Z	info	sds	SDS server for workload certificates started, listening on "etc/istio/proxy/SDS"
2022-03-30T09:15:46.111727Z	info	xdsproxy	Initializing with upstream address "istiod.istio-system.svc:15012" and cluster "Kubernetes"
2022-03-30T09:15:46.115607Z	info	sds	Starting SDS grpc server
2022-03-30T09:15:46.269073Z	info	starting Http service at 127.0.0.1:15004
2022-03-30T09:15:46.438395Z	info	Pilot SAN: [istiod.istio-system.svc]
2022-03-30T09:15:46.498463Z	info	Starting proxy agent
2022-03-30T09:15:46.498529Z	info	Epoch 0 starting
2022-03-30T09:15:46.498584Z	info	Envoy command: [-c etc/istio/proxy/envoy-rev0.json --restart-epoch 0 --drain-time-s 45 --drain-strategy immediate --parent-shutdown-time-s 60 --local-address-ip-version v4 --file-flush-interval-msec 1000 --disable-hot-restart --log-format %Y-%m-%dT%T.%fZ	%l	envoy %n	%v -l warning --component-log-level misc:error --concurrency 2]
2022-03-30T09:15:47.937520Z	info	xdsproxy	connected to upstream XDS server: istiod.istio-system.svc:15012
2022-03-30T09:15:48.479390Z	info	cache	generated new workload certificate	latency=2.3659383s ttl=23h59m59.5206431s
2022-03-30T09:15:48.479522Z	info	cache	Root cert has changed, start rotating root cert
2022-03-30T09:15:48.481659Z	info	ads	XDS: Incremental Pushing:0 ConnectedEndpoints:0 Version:
2022-03-30T09:15:48.482120Z	info	cache	returned workload trust anchor from cache	ttl=23h59m59.518131s
2022-03-30T09:15:48.625190Z	info	ads	ADS: new connection for node:ts-food-map-mongo-6848fd47d8-wq7vw.default-1
2022-03-30T09:15:48.625388Z	info	cache	returned workload trust anchor from cache	ttl=23h59m59.3746274s
2022-03-30T09:15:48.626147Z	info	ads	SDS: PUSH request for node:ts-food-map-mongo-6848fd47d8-wq7vw.default resources:1 size:1.1kB resource:ROOTCA
2022-03-30T09:15:48.641330Z	info	ads	ADS: new connection for node:ts-food-map-mongo-6848fd47d8-wq7vw.default-2
2022-03-30T09:15:48.641520Z	info	cache	returned workload certificate from cache	ttl=23h59m59.3584957s
2022-03-30T09:15:48.641948Z	info	ads	SDS: PUSH request for node:ts-food-map-mongo-6848fd47d8-wq7vw.default resources:1 size:4.0kB resource:default
2022-03-30T09:15:50.882606Z	info	Readiness succeeded in 5.3243812s
2022-03-30T09:15:50.883120Z	info	Envoy proxy is ready
2022-03-30T09:27:35.275233Z	warn	xdsproxy	upstream [1] terminated with unexpected error rpc error: code = Unavailable desc = keepalive ping failed to receive ACK within timeout
2022-03-30T09:27:38.882389Z	info	xdsproxy	connected to upstream XDS server: istiod.istio-system.svc:15012
2022-03-30T10:00:30.762397Z	info	xdsproxy	connected to upstream XDS server: istiod.istio-system.svc:15012
2022-03-30T10:03:00.845288Z	warning	envoy config	StreamAggregatedResources gRPC config stream closed: 13, 
2022-03-30T10:03:08.630833Z	info	xdsproxy	connected to upstream XDS server: istiod.istio-system.svc:15012
2022-03-30T10:15:15.821724Z	warning	envoy config	StreamAggregatedResources gRPC config stream closed: 13, 
2022-03-30T10:15:21.725472Z	info	xdsproxy	connected to upstream XDS server: istiod.istio-system.svc:15012
