2022-03-30T09:16:22.586439Z	info	FLAG: --concurrency="2"
2022-03-30T09:16:22.586615Z	info	FLAG: --domain="default.svc.cluster.local"
2022-03-30T09:16:22.586641Z	info	FLAG: --help="false"
2022-03-30T09:16:22.586665Z	info	FLAG: --log_as_json="false"
2022-03-30T09:16:22.588544Z	info	FLAG: --log_caller=""
2022-03-30T09:16:22.588624Z	info	FLAG: --log_output_level="default:info"
2022-03-30T09:16:22.588643Z	info	FLAG: --log_rotate=""
2022-03-30T09:16:22.588708Z	info	FLAG: --log_rotate_max_age="30"
2022-03-30T09:16:22.588732Z	info	FLAG: --log_rotate_max_backups="1000"
2022-03-30T09:16:22.588757Z	info	FLAG: --log_rotate_max_size="104857600"
2022-03-30T09:16:22.588775Z	info	FLAG: --log_stacktrace_level="default:none"
2022-03-30T09:16:22.588814Z	info	FLAG: --log_target="[stdout]"
2022-03-30T09:16:22.588835Z	info	FLAG: --meshConfig="./etc/istio/config/mesh"
2022-03-30T09:16:22.588856Z	info	FLAG: --outlierLogPath=""
2022-03-30T09:16:22.588874Z	info	FLAG: --proxyComponentLogLevel="misc:error"
2022-03-30T09:16:22.588935Z	info	FLAG: --proxyLogLevel="warning"
2022-03-30T09:16:22.588960Z	info	FLAG: --serviceCluster="istio-proxy"
2022-03-30T09:16:22.588983Z	info	FLAG: --stsPort="0"
2022-03-30T09:16:22.589002Z	info	FLAG: --templateFile=""
2022-03-30T09:16:22.589026Z	info	FLAG: --tokenManagerPlugin="GoogleTokenExchange"
2022-03-30T09:16:22.589101Z	info	FLAG: --vklog="0"
2022-03-30T09:16:22.589196Z	info	Version 1.13.2-91533d04e894ff86b80acd6d7a4517b144f9e19a-Clean
2022-03-30T09:16:22.592979Z	info	Proxy role	ips=[10.244.0.239 fe80::340e:f0ff:fec2:81a0] type=sidecar id=ts-news-service-5f9d6fdb8f-rq6j2.default domain=default.svc.cluster.local
2022-03-30T09:16:22.593172Z	info	Apply proxy config from env {}

2022-03-30T09:16:22.724940Z	info	Effective config: binaryPath: /usr/local/bin/envoy
concurrency: 2
configPath: ./etc/istio/proxy
controlPlaneAuthPolicy: MUTUAL_TLS
discoveryAddress: istiod.istio-system.svc:15012
drainDuration: 45s
parentShutdownDuration: 60s
proxyAdminPort: 15000
serviceCluster: istio-proxy
statNameLength: 189
statusPort: 15020
terminationDrainDuration: 5s
tracing:
  zipkin:
    address: zipkin.istio-system:9411

2022-03-30T09:16:22.725015Z	info	JWT policy is third-party-jwt
2022-03-30T09:16:22.731166Z	info	Opening status port 15020
2022-03-30T09:16:22.730338Z	info	CA Endpoint istiod.istio-system.svc:15012, provider Citadel
2022-03-30T09:16:22.752803Z	info	Using CA istiod.istio-system.svc:15012 cert with certs: var/run/secrets/istio/root-cert.pem
2022-03-30T09:16:22.752945Z	info	citadelclient	Citadel client using custom root cert: var/run/secrets/istio/root-cert.pem
2022-03-30T09:16:23.196406Z	info	ads	All caches have been synced up in 817.4929ms, marking server ready
2022-03-30T09:16:23.210837Z	info	sds	SDS server for workload certificates started, listening on "etc/istio/proxy/SDS"
2022-03-30T09:16:23.210931Z	info	xdsproxy	Initializing with upstream address "istiod.istio-system.svc:15012" and cluster "Kubernetes"
2022-03-30T09:16:23.211805Z	info	sds	Starting SDS grpc server
2022-03-30T09:16:23.212412Z	info	starting Http service at 127.0.0.1:15004
2022-03-30T09:16:23.213249Z	info	Pilot SAN: [istiod.istio-system.svc]
2022-03-30T09:16:23.229790Z	info	Starting proxy agent
2022-03-30T09:16:23.229869Z	info	Epoch 0 starting
2022-03-30T09:16:23.229930Z	info	Envoy command: [-c etc/istio/proxy/envoy-rev0.json --restart-epoch 0 --drain-time-s 45 --drain-strategy immediate --parent-shutdown-time-s 60 --local-address-ip-version v4 --file-flush-interval-msec 1000 --disable-hot-restart --log-format %Y-%m-%dT%T.%fZ	%l	envoy %n	%v -l warning --component-log-level misc:error --concurrency 2]
2022-03-30T09:16:24.580626Z	info	xdsproxy	connected to upstream XDS server: istiod.istio-system.svc:15012
2022-03-30T09:16:28.881523Z	info	cache	generated new workload certificate	latency=5.6702013s ttl=23h59m59.1185606s
2022-03-30T09:16:28.881638Z	info	cache	Root cert has changed, start rotating root cert
2022-03-30T09:16:28.881704Z	info	ads	XDS: Incremental Pushing:0 ConnectedEndpoints:0 Version:
2022-03-30T09:16:28.881830Z	info	cache	returned workload trust anchor from cache	ttl=23h59m59.1181888s
2022-03-30T09:16:46.833516Z	info	ads	ADS: new connection for node:ts-news-service-5f9d6fdb8f-rq6j2.default-1
2022-03-30T09:16:46.833802Z	info	cache	returned workload trust anchor from cache	ttl=23h59m41.1662367s
2022-03-30T09:16:46.848875Z	info	ads	SDS: PUSH request for node:ts-news-service-5f9d6fdb8f-rq6j2.default resources:1 size:1.1kB resource:ROOTCA
2022-03-30T09:16:46.881659Z	info	ads	ADS: new connection for node:ts-news-service-5f9d6fdb8f-rq6j2.default-2
2022-03-30T09:16:46.924960Z	info	cache	returned workload certificate from cache	ttl=23h59m41.0750746s
2022-03-30T09:16:46.934769Z	info	ads	SDS: PUSH request for node:ts-news-service-5f9d6fdb8f-rq6j2.default resources:1 size:4.0kB resource:default
2022-03-30T09:17:12.056114Z	info	Readiness succeeded in 49.6998902s
2022-03-30T09:17:12.056701Z	info	Envoy proxy is ready
2022-03-30T09:48:57.392143Z	info	xdsproxy	connected to upstream XDS server: istiod.istio-system.svc:15012
2022-03-30T10:03:07.381724Z	info	xdsproxy	connected to upstream XDS server: istiod.istio-system.svc:15012
2022-03-30T10:15:14.571717Z	warn	xdsproxy	upstream [3] terminated with unexpected error rpc error: code = Unavailable desc = keepalive ping failed to receive ACK within timeout
2022-03-30T10:15:23.593729Z	info	xdsproxy	connected to upstream XDS server: istiod.istio-system.svc:15012
