2022-03-30T09:15:41.471388Z	info	FLAG: --concurrency="2"
2022-03-30T09:15:41.471460Z	info	FLAG: --domain="default.svc.cluster.local"
2022-03-30T09:15:41.471518Z	info	FLAG: --help="false"
2022-03-30T09:15:41.471550Z	info	FLAG: --log_as_json="false"
2022-03-30T09:15:41.471582Z	info	FLAG: --log_caller=""
2022-03-30T09:15:41.471615Z	info	FLAG: --log_output_level="default:info"
2022-03-30T09:15:41.471647Z	info	FLAG: --log_rotate=""
2022-03-30T09:15:41.471679Z	info	FLAG: --log_rotate_max_age="30"
2022-03-30T09:15:41.471711Z	info	FLAG: --log_rotate_max_backups="1000"
2022-03-30T09:15:41.471744Z	info	FLAG: --log_rotate_max_size="104857600"
2022-03-30T09:15:41.471799Z	info	FLAG: --log_stacktrace_level="default:none"
2022-03-30T09:15:41.471844Z	info	FLAG: --log_target="[stdout]"
2022-03-30T09:15:41.471878Z	info	FLAG: --meshConfig="./etc/istio/config/mesh"
2022-03-30T09:15:41.471910Z	info	FLAG: --outlierLogPath=""
2022-03-30T09:15:41.471942Z	info	FLAG: --proxyComponentLogLevel="misc:error"
2022-03-30T09:15:41.471973Z	info	FLAG: --proxyLogLevel="warning"
2022-03-30T09:15:41.472006Z	info	FLAG: --serviceCluster="istio-proxy"
2022-03-30T09:15:41.472038Z	info	FLAG: --stsPort="0"
2022-03-30T09:15:41.472175Z	info	FLAG: --templateFile=""
2022-03-30T09:15:41.472207Z	info	FLAG: --tokenManagerPlugin="GoogleTokenExchange"
2022-03-30T09:15:41.483529Z	info	FLAG: --vklog="0"
2022-03-30T09:15:41.483565Z	info	Version 1.13.2-91533d04e894ff86b80acd6d7a4517b144f9e19a-Clean
2022-03-30T09:15:41.484015Z	info	Proxy role	ips=[10.244.0.206 fe80::c05f:39ff:fe85:cb96] type=sidecar id=ts-order-other-mongo-586d6fb5bb-8b59s.default domain=default.svc.cluster.local
2022-03-30T09:15:41.484281Z	info	Apply proxy config from env {}

2022-03-30T09:15:41.500066Z	info	Effective config: binaryPath: /usr/local/bin/envoy
concurrency: 2
configPath: ./etc/istio/proxy
controlPlaneAuthPolicy: MUTUAL_TLS
discoveryAddress: istiod.istio-system.svc:15012
drainDuration: 45s
parentShutdownDuration: 60s
proxyAdminPort: 15000
serviceCluster: istio-proxy
statNameLength: 189
statusPort: 15020
terminationDrainDuration: 5s
tracing:
  zipkin:
    address: zipkin.istio-system:9411

2022-03-30T09:15:41.509111Z	info	JWT policy is third-party-jwt
2022-03-30T09:15:41.543686Z	info	CA Endpoint istiod.istio-system.svc:15012, provider Citadel
2022-03-30T09:15:41.544568Z	info	Opening status port 15020
2022-03-30T09:15:41.544776Z	info	Using CA istiod.istio-system.svc:15012 cert with certs: var/run/secrets/istio/root-cert.pem
2022-03-30T09:15:41.545028Z	info	citadelclient	Citadel client using custom root cert: var/run/secrets/istio/root-cert.pem
2022-03-30T09:15:42.335680Z	info	ads	All caches have been synced up in 1.1545853s, marking server ready
2022-03-30T09:15:42.536759Z	info	sds	SDS server for workload certificates started, listening on "etc/istio/proxy/SDS"
2022-03-30T09:15:42.562261Z	info	sds	Starting SDS grpc server
2022-03-30T09:15:42.536949Z	info	xdsproxy	Initializing with upstream address "istiod.istio-system.svc:15012" and cluster "Kubernetes"
2022-03-30T09:15:42.661046Z	info	starting Http service at 127.0.0.1:15004
2022-03-30T09:15:42.677547Z	info	Pilot SAN: [istiod.istio-system.svc]
2022-03-30T09:15:42.786798Z	info	Starting proxy agent
2022-03-30T09:15:42.786994Z	info	Epoch 0 starting
2022-03-30T09:15:42.787093Z	info	Envoy command: [-c etc/istio/proxy/envoy-rev0.json --restart-epoch 0 --drain-time-s 45 --drain-strategy immediate --parent-shutdown-time-s 60 --local-address-ip-version v4 --file-flush-interval-msec 1000 --disable-hot-restart --log-format %Y-%m-%dT%T.%fZ	%l	envoy %n	%v -l warning --component-log-level misc:error --concurrency 2]
2022-03-30T09:15:43.938702Z	info	xdsproxy	connected to upstream XDS server: istiod.istio-system.svc:15012
2022-03-30T09:15:44.485464Z	info	ads	ADS: new connection for node:ts-order-other-mongo-586d6fb5bb-8b59s.default-1
2022-03-30T09:15:44.533222Z	info	ads	ADS: new connection for node:ts-order-other-mongo-586d6fb5bb-8b59s.default-2
2022-03-30T09:15:45.584945Z	info	cache	generated new workload certificate	latency=3.2232797s ttl=23h59m59.4150866s
2022-03-30T09:15:45.601799Z	info	cache	Root cert has changed, start rotating root cert
2022-03-30T09:15:45.607814Z	info	ads	XDS: Incremental Pushing:0 ConnectedEndpoints:2 Version:
2022-03-30T09:15:45.619967Z	info	cache	returned workload trust anchor from cache	ttl=23h59m59.3800588s
2022-03-30T09:15:45.620423Z	info	ads	SDS: PUSH request for node:ts-order-other-mongo-586d6fb5bb-8b59s.default resources:1 size:1.1kB resource:ROOTCA
2022-03-30T09:15:45.620663Z	info	cache	returned workload certificate from cache	ttl=23h59m59.3793532s
2022-03-30T09:15:45.620805Z	info	ads	SDS: PUSH request for node:ts-order-other-mongo-586d6fb5bb-8b59s.default resources:1 size:4.0kB resource:default
2022-03-30T09:15:45.621084Z	info	cache	returned workload trust anchor from cache	ttl=23h59m59.3789379s
2022-03-30T09:15:45.621191Z	info	ads	SDS: PUSH for node:ts-order-other-mongo-586d6fb5bb-8b59s.default resources:1 size:1.1kB resource:ROOTCA
2022-03-30T09:15:45.697829Z	info	cache	returned workload trust anchor from cache	ttl=23h59m59.3022109s
2022-03-30T09:15:47.081442Z	info	Readiness succeeded in 5.7589389s
2022-03-30T09:15:47.082418Z	info	Envoy proxy is ready
2022-03-30T09:27:37.343798Z	info	xdsproxy	connected to upstream XDS server: istiod.istio-system.svc:15012
2022-03-30T09:55:40.787464Z	info	xdsproxy	connected to upstream XDS server: istiod.istio-system.svc:15012
2022-03-30T10:02:55.581162Z	warn	xdsproxy	upstream [3] terminated with unexpected error rpc error: code = Unavailable desc = keepalive ping failed to receive ACK within timeout
2022-03-30T10:03:08.912211Z	info	xdsproxy	connected to upstream XDS server: istiod.istio-system.svc:15012
2022-03-30T10:15:14.810077Z	warn	xdsproxy	upstream [4] terminated with unexpected error rpc error: code = Unavailable desc = keepalive ping failed to receive ACK within timeout
2022-03-30T10:15:25.852009Z	info	xdsproxy	connected to upstream XDS server: istiod.istio-system.svc:15012
