2022-03-30T09:15:45.499741Z	info	FLAG: --concurrency="2"
2022-03-30T09:15:45.499788Z	info	FLAG: --domain="default.svc.cluster.local"
2022-03-30T09:15:45.499814Z	info	FLAG: --help="false"
2022-03-30T09:15:45.499827Z	info	FLAG: --log_as_json="false"
2022-03-30T09:15:45.508276Z	info	FLAG: --log_caller=""
2022-03-30T09:15:45.508310Z	info	FLAG: --log_output_level="default:info"
2022-03-30T09:15:45.508324Z	info	FLAG: --log_rotate=""
2022-03-30T09:15:45.511952Z	info	FLAG: --log_rotate_max_age="30"
2022-03-30T09:15:45.511994Z	info	FLAG: --log_rotate_max_backups="1000"
2022-03-30T09:15:45.512013Z	info	FLAG: --log_rotate_max_size="104857600"
2022-03-30T09:15:45.512195Z	info	FLAG: --log_stacktrace_level="default:none"
2022-03-30T09:15:45.512254Z	info	FLAG: --log_target="[stdout]"
2022-03-30T09:15:45.512271Z	info	FLAG: --meshConfig="./etc/istio/config/mesh"
2022-03-30T09:15:45.512285Z	info	FLAG: --outlierLogPath=""
2022-03-30T09:15:45.512671Z	info	FLAG: --proxyComponentLogLevel="misc:error"
2022-03-30T09:15:45.512688Z	info	FLAG: --proxyLogLevel="warning"
2022-03-30T09:15:45.512711Z	info	FLAG: --serviceCluster="istio-proxy"
2022-03-30T09:15:45.516942Z	info	FLAG: --stsPort="0"
2022-03-30T09:15:45.516968Z	info	FLAG: --templateFile=""
2022-03-30T09:15:45.520411Z	info	FLAG: --tokenManagerPlugin="GoogleTokenExchange"
2022-03-30T09:15:45.520442Z	info	FLAG: --vklog="0"
2022-03-30T09:15:45.522998Z	info	Version 1.13.2-91533d04e894ff86b80acd6d7a4517b144f9e19a-Clean
2022-03-30T09:15:45.526412Z	info	Proxy role	ips=[10.244.0.214 fe80::4084:38ff:fe04:3ccf] type=sidecar id=ts-payment-mongo-7765794ddb-74drw.default domain=default.svc.cluster.local
2022-03-30T09:15:45.531258Z	info	Apply proxy config from env {}

2022-03-30T09:15:45.534642Z	info	Effective config: binaryPath: /usr/local/bin/envoy
concurrency: 2
configPath: ./etc/istio/proxy
controlPlaneAuthPolicy: MUTUAL_TLS
discoveryAddress: istiod.istio-system.svc:15012
drainDuration: 45s
parentShutdownDuration: 60s
proxyAdminPort: 15000
serviceCluster: istio-proxy
statNameLength: 189
statusPort: 15020
terminationDrainDuration: 5s
tracing:
  zipkin:
    address: zipkin.istio-system:9411

2022-03-30T09:15:45.534706Z	info	JWT policy is third-party-jwt
2022-03-30T09:15:45.564338Z	info	CA Endpoint istiod.istio-system.svc:15012, provider Citadel
2022-03-30T09:15:45.567172Z	info	Using CA istiod.istio-system.svc:15012 cert with certs: var/run/secrets/istio/root-cert.pem
2022-03-30T09:15:45.567285Z	info	citadelclient	Citadel client using custom root cert: var/run/secrets/istio/root-cert.pem
2022-03-30T09:15:45.622445Z	info	Opening status port 15020
2022-03-30T09:15:45.827390Z	info	ads	All caches have been synced up in 516.9933ms, marking server ready
2022-03-30T09:15:45.842410Z	info	sds	SDS server for workload certificates started, listening on "etc/istio/proxy/SDS"
2022-03-30T09:15:45.842534Z	info	xdsproxy	Initializing with upstream address "istiod.istio-system.svc:15012" and cluster "Kubernetes"
2022-03-30T09:15:45.844519Z	info	Pilot SAN: [istiod.istio-system.svc]
2022-03-30T09:15:45.845100Z	info	sds	Starting SDS grpc server
2022-03-30T09:15:45.845273Z	info	starting Http service at 127.0.0.1:15004
2022-03-30T09:15:46.067629Z	info	Starting proxy agent
2022-03-30T09:15:46.067715Z	info	Epoch 0 starting
2022-03-30T09:15:46.128144Z	info	Envoy command: [-c etc/istio/proxy/envoy-rev0.json --restart-epoch 0 --drain-time-s 45 --drain-strategy immediate --parent-shutdown-time-s 60 --local-address-ip-version v4 --file-flush-interval-msec 1000 --disable-hot-restart --log-format %Y-%m-%dT%T.%fZ	%l	envoy %n	%v -l warning --component-log-level misc:error --concurrency 2]
2022-03-30T09:15:46.490781Z	info	cache	generated new workload certificate	latency=662.164ms ttl=23h59m59.509252s
2022-03-30T09:15:46.497085Z	info	cache	Root cert has changed, start rotating root cert
2022-03-30T09:15:46.497224Z	info	ads	XDS: Incremental Pushing:0 ConnectedEndpoints:0 Version:
2022-03-30T09:15:46.497351Z	info	cache	returned workload trust anchor from cache	ttl=23h59m59.5026665s
2022-03-30T09:15:47.545607Z	info	xdsproxy	connected to upstream XDS server: istiod.istio-system.svc:15012
2022-03-30T09:15:48.428889Z	info	ads	ADS: new connection for node:ts-payment-mongo-7765794ddb-74drw.default-1
2022-03-30T09:15:48.429143Z	info	cache	returned workload trust anchor from cache	ttl=23h59m57.5708808s
2022-03-30T09:15:48.429629Z	info	ads	SDS: PUSH request for node:ts-payment-mongo-7765794ddb-74drw.default resources:1 size:1.1kB resource:ROOTCA
2022-03-30T09:15:48.472493Z	info	ads	ADS: new connection for node:ts-payment-mongo-7765794ddb-74drw.default-2
2022-03-30T09:15:48.473311Z	info	cache	returned workload certificate from cache	ttl=23h59m57.5271983s
2022-03-30T09:15:48.474547Z	info	ads	SDS: PUSH request for node:ts-payment-mongo-7765794ddb-74drw.default resources:1 size:4.0kB resource:default
2022-03-30T09:15:50.341036Z	info	Readiness succeeded in 4.9088521s
2022-03-30T09:15:50.342023Z	info	Envoy proxy is ready
2022-03-30T09:45:13.625812Z	info	xdsproxy	connected to upstream XDS server: istiod.istio-system.svc:15012
2022-03-30T09:58:05.453225Z	warn	xdsproxy	upstream [2] terminated with unexpected error rpc error: code = Unavailable desc = keepalive ping failed to receive ACK within timeout
2022-03-30T09:58:07.179788Z	warning	envoy config	StreamAggregatedResources gRPC config stream closed: 13, 
2022-03-30T09:58:10.901883Z	info	xdsproxy	connected to upstream XDS server: istiod.istio-system.svc:15012
2022-03-30T10:02:54.893813Z	warn	xdsproxy	upstream [3] terminated with unexpected error rpc error: code = Unavailable desc = keepalive ping failed to receive ACK within timeout
{"user_agent":null,"protocol":null,"requested_server_name":"outbound_.27017_._.ts-payment-mongo.default.svc.cluster.local","path":null,"bytes_sent":75875,"connection_termination_details":null,"upstream_cluster":"inbound|27017||","downstream_remote_address":"10.244.0.244:48564","start_time":"2022-03-30T09:23:32.175Z","request_id":null,"response_code_details":null,"bytes_received":14400,"duration":2376675,"response_code":0,"method":null,"upstream_host":"10.244.0.214:27017","route_name":null,"upstream_service_time":null,"response_flags":"-","downstream_local_address":"10.244.0.214:27017","upstream_local_address":"127.0.0.6:46891","upstream_transport_failure_reason":null,"x_forwarded_for":null,"authority":null}
2022-03-30T10:03:08.145692Z	info	xdsproxy	connected to upstream XDS server: istiod.istio-system.svc:15012
2022-03-30T10:15:15.115059Z	warn	xdsproxy	upstream [4] terminated with unexpected error rpc error: code = Unavailable desc = keepalive ping failed to receive ACK within timeout
2022-03-30T10:15:26.920063Z	info	xdsproxy	connected to upstream XDS server: istiod.istio-system.svc:15012
{"connection_termination_details":null,"response_code":0,"user_agent":null,"downstream_local_address":"10.244.0.214:27017","route_name":null,"bytes_sent":3408,"upstream_host":"10.244.0.214:27017","protocol":null,"path":null,"response_flags":"-","duration":3608472,"request_id":null,"bytes_received":1678,"downstream_remote_address":"10.244.0.244:46030","requested_server_name":"outbound_.27017_._.ts-payment-mongo.default.svc.cluster.local","upstream_local_address":"127.0.0.6:53265","x_forwarded_for":null,"upstream_service_time":null,"method":null,"upstream_transport_failure_reason":null,"response_code_details":null,"upstream_cluster":"inbound|27017||","start_time":"2022-03-30T09:29:08.926Z","authority":null}
