2022-03-30T09:16:28.684639Z	info	FLAG: --concurrency="2"
2022-03-30T09:16:28.698905Z	info	FLAG: --domain="default.svc.cluster.local"
2022-03-30T09:16:28.705827Z	info	FLAG: --help="false"
2022-03-30T09:16:28.708845Z	info	FLAG: --log_as_json="false"
2022-03-30T09:16:28.720742Z	info	FLAG: --log_caller=""
2022-03-30T09:16:28.721622Z	info	FLAG: --log_output_level="default:info"
2022-03-30T09:16:28.759691Z	info	FLAG: --log_rotate=""
2022-03-30T09:16:28.762705Z	info	FLAG: --log_rotate_max_age="30"
2022-03-30T09:16:28.766695Z	info	FLAG: --log_rotate_max_backups="1000"
2022-03-30T09:16:28.766982Z	info	FLAG: --log_rotate_max_size="104857600"
2022-03-30T09:16:28.767210Z	info	FLAG: --log_stacktrace_level="default:none"
2022-03-30T09:16:28.767459Z	info	FLAG: --log_target="[stdout]"
2022-03-30T09:16:28.767809Z	info	FLAG: --meshConfig="./etc/istio/config/mesh"
2022-03-30T09:16:28.771596Z	info	FLAG: --outlierLogPath=""
2022-03-30T09:16:28.789691Z	info	FLAG: --proxyComponentLogLevel="misc:error"
2022-03-30T09:16:28.789713Z	info	FLAG: --proxyLogLevel="warning"
2022-03-30T09:16:28.789737Z	info	FLAG: --serviceCluster="istio-proxy"
2022-03-30T09:16:28.789761Z	info	FLAG: --stsPort="0"
2022-03-30T09:16:28.789803Z	info	FLAG: --templateFile=""
2022-03-30T09:16:28.789827Z	info	FLAG: --tokenManagerPlugin="GoogleTokenExchange"
2022-03-30T09:16:28.789871Z	info	FLAG: --vklog="0"
2022-03-30T09:16:28.789901Z	info	Version 1.13.2-91533d04e894ff86b80acd6d7a4517b144f9e19a-Clean
2022-03-30T09:16:28.790247Z	info	Proxy role	ips=[10.244.0.249 fe80::b4a3:b5ff:fe43:dd2f] type=sidecar id=ts-rebook-service-5c555dc66b-5bkcg.default domain=default.svc.cluster.local
2022-03-30T09:16:28.790338Z	info	Apply proxy config from env {}

2022-03-30T09:16:28.815723Z	info	Effective config: binaryPath: /usr/local/bin/envoy
concurrency: 2
configPath: ./etc/istio/proxy
controlPlaneAuthPolicy: MUTUAL_TLS
discoveryAddress: istiod.istio-system.svc:15012
drainDuration: 45s
parentShutdownDuration: 60s
proxyAdminPort: 15000
serviceCluster: istio-proxy
statNameLength: 189
statusPort: 15020
terminationDrainDuration: 5s
tracing:
  zipkin:
    address: zipkin.istio-system:9411

2022-03-30T09:16:28.815766Z	info	JWT policy is third-party-jwt
2022-03-30T09:16:28.833972Z	info	CA Endpoint istiod.istio-system.svc:15012, provider Citadel
2022-03-30T09:16:28.834092Z	info	Using CA istiod.istio-system.svc:15012 cert with certs: var/run/secrets/istio/root-cert.pem
2022-03-30T09:16:28.834237Z	info	citadelclient	Citadel client using custom root cert: var/run/secrets/istio/root-cert.pem
2022-03-30T09:16:28.846000Z	info	Opening status port 15020
2022-03-30T09:16:29.088198Z	info	ads	All caches have been synced up in 1.2265426s, marking server ready
2022-03-30T09:16:29.104049Z	info	sds	SDS server for workload certificates started, listening on "etc/istio/proxy/SDS"
2022-03-30T09:16:29.104177Z	info	xdsproxy	Initializing with upstream address "istiod.istio-system.svc:15012" and cluster "Kubernetes"
2022-03-30T09:16:29.120797Z	info	starting Http service at 127.0.0.1:15004
2022-03-30T09:16:29.122996Z	info	sds	Starting SDS grpc server
2022-03-30T09:16:29.181415Z	info	Pilot SAN: [istiod.istio-system.svc]
2022-03-30T09:16:29.295465Z	info	Starting proxy agent
2022-03-30T09:16:29.295552Z	info	Epoch 0 starting
2022-03-30T09:16:29.295595Z	info	Envoy command: [-c etc/istio/proxy/envoy-rev0.json --restart-epoch 0 --drain-time-s 45 --drain-strategy immediate --parent-shutdown-time-s 60 --local-address-ip-version v4 --file-flush-interval-msec 1000 --disable-hot-restart --log-format %Y-%m-%dT%T.%fZ	%l	envoy %n	%v -l warning --component-log-level misc:error --concurrency 2]
2022-03-30T09:16:36.861257Z	info	xdsproxy	connected to upstream XDS server: istiod.istio-system.svc:15012
2022-03-30T09:17:07.996997Z	info	ads	ADS: new connection for node:ts-rebook-service-5c555dc66b-5bkcg.default-1
2022-03-30T09:17:08.151629Z	info	ads	ADS: new connection for node:ts-rebook-service-5c555dc66b-5bkcg.default-2
2022-03-30T09:17:11.452207Z	info	cache	generated new workload certificate	latency=42.3346592s ttl=23h59m57.5478434s
2022-03-30T09:17:11.488369Z	info	cache	Root cert has changed, start rotating root cert
2022-03-30T09:17:11.488564Z	info	ads	XDS: Incremental Pushing:0 ConnectedEndpoints:2 Version:
2022-03-30T09:17:11.542380Z	info	cache	returned workload trust anchor from cache	ttl=23h59m57.4578004s
2022-03-30T09:17:11.547858Z	info	cache	returned workload trust anchor from cache	ttl=23h59m57.4574542s
2022-03-30T09:17:11.589540Z	info	cache	returned workload certificate from cache	ttl=23h59m57.4105191s
2022-03-30T09:17:11.594505Z	info	ads	SDS: PUSH request for node:ts-rebook-service-5c555dc66b-5bkcg.default resources:1 size:1.1kB resource:ROOTCA
2022-03-30T09:17:11.616561Z	info	ads	SDS: PUSH request for node:ts-rebook-service-5c555dc66b-5bkcg.default resources:1 size:4.0kB resource:default
2022-03-30T09:17:11.669064Z	info	cache	returned workload trust anchor from cache	ttl=23h59m57.3309827s
2022-03-30T09:17:11.693470Z	info	ads	SDS: PUSH for node:ts-rebook-service-5c555dc66b-5bkcg.default resources:1 size:1.1kB resource:ROOTCA
2022-03-30T09:18:12.068994Z	info	Readiness succeeded in 1m44.2218246s
2022-03-30T09:18:12.094096Z	info	Envoy proxy is ready
2022-03-30T09:45:47.098500Z	info	xdsproxy	connected to upstream XDS server: istiod.istio-system.svc:15012
2022-03-30T10:02:59.022912Z	warning	envoy config	StreamAggregatedResources gRPC config stream closed: 13, 
2022-03-30T10:03:08.610749Z	info	xdsproxy	connected to upstream XDS server: istiod.istio-system.svc:15012
2022-03-30T10:15:16.100403Z	warn	xdsproxy	upstream [3] terminated with unexpected error rpc error: code = Unavailable desc = keepalive ping failed to receive ACK within timeout
2022-03-30T10:15:24.108390Z	info	xdsproxy	connected to upstream XDS server: istiod.istio-system.svc:15012
