2022-03-30T09:16:32.678945Z	info	FLAG: --concurrency="2"
2022-03-30T09:16:32.679762Z	info	FLAG: --domain="default.svc.cluster.local"
2022-03-30T09:16:32.679797Z	info	FLAG: --help="false"
2022-03-30T09:16:32.679827Z	info	FLAG: --log_as_json="false"
2022-03-30T09:16:32.679855Z	info	FLAG: --log_caller=""
2022-03-30T09:16:32.679882Z	info	FLAG: --log_output_level="default:info"
2022-03-30T09:16:32.680028Z	info	FLAG: --log_rotate=""
2022-03-30T09:16:32.680059Z	info	FLAG: --log_rotate_max_age="30"
2022-03-30T09:16:32.680084Z	info	FLAG: --log_rotate_max_backups="1000"
2022-03-30T09:16:32.680116Z	info	FLAG: --log_rotate_max_size="104857600"
2022-03-30T09:16:32.680146Z	info	FLAG: --log_stacktrace_level="default:none"
2022-03-30T09:16:32.680183Z	info	FLAG: --log_target="[stdout]"
2022-03-30T09:16:32.680200Z	info	FLAG: --meshConfig="./etc/istio/config/mesh"
2022-03-30T09:16:32.680229Z	info	FLAG: --outlierLogPath=""
2022-03-30T09:16:32.681913Z	info	FLAG: --proxyComponentLogLevel="misc:error"
2022-03-30T09:16:32.681970Z	info	FLAG: --proxyLogLevel="warning"
2022-03-30T09:16:32.681997Z	info	FLAG: --serviceCluster="istio-proxy"
2022-03-30T09:16:32.682018Z	info	FLAG: --stsPort="0"
2022-03-30T09:16:32.682045Z	info	FLAG: --templateFile=""
2022-03-30T09:16:32.682075Z	info	FLAG: --tokenManagerPlugin="GoogleTokenExchange"
2022-03-30T09:16:32.682104Z	info	FLAG: --vklog="0"
2022-03-30T09:16:32.682141Z	info	Version 1.13.2-91533d04e894ff86b80acd6d7a4517b144f9e19a-Clean
2022-03-30T09:16:32.712343Z	info	Proxy role	ips=[10.244.0.251 fe80::c0a5:45ff:feee:6f56] type=sidecar id=ts-ticket-office-service-774576cf66-8t262.default domain=default.svc.cluster.local
2022-03-30T09:16:32.712656Z	info	Apply proxy config from env {}

2022-03-30T09:16:32.721891Z	info	Effective config: binaryPath: /usr/local/bin/envoy
concurrency: 2
configPath: ./etc/istio/proxy
controlPlaneAuthPolicy: MUTUAL_TLS
discoveryAddress: istiod.istio-system.svc:15012
drainDuration: 45s
parentShutdownDuration: 60s
proxyAdminPort: 15000
serviceCluster: istio-proxy
statNameLength: 189
statusPort: 15020
terminationDrainDuration: 5s
tracing:
  zipkin:
    address: zipkin.istio-system:9411

2022-03-30T09:16:32.721995Z	info	JWT policy is third-party-jwt
2022-03-30T09:16:32.760991Z	info	CA Endpoint istiod.istio-system.svc:15012, provider Citadel
2022-03-30T09:16:32.761137Z	info	Using CA istiod.istio-system.svc:15012 cert with certs: var/run/secrets/istio/root-cert.pem
2022-03-30T09:16:32.761320Z	info	citadelclient	Citadel client using custom root cert: var/run/secrets/istio/root-cert.pem
2022-03-30T09:16:33.157819Z	info	Opening status port 15020
2022-03-30T09:16:33.795763Z	info	ads	All caches have been synced up in 1.376615s, marking server ready
2022-03-30T09:16:33.804657Z	info	sds	SDS server for workload certificates started, listening on "etc/istio/proxy/SDS"
2022-03-30T09:16:33.810799Z	info	xdsproxy	Initializing with upstream address "istiod.istio-system.svc:15012" and cluster "Kubernetes"
2022-03-30T09:16:33.808251Z	info	sds	Starting SDS grpc server
2022-03-30T09:16:33.838679Z	info	starting Http service at 127.0.0.1:15004
2022-03-30T09:16:33.846669Z	info	Pilot SAN: [istiod.istio-system.svc]
2022-03-30T09:16:34.206355Z	info	Starting proxy agent
2022-03-30T09:16:34.215898Z	info	Epoch 0 starting
2022-03-30T09:16:34.231868Z	info	Envoy command: [-c etc/istio/proxy/envoy-rev0.json --restart-epoch 0 --drain-time-s 45 --drain-strategy immediate --parent-shutdown-time-s 60 --local-address-ip-version v4 --file-flush-interval-msec 1000 --disable-hot-restart --log-format %Y-%m-%dT%T.%fZ	%l	envoy %n	%v -l warning --component-log-level misc:error --concurrency 2]
2022-03-30T09:16:49.153658Z	info	xdsproxy	connected to upstream XDS server: istiod.istio-system.svc:15012
2022-03-30T09:16:53.276861Z	info	cache	generated new workload certificate	latency=19.5046347s ttl=23h59m55.7231704s
2022-03-30T09:16:53.277005Z	info	cache	Root cert has changed, start rotating root cert
2022-03-30T09:16:53.277071Z	info	ads	XDS: Incremental Pushing:0 ConnectedEndpoints:0 Version:
2022-03-30T09:16:53.277349Z	info	cache	returned workload trust anchor from cache	ttl=23h59m55.7226751s
2022-03-30T09:17:21.579480Z	info	ads	ADS: new connection for node:ts-ticket-office-service-774576cf66-8t262.default-1
2022-03-30T09:17:21.579780Z	info	cache	returned workload certificate from cache	ttl=23h59m27.4202591s
2022-03-30T09:17:21.726316Z	info	ads	ADS: new connection for node:ts-ticket-office-service-774576cf66-8t262.default-2
2022-03-30T09:17:21.769981Z	info	cache	returned workload trust anchor from cache	ttl=23h59m27.2300537s
2022-03-30T09:17:21.777257Z	info	ads	SDS: PUSH request for node:ts-ticket-office-service-774576cf66-8t262.default resources:1 size:1.1kB resource:ROOTCA
2022-03-30T09:17:21.910655Z	info	ads	SDS: PUSH request for node:ts-ticket-office-service-774576cf66-8t262.default resources:1 size:4.0kB resource:default
2022-03-30T09:18:49.159573Z	info	Readiness succeeded in 2m16.8795674s
2022-03-30T09:18:49.160772Z	info	Envoy proxy is ready
{"bytes_received":1743,"upstream_transport_failure_reason":null,"authority":null,"upstream_cluster":"outbound|27017||ts-ticket-office-mongo.default.svc.cluster.local","path":null,"requested_server_name":null,"response_code":0,"user_agent":null,"method":null,"route_name":null,"response_flags":"-","duration":1147,"request_id":null,"protocol":null,"upstream_local_address":"10.244.0.251:55470","downstream_remote_address":"10.244.0.251:39804","upstream_service_time":null,"upstream_host":"10.244.0.215:27017","response_code_details":null,"x_forwarded_for":null,"bytes_sent":439,"downstream_local_address":"10.96.34.114:27017","start_time":"2022-03-30T09:19:21.702Z","connection_termination_details":null}
{"method":null,"authority":null,"upstream_transport_failure_reason":null,"upstream_local_address":"10.244.0.251:49720","upstream_service_time":null,"user_agent":null,"route_name":null,"response_flags":"-","downstream_local_address":"104.16.21.35:443","requested_server_name":null,"bytes_sent":1765630,"protocol":null,"downstream_remote_address":"10.244.0.251:49718","upstream_host":"104.16.21.35:443","bytes_received":837,"response_code":0,"request_id":null,"x_forwarded_for":null,"upstream_cluster":"PassthroughCluster","response_code_details":null,"duration":17174,"path":null,"start_time":"2022-03-30T09:19:15.066Z","connection_termination_details":null}
2022-03-30T09:45:11.577221Z	info	xdsproxy	connected to upstream XDS server: istiod.istio-system.svc:15012
2022-03-30T09:57:58.936930Z	warn	xdsproxy	upstream [2] terminated with unexpected error rpc error: code = Unavailable desc = keepalive ping failed to receive ACK within timeout
2022-03-30T09:58:05.065451Z	warning	envoy config	StreamAggregatedResources gRPC config stream closed: 13, 
2022-03-30T09:58:11.122029Z	info	xdsproxy	connected to upstream XDS server: istiod.istio-system.svc:15012
2022-03-30T10:02:52.372388Z	warning	envoy config	StreamAggregatedResources gRPC config stream closed: 13, 
2022-03-30T10:03:05.896092Z	info	xdsproxy	connected to upstream XDS server: istiod.istio-system.svc:15012
2022-03-30T10:15:15.376304Z	warn	xdsproxy	upstream [4] terminated with unexpected error rpc error: code = Unavailable desc = keepalive ping failed to receive ACK within timeout
2022-03-30T10:15:23.511108Z	info	xdsproxy	connected to upstream XDS server: istiod.istio-system.svc:15012
