2022-03-30T09:15:42.194857Z	info	FLAG: --concurrency="2"
2022-03-30T09:15:42.195065Z	info	FLAG: --domain="default.svc.cluster.local"
2022-03-30T09:15:42.195107Z	info	FLAG: --help="false"
2022-03-30T09:15:42.195133Z	info	FLAG: --log_as_json="false"
2022-03-30T09:15:42.195169Z	info	FLAG: --log_caller=""
2022-03-30T09:15:42.195186Z	info	FLAG: --log_output_level="default:info"
2022-03-30T09:15:42.195203Z	info	FLAG: --log_rotate=""
2022-03-30T09:15:42.195228Z	info	FLAG: --log_rotate_max_age="30"
2022-03-30T09:15:42.195252Z	info	FLAG: --log_rotate_max_backups="1000"
2022-03-30T09:15:42.195269Z	info	FLAG: --log_rotate_max_size="104857600"
2022-03-30T09:15:42.195294Z	info	FLAG: --log_stacktrace_level="default:none"
2022-03-30T09:15:42.195319Z	info	FLAG: --log_target="[stdout]"
2022-03-30T09:15:42.195354Z	info	FLAG: --meshConfig="./etc/istio/config/mesh"
2022-03-30T09:15:42.195379Z	info	FLAG: --outlierLogPath=""
2022-03-30T09:15:42.195395Z	info	FLAG: --proxyComponentLogLevel="misc:error"
2022-03-30T09:15:42.195411Z	info	FLAG: --proxyLogLevel="warning"
2022-03-30T09:15:42.195452Z	info	FLAG: --serviceCluster="istio-proxy"
2022-03-30T09:15:42.195469Z	info	FLAG: --stsPort="0"
2022-03-30T09:15:42.195487Z	info	FLAG: --templateFile=""
2022-03-30T09:15:42.195512Z	info	FLAG: --tokenManagerPlugin="GoogleTokenExchange"
2022-03-30T09:15:42.195545Z	info	FLAG: --vklog="0"
2022-03-30T09:15:42.195568Z	info	Version 1.13.2-91533d04e894ff86b80acd6d7a4517b144f9e19a-Clean
2022-03-30T09:15:42.195823Z	info	Proxy role	ips=[10.244.0.208 fe80::b48a:1eff:feab:4ba3] type=sidecar id=ts-travel-mongo-64b77f64c4-9m66r.default domain=default.svc.cluster.local
2022-03-30T09:15:42.195997Z	info	Apply proxy config from env {}

2022-03-30T09:15:42.198664Z	info	Effective config: binaryPath: /usr/local/bin/envoy
concurrency: 2
configPath: ./etc/istio/proxy
controlPlaneAuthPolicy: MUTUAL_TLS
discoveryAddress: istiod.istio-system.svc:15012
drainDuration: 45s
parentShutdownDuration: 60s
proxyAdminPort: 15000
serviceCluster: istio-proxy
statNameLength: 189
statusPort: 15020
terminationDrainDuration: 5s
tracing:
  zipkin:
    address: zipkin.istio-system:9411

2022-03-30T09:15:42.198745Z	info	JWT policy is third-party-jwt
2022-03-30T09:15:42.217073Z	info	CA Endpoint istiod.istio-system.svc:15012, provider Citadel
2022-03-30T09:15:42.218707Z	info	Using CA istiod.istio-system.svc:15012 cert with certs: var/run/secrets/istio/root-cert.pem
2022-03-30T09:15:42.218817Z	info	citadelclient	Citadel client using custom root cert: var/run/secrets/istio/root-cert.pem
2022-03-30T09:15:42.267354Z	info	Opening status port 15020
2022-03-30T09:15:42.892121Z	info	ads	All caches have been synced up in 732.9443ms, marking server ready
2022-03-30T09:15:42.892667Z	info	sds	SDS server for workload certificates started, listening on "etc/istio/proxy/SDS"
2022-03-30T09:15:42.892732Z	info	xdsproxy	Initializing with upstream address "istiod.istio-system.svc:15012" and cluster "Kubernetes"
2022-03-30T09:15:42.913806Z	info	starting Http service at 127.0.0.1:15004
2022-03-30T09:15:43.095749Z	info	sds	Starting SDS grpc server
2022-03-30T09:15:43.175153Z	info	Pilot SAN: [istiod.istio-system.svc]
2022-03-30T09:15:43.304562Z	info	Starting proxy agent
2022-03-30T09:15:43.304649Z	info	Epoch 0 starting
2022-03-30T09:15:43.304687Z	info	Envoy command: [-c etc/istio/proxy/envoy-rev0.json --restart-epoch 0 --drain-time-s 45 --drain-strategy immediate --parent-shutdown-time-s 60 --local-address-ip-version v4 --file-flush-interval-msec 1000 --disable-hot-restart --log-format %Y-%m-%dT%T.%fZ	%l	envoy %n	%v -l warning --component-log-level misc:error --concurrency 2]
2022-03-30T09:15:44.389619Z	info	xdsproxy	connected to upstream XDS server: istiod.istio-system.svc:15012
2022-03-30T09:15:45.192249Z	info	ads	ADS: new connection for node:ts-travel-mongo-64b77f64c4-9m66r.default-1
2022-03-30T09:15:45.192457Z	info	ads	ADS: new connection for node:ts-travel-mongo-64b77f64c4-9m66r.default-2
2022-03-30T09:15:45.640173Z	info	cache	generated new workload certificate	latency=2.7441446s ttl=23h59m59.35985s
2022-03-30T09:15:45.644918Z	info	cache	Root cert has changed, start rotating root cert
2022-03-30T09:15:45.646031Z	info	ads	XDS: Incremental Pushing:0 ConnectedEndpoints:2 Version:
2022-03-30T09:15:45.648307Z	info	cache	returned workload trust anchor from cache	ttl=23h59m59.3517144s
2022-03-30T09:15:45.648977Z	info	cache	returned workload trust anchor from cache	ttl=23h59m59.351043s
2022-03-30T09:15:45.649749Z	info	ads	SDS: PUSH request for node:ts-travel-mongo-64b77f64c4-9m66r.default resources:1 size:1.1kB resource:ROOTCA
2022-03-30T09:15:45.658956Z	info	cache	returned workload certificate from cache	ttl=23h59m59.3410658s
2022-03-30T09:15:45.668570Z	info	ads	SDS: PUSH request for node:ts-travel-mongo-64b77f64c4-9m66r.default resources:1 size:4.0kB resource:default
2022-03-30T09:15:45.697269Z	info	cache	returned workload trust anchor from cache	ttl=23h59m59.302759s
2022-03-30T09:15:45.697431Z	info	ads	SDS: PUSH for node:ts-travel-mongo-64b77f64c4-9m66r.default resources:1 size:1.1kB resource:ROOTCA
2022-03-30T09:15:47.244295Z	info	Readiness succeeded in 5.082519s
2022-03-30T09:15:47.255341Z	info	Envoy proxy is ready
2022-03-30T09:27:35.182898Z	warn	xdsproxy	upstream [1] terminated with unexpected error rpc error: code = Unavailable desc = keepalive ping failed to receive ACK within timeout
2022-03-30T09:27:38.927986Z	info	xdsproxy	connected to upstream XDS server: istiod.istio-system.svc:15012
2022-03-30T09:56:36.344380Z	info	xdsproxy	connected to upstream XDS server: istiod.istio-system.svc:15012
2022-03-30T10:02:53.994182Z	warn	xdsproxy	upstream [3] terminated with unexpected error rpc error: code = Unavailable desc = keepalive ping failed to receive ACK within timeout
2022-03-30T10:03:07.163583Z	info	xdsproxy	connected to upstream XDS server: istiod.istio-system.svc:15012
2022-03-30T10:15:15.110081Z	warn	xdsproxy	upstream [4] terminated with unexpected error rpc error: code = Unavailable desc = keepalive ping failed to receive ACK within timeout
2022-03-30T10:15:18.882304Z	warning	envoy config	StreamAggregatedResources gRPC config stream closed: 13, 
2022-03-30T10:15:24.226708Z	info	xdsproxy	connected to upstream XDS server: istiod.istio-system.svc:15012
