2022-03-30T09:15:45.880655Z	info	FLAG: --concurrency="2"
2022-03-30T09:15:45.880728Z	info	FLAG: --domain="default.svc.cluster.local"
2022-03-30T09:15:45.880744Z	info	FLAG: --help="false"
2022-03-30T09:15:45.880758Z	info	FLAG: --log_as_json="false"
2022-03-30T09:15:45.880776Z	info	FLAG: --log_caller=""
2022-03-30T09:15:45.880794Z	info	FLAG: --log_output_level="default:info"
2022-03-30T09:15:45.880807Z	info	FLAG: --log_rotate=""
2022-03-30T09:15:45.880826Z	info	FLAG: --log_rotate_max_age="30"
2022-03-30T09:15:45.880912Z	info	FLAG: --log_rotate_max_backups="1000"
2022-03-30T09:15:45.880931Z	info	FLAG: --log_rotate_max_size="104857600"
2022-03-30T09:15:45.880949Z	info	FLAG: --log_stacktrace_level="default:none"
2022-03-30T09:15:45.880984Z	info	FLAG: --log_target="[stdout]"
2022-03-30T09:15:45.881003Z	info	FLAG: --meshConfig="./etc/istio/config/mesh"
2022-03-30T09:15:45.881051Z	info	FLAG: --outlierLogPath=""
2022-03-30T09:15:45.881122Z	info	FLAG: --proxyComponentLogLevel="misc:error"
2022-03-30T09:15:45.881179Z	info	FLAG: --proxyLogLevel="warning"
2022-03-30T09:15:45.881214Z	info	FLAG: --serviceCluster="istio-proxy"
2022-03-30T09:15:45.881236Z	info	FLAG: --stsPort="0"
2022-03-30T09:15:45.881256Z	info	FLAG: --templateFile=""
2022-03-30T09:15:45.881281Z	info	FLAG: --tokenManagerPlugin="GoogleTokenExchange"
2022-03-30T09:15:45.881361Z	info	FLAG: --vklog="0"
2022-03-30T09:15:45.881386Z	info	Version 1.13.2-91533d04e894ff86b80acd6d7a4517b144f9e19a-Clean
2022-03-30T09:15:45.881635Z	info	Proxy role	ips=[10.244.0.216 fe80::80fe:e3ff:fe11:4ab5] type=sidecar id=ts-voucher-mysql-78f7d8dfb4-4j7tx.default domain=default.svc.cluster.local
2022-03-30T09:15:45.881734Z	info	Apply proxy config from env {}

2022-03-30T09:15:45.928007Z	info	Effective config: binaryPath: /usr/local/bin/envoy
concurrency: 2
configPath: ./etc/istio/proxy
controlPlaneAuthPolicy: MUTUAL_TLS
discoveryAddress: istiod.istio-system.svc:15012
drainDuration: 45s
parentShutdownDuration: 60s
proxyAdminPort: 15000
serviceCluster: istio-proxy
statNameLength: 189
statusPort: 15020
terminationDrainDuration: 5s
tracing:
  zipkin:
    address: zipkin.istio-system:9411

2022-03-30T09:15:45.928067Z	info	JWT policy is third-party-jwt
2022-03-30T09:15:45.935011Z	info	CA Endpoint istiod.istio-system.svc:15012, provider Citadel
2022-03-30T09:15:45.935182Z	info	Using CA istiod.istio-system.svc:15012 cert with certs: var/run/secrets/istio/root-cert.pem
2022-03-30T09:15:45.935494Z	info	citadelclient	Citadel client using custom root cert: var/run/secrets/istio/root-cert.pem
2022-03-30T09:15:45.939305Z	info	Opening status port 15020
2022-03-30T09:15:46.631050Z	info	ads	All caches have been synced up in 884.3295ms, marking server ready
2022-03-30T09:15:46.631603Z	info	sds	SDS server for workload certificates started, listening on "etc/istio/proxy/SDS"
2022-03-30T09:15:46.631664Z	info	xdsproxy	Initializing with upstream address "istiod.istio-system.svc:15012" and cluster "Kubernetes"
2022-03-30T09:15:46.662449Z	info	sds	Starting SDS grpc server
2022-03-30T09:15:46.661844Z	info	Pilot SAN: [istiod.istio-system.svc]
2022-03-30T09:15:46.703626Z	info	starting Http service at 127.0.0.1:15004
2022-03-30T09:15:47.068399Z	info	Starting proxy agent
2022-03-30T09:15:47.068497Z	info	Epoch 0 starting
2022-03-30T09:15:47.068585Z	info	Envoy command: [-c etc/istio/proxy/envoy-rev0.json --restart-epoch 0 --drain-time-s 45 --drain-strategy immediate --parent-shutdown-time-s 60 --local-address-ip-version v4 --file-flush-interval-msec 1000 --disable-hot-restart --log-format %Y-%m-%dT%T.%fZ	%l	envoy %n	%v -l warning --component-log-level misc:error --concurrency 2]
2022-03-30T09:15:47.531183Z	info	xdsproxy	connected to upstream XDS server: istiod.istio-system.svc:15012
2022-03-30T09:15:48.037496Z	info	ads	ADS: new connection for node:ts-voucher-mysql-78f7d8dfb4-4j7tx.default-1
2022-03-30T09:15:48.089148Z	info	ads	ADS: new connection for node:ts-voucher-mysql-78f7d8dfb4-4j7tx.default-2
2022-03-30T09:15:48.507179Z	info	cache	generated new workload certificate	latency=1.8474396s ttl=23h59m59.4928615s
2022-03-30T09:15:48.507320Z	info	cache	Root cert has changed, start rotating root cert
2022-03-30T09:15:48.507446Z	info	ads	XDS: Incremental Pushing:0 ConnectedEndpoints:2 Version:
2022-03-30T09:15:48.515677Z	info	cache	returned workload trust anchor from cache	ttl=23h59m59.4843506s
2022-03-30T09:15:48.515818Z	info	cache	returned workload trust anchor from cache	ttl=23h59m59.484204s
2022-03-30T09:15:48.517278Z	info	ads	SDS: PUSH request for node:ts-voucher-mysql-78f7d8dfb4-4j7tx.default resources:1 size:1.1kB resource:ROOTCA
2022-03-30T09:15:48.517672Z	info	cache	returned workload certificate from cache	ttl=23h59m59.4823449s
2022-03-30T09:15:48.518175Z	info	ads	SDS: PUSH request for node:ts-voucher-mysql-78f7d8dfb4-4j7tx.default resources:1 size:4.0kB resource:default
2022-03-30T09:15:48.518915Z	info	cache	returned workload trust anchor from cache	ttl=23h59m59.4811899s
2022-03-30T09:15:48.519172Z	info	ads	SDS: PUSH for node:ts-voucher-mysql-78f7d8dfb4-4j7tx.default resources:1 size:1.1kB resource:ROOTCA
2022-03-30T09:15:50.579848Z	info	Readiness succeeded in 4.7486063s
2022-03-30T09:15:50.580420Z	info	Envoy proxy is ready
{"bytes_sent":907,"downstream_remote_address":"10.244.0.11:51428","request_id":null,"downstream_local_address":"10.244.0.216:3306","duration":231,"upstream_transport_failure_reason":null,"upstream_local_address":"127.0.0.6:42457","method":null,"x_forwarded_for":null,"bytes_received":1527,"protocol":null,"upstream_cluster":"inbound|3306||","response_code":0,"route_name":null,"response_code_details":null,"upstream_host":"10.244.0.216:3306","response_flags":"-","start_time":"2022-03-30T09:32:10.576Z","user_agent":null,"connection_termination_details":null,"upstream_service_time":null,"authority":null,"path":null,"requested_server_name":"outbound_.3306_._.ts-voucher-mysql.default.svc.cluster.local"}
2022-03-30T09:47:55.399844Z	info	xdsproxy	connected to upstream XDS server: istiod.istio-system.svc:15012
2022-03-30T10:02:54.776120Z	warn	xdsproxy	upstream [2] terminated with unexpected error rpc error: code = Unavailable desc = keepalive ping failed to receive ACK within timeout
2022-03-30T10:02:56.654333Z	warning	envoy config	StreamAggregatedResources gRPC config stream closed: 13, 
2022-03-30T10:03:07.201864Z	info	xdsproxy	connected to upstream XDS server: istiod.istio-system.svc:15012
2022-03-30T10:15:14.988283Z	warning	envoy config	StreamAggregatedResources gRPC config stream closed: 13, 
2022-03-30T10:15:25.645944Z	info	xdsproxy	connected to upstream XDS server: istiod.istio-system.svc:15012
