2022-03-30T09:31:00.893568Z	info	FLAG: --concurrency="2"
2022-03-30T09:31:00.893703Z	info	FLAG: --domain="default.svc.cluster.local"
2022-03-30T09:31:00.893743Z	info	FLAG: --help="false"
2022-03-30T09:31:00.893772Z	info	FLAG: --log_as_json="false"
2022-03-30T09:31:00.893833Z	info	FLAG: --log_caller=""
2022-03-30T09:31:00.893861Z	info	FLAG: --log_output_level="default:info"
2022-03-30T09:31:00.893890Z	info	FLAG: --log_rotate=""
2022-03-30T09:31:00.893948Z	info	FLAG: --log_rotate_max_age="30"
2022-03-30T09:31:00.894249Z	info	FLAG: --log_rotate_max_backups="1000"
2022-03-30T09:31:00.894275Z	info	FLAG: --log_rotate_max_size="104857600"
2022-03-30T09:31:00.894355Z	info	FLAG: --log_stacktrace_level="default:none"
2022-03-30T09:31:00.894439Z	info	FLAG: --log_target="[stdout]"
2022-03-30T09:31:00.894468Z	info	FLAG: --meshConfig="./etc/istio/config/mesh"
2022-03-30T09:31:00.894672Z	info	FLAG: --outlierLogPath=""
2022-03-30T09:31:00.894828Z	info	FLAG: --proxyComponentLogLevel="misc:error"
2022-03-30T09:31:00.894885Z	info	FLAG: --proxyLogLevel="warning"
2022-03-30T09:31:00.894944Z	info	FLAG: --serviceCluster="istio-proxy"
2022-03-30T09:31:00.894981Z	info	FLAG: --stsPort="0"
2022-03-30T09:31:00.895005Z	info	FLAG: --templateFile=""
2022-03-30T09:31:00.895030Z	info	FLAG: --tokenManagerPlugin="GoogleTokenExchange"
2022-03-30T09:31:00.895190Z	info	FLAG: --vklog="0"
2022-03-30T09:31:00.895241Z	info	Version 1.13.2-91533d04e894ff86b80acd6d7a4517b144f9e19a-Clean
2022-03-30T09:31:00.896149Z	info	Proxy role	ips=[10.244.0.11 fe80::f4bc:2eff:fef3:5436] type=sidecar id=ts-voucher-service-85cfb4dc6d-v75jb.default domain=default.svc.cluster.local
2022-03-30T09:31:00.896417Z	info	Apply proxy config from env {}

2022-03-30T09:31:00.908701Z	info	Effective config: binaryPath: /usr/local/bin/envoy
concurrency: 2
configPath: ./etc/istio/proxy
controlPlaneAuthPolicy: MUTUAL_TLS
discoveryAddress: istiod.istio-system.svc:15012
drainDuration: 45s
parentShutdownDuration: 60s
proxyAdminPort: 15000
serviceCluster: istio-proxy
statNameLength: 189
statusPort: 15020
terminationDrainDuration: 5s
tracing:
  zipkin:
    address: zipkin.istio-system:9411

2022-03-30T09:31:00.908817Z	info	JWT policy is third-party-jwt
2022-03-30T09:31:00.966063Z	info	CA Endpoint istiod.istio-system.svc:15012, provider Citadel
2022-03-30T09:31:00.966208Z	info	Using CA istiod.istio-system.svc:15012 cert with certs: var/run/secrets/istio/root-cert.pem
2022-03-30T09:31:00.966435Z	info	Opening status port 15020
2022-03-30T09:31:00.966367Z	info	citadelclient	Citadel client using custom root cert: var/run/secrets/istio/root-cert.pem
2022-03-30T09:31:03.449458Z	info	ads	All caches have been synced up in 2.8359571s, marking server ready
2022-03-30T09:31:03.450969Z	info	sds	SDS server for workload certificates started, listening on "etc/istio/proxy/SDS"
2022-03-30T09:31:03.459969Z	info	sds	Starting SDS grpc server
2022-03-30T09:31:03.544313Z	info	xdsproxy	Initializing with upstream address "istiod.istio-system.svc:15012" and cluster "Kubernetes"
2022-03-30T09:31:03.656573Z	info	starting Http service at 127.0.0.1:15004
2022-03-30T09:31:03.698854Z	info	Pilot SAN: [istiod.istio-system.svc]
2022-03-30T09:31:06.504257Z	info	Starting proxy agent
2022-03-30T09:31:06.504473Z	info	Epoch 0 starting
2022-03-30T09:31:06.504615Z	info	Envoy command: [-c etc/istio/proxy/envoy-rev0.json --restart-epoch 0 --drain-time-s 45 --drain-strategy immediate --parent-shutdown-time-s 60 --local-address-ip-version v4 --file-flush-interval-msec 1000 --disable-hot-restart --log-format %Y-%m-%dT%T.%fZ	%l	envoy %n	%v -l warning --component-log-level misc:error --concurrency 2]
2022-03-30T09:31:08.708185Z	info	xdsproxy	connected to upstream XDS server: istiod.istio-system.svc:15012
2022-03-30T09:31:14.667629Z	info	cache	generated new workload certificate	latency=11.2480974s ttl=23h59m59.3325245s
2022-03-30T09:31:14.667810Z	info	cache	Root cert has changed, start rotating root cert
2022-03-30T09:31:14.671804Z	info	ads	XDS: Incremental Pushing:0 ConnectedEndpoints:0 Version:
2022-03-30T09:31:14.673180Z	info	cache	returned workload trust anchor from cache	ttl=23h59m59.327063s
2022-03-30T09:31:30.667904Z	info	ads	ADS: new connection for node:ts-voucher-service-85cfb4dc6d-v75jb.default-1
2022-03-30T09:31:30.674465Z	info	cache	returned workload trust anchor from cache	ttl=23h59m43.3312723s
2022-03-30T09:31:30.679052Z	info	ads	SDS: PUSH request for node:ts-voucher-service-85cfb4dc6d-v75jb.default resources:1 size:1.1kB resource:ROOTCA
2022-03-30T09:31:30.781169Z	info	ads	ADS: new connection for node:ts-voucher-service-85cfb4dc6d-v75jb.default-2
2022-03-30T09:31:30.782797Z	info	cache	returned workload certificate from cache	ttl=23h59m43.2172617s
2022-03-30T09:31:30.811698Z	info	ads	SDS: PUSH request for node:ts-voucher-service-85cfb4dc6d-v75jb.default resources:1 size:4.0kB resource:default
2022-03-30T09:31:43.839071Z	info	Readiness succeeded in 43.099654s
2022-03-30T09:31:43.846839Z	info	Envoy proxy is ready
{"route_name":null,"downstream_remote_address":"10.244.0.11:59554","x_forwarded_for":null,"downstream_local_address":"10.96.101.22:3306","bytes_received":773,"connection_termination_details":null,"method":null,"response_flags":"-","upstream_cluster":"outbound|3306||ts-voucher-mysql.default.svc.cluster.local","response_code":0,"user_agent":null,"authority":null,"upstream_host":"10.244.0.216:3306","duration":233,"path":null,"bytes_sent":166,"requested_server_name":null,"upstream_service_time":null,"response_code_details":null,"start_time":"2022-03-30T09:32:10.572Z","upstream_transport_failure_reason":null,"request_id":null,"protocol":null,"upstream_local_address":"10.244.0.11:51428"}
2022-03-30T10:03:00.157482Z	warning	envoy config	StreamAggregatedResources gRPC config stream closed: 13, 
2022-03-30T10:03:08.290654Z	info	xdsproxy	connected to upstream XDS server: istiod.istio-system.svc:15012
2022-03-30T10:15:15.238142Z	warn	xdsproxy	upstream [2] terminated with unexpected error rpc error: code = Unavailable desc = keepalive ping failed to receive ACK within timeout
2022-03-30T10:15:27.123013Z	info	xdsproxy	connected to upstream XDS server: istiod.istio-system.svc:15012
