2022-05-09T11:47:37.633103Z	info	FLAG: --concurrency="2"
2022-05-09T11:47:37.633177Z	info	FLAG: --domain="default.svc.cluster.local"
2022-05-09T11:47:37.633194Z	info	FLAG: --help="false"
2022-05-09T11:47:37.633202Z	info	FLAG: --log_as_json="false"
2022-05-09T11:47:37.633334Z	info	FLAG: --log_caller=""
2022-05-09T11:47:37.633388Z	info	FLAG: --log_output_level="default:info"
2022-05-09T11:47:37.633396Z	info	FLAG: --log_rotate=""
2022-05-09T11:47:37.633402Z	info	FLAG: --log_rotate_max_age="30"
2022-05-09T11:47:37.633410Z	info	FLAG: --log_rotate_max_backups="1000"
2022-05-09T11:47:37.633415Z	info	FLAG: --log_rotate_max_size="104857600"
2022-05-09T11:47:37.633420Z	info	FLAG: --log_stacktrace_level="default:none"
2022-05-09T11:47:37.633449Z	info	FLAG: --log_target="[stdout]"
2022-05-09T11:47:37.633630Z	info	FLAG: --meshConfig="./etc/istio/config/mesh"
2022-05-09T11:47:37.633646Z	info	FLAG: --outlierLogPath=""
2022-05-09T11:47:37.633651Z	info	FLAG: --proxyComponentLogLevel="misc:error"
2022-05-09T11:47:37.633661Z	info	FLAG: --proxyLogLevel="warning"
2022-05-09T11:47:37.633666Z	info	FLAG: --serviceCluster="istio-proxy"
2022-05-09T11:47:37.633671Z	info	FLAG: --stsPort="0"
2022-05-09T11:47:37.633679Z	info	FLAG: --templateFile=""
2022-05-09T11:47:37.633684Z	info	FLAG: --tokenManagerPlugin="GoogleTokenExchange"
2022-05-09T11:47:37.633692Z	info	FLAG: --vklog="0"
2022-05-09T11:47:37.633730Z	info	Version 1.13.2-91533d04e894ff86b80acd6d7a4517b144f9e19a-Clean
2022-05-09T11:47:37.633997Z	info	Proxy role	ips=[10.244.0.246 fe80::646f:acff:fe0e:8c3c] type=sidecar id=ts-auth-mongo-795f5cb5c5-l9dqw.default domain=default.svc.cluster.local
2022-05-09T11:47:37.634215Z	info	Apply proxy config from env {}

2022-05-09T11:47:37.637714Z	info	Effective config: binaryPath: /usr/local/bin/envoy
concurrency: 2
configPath: ./etc/istio/proxy
controlPlaneAuthPolicy: MUTUAL_TLS
discoveryAddress: istiod.istio-system.svc:15012
drainDuration: 45s
parentShutdownDuration: 60s
proxyAdminPort: 15000
serviceCluster: istio-proxy
statNameLength: 189
statusPort: 15020
terminationDrainDuration: 5s
tracing:
  zipkin:
    address: zipkin.istio-system:9411

2022-05-09T11:47:37.637767Z	info	JWT policy is third-party-jwt
2022-05-09T11:47:37.654417Z	info	CA Endpoint istiod.istio-system.svc:15012, provider Citadel
2022-05-09T11:47:37.654671Z	info	Using CA istiod.istio-system.svc:15012 cert with certs: var/run/secrets/istio/root-cert.pem
2022-05-09T11:47:37.654580Z	info	Opening status port 15020
2022-05-09T11:47:37.655079Z	info	citadelclient	Citadel client using custom root cert: var/run/secrets/istio/root-cert.pem
2022-05-09T11:47:37.695885Z	info	ads	All caches have been synced up in 71.969615ms, marking server ready
2022-05-09T11:47:37.696215Z	info	sds	SDS server for workload certificates started, listening on "etc/istio/proxy/SDS"
2022-05-09T11:47:37.696278Z	info	xdsproxy	Initializing with upstream address "istiod.istio-system.svc:15012" and cluster "Kubernetes"
2022-05-09T11:47:37.697840Z	info	sds	Starting SDS grpc server
2022-05-09T11:47:37.698242Z	info	starting Http service at 127.0.0.1:15004
2022-05-09T11:47:37.700543Z	info	Pilot SAN: [istiod.istio-system.svc]
2022-05-09T11:47:37.704349Z	info	Starting proxy agent
2022-05-09T11:47:37.704630Z	info	Epoch 0 starting
2022-05-09T11:47:37.704682Z	info	Envoy command: [-c etc/istio/proxy/envoy-rev0.json --restart-epoch 0 --drain-time-s 45 --drain-strategy immediate --parent-shutdown-time-s 60 --local-address-ip-version v4 --file-flush-interval-msec 1000 --disable-hot-restart --log-format %Y-%m-%dT%T.%fZ	%l	envoy %n	%v -l warning --component-log-level misc:error --concurrency 2]
2022-05-09T11:47:37.857976Z	info	xdsproxy	connected to upstream XDS server: istiod.istio-system.svc:15012
2022-05-09T11:47:37.938592Z	info	ads	ADS: new connection for node:ts-auth-mongo-795f5cb5c5-l9dqw.default-1
2022-05-09T11:47:37.981184Z	info	ads	ADS: new connection for node:ts-auth-mongo-795f5cb5c5-l9dqw.default-2
2022-05-09T11:47:38.724665Z	info	cache	generated new workload certificate	latency=1.028213471s ttl=23h59m59.275350057s
2022-05-09T11:47:38.724728Z	info	cache	Root cert has changed, start rotating root cert
2022-05-09T11:47:38.724753Z	info	ads	XDS: Incremental Pushing:0 ConnectedEndpoints:2 Version:
2022-05-09T11:47:38.724802Z	info	cache	returned workload trust anchor from cache	ttl=23h59m59.275200319s
2022-05-09T11:47:38.724820Z	info	cache	returned workload trust anchor from cache	ttl=23h59m59.275181385s
2022-05-09T11:47:38.725225Z	info	ads	SDS: PUSH request for node:ts-auth-mongo-795f5cb5c5-l9dqw.default resources:1 size:1.1kB resource:ROOTCA
2022-05-09T11:47:38.725383Z	info	cache	returned workload certificate from cache	ttl=23h59m59.274622076s
2022-05-09T11:47:38.725546Z	info	ads	SDS: PUSH request for node:ts-auth-mongo-795f5cb5c5-l9dqw.default resources:1 size:4.0kB resource:default
2022-05-09T11:47:38.725697Z	info	cache	returned workload trust anchor from cache	ttl=23h59m59.274308298s
2022-05-09T11:47:38.725739Z	info	ads	SDS: PUSH for node:ts-auth-mongo-795f5cb5c5-l9dqw.default resources:1 size:1.1kB resource:ROOTCA
2022-05-09T11:47:39.077969Z	info	Readiness succeeded in 1.452886592s
2022-05-09T11:47:39.078429Z	info	Envoy proxy is ready
2022-05-09T11:49:05.273864Z	warn	xdsproxy	upstream [1] terminated with unexpected error rpc error: code = Unavailable desc = keepalive ping failed to receive ACK within timeout
2022-05-09T11:49:23.473791Z	info	xdsproxy	connected to upstream XDS server: istiod.istio-system.svc:15012
2022-05-09T14:17:00.591129Z	warn	xdsproxy	upstream [2] terminated with unexpected error rpc error: code = Unavailable desc = keepalive ping failed to receive ACK within timeout
2022-05-09T14:17:00.592819Z	warning	envoy config	StreamAggregatedResources gRPC config stream closed since 93s ago: 14, keepalive ping failed to receive ACK within timeout
2022-05-09T15:10:43.515949Z	warning	envoy config	StreamAggregatedResources gRPC config stream closed since 113s ago: 14, connection error: desc = "transport: authentication handshake failed: context deadline exceeded"
2022-05-09T16:58:47.933904Z	warning	envoy config	StreamAggregatedResources gRPC config stream closed since 135s ago: 14, connection error: desc = "transport: authentication handshake failed: read tcp 10.244.0.246:44546->10.96.224.88:15012: i/o timeout"
2022-05-09T16:59:12.181101Z	warning	envoy config	StreamAggregatedResources gRPC config stream closed since 160s ago: 14, connection error: desc = "transport: authentication handshake failed: read tcp 10.244.0.246:46976->10.96.224.88:15012: i/o timeout"
2022-05-09T17:53:16.228974Z	warning	envoy config	StreamAggregatedResources gRPC config stream closed since 187s ago: 14, connection error: desc = "transport: authentication handshake failed: context deadline exceeded"
2022-05-09T18:47:27.825482Z	warning	envoy config	StreamAggregatedResources gRPC config stream closed since 215s ago: 14, connection error: desc = "transport: authentication handshake failed: read tcp 10.244.0.246:52656->10.96.224.88:15012: i/o timeout"
2022-05-09T20:26:26.399605Z	warning	envoy config	StreamAggregatedResources gRPC config stream closed since 260s ago: 14, connection error: desc = "transport: authentication handshake failed: context deadline exceeded"
2022-05-09T20:27:16.146754Z	warning	envoy config	StreamAggregatedResources gRPC config stream closed since 310s ago: 14, connection error: desc = "transport: authentication handshake failed: context deadline exceeded"
2022-05-09T20:27:47.907604Z	warning	envoy config	StreamAggregatedResources gRPC config stream closed since 342s ago: 14, connection error: desc = "transport: authentication handshake failed: context deadline exceeded"
2022-05-09T20:28:14.462353Z	warning	envoy config	StreamAggregatedResources gRPC config stream closed since 368s ago: 14, connection error: desc = "transport: authentication handshake failed: context deadline exceeded"
2022-05-09T20:28:32.023530Z	info	xdsproxy	connected to upstream XDS server: istiod.istio-system.svc:15012
2022-05-09T20:38:52.777581Z	warning	envoy config	StreamAggregatedResources gRPC config stream closed: 13, 
2022-05-09T20:39:34.435107Z	warning	envoy config	StreamAggregatedResources gRPC config stream closed since 39s ago: 14, connection error: desc = "transport: Error while dialing dial tcp 10.96.224.88:15012: connect: connection refused"
2022-05-09T20:40:00.861114Z	warning	envoy config	StreamAggregatedResources gRPC config stream closed since 65s ago: 14, connection error: desc = "transport: Error while dialing dial tcp 10.96.224.88:15012: connect: connection refused"
2022-05-09T20:40:26.856768Z	warning	envoy config	StreamAggregatedResources gRPC config stream closed since 92s ago: 14, connection error: desc = "transport: Error while dialing dial tcp 10.96.224.88:15012: connect: connection refused"
2022-05-09T20:40:54.470872Z	info	xdsproxy	connected to upstream XDS server: istiod.istio-system.svc:15012
2022-05-09T21:08:14.823887Z	info	xdsproxy	connected to upstream XDS server: istiod.istio-system.svc:15012
2022-05-09T21:19:15.166385Z	warn	xdsproxy	upstream [23] terminated with unexpected error rpc error: code = Unavailable desc = keepalive ping failed to receive ACK within timeout
2022-05-09T21:19:45.512583Z	warning	envoy config	StreamAggregatedResources gRPC config stream closed since 30s ago: 14, connection error: desc = "transport: Error while dialing dial tcp 10.96.224.88:15012: connect: connection refused"
2022-05-09T21:19:47.387209Z	warning	envoy config	StreamAggregatedResources gRPC config stream closed since 32s ago: 14, connection error: desc = "transport: Error while dialing dial tcp 10.96.224.88:15012: connect: connection refused"
2022-05-09T21:19:52.643068Z	warning	envoy config	StreamAggregatedResources gRPC config stream closed since 37s ago: 14, connection error: desc = "transport: Error while dialing dial tcp 10.96.224.88:15012: connect: connection refused"
2022-05-09T21:19:55.822893Z	warning	envoy config	StreamAggregatedResources gRPC config stream closed since 40s ago: 14, connection error: desc = "transport: Error while dialing dial tcp 10.96.224.88:15012: connect: connection refused"
2022-05-09T21:20:02.327446Z	warning	envoy config	StreamAggregatedResources gRPC config stream closed since 47s ago: 14, connection error: desc = "transport: Error while dialing dial tcp 10.96.224.88:15012: connect: connection refused"
2022-05-09T21:20:06.578888Z	warning	envoy config	StreamAggregatedResources gRPC config stream closed since 51s ago: 14, connection error: desc = "transport: Error while dialing dial tcp 10.96.224.88:15012: connect: connection refused"
2022-05-09T21:20:07.451029Z	warning	envoy config	StreamAggregatedResources gRPC config stream closed since 52s ago: 14, connection error: desc = "transport: Error while dialing dial tcp 10.96.224.88:15012: connect: connection refused"
2022-05-09T21:20:37.315349Z	warning	envoy config	StreamAggregatedResources gRPC config stream closed since 82s ago: 14, connection error: desc = "transport: Error while dialing dial tcp 10.96.224.88:15012: connect: connection refused"
2022-05-09T21:20:56.712928Z	info	xdsproxy	connected to upstream XDS server: istiod.istio-system.svc:15012
