2022-05-09T11:47:50.780549Z	info	FLAG: --concurrency="2"
2022-05-09T11:47:50.782623Z	info	FLAG: --domain="default.svc.cluster.local"
2022-05-09T11:47:50.782992Z	info	FLAG: --help="false"
2022-05-09T11:47:50.783011Z	info	FLAG: --log_as_json="false"
2022-05-09T11:47:50.783019Z	info	FLAG: --log_caller=""
2022-05-09T11:47:50.783085Z	info	FLAG: --log_output_level="default:info"
2022-05-09T11:47:50.783095Z	info	FLAG: --log_rotate=""
2022-05-09T11:47:50.783102Z	info	FLAG: --log_rotate_max_age="30"
2022-05-09T11:47:50.783108Z	info	FLAG: --log_rotate_max_backups="1000"
2022-05-09T11:47:50.783113Z	info	FLAG: --log_rotate_max_size="104857600"
2022-05-09T11:47:50.783119Z	info	FLAG: --log_stacktrace_level="default:none"
2022-05-09T11:47:50.783139Z	info	FLAG: --log_target="[stdout]"
2022-05-09T11:47:50.783146Z	info	FLAG: --meshConfig="./etc/istio/config/mesh"
2022-05-09T11:47:50.783151Z	info	FLAG: --outlierLogPath=""
2022-05-09T11:47:50.783157Z	info	FLAG: --proxyComponentLogLevel="misc:error"
2022-05-09T11:47:50.783162Z	info	FLAG: --proxyLogLevel="warning"
2022-05-09T11:47:50.783167Z	info	FLAG: --serviceCluster="istio-proxy"
2022-05-09T11:47:50.783173Z	info	FLAG: --stsPort="0"
2022-05-09T11:47:50.783178Z	info	FLAG: --templateFile=""
2022-05-09T11:47:50.783184Z	info	FLAG: --tokenManagerPlugin="GoogleTokenExchange"
2022-05-09T11:47:50.783192Z	info	FLAG: --vklog="0"
2022-05-09T11:47:50.783198Z	info	Version 1.13.2-91533d04e894ff86b80acd6d7a4517b144f9e19a-Clean
2022-05-09T11:47:50.783512Z	info	Proxy role	ips=[10.244.0.22 fe80::3490:46ff:fe8a:26df] type=sidecar id=ts-consign-price-mongo-565b856865-7c4ql.default domain=default.svc.cluster.local
2022-05-09T11:47:50.783639Z	info	Apply proxy config from env {}

2022-05-09T11:47:50.808375Z	info	Effective config: binaryPath: /usr/local/bin/envoy
concurrency: 2
configPath: ./etc/istio/proxy
controlPlaneAuthPolicy: MUTUAL_TLS
discoveryAddress: istiod.istio-system.svc:15012
drainDuration: 45s
parentShutdownDuration: 60s
proxyAdminPort: 15000
serviceCluster: istio-proxy
statNameLength: 189
statusPort: 15020
terminationDrainDuration: 5s
tracing:
  zipkin:
    address: zipkin.istio-system:9411

2022-05-09T11:47:50.808576Z	info	JWT policy is third-party-jwt
2022-05-09T11:47:50.933446Z	info	CA Endpoint istiod.istio-system.svc:15012, provider Citadel
2022-05-09T11:47:50.933629Z	info	Using CA istiod.istio-system.svc:15012 cert with certs: var/run/secrets/istio/root-cert.pem
2022-05-09T11:47:50.945105Z	info	Opening status port 15020
2022-05-09T11:47:50.946263Z	info	citadelclient	Citadel client using custom root cert: var/run/secrets/istio/root-cert.pem
2022-05-09T11:47:51.689656Z	info	ads	All caches have been synced up in 933.944292ms, marking server ready
2022-05-09T11:47:51.690313Z	info	sds	SDS server for workload certificates started, listening on "etc/istio/proxy/SDS"
2022-05-09T11:47:51.690366Z	info	xdsproxy	Initializing with upstream address "istiod.istio-system.svc:15012" and cluster "Kubernetes"
2022-05-09T11:47:51.695866Z	info	sds	Starting SDS grpc server
2022-05-09T11:47:51.705135Z	info	starting Http service at 127.0.0.1:15004
2022-05-09T11:47:51.718164Z	info	Pilot SAN: [istiod.istio-system.svc]
2022-05-09T11:47:51.733324Z	info	Starting proxy agent
2022-05-09T11:47:51.733422Z	info	Epoch 0 starting
2022-05-09T11:47:51.733505Z	info	Envoy command: [-c etc/istio/proxy/envoy-rev0.json --restart-epoch 0 --drain-time-s 45 --drain-strategy immediate --parent-shutdown-time-s 60 --local-address-ip-version v4 --file-flush-interval-msec 1000 --disable-hot-restart --log-format %Y-%m-%dT%T.%fZ	%l	envoy %n	%v -l warning --component-log-level misc:error --concurrency 2]
2022-05-09T11:47:53.540566Z	info	xdsproxy	connected to upstream XDS server: istiod.istio-system.svc:15012
2022-05-09T11:47:56.100591Z	info	ads	ADS: new connection for node:ts-consign-price-mongo-565b856865-7c4ql.default-1
2022-05-09T11:47:56.184637Z	info	ads	ADS: new connection for node:ts-consign-price-mongo-565b856865-7c4ql.default-2
2022-05-09T11:47:56.812759Z	info	cache	generated new workload certificate	latency=5.121029372s ttl=23h59m59.187264104s
2022-05-09T11:47:56.827260Z	info	cache	Root cert has changed, start rotating root cert
2022-05-09T11:47:56.827374Z	info	ads	XDS: Incremental Pushing:0 ConnectedEndpoints:2 Version:
2022-05-09T11:47:56.831654Z	info	cache	returned workload trust anchor from cache	ttl=23h59m59.168359995s
2022-05-09T11:47:56.833187Z	info	ads	SDS: PUSH request for node:ts-consign-price-mongo-565b856865-7c4ql.default resources:1 size:1.1kB resource:ROOTCA
2022-05-09T11:47:56.833476Z	info	cache	returned workload certificate from cache	ttl=23h59m59.166529794s
2022-05-09T11:47:56.833632Z	info	ads	SDS: PUSH request for node:ts-consign-price-mongo-565b856865-7c4ql.default resources:1 size:4.0kB resource:default
2022-05-09T11:47:56.833744Z	info	cache	returned workload trust anchor from cache	ttl=23h59m59.166260116s
2022-05-09T11:47:56.833774Z	info	ads	SDS: PUSH for node:ts-consign-price-mongo-565b856865-7c4ql.default resources:1 size:1.1kB resource:ROOTCA
2022-05-09T11:47:56.836281Z	info	cache	returned workload trust anchor from cache	ttl=23h59m59.163757945s
2022-05-09T11:48:02.221699Z	info	Readiness succeeded in 11.453327888s
2022-05-09T11:48:02.222528Z	info	Envoy proxy is ready
2022-05-09T11:49:36.836114Z	info	xdsproxy	connected to upstream XDS server: istiod.istio-system.svc:15012
2022-05-09T14:16:59.885390Z	warning	envoy config	StreamAggregatedResources gRPC config stream closed since 86s ago: 14, keepalive ping failed to receive ACK within timeout
2022-05-09T14:16:59.884397Z	warn	xdsproxy	upstream [3] terminated with unexpected error rpc error: code = Unavailable desc = keepalive ping failed to receive ACK within timeout
2022-05-09T15:10:43.061205Z	warning	envoy config	StreamAggregatedResources gRPC config stream closed since 106s ago: 14, connection error: desc = "transport: authentication handshake failed: context deadline exceeded"
2022-05-09T16:58:48.562824Z	warning	envoy config	StreamAggregatedResources gRPC config stream closed since 130s ago: 14, connection error: desc = "transport: authentication handshake failed: context deadline exceeded"
2022-05-09T16:59:13.804758Z	warning	envoy config	StreamAggregatedResources gRPC config stream closed since 155s ago: 14, connection error: desc = "transport: authentication handshake failed: context deadline exceeded"
2022-05-09T18:47:08.388160Z	warning	envoy config	StreamAggregatedResources gRPC config stream closed since 189s ago: 14, connection error: desc = "transport: authentication handshake failed: read tcp 10.244.0.22:58504->10.96.224.88:15012: i/o timeout"
2022-05-09T19:41:12.034279Z	warning	envoy config	StreamAggregatedResources gRPC config stream closed since 228s ago: 14, connection error: desc = "transport: authentication handshake failed: context deadline exceeded"
2022-05-09T20:26:51.689897Z	warning	envoy config	StreamAggregatedResources gRPC config stream closed since 279s ago: 14, connection error: desc = "transport: authentication handshake failed: read tcp 10.244.0.22:40350->10.96.224.88:15012: i/o timeout"
2022-05-09T20:27:28.841523Z	warning	envoy config	StreamAggregatedResources gRPC config stream closed since 317s ago: 14, connection error: desc = "transport: authentication handshake failed: read tcp 10.244.0.22:44488->10.96.224.88:15012: i/o timeout"
2022-05-09T20:27:58.545765Z	warning	envoy config	StreamAggregatedResources gRPC config stream closed since 346s ago: 14, connection error: desc = "transport: authentication handshake failed: read tcp 10.244.0.22:47884->10.96.224.88:15012: i/o timeout"
2022-05-09T20:28:33.900245Z	info	xdsproxy	connected to upstream XDS server: istiod.istio-system.svc:15012
2022-05-09T20:58:36.537630Z	info	xdsproxy	connected to upstream XDS server: istiod.istio-system.svc:15012
2022-05-09T21:19:13.896557Z	warn	xdsproxy	upstream [13] terminated with unexpected error rpc error: code = Unavailable desc = keepalive ping failed to receive ACK within timeout
2022-05-09T21:19:47.405590Z	warning	envoy config	StreamAggregatedResources gRPC config stream closed since 33s ago: 14, connection error: desc = "transport: Error while dialing dial tcp 10.96.224.88:15012: connect: connection refused"
2022-05-09T21:19:51.395310Z	warning	envoy config	StreamAggregatedResources gRPC config stream closed since 37s ago: 14, connection error: desc = "transport: Error while dialing dial tcp 10.96.224.88:15012: connect: connection refused"
2022-05-09T21:19:53.880576Z	warning	envoy config	StreamAggregatedResources gRPC config stream closed since 40s ago: 14, connection error: desc = "transport: Error while dialing dial tcp 10.96.224.88:15012: connect: connection refused"
2022-05-09T21:20:08.670744Z	warning	envoy config	StreamAggregatedResources gRPC config stream closed since 54s ago: 14, connection error: desc = "transport: Error while dialing dial tcp 10.96.224.88:15012: connect: connection refused"
2022-05-09T21:20:30.949796Z	warning	envoy config	StreamAggregatedResources gRPC config stream closed since 77s ago: 14, connection error: desc = "transport: Error while dialing dial tcp 10.96.224.88:15012: connect: connection refused"
2022-05-09T21:20:50.758207Z	info	xdsproxy	connected to upstream XDS server: istiod.istio-system.svc:15012
