2022-04-11T08:48:18.770938Z	info	FLAG: --concurrency="2"
2022-04-11T08:48:18.798337Z	info	FLAG: --domain="default.svc.cluster.local"
2022-04-11T08:48:18.798349Z	info	FLAG: --help="false"
2022-04-11T08:48:18.798352Z	info	FLAG: --log_as_json="false"
2022-04-11T08:48:18.798355Z	info	FLAG: --log_caller=""
2022-04-11T08:48:18.798359Z	info	FLAG: --log_output_level="default:info"
2022-04-11T08:48:18.798361Z	info	FLAG: --log_rotate=""
2022-04-11T08:48:18.798366Z	info	FLAG: --log_rotate_max_age="30"
2022-04-11T08:48:18.798369Z	info	FLAG: --log_rotate_max_backups="1000"
2022-04-11T08:48:18.798373Z	info	FLAG: --log_rotate_max_size="104857600"
2022-04-11T08:48:18.798376Z	info	FLAG: --log_stacktrace_level="default:none"
2022-04-11T08:48:18.798401Z	info	FLAG: --log_target="[stdout]"
2022-04-11T08:48:18.798405Z	info	FLAG: --meshConfig="./etc/istio/config/mesh"
2022-04-11T08:48:18.798408Z	info	FLAG: --outlierLogPath=""
2022-04-11T08:48:18.798411Z	info	FLAG: --proxyComponentLogLevel="misc:error"
2022-04-11T08:48:18.798414Z	info	FLAG: --proxyLogLevel="warning"
2022-04-11T08:48:18.798417Z	info	FLAG: --serviceCluster="istio-proxy"
2022-04-11T08:48:18.798421Z	info	FLAG: --stsPort="0"
2022-04-11T08:48:18.798424Z	info	FLAG: --templateFile=""
2022-04-11T08:48:18.798427Z	info	FLAG: --tokenManagerPlugin="GoogleTokenExchange"
2022-04-11T08:48:18.798433Z	info	FLAG: --vklog="0"
2022-04-11T08:48:18.798437Z	info	Version 1.13.2-91533d04e894ff86b80acd6d7a4517b144f9e19a-Clean
2022-04-11T08:48:18.799019Z	info	Proxy role	ips=[10.244.0.104 fe80::6022:32ff:fe9e:c992] type=sidecar id=rabbitmq-7b954994dc-92b2c.default domain=default.svc.cluster.local
2022-04-11T08:48:18.799179Z	info	Apply proxy config from env {}

2022-04-11T08:48:18.801784Z	info	Effective config: binaryPath: /usr/local/bin/envoy
concurrency: 2
configPath: ./etc/istio/proxy
controlPlaneAuthPolicy: MUTUAL_TLS
discoveryAddress: istiod.istio-system.svc:15012
drainDuration: 45s
parentShutdownDuration: 60s
proxyAdminPort: 15000
serviceCluster: istio-proxy
statNameLength: 189
statusPort: 15020
terminationDrainDuration: 5s
tracing:
  zipkin:
    address: zipkin.istio-system:9411

2022-04-11T08:48:18.843657Z	info	JWT policy is third-party-jwt
2022-04-11T08:48:18.872316Z	info	CA Endpoint istiod.istio-system.svc:15012, provider Citadel
2022-04-11T08:48:18.872429Z	info	Using CA istiod.istio-system.svc:15012 cert with certs: var/run/secrets/istio/root-cert.pem
2022-04-11T08:48:18.872557Z	info	citadelclient	Citadel client using custom root cert: var/run/secrets/istio/root-cert.pem
2022-04-11T08:48:18.896428Z	info	Opening status port 15020
2022-04-11T08:48:19.625161Z	info	ads	All caches have been synced up in 1.178515945s, marking server ready
2022-04-11T08:48:19.625610Z	info	sds	SDS server for workload certificates started, listening on "etc/istio/proxy/SDS"
2022-04-11T08:48:19.625684Z	info	xdsproxy	Initializing with upstream address "istiod.istio-system.svc:15012" and cluster "Kubernetes"
2022-04-11T08:48:19.629976Z	info	sds	Starting SDS grpc server
2022-04-11T08:48:19.640773Z	info	starting Http service at 127.0.0.1:15004
2022-04-11T08:48:19.659151Z	info	Pilot SAN: [istiod.istio-system.svc]
2022-04-11T08:48:19.679422Z	info	Starting proxy agent
2022-04-11T08:48:19.679601Z	info	Epoch 0 starting
2022-04-11T08:48:19.679655Z	info	Envoy command: [-c etc/istio/proxy/envoy-rev0.json --restart-epoch 0 --drain-time-s 45 --drain-strategy immediate --parent-shutdown-time-s 60 --local-address-ip-version v4 --file-flush-interval-msec 1000 --disable-hot-restart --log-format %Y-%m-%dT%T.%fZ	%l	envoy %n	%v -l warning --component-log-level misc:error --concurrency 2]
2022-04-11T08:48:22.548731Z	info	xdsproxy	connected to upstream XDS server: istiod.istio-system.svc:15012
2022-04-11T08:48:24.409789Z	info	cache	generated new workload certificate	latency=4.782966875s ttl=23h59m59.590233185s
2022-04-11T08:48:24.471919Z	info	cache	Root cert has changed, start rotating root cert
2022-04-11T08:48:24.472036Z	info	ads	XDS: Incremental Pushing:0 ConnectedEndpoints:0 Version:
2022-04-11T08:48:24.472107Z	info	cache	returned workload trust anchor from cache	ttl=23h59m59.527901476s
2022-04-11T08:48:58.617733Z	info	ads	ADS: new connection for node:rabbitmq-7b954994dc-92b2c.default-1
2022-04-11T08:48:58.617979Z	info	cache	returned workload trust anchor from cache	ttl=23h59m25.382034368s
2022-04-11T08:48:58.618788Z	info	ads	SDS: PUSH request for node:rabbitmq-7b954994dc-92b2c.default resources:1 size:1.1kB resource:ROOTCA
2022-04-11T08:48:58.821809Z	info	ads	ADS: new connection for node:rabbitmq-7b954994dc-92b2c.default-2
2022-04-11T08:48:58.822051Z	info	cache	returned workload certificate from cache	ttl=23h59m25.177961825s
2022-04-11T08:48:58.822363Z	info	ads	SDS: PUSH request for node:rabbitmq-7b954994dc-92b2c.default resources:1 size:4.0kB resource:default
2022-04-11T08:51:25.760861Z	error	failed scraping envoy metrics: error scraping http://localhost:15090/stats/prometheus: Get "http://localhost:15090/stats/prometheus": dial tcp [::1]:15090: connect: connection refused
2022-04-11T08:52:09.278753Z	error	failed scraping envoy metrics: error scraping http://localhost:15090/stats/prometheus: Get "http://localhost:15090/stats/prometheus": dial tcp [::1]:15090: connect: connection refused
2022-04-11T08:52:15.505931Z	error	failed scraping envoy metrics: error scraping http://localhost:15090/stats/prometheus: Get "http://localhost:15090/stats/prometheus": dial tcp [::1]:15090: connect: connection refused
2022-04-11T08:52:27.603980Z	error	failed scraping envoy metrics: error scraping http://localhost:15090/stats/prometheus: Get "http://localhost:15090/stats/prometheus": dial tcp [::1]:15090: connect: connection refused
2022-04-11T08:52:40.781532Z	error	failed scraping envoy metrics: error scraping http://localhost:15090/stats/prometheus: Get "http://localhost:15090/stats/prometheus": dial tcp [::1]:15090: connect: connection refused
2022-04-11T08:54:26.819673Z	info	Readiness succeeded in 6m8.532912666s
2022-04-11T08:54:26.889527Z	info	Envoy proxy is ready
2022-04-11T09:19:49.595424Z	info	xdsproxy	connected to upstream XDS server: istiod.istio-system.svc:15012
2022-04-11T09:51:18.121472Z	info	xdsproxy	connected to upstream XDS server: istiod.istio-system.svc:15012
2022-04-11T10:18:52.590097Z	info	xdsproxy	connected to upstream XDS server: istiod.istio-system.svc:15012
2022-04-11T10:51:20.982543Z	info	xdsproxy	connected to upstream XDS server: istiod.istio-system.svc:15012
