2022-04-11T08:48:03.332624Z	info	FLAG: --concurrency="2"
2022-04-11T08:48:03.332693Z	info	FLAG: --domain="default.svc.cluster.local"
2022-04-11T08:48:03.332705Z	info	FLAG: --help="false"
2022-04-11T08:48:03.332710Z	info	FLAG: --log_as_json="false"
2022-04-11T08:48:03.332715Z	info	FLAG: --log_caller=""
2022-04-11T08:48:03.332720Z	info	FLAG: --log_output_level="default:info"
2022-04-11T08:48:03.332724Z	info	FLAG: --log_rotate=""
2022-04-11T08:48:03.332729Z	info	FLAG: --log_rotate_max_age="30"
2022-04-11T08:48:03.332734Z	info	FLAG: --log_rotate_max_backups="1000"
2022-04-11T08:48:03.332738Z	info	FLAG: --log_rotate_max_size="104857600"
2022-04-11T08:48:03.332746Z	info	FLAG: --log_stacktrace_level="default:none"
2022-04-11T08:48:03.332757Z	info	FLAG: --log_target="[stdout]"
2022-04-11T08:48:03.332763Z	info	FLAG: --meshConfig="./etc/istio/config/mesh"
2022-04-11T08:48:03.332767Z	info	FLAG: --outlierLogPath=""
2022-04-11T08:48:03.332775Z	info	FLAG: --proxyComponentLogLevel="misc:error"
2022-04-11T08:48:03.332780Z	info	FLAG: --proxyLogLevel="warning"
2022-04-11T08:48:03.332784Z	info	FLAG: --serviceCluster="istio-proxy"
2022-04-11T08:48:03.332788Z	info	FLAG: --stsPort="0"
2022-04-11T08:48:03.332793Z	info	FLAG: --templateFile=""
2022-04-11T08:48:03.332798Z	info	FLAG: --tokenManagerPlugin="GoogleTokenExchange"
2022-04-11T08:48:03.332804Z	info	FLAG: --vklog="0"
2022-04-11T08:48:03.332809Z	info	Version 1.13.2-91533d04e894ff86b80acd6d7a4517b144f9e19a-Clean
2022-04-11T08:48:03.333095Z	info	Proxy role	ips=[10.244.0.81 fe80::3003:72ff:fec8:4422] type=sidecar id=ts-auth-mongo-795f5cb5c5-fkhgx.default domain=default.svc.cluster.local
2022-04-11T08:48:03.333194Z	info	Apply proxy config from env {}

2022-04-11T08:48:03.336380Z	info	Effective config: binaryPath: /usr/local/bin/envoy
concurrency: 2
configPath: ./etc/istio/proxy
controlPlaneAuthPolicy: MUTUAL_TLS
discoveryAddress: istiod.istio-system.svc:15012
drainDuration: 45s
parentShutdownDuration: 60s
proxyAdminPort: 15000
serviceCluster: istio-proxy
statNameLength: 189
statusPort: 15020
terminationDrainDuration: 5s
tracing:
  zipkin:
    address: zipkin.istio-system:9411

2022-04-11T08:48:03.336468Z	info	JWT policy is third-party-jwt
2022-04-11T08:48:03.646293Z	info	CA Endpoint istiod.istio-system.svc:15012, provider Citadel
2022-04-11T08:48:03.646422Z	info	Using CA istiod.istio-system.svc:15012 cert with certs: var/run/secrets/istio/root-cert.pem
2022-04-11T08:48:03.646699Z	info	citadelclient	Citadel client using custom root cert: var/run/secrets/istio/root-cert.pem
2022-04-11T08:48:03.649015Z	info	Opening status port 15020
2022-04-11T08:48:04.059524Z	info	ads	All caches have been synced up in 743.975625ms, marking server ready
2022-04-11T08:48:04.060306Z	info	sds	SDS server for workload certificates started, listening on "etc/istio/proxy/SDS"
2022-04-11T08:48:04.060343Z	info	xdsproxy	Initializing with upstream address "istiod.istio-system.svc:15012" and cluster "Kubernetes"
2022-04-11T08:48:04.062772Z	info	sds	Starting SDS grpc server
2022-04-11T08:48:04.116538Z	info	Pilot SAN: [istiod.istio-system.svc]
2022-04-11T08:48:04.117976Z	info	starting Http service at 127.0.0.1:15004
2022-04-11T08:48:04.168187Z	info	Starting proxy agent
2022-04-11T08:48:04.168376Z	info	Epoch 0 starting
2022-04-11T08:48:04.168524Z	info	Envoy command: [-c etc/istio/proxy/envoy-rev0.json --restart-epoch 0 --drain-time-s 45 --drain-strategy immediate --parent-shutdown-time-s 60 --local-address-ip-version v4 --file-flush-interval-msec 1000 --disable-hot-restart --log-format %Y-%m-%dT%T.%fZ	%l	envoy %n	%v -l warning --component-log-level misc:error --concurrency 2]
2022-04-11T08:48:06.881885Z	info	xdsproxy	connected to upstream XDS server: istiod.istio-system.svc:15012
2022-04-11T08:48:08.326041Z	info	ads	ADS: new connection for node:ts-auth-mongo-795f5cb5c5-fkhgx.default-2
2022-04-11T08:48:08.326299Z	info	ads	ADS: new connection for node:ts-auth-mongo-795f5cb5c5-fkhgx.default-1
2022-04-11T08:48:12.215420Z	info	cache	generated new workload certificate	latency=8.154930231s ttl=23h59m59.784599467s
2022-04-11T08:48:12.215623Z	info	cache	Root cert has changed, start rotating root cert
2022-04-11T08:48:12.215653Z	info	ads	XDS: Incremental Pushing:0 ConnectedEndpoints:2 Version:
2022-04-11T08:48:12.215741Z	info	cache	returned workload trust anchor from cache	ttl=23h59m59.784268925s
2022-04-11T08:48:12.215890Z	info	cache	returned workload trust anchor from cache	ttl=23h59m59.784116253s
2022-04-11T08:48:12.216547Z	info	ads	SDS: PUSH request for node:ts-auth-mongo-795f5cb5c5-fkhgx.default resources:1 size:1.1kB resource:ROOTCA
2022-04-11T08:48:12.218073Z	info	cache	returned workload trust anchor from cache	ttl=23h59m59.782049375s
2022-04-11T08:48:12.218241Z	info	ads	SDS: PUSH for node:ts-auth-mongo-795f5cb5c5-fkhgx.default resources:1 size:1.1kB resource:ROOTCA
2022-04-11T08:48:12.218309Z	info	cache	returned workload certificate from cache	ttl=23h59m59.781700027s
2022-04-11T08:48:12.218488Z	info	ads	SDS: PUSH request for node:ts-auth-mongo-795f5cb5c5-fkhgx.default resources:1 size:4.0kB resource:default
2022-04-11T08:48:21.111870Z	info	Readiness succeeded in 17.815443411s
2022-04-11T08:48:21.130434Z	info	Envoy proxy is ready
2022-04-11T08:50:33.794744Z	warn	xdsproxy	upstream [1] terminated with unexpected error rpc error: code = Unavailable desc = keepalive ping failed to receive ACK within timeout
2022-04-11T08:50:39.162925Z	info	xdsproxy	connected to upstream XDS server: istiod.istio-system.svc:15012
2022-04-11T08:55:19.809538Z	error	failed scraping envoy metrics: error scraping http://localhost:15090/stats/prometheus: Get "http://localhost:15090/stats/prometheus": context deadline exceeded
2022-04-11T09:18:56.214279Z	info	xdsproxy	connected to upstream XDS server: istiod.istio-system.svc:15012
2022-04-11T09:48:30.773531Z	info	xdsproxy	connected to upstream XDS server: istiod.istio-system.svc:15012
2022-04-11T10:17:10.935398Z	info	xdsproxy	connected to upstream XDS server: istiod.istio-system.svc:15012
2022-04-11T10:47:21.426841Z	info	xdsproxy	connected to upstream XDS server: istiod.istio-system.svc:15012
