2022-04-11T08:48:23.514817Z	info	FLAG: --concurrency="2"
2022-04-11T08:48:23.515027Z	info	FLAG: --domain="default.svc.cluster.local"
2022-04-11T08:48:23.515049Z	info	FLAG: --help="false"
2022-04-11T08:48:23.515066Z	info	FLAG: --log_as_json="false"
2022-04-11T08:48:23.515082Z	info	FLAG: --log_caller=""
2022-04-11T08:48:23.515090Z	info	FLAG: --log_output_level="default:info"
2022-04-11T08:48:23.515104Z	info	FLAG: --log_rotate=""
2022-04-11T08:48:23.515119Z	info	FLAG: --log_rotate_max_age="30"
2022-04-11T08:48:23.515126Z	info	FLAG: --log_rotate_max_backups="1000"
2022-04-11T08:48:23.515138Z	info	FLAG: --log_rotate_max_size="104857600"
2022-04-11T08:48:23.515158Z	info	FLAG: --log_stacktrace_level="default:none"
2022-04-11T08:48:23.515176Z	info	FLAG: --log_target="[stdout]"
2022-04-11T08:48:23.515185Z	info	FLAG: --meshConfig="./etc/istio/config/mesh"
2022-04-11T08:48:23.515201Z	info	FLAG: --outlierLogPath=""
2022-04-11T08:48:23.541309Z	info	FLAG: --proxyComponentLogLevel="misc:error"
2022-04-11T08:48:23.541329Z	info	FLAG: --proxyLogLevel="warning"
2022-04-11T08:48:23.541360Z	info	FLAG: --serviceCluster="istio-proxy"
2022-04-11T08:48:23.541376Z	info	FLAG: --stsPort="0"
2022-04-11T08:48:23.541392Z	info	FLAG: --templateFile=""
2022-04-11T08:48:23.541456Z	info	FLAG: --tokenManagerPlugin="GoogleTokenExchange"
2022-04-11T08:48:23.541475Z	info	FLAG: --vklog="0"
2022-04-11T08:48:23.541493Z	info	Version 1.13.2-91533d04e894ff86b80acd6d7a4517b144f9e19a-Clean
2022-04-11T08:48:23.567013Z	info	Proxy role	ips=[10.244.0.105 fe80::109e:12ff:fe81:63bd] type=sidecar id=ts-admin-basic-info-service-78555978d4-bzllk.default domain=default.svc.cluster.local
2022-04-11T08:48:23.589325Z	info	Apply proxy config from env {}

2022-04-11T08:48:23.654624Z	info	Effective config: binaryPath: /usr/local/bin/envoy
concurrency: 2
configPath: ./etc/istio/proxy
controlPlaneAuthPolicy: MUTUAL_TLS
discoveryAddress: istiod.istio-system.svc:15012
drainDuration: 45s
parentShutdownDuration: 60s
proxyAdminPort: 15000
serviceCluster: istio-proxy
statNameLength: 189
statusPort: 15020
terminationDrainDuration: 5s
tracing:
  zipkin:
    address: zipkin.istio-system:9411

2022-04-11T08:48:23.654698Z	info	JWT policy is third-party-jwt
2022-04-11T08:48:23.695273Z	info	CA Endpoint istiod.istio-system.svc:15012, provider Citadel
2022-04-11T08:48:23.695392Z	info	Using CA istiod.istio-system.svc:15012 cert with certs: var/run/secrets/istio/root-cert.pem
2022-04-11T08:48:23.695686Z	info	citadelclient	Citadel client using custom root cert: var/run/secrets/istio/root-cert.pem
2022-04-11T08:48:23.702342Z	info	Opening status port 15020
2022-04-11T08:48:24.075456Z	info	ads	All caches have been synced up in 1.023062322s, marking server ready
2022-04-11T08:48:24.076136Z	info	sds	SDS server for workload certificates started, listening on "etc/istio/proxy/SDS"
2022-04-11T08:48:24.076269Z	info	xdsproxy	Initializing with upstream address "istiod.istio-system.svc:15012" and cluster "Kubernetes"
2022-04-11T08:48:24.078159Z	info	sds	Starting SDS grpc server
2022-04-11T08:48:24.083367Z	info	Pilot SAN: [istiod.istio-system.svc]
2022-04-11T08:48:24.084941Z	info	starting Http service at 127.0.0.1:15004
2022-04-11T08:48:24.087363Z	info	Starting proxy agent
2022-04-11T08:48:24.087473Z	info	Epoch 0 starting
2022-04-11T08:48:24.087551Z	info	Envoy command: [-c etc/istio/proxy/envoy-rev0.json --restart-epoch 0 --drain-time-s 45 --drain-strategy immediate --parent-shutdown-time-s 60 --local-address-ip-version v4 --file-flush-interval-msec 1000 --disable-hot-restart --log-format %Y-%m-%dT%T.%fZ	%l	envoy %n	%v -l warning --component-log-level misc:error --concurrency 2]
2022-04-11T08:48:29.447589Z	info	xdsproxy	connected to upstream XDS server: istiod.istio-system.svc:15012
2022-04-11T08:48:44.701384Z	info	ads	ADS: new connection for node:ts-admin-basic-info-service-78555978d4-bzllk.default-1
2022-04-11T08:48:44.979124Z	info	ads	ADS: new connection for node:ts-admin-basic-info-service-78555978d4-bzllk.default-2
2022-04-11T08:49:21.517465Z	info	cache	generated new workload certificate	latency=57.474935746s ttl=23h59m55.482554634s
2022-04-11T08:49:21.517552Z	info	cache	Root cert has changed, start rotating root cert
2022-04-11T08:49:21.517613Z	info	ads	XDS: Incremental Pushing:0 ConnectedEndpoints:2 Version:
2022-04-11T08:49:21.578184Z	info	cache	returned workload trust anchor from cache	ttl=23h59m55.421834081s
2022-04-11T08:49:21.877354Z	info	cache	returned workload trust anchor from cache	ttl=23h59m55.12266907s
2022-04-11T08:49:21.923040Z	info	cache	returned workload certificate from cache	ttl=23h59m55.076990443s
2022-04-11T08:49:22.422015Z	info	ads	SDS: PUSH request for node:ts-admin-basic-info-service-78555978d4-bzllk.default resources:1 size:1.1kB resource:ROOTCA
2022-04-11T08:49:22.431948Z	info	ads	SDS: PUSH request for node:ts-admin-basic-info-service-78555978d4-bzllk.default resources:1 size:4.0kB resource:default
2022-04-11T08:49:22.997420Z	info	cache	returned workload trust anchor from cache	ttl=23h59m54.002640065s
2022-04-11T08:49:23.005289Z	info	ads	SDS: PUSH for node:ts-admin-basic-info-service-78555978d4-bzllk.default resources:1 size:1.1kB resource:ROOTCA
2022-04-11T08:51:29.484161Z	error	failed scraping envoy metrics: error scraping http://localhost:15090/stats/prometheus: Get "http://localhost:15090/stats/prometheus": dial tcp [::1]:15090: connect: connection refused
2022-04-11T08:52:05.492429Z	error	failed scraping envoy metrics: error scraping http://localhost:15090/stats/prometheus: Get "http://localhost:15090/stats/prometheus": dial tcp [::1]:15090: connect: connection refused
2022-04-11T08:52:24.243707Z	error	failed scraping envoy metrics: error scraping http://localhost:15090/stats/prometheus: Get "http://localhost:15090/stats/prometheus": dial tcp [::1]:15090: connect: connection refused
2022-04-11T08:52:29.690743Z	error	failed scraping envoy metrics: error scraping http://localhost:15090/stats/prometheus: Get "http://localhost:15090/stats/prometheus": dial tcp [::1]:15090: connect: connection refused
2022-04-11T08:52:44.466345Z	error	failed scraping envoy metrics: error scraping http://localhost:15090/stats/prometheus: Get "http://localhost:15090/stats/prometheus": dial tcp [::1]:15090: connect: connection refused
2022-04-11T08:53:00.734911Z	warn	xdsproxy	upstream [1] terminated with unexpected error rpc error: code = Unavailable desc = keepalive ping failed to receive ACK within timeout
2022-04-11T08:53:58.747643Z	warning	envoy config	StreamAggregatedResources gRPC config stream closed since 55s ago: 14, connection error: desc = "transport: Error while dialing dial tcp 10.96.182.207:15012: connect: connection refused"
2022-04-11T08:54:26.605149Z	warning	envoy config	StreamAggregatedResources gRPC config stream closed since 83s ago: 14, connection error: desc = "transport: Error while dialing dial tcp 10.96.182.207:15012: connect: connection refused"
2022-04-11T08:54:30.365362Z	error	failed scraping envoy metrics: error scraping http://localhost:15090/stats/prometheus: Get "http://localhost:15090/stats/prometheus": dial tcp [::1]:15090: connect: connection refused
2022-04-11T08:54:34.577393Z	error	failed scraping envoy metrics: error scraping http://localhost:15090/stats/prometheus: Get "http://localhost:15090/stats/prometheus": dial tcp [::1]:15090: connect: connection refused
2022-04-11T08:54:44.013075Z	error	failed scraping envoy metrics: error scraping http://localhost:15090/stats/prometheus: Get "http://localhost:15090/stats/prometheus": dial tcp [::1]:15090: connect: connection refused
2022-04-11T08:54:54.639949Z	warning	envoy config	StreamAggregatedResources gRPC config stream closed since 111s ago: 14, connection error: desc = "transport: Error while dialing dial tcp 10.96.182.207:15012: connect: connection refused"
2022-04-11T08:54:55.212445Z	warning	envoy config	StreamAggregatedResources gRPC config stream closed since 112s ago: 14, connection error: desc = "transport: Error while dialing dial tcp 10.96.182.207:15012: connect: connection refused"
2022-04-11T08:54:56.541275Z	warning	envoy config	StreamAggregatedResources gRPC config stream closed since 113s ago: 14, connection error: desc = "transport: Error while dialing dial tcp 10.96.182.207:15012: connect: connection refused"
2022-04-11T08:55:00.299777Z	error	failed scraping envoy metrics: error scraping http://localhost:15090/stats/prometheus: Get "http://localhost:15090/stats/prometheus": dial tcp [::1]:15090: connect: connection refused
2022-04-11T08:55:30.575613Z	error	xdsproxy	failed to connect to upstream istiod.istio-system.svc:15012: context deadline exceeded
2022-04-11T08:55:32.360427Z	warning	envoy config	StreamAggregatedResources gRPC config stream closed: 2, context deadline exceeded
2022-04-11T08:55:40.490055Z	warning	envoy config	StreamAggregatedResources gRPC config stream closed since 157s ago: 14, connection error: desc = "transport: Error while dialing dial tcp 10.96.182.207:15012: connect: connection refused"
2022-04-11T08:55:46.049841Z	warning	envoy config	StreamAggregatedResources gRPC config stream closed since 163s ago: 14, connection error: desc = "transport: Error while dialing dial tcp 10.96.182.207:15012: connect: connection refused"
2022-04-11T08:56:06.791068Z	warning	envoy config	StreamAggregatedResources gRPC config stream closed since 183s ago: 14, connection error: desc = "transport: Error while dialing dial tcp 10.96.182.207:15012: connect: connection refused"
2022-04-11T08:56:39.039341Z	warning	envoy config	StreamAggregatedResources gRPC config stream closed since 216s ago: 14, connection error: desc = "transport: Error while dialing dial tcp 10.96.182.207:15012: connect: connection refused"
2022-04-11T08:57:07.185764Z	warning	envoy config	StreamAggregatedResources gRPC config stream closed since 244s ago: 14, connection error: desc = "transport: Error while dialing dial tcp 10.96.182.207:15012: connect: connection refused"
2022-04-11T08:57:08.124064Z	error	failed scraping envoy metrics: error scraping http://localhost:15090/stats/prometheus: Get "http://localhost:15090/stats/prometheus": dial tcp [::1]:15090: connect: connection refused
2022-04-11T08:57:23.395168Z	warning	envoy config	StreamAggregatedResources gRPC config stream closed since 260s ago: 14, connection error: desc = "transport: Error while dialing dial tcp 10.96.182.207:15012: connect: connection refused"
2022-04-11T08:58:07.599454Z	warning	envoy config	StreamAggregatedResources gRPC config stream closed since 304s ago: 14, failed to receive server preface within timeout
2022-04-11T08:58:21.899458Z	info	xdsproxy	connected to upstream XDS server: istiod.istio-system.svc:15012
2022-04-11T08:59:58.580247Z	warn	Envoy proxy is NOT ready: Get "http://127.0.0.1:15000/stats?usedonly&filter=^(cluster_manager\\.cds|listener_manager\\.lds)\\.(update_success|update_rejected)$": context deadline exceeded (Client.Timeout exceeded while awaiting headers)
2022-04-11T08:59:59.293948Z	warn	Envoy proxy is NOT ready: Get "http://127.0.0.1:15000/stats?usedonly&filter=^(cluster_manager\\.cds|listener_manager\\.lds)\\.(update_success|update_rejected)$": context deadline exceeded (Client.Timeout exceeded while awaiting headers)
2022-04-11T09:00:00.549832Z	warn	Envoy proxy is NOT ready: Get "http://127.0.0.1:15000/stats?usedonly&filter=^(cluster_manager\\.cds|listener_manager\\.lds)\\.(update_success|update_rejected)$": context deadline exceeded (Client.Timeout exceeded while awaiting headers)
2022-04-11T09:00:01.754373Z	info	Readiness succeeded in 11m38.883806509s
2022-04-11T09:00:01.755292Z	info	Envoy proxy is ready
2022-04-11T09:01:05.076344Z	warning	envoy config	StreamAggregatedResources gRPC config stream closed: 13, 
2022-04-11T09:01:50.203749Z	warning	envoy config	StreamAggregatedResources gRPC config stream closed since 37s ago: 14, connection error: desc = "transport: authentication handshake failed: context deadline exceeded"
2022-04-11T09:02:10.114668Z	info	xdsproxy	connected to upstream XDS server: istiod.istio-system.svc:15012
2022-04-11T09:34:55.065837Z	info	xdsproxy	connected to upstream XDS server: istiod.istio-system.svc:15012
2022-04-11T10:02:19.453186Z	info	xdsproxy	connected to upstream XDS server: istiod.istio-system.svc:15012
2022-04-11T10:29:47.237487Z	info	xdsproxy	connected to upstream XDS server: istiod.istio-system.svc:15012
2022-04-11T10:59:41.161357Z	info	xdsproxy	connected to upstream XDS server: istiod.istio-system.svc:15012
