2022-04-11T08:48:16.086972Z	info	FLAG: --concurrency="2"
2022-04-11T08:48:16.087049Z	info	FLAG: --domain="default.svc.cluster.local"
2022-04-11T08:48:16.087062Z	info	FLAG: --help="false"
2022-04-11T08:48:16.087068Z	info	FLAG: --log_as_json="false"
2022-04-11T08:48:16.087072Z	info	FLAG: --log_caller=""
2022-04-11T08:48:16.087078Z	info	FLAG: --log_output_level="default:info"
2022-04-11T08:48:16.087082Z	info	FLAG: --log_rotate=""
2022-04-11T08:48:16.087087Z	info	FLAG: --log_rotate_max_age="30"
2022-04-11T08:48:16.087093Z	info	FLAG: --log_rotate_max_backups="1000"
2022-04-11T08:48:16.087098Z	info	FLAG: --log_rotate_max_size="104857600"
2022-04-11T08:48:16.087103Z	info	FLAG: --log_stacktrace_level="default:none"
2022-04-11T08:48:16.087136Z	info	FLAG: --log_target="[stdout]"
2022-04-11T08:48:16.087149Z	info	FLAG: --meshConfig="./etc/istio/config/mesh"
2022-04-11T08:48:16.087154Z	info	FLAG: --outlierLogPath=""
2022-04-11T08:48:16.087159Z	info	FLAG: --proxyComponentLogLevel="misc:error"
2022-04-11T08:48:16.087164Z	info	FLAG: --proxyLogLevel="warning"
2022-04-11T08:48:16.087187Z	info	FLAG: --serviceCluster="istio-proxy"
2022-04-11T08:48:16.087209Z	info	FLAG: --stsPort="0"
2022-04-11T08:48:16.087219Z	info	FLAG: --templateFile=""
2022-04-11T08:48:16.087230Z	info	FLAG: --tokenManagerPlugin="GoogleTokenExchange"
2022-04-11T08:48:16.087241Z	info	FLAG: --vklog="0"
2022-04-11T08:48:16.087247Z	info	Version 1.13.2-91533d04e894ff86b80acd6d7a4517b144f9e19a-Clean
2022-04-11T08:48:16.087618Z	info	Proxy role	ips=[10.244.0.95 fe80::a816:ceff:fe06:c551] type=sidecar id=ts-assurance-mongo-8b6bc46df-qbzl8.default domain=default.svc.cluster.local
2022-04-11T08:48:16.087736Z	info	Apply proxy config from env {}

2022-04-11T08:48:16.183098Z	info	Effective config: binaryPath: /usr/local/bin/envoy
concurrency: 2
configPath: ./etc/istio/proxy
controlPlaneAuthPolicy: MUTUAL_TLS
discoveryAddress: istiod.istio-system.svc:15012
drainDuration: 45s
parentShutdownDuration: 60s
proxyAdminPort: 15000
serviceCluster: istio-proxy
statNameLength: 189
statusPort: 15020
terminationDrainDuration: 5s
tracing:
  zipkin:
    address: zipkin.istio-system:9411

2022-04-11T08:48:16.183176Z	info	JWT policy is third-party-jwt
2022-04-11T08:48:16.259020Z	info	CA Endpoint istiod.istio-system.svc:15012, provider Citadel
2022-04-11T08:48:16.259130Z	info	Using CA istiod.istio-system.svc:15012 cert with certs: var/run/secrets/istio/root-cert.pem
2022-04-11T08:48:16.259236Z	info	citadelclient	Citadel client using custom root cert: var/run/secrets/istio/root-cert.pem
2022-04-11T08:48:16.259156Z	info	Opening status port 15020
2022-04-11T08:48:18.185318Z	info	ads	All caches have been synced up in 2.623461632s, marking server ready
2022-04-11T08:48:18.217311Z	info	sds	SDS server for workload certificates started, listening on "etc/istio/proxy/SDS"
2022-04-11T08:48:18.217418Z	info	xdsproxy	Initializing with upstream address "istiod.istio-system.svc:15012" and cluster "Kubernetes"
2022-04-11T08:48:18.221176Z	info	sds	Starting SDS grpc server
2022-04-11T08:48:18.229524Z	info	starting Http service at 127.0.0.1:15004
2022-04-11T08:48:18.320081Z	info	Pilot SAN: [istiod.istio-system.svc]
2022-04-11T08:48:18.322545Z	info	Starting proxy agent
2022-04-11T08:48:18.322625Z	info	Epoch 0 starting
2022-04-11T08:48:18.322668Z	info	Envoy command: [-c etc/istio/proxy/envoy-rev0.json --restart-epoch 0 --drain-time-s 45 --drain-strategy immediate --parent-shutdown-time-s 60 --local-address-ip-version v4 --file-flush-interval-msec 1000 --disable-hot-restart --log-format %Y-%m-%dT%T.%fZ	%l	envoy %n	%v -l warning --component-log-level misc:error --concurrency 2]
2022-04-11T08:48:22.977197Z	info	xdsproxy	connected to upstream XDS server: istiod.istio-system.svc:15012
2022-04-11T08:48:43.677513Z	info	cache	generated new workload certificate	latency=25.479136195s ttl=23h59m56.322510628s
2022-04-11T08:48:43.677619Z	info	cache	Root cert has changed, start rotating root cert
2022-04-11T08:48:43.677663Z	info	ads	XDS: Incremental Pushing:0 ConnectedEndpoints:0 Version:
2022-04-11T08:48:43.677776Z	info	cache	returned workload trust anchor from cache	ttl=23h59m56.322231956s
2022-04-11T08:48:45.023727Z	info	ads	ADS: new connection for node:ts-assurance-mongo-8b6bc46df-qbzl8.default-1
2022-04-11T08:48:45.024015Z	info	cache	returned workload trust anchor from cache	ttl=23h59m54.975999466s
2022-04-11T08:48:45.025073Z	info	ads	SDS: PUSH request for node:ts-assurance-mongo-8b6bc46df-qbzl8.default resources:1 size:1.1kB resource:ROOTCA
2022-04-11T08:48:45.067311Z	info	ads	ADS: new connection for node:ts-assurance-mongo-8b6bc46df-qbzl8.default-2
2022-04-11T08:48:45.067554Z	info	cache	returned workload certificate from cache	ttl=23h59m54.932459645s
2022-04-11T08:48:45.067835Z	info	ads	SDS: PUSH request for node:ts-assurance-mongo-8b6bc46df-qbzl8.default resources:1 size:4.0kB resource:default
2022-04-11T08:50:08.974568Z	info	Readiness succeeded in 1m53.205984049s
2022-04-11T08:50:08.975215Z	info	Envoy proxy is ready
2022-04-11T08:53:52.812150Z	warn	xdsproxy	upstream [1] terminated with unexpected error rpc error: code = Unavailable desc = keepalive ping failed to receive ACK within timeout
2022-04-11T08:54:31.405874Z	warning	envoy config	StreamAggregatedResources gRPC config stream closed since 34s ago: 14, connection error: desc = "transport: Error while dialing dial tcp 10.96.182.207:15012: connect: connection refused"
2022-04-11T08:54:36.340924Z	warning	envoy config	StreamAggregatedResources gRPC config stream closed since 39s ago: 14, connection error: desc = "transport: Error while dialing dial tcp 10.96.182.207:15012: connect: connection refused"
2022-04-11T08:54:38.427448Z	warning	envoy config	StreamAggregatedResources gRPC config stream closed since 41s ago: 14, connection error: desc = "transport: Error while dialing dial tcp 10.96.182.207:15012: connect: connection refused"
2022-04-11T08:54:41.295105Z	warning	envoy config	StreamAggregatedResources gRPC config stream closed since 44s ago: 14, connection error: desc = "transport: Error while dialing dial tcp 10.96.182.207:15012: connect: connection refused"
2022-04-11T08:54:48.774701Z	warning	envoy config	StreamAggregatedResources gRPC config stream closed since 52s ago: 14, connection error: desc = "transport: Error while dialing dial tcp 10.96.182.207:15012: connect: connection refused"
2022-04-11T08:55:08.352904Z	warning	envoy config	StreamAggregatedResources gRPC config stream closed since 71s ago: 14, connection error: desc = "transport: Error while dialing dial tcp 10.96.182.207:15012: connect: connection refused"
2022-04-11T08:55:43.904186Z	warning	envoy config	StreamAggregatedResources gRPC config stream closed since 107s ago: 14, connection error: desc = "transport: Error while dialing dial tcp 10.96.182.207:15012: connect: connection refused"
2022-04-11T08:56:01.786793Z	warning	envoy config	StreamAggregatedResources gRPC config stream closed since 125s ago: 14, connection error: desc = "transport: Error while dialing dial tcp 10.96.182.207:15012: connect: connection refused"
2022-04-11T08:56:24.264224Z	warning	envoy config	StreamAggregatedResources gRPC config stream closed since 147s ago: 14, connection error: desc = "transport: Error while dialing dial tcp 10.96.182.207:15012: connect: connection refused"
2022-04-11T08:56:48.676435Z	warning	envoy config	StreamAggregatedResources gRPC config stream closed since 172s ago: 14, connection error: desc = "transport: Error while dialing dial tcp 10.96.182.207:15012: connect: connection refused"
2022-04-11T08:57:06.751400Z	warning	envoy config	StreamAggregatedResources gRPC config stream closed since 190s ago: 14, connection error: desc = "transport: Error while dialing dial tcp 10.96.182.207:15012: connect: connection refused"
2022-04-11T08:57:11.768324Z	warning	envoy config	StreamAggregatedResources gRPC config stream closed since 195s ago: 14, connection error: desc = "transport: Error while dialing dial tcp 10.96.182.207:15012: connect: connection refused"
2022-04-11T08:57:25.698378Z	warning	envoy config	StreamAggregatedResources gRPC config stream closed since 209s ago: 14, connection error: desc = "transport: Error while dialing dial tcp 10.96.182.207:15012: connect: connection refused"
2022-04-11T08:57:35.254153Z	warning	envoy config	StreamAggregatedResources gRPC config stream closed since 218s ago: 14, connection error: desc = "transport: Error while dialing dial tcp 10.96.182.207:15012: connect: connection refused"
2022-04-11T08:57:44.107747Z	info	xdsproxy	connected to upstream XDS server: istiod.istio-system.svc:15012
2022-04-11T09:25:02.726761Z	info	xdsproxy	connected to upstream XDS server: istiod.istio-system.svc:15012
2022-04-11T09:54:26.153946Z	info	xdsproxy	connected to upstream XDS server: istiod.istio-system.svc:15012
2022-04-11T10:23:11.223833Z	info	xdsproxy	connected to upstream XDS server: istiod.istio-system.svc:15012
2022-04-11T10:53:37.070575Z	info	xdsproxy	connected to upstream XDS server: istiod.istio-system.svc:15012
