2022-04-11T08:48:30.221461Z	info	FLAG: --concurrency="2"
2022-04-11T08:48:30.236769Z	info	FLAG: --domain="default.svc.cluster.local"
2022-04-11T08:48:30.236789Z	info	FLAG: --help="false"
2022-04-11T08:48:30.236797Z	info	FLAG: --log_as_json="false"
2022-04-11T08:48:30.237300Z	info	FLAG: --log_caller=""
2022-04-11T08:48:30.237321Z	info	FLAG: --log_output_level="default:info"
2022-04-11T08:48:30.237400Z	info	FLAG: --log_rotate=""
2022-04-11T08:48:30.237410Z	info	FLAG: --log_rotate_max_age="30"
2022-04-11T08:48:30.237417Z	info	FLAG: --log_rotate_max_backups="1000"
2022-04-11T08:48:30.237423Z	info	FLAG: --log_rotate_max_size="104857600"
2022-04-11T08:48:30.237430Z	info	FLAG: --log_stacktrace_level="default:none"
2022-04-11T08:48:30.237495Z	info	FLAG: --log_target="[stdout]"
2022-04-11T08:48:30.237633Z	info	FLAG: --meshConfig="./etc/istio/config/mesh"
2022-04-11T08:48:30.237646Z	info	FLAG: --outlierLogPath=""
2022-04-11T08:48:30.237653Z	info	FLAG: --proxyComponentLogLevel="misc:error"
2022-04-11T08:48:30.237659Z	info	FLAG: --proxyLogLevel="warning"
2022-04-11T08:48:30.237664Z	info	FLAG: --serviceCluster="istio-proxy"
2022-04-11T08:48:30.237672Z	info	FLAG: --stsPort="0"
2022-04-11T08:48:30.237677Z	info	FLAG: --templateFile=""
2022-04-11T08:48:30.237684Z	info	FLAG: --tokenManagerPlugin="GoogleTokenExchange"
2022-04-11T08:48:30.237733Z	info	FLAG: --vklog="0"
2022-04-11T08:48:30.237751Z	info	Version 1.13.2-91533d04e894ff86b80acd6d7a4517b144f9e19a-Clean
2022-04-11T08:48:30.238381Z	info	Proxy role	ips=[10.244.0.110 fe80::d8b0:b2ff:feba:9bb6] type=sidecar id=ts-cancel-service-7dfd745dcc-rlq5v.default domain=default.svc.cluster.local
2022-04-11T08:48:30.238524Z	info	Apply proxy config from env {}

2022-04-11T08:48:30.250653Z	info	Effective config: binaryPath: /usr/local/bin/envoy
concurrency: 2
configPath: ./etc/istio/proxy
controlPlaneAuthPolicy: MUTUAL_TLS
discoveryAddress: istiod.istio-system.svc:15012
drainDuration: 45s
parentShutdownDuration: 60s
proxyAdminPort: 15000
serviceCluster: istio-proxy
statNameLength: 189
statusPort: 15020
terminationDrainDuration: 5s
tracing:
  zipkin:
    address: zipkin.istio-system:9411

2022-04-11T08:48:30.250702Z	info	JWT policy is third-party-jwt
2022-04-11T08:48:30.370928Z	info	CA Endpoint istiod.istio-system.svc:15012, provider Citadel
2022-04-11T08:48:30.371036Z	info	Using CA istiod.istio-system.svc:15012 cert with certs: var/run/secrets/istio/root-cert.pem
2022-04-11T08:48:30.371162Z	info	citadelclient	Citadel client using custom root cert: var/run/secrets/istio/root-cert.pem
2022-04-11T08:48:30.412714Z	info	Opening status port 15020
2022-04-11T08:48:30.824394Z	info	ads	All caches have been synced up in 1.309138427s, marking server ready
2022-04-11T08:48:30.839692Z	info	sds	Starting SDS grpc server
2022-04-11T08:48:30.844793Z	info	sds	SDS server for workload certificates started, listening on "etc/istio/proxy/SDS"
2022-04-11T08:48:30.850290Z	info	xdsproxy	Initializing with upstream address "istiod.istio-system.svc:15012" and cluster "Kubernetes"
2022-04-11T08:48:30.874725Z	info	starting Http service at 127.0.0.1:15004
2022-04-11T08:48:31.131660Z	info	Pilot SAN: [istiod.istio-system.svc]
2022-04-11T08:48:31.661797Z	info	Starting proxy agent
2022-04-11T08:48:31.661919Z	info	Epoch 0 starting
2022-04-11T08:48:31.661972Z	info	Envoy command: [-c etc/istio/proxy/envoy-rev0.json --restart-epoch 0 --drain-time-s 45 --drain-strategy immediate --parent-shutdown-time-s 60 --local-address-ip-version v4 --file-flush-interval-msec 1000 --disable-hot-restart --log-format %Y-%m-%dT%T.%fZ	%l	envoy %n	%v -l warning --component-log-level misc:error --concurrency 2]
2022-04-11T08:48:37.742037Z	info	cache	generated new workload certificate	latency=6.896290966s ttl=23h59m59.258020881s
2022-04-11T08:48:37.742133Z	info	cache	Root cert has changed, start rotating root cert
2022-04-11T08:48:37.742180Z	info	ads	XDS: Incremental Pushing:0 ConnectedEndpoints:0 Version:
2022-04-11T08:48:37.742293Z	info	cache	returned workload trust anchor from cache	ttl=23h59m59.257715646s
2022-04-11T08:48:37.823814Z	info	xdsproxy	connected to upstream XDS server: istiod.istio-system.svc:15012
2022-04-11T08:49:21.965607Z	info	ads	ADS: new connection for node:ts-cancel-service-7dfd745dcc-rlq5v.default-1
2022-04-11T08:49:21.965812Z	info	cache	returned workload trust anchor from cache	ttl=23h59m15.03419545s
2022-04-11T08:49:21.966847Z	info	ads	SDS: PUSH request for node:ts-cancel-service-7dfd745dcc-rlq5v.default resources:1 size:1.1kB resource:ROOTCA
2022-04-11T08:49:22.131557Z	info	ads	ADS: new connection for node:ts-cancel-service-7dfd745dcc-rlq5v.default-2
2022-04-11T08:49:22.526680Z	info	cache	returned workload certificate from cache	ttl=23h59m14.473341409s
2022-04-11T08:49:22.669987Z	info	ads	SDS: PUSH request for node:ts-cancel-service-7dfd745dcc-rlq5v.default resources:1 size:4.0kB resource:default
2022-04-11T08:51:27.985936Z	info	Readiness succeeded in 2m58.288674726s
2022-04-11T08:51:28.083657Z	info	Envoy proxy is ready
2022-04-11T08:53:06.362069Z	warn	xdsproxy	upstream [1] terminated with unexpected error rpc error: code = Unavailable desc = keepalive ping failed to receive ACK within timeout
2022-04-11T08:53:51.080273Z	warning	envoy config	StreamAggregatedResources gRPC config stream closed since 43s ago: 14, connection error: desc = "transport: Error while dialing dial tcp 10.96.182.207:15012: connect: connection refused"
2022-04-11T08:54:08.133966Z	warning	envoy config	StreamAggregatedResources gRPC config stream closed since 60s ago: 14, connection error: desc = "transport: Error while dialing dial tcp 10.96.182.207:15012: connect: connection refused"
2022-04-11T08:54:17.839591Z	warning	envoy config	StreamAggregatedResources gRPC config stream closed since 70s ago: 14, connection error: desc = "transport: Error while dialing dial tcp 10.96.182.207:15012: connect: connection refused"
2022-04-11T08:54:42.336324Z	warning	envoy config	StreamAggregatedResources gRPC config stream closed since 94s ago: 14, connection error: desc = "transport: Error while dialing dial tcp 10.96.182.207:15012: connect: connection refused"
2022-04-11T08:54:54.261810Z	warning	envoy config	StreamAggregatedResources gRPC config stream closed since 106s ago: 14, connection error: desc = "transport: Error while dialing dial tcp 10.96.182.207:15012: connect: connection refused"
2022-04-11T08:55:32.131844Z	warning	envoy config	StreamAggregatedResources gRPC config stream closed since 144s ago: 14, connection error: desc = "transport: Error while dialing dial tcp 10.96.182.207:15012: connect: connection refused"
2022-04-11T08:55:55.941136Z	warning	envoy config	StreamAggregatedResources gRPC config stream closed since 168s ago: 14, connection error: desc = "transport: Error while dialing dial tcp 10.96.182.207:15012: connect: connection refused"
2022-04-11T08:56:14.782531Z	warning	envoy config	StreamAggregatedResources gRPC config stream closed since 187s ago: 14, connection error: desc = "transport: Error while dialing dial tcp 10.96.182.207:15012: connect: connection refused"
2022-04-11T08:56:45.637290Z	warning	envoy config	StreamAggregatedResources gRPC config stream closed since 218s ago: 14, connection error: desc = "transport: Error while dialing dial tcp 10.96.182.207:15012: connect: connection refused"
2022-04-11T08:56:54.062899Z	warning	envoy config	StreamAggregatedResources gRPC config stream closed since 226s ago: 14, connection error: desc = "transport: Error while dialing dial tcp 10.96.182.207:15012: connect: connection refused"
2022-04-11T08:57:00.463596Z	warning	envoy config	StreamAggregatedResources gRPC config stream closed since 232s ago: 14, connection error: desc = "transport: Error while dialing dial tcp 10.96.182.207:15012: connect: connection refused"
2022-04-11T08:57:03.288841Z	warning	envoy config	StreamAggregatedResources gRPC config stream closed since 235s ago: 14, connection error: desc = "transport: Error while dialing dial tcp 10.96.182.207:15012: connect: connection refused"
2022-04-11T08:57:20.280239Z	warning	envoy config	StreamAggregatedResources gRPC config stream closed since 252s ago: 14, connection error: desc = "transport: Error while dialing dial tcp 10.96.182.207:15012: connect: connection refused"
2022-04-11T08:57:49.440305Z	info	xdsproxy	connected to upstream XDS server: istiod.istio-system.svc:15012
2022-04-11T09:01:10.416822Z	warn	xdsproxy	upstream [20] terminated with unexpected error rpc error: code = Unavailable desc = keepalive ping failed to receive ACK within timeout
2022-04-11T09:01:47.823427Z	warning	envoy config	StreamAggregatedResources gRPC config stream closed since 36s ago: 14, connection error: desc = "transport: Error while dialing dial tcp 10.96.182.207:15012: i/o timeout"
2022-04-11T09:02:08.021935Z	info	xdsproxy	connected to upstream XDS server: istiod.istio-system.svc:15012
2022-04-11T09:31:32.259525Z	info	xdsproxy	connected to upstream XDS server: istiod.istio-system.svc:15012
2022-04-11T10:00:16.527656Z	info	xdsproxy	connected to upstream XDS server: istiod.istio-system.svc:15012
2022-04-11T10:28:11.265433Z	info	xdsproxy	connected to upstream XDS server: istiod.istio-system.svc:15012
2022-04-11T11:00:19.340548Z	info	xdsproxy	connected to upstream XDS server: istiod.istio-system.svc:15012
