2022-04-11T08:48:02.852469Z	info	FLAG: --concurrency="2"
2022-04-11T08:48:02.852529Z	info	FLAG: --domain="default.svc.cluster.local"
2022-04-11T08:48:02.852538Z	info	FLAG: --help="false"
2022-04-11T08:48:02.852541Z	info	FLAG: --log_as_json="false"
2022-04-11T08:48:02.852602Z	info	FLAG: --log_caller=""
2022-04-11T08:48:02.852613Z	info	FLAG: --log_output_level="default:info"
2022-04-11T08:48:02.852617Z	info	FLAG: --log_rotate=""
2022-04-11T08:48:02.852620Z	info	FLAG: --log_rotate_max_age="30"
2022-04-11T08:48:02.852623Z	info	FLAG: --log_rotate_max_backups="1000"
2022-04-11T08:48:02.852626Z	info	FLAG: --log_rotate_max_size="104857600"
2022-04-11T08:48:02.852628Z	info	FLAG: --log_stacktrace_level="default:none"
2022-04-11T08:48:02.943519Z	info	FLAG: --log_target="[stdout]"
2022-04-11T08:48:02.943594Z	info	FLAG: --meshConfig="./etc/istio/config/mesh"
2022-04-11T08:48:02.943604Z	info	FLAG: --outlierLogPath=""
2022-04-11T08:48:02.943610Z	info	FLAG: --proxyComponentLogLevel="misc:error"
2022-04-11T08:48:02.943615Z	info	FLAG: --proxyLogLevel="warning"
2022-04-11T08:48:02.943619Z	info	FLAG: --serviceCluster="istio-proxy"
2022-04-11T08:48:02.943626Z	info	FLAG: --stsPort="0"
2022-04-11T08:48:02.943631Z	info	FLAG: --templateFile=""
2022-04-11T08:48:02.943635Z	info	FLAG: --tokenManagerPlugin="GoogleTokenExchange"
2022-04-11T08:48:02.943645Z	info	FLAG: --vklog="0"
2022-04-11T08:48:02.943652Z	info	Version 1.13.2-91533d04e894ff86b80acd6d7a4517b144f9e19a-Clean
2022-04-11T08:48:02.944095Z	info	Proxy role	ips=[10.244.0.82 fe80::ec67:5ff:feae:745d] type=sidecar id=ts-order-mongo-8c7d9bc97-75g98.default domain=default.svc.cluster.local
2022-04-11T08:48:02.944221Z	info	Apply proxy config from env {}

2022-04-11T08:48:03.018085Z	info	Effective config: binaryPath: /usr/local/bin/envoy
concurrency: 2
configPath: ./etc/istio/proxy
controlPlaneAuthPolicy: MUTUAL_TLS
discoveryAddress: istiod.istio-system.svc:15012
drainDuration: 45s
parentShutdownDuration: 60s
proxyAdminPort: 15000
serviceCluster: istio-proxy
statNameLength: 189
statusPort: 15020
terminationDrainDuration: 5s
tracing:
  zipkin:
    address: zipkin.istio-system:9411

2022-04-11T08:48:03.018155Z	info	JWT policy is third-party-jwt
2022-04-11T08:48:03.100467Z	info	CA Endpoint istiod.istio-system.svc:15012, provider Citadel
2022-04-11T08:48:03.100616Z	info	Using CA istiod.istio-system.svc:15012 cert with certs: var/run/secrets/istio/root-cert.pem
2022-04-11T08:48:03.106678Z	info	Opening status port 15020
2022-04-11T08:48:03.111020Z	info	citadelclient	Citadel client using custom root cert: var/run/secrets/istio/root-cert.pem
2022-04-11T08:48:03.976620Z	info	ads	All caches have been synced up in 1.337368299s, marking server ready
2022-04-11T08:48:04.002085Z	info	sds	SDS server for workload certificates started, listening on "etc/istio/proxy/SDS"
2022-04-11T08:48:04.004612Z	info	xdsproxy	Initializing with upstream address "istiod.istio-system.svc:15012" and cluster "Kubernetes"
2022-04-11T08:48:04.006506Z	info	sds	Starting SDS grpc server
2022-04-11T08:48:04.041928Z	info	starting Http service at 127.0.0.1:15004
2022-04-11T08:48:04.067250Z	info	Pilot SAN: [istiod.istio-system.svc]
2022-04-11T08:48:04.081311Z	info	Starting proxy agent
2022-04-11T08:48:04.081390Z	info	Epoch 0 starting
2022-04-11T08:48:04.081571Z	info	Envoy command: [-c etc/istio/proxy/envoy-rev0.json --restart-epoch 0 --drain-time-s 45 --drain-strategy immediate --parent-shutdown-time-s 60 --local-address-ip-version v4 --file-flush-interval-msec 1000 --disable-hot-restart --log-format %Y-%m-%dT%T.%fZ	%l	envoy %n	%v -l warning --component-log-level misc:error --concurrency 2]
2022-04-11T08:48:08.574299Z	info	xdsproxy	connected to upstream XDS server: istiod.istio-system.svc:15012
2022-04-11T08:48:10.751127Z	info	ads	ADS: new connection for node:ts-order-mongo-8c7d9bc97-75g98.default-1
2022-04-11T08:48:10.821665Z	info	ads	ADS: new connection for node:ts-order-mongo-8c7d9bc97-75g98.default-2
2022-04-11T08:48:15.902500Z	info	cache	generated new workload certificate	latency=11.896468291s ttl=23h59m59.097522375s
2022-04-11T08:48:15.902581Z	info	cache	Root cert has changed, start rotating root cert
2022-04-11T08:48:15.902601Z	info	ads	XDS: Incremental Pushing:0 ConnectedEndpoints:2 Version:
2022-04-11T08:48:15.903027Z	info	cache	returned workload trust anchor from cache	ttl=23h59m59.097024565s
2022-04-11T08:48:15.903733Z	info	ads	SDS: PUSH request for node:ts-order-mongo-8c7d9bc97-75g98.default resources:1 size:1.1kB resource:ROOTCA
2022-04-11T08:48:15.903990Z	info	cache	returned workload trust anchor from cache	ttl=23h59m59.096018496s
2022-04-11T08:48:15.904049Z	info	ads	SDS: PUSH for node:ts-order-mongo-8c7d9bc97-75g98.default resources:1 size:1.1kB resource:ROOTCA
2022-04-11T08:48:15.904078Z	info	cache	returned workload certificate from cache	ttl=23h59m59.095926595s
2022-04-11T08:48:15.904232Z	info	ads	SDS: PUSH request for node:ts-order-mongo-8c7d9bc97-75g98.default resources:1 size:4.0kB resource:default
2022-04-11T08:48:15.917308Z	info	cache	returned workload trust anchor from cache	ttl=23h59m59.08271018s
2022-04-11T08:48:25.166266Z	info	Readiness succeeded in 22.515984159s
2022-04-11T08:48:25.167326Z	info	Envoy proxy is ready
2022-04-11T09:20:24.643749Z	info	xdsproxy	connected to upstream XDS server: istiod.istio-system.svc:15012
2022-04-11T09:53:28.657411Z	info	xdsproxy	connected to upstream XDS server: istiod.istio-system.svc:15012
2022-04-11T10:25:58.124948Z	info	xdsproxy	connected to upstream XDS server: istiod.istio-system.svc:15012
2022-04-11T10:54:52.849451Z	info	xdsproxy	connected to upstream XDS server: istiod.istio-system.svc:15012
