2022-04-11T08:48:11.245263Z	info	FLAG: --concurrency="2"
2022-04-11T08:48:11.245411Z	info	FLAG: --domain="default.svc.cluster.local"
2022-04-11T08:48:11.245423Z	info	FLAG: --help="false"
2022-04-11T08:48:11.245431Z	info	FLAG: --log_as_json="false"
2022-04-11T08:48:11.245508Z	info	FLAG: --log_caller=""
2022-04-11T08:48:11.245517Z	info	FLAG: --log_output_level="default:info"
2022-04-11T08:48:11.245521Z	info	FLAG: --log_rotate=""
2022-04-11T08:48:11.245527Z	info	FLAG: --log_rotate_max_age="30"
2022-04-11T08:48:11.245531Z	info	FLAG: --log_rotate_max_backups="1000"
2022-04-11T08:48:11.245537Z	info	FLAG: --log_rotate_max_size="104857600"
2022-04-11T08:48:11.245541Z	info	FLAG: --log_stacktrace_level="default:none"
2022-04-11T08:48:11.245556Z	info	FLAG: --log_target="[stdout]"
2022-04-11T08:48:11.249968Z	info	FLAG: --meshConfig="./etc/istio/config/mesh"
2022-04-11T08:48:11.249990Z	info	FLAG: --outlierLogPath=""
2022-04-11T08:48:11.250014Z	info	FLAG: --proxyComponentLogLevel="misc:error"
2022-04-11T08:48:11.250023Z	info	FLAG: --proxyLogLevel="warning"
2022-04-11T08:48:11.250028Z	info	FLAG: --serviceCluster="istio-proxy"
2022-04-11T08:48:11.250041Z	info	FLAG: --stsPort="0"
2022-04-11T08:48:11.250048Z	info	FLAG: --templateFile=""
2022-04-11T08:48:11.250055Z	info	FLAG: --tokenManagerPlugin="GoogleTokenExchange"
2022-04-11T08:48:11.250069Z	info	FLAG: --vklog="0"
2022-04-11T08:48:11.250077Z	info	Version 1.13.2-91533d04e894ff86b80acd6d7a4517b144f9e19a-Clean
2022-04-11T08:48:11.250558Z	info	Proxy role	ips=[10.244.0.91 fe80::64bd:29ff:fe40:2da9] type=sidecar id=ts-price-mongo-7689767c4f-7fsjx.default domain=default.svc.cluster.local
2022-04-11T08:48:11.250715Z	info	Apply proxy config from env {}

2022-04-11T08:48:11.355460Z	info	Effective config: binaryPath: /usr/local/bin/envoy
concurrency: 2
configPath: ./etc/istio/proxy
controlPlaneAuthPolicy: MUTUAL_TLS
discoveryAddress: istiod.istio-system.svc:15012
drainDuration: 45s
parentShutdownDuration: 60s
proxyAdminPort: 15000
serviceCluster: istio-proxy
statNameLength: 189
statusPort: 15020
terminationDrainDuration: 5s
tracing:
  zipkin:
    address: zipkin.istio-system:9411

2022-04-11T08:48:11.355534Z	info	JWT policy is third-party-jwt
2022-04-11T08:48:11.491657Z	info	CA Endpoint istiod.istio-system.svc:15012, provider Citadel
2022-04-11T08:48:11.491781Z	info	Using CA istiod.istio-system.svc:15012 cert with certs: var/run/secrets/istio/root-cert.pem
2022-04-11T08:48:11.491921Z	info	citadelclient	Citadel client using custom root cert: var/run/secrets/istio/root-cert.pem
2022-04-11T08:48:11.493251Z	info	Opening status port 15020
2022-04-11T08:48:12.845864Z	info	ads	All caches have been synced up in 2.012187509s, marking server ready
2022-04-11T08:48:12.920677Z	info	sds	SDS server for workload certificates started, listening on "etc/istio/proxy/SDS"
2022-04-11T08:48:12.920779Z	info	xdsproxy	Initializing with upstream address "istiod.istio-system.svc:15012" and cluster "Kubernetes"
2022-04-11T08:48:12.921694Z	info	sds	Starting SDS grpc server
2022-04-11T08:48:12.944315Z	info	starting Http service at 127.0.0.1:15004
2022-04-11T08:48:13.096034Z	info	Pilot SAN: [istiod.istio-system.svc]
2022-04-11T08:48:13.170736Z	info	Starting proxy agent
2022-04-11T08:48:13.170993Z	info	Epoch 0 starting
2022-04-11T08:48:13.171060Z	info	Envoy command: [-c etc/istio/proxy/envoy-rev0.json --restart-epoch 0 --drain-time-s 45 --drain-strategy immediate --parent-shutdown-time-s 60 --local-address-ip-version v4 --file-flush-interval-msec 1000 --disable-hot-restart --log-format %Y-%m-%dT%T.%fZ	%l	envoy %n	%v -l warning --component-log-level misc:error --concurrency 2]
2022-04-11T08:48:16.374204Z	info	xdsproxy	connected to upstream XDS server: istiod.istio-system.svc:15012
2022-04-11T08:48:16.385261Z	info	cache	generated new workload certificate	latency=3.485691682s ttl=23h59m58.614764466s
2022-04-11T08:48:16.385347Z	info	cache	Root cert has changed, start rotating root cert
2022-04-11T08:48:16.385404Z	info	ads	XDS: Incremental Pushing:0 ConnectedEndpoints:0 Version:
2022-04-11T08:48:16.385505Z	info	cache	returned workload trust anchor from cache	ttl=23h59m58.614503967s
2022-04-11T08:48:23.272318Z	info	ads	ADS: new connection for node:ts-price-mongo-7689767c4f-7fsjx.default-1
2022-04-11T08:48:23.272515Z	info	cache	returned workload certificate from cache	ttl=23h59m51.727496836s
2022-04-11T08:48:23.273205Z	info	ads	SDS: PUSH request for node:ts-price-mongo-7689767c4f-7fsjx.default resources:1 size:4.0kB resource:default
2022-04-11T08:48:23.303736Z	info	ads	ADS: new connection for node:ts-price-mongo-7689767c4f-7fsjx.default-2
2022-04-11T08:48:23.303996Z	info	cache	returned workload trust anchor from cache	ttl=23h59m51.696015051s
2022-04-11T08:48:23.304342Z	info	ads	SDS: PUSH request for node:ts-price-mongo-7689767c4f-7fsjx.default resources:1 size:1.1kB resource:ROOTCA
2022-04-11T08:48:51.784142Z	error	failed scraping envoy metrics: error scraping http://localhost:15090/stats/prometheus: Get "http://localhost:15090/stats/prometheus": dial tcp [::1]:15090: connect: connection refused
2022-04-11T08:49:09.764652Z	error	failed scraping envoy metrics: error scraping http://localhost:15090/stats/prometheus: Get "http://localhost:15090/stats/prometheus": dial tcp [::1]:15090: connect: connection refused
2022-04-11T08:49:27.403000Z	error	failed scraping envoy metrics: error scraping http://localhost:15090/stats/prometheus: Get "http://localhost:15090/stats/prometheus": dial tcp [::1]:15090: connect: connection refused
2022-04-11T08:49:40.036546Z	error	failed scraping envoy metrics: error scraping http://localhost:15090/stats/prometheus: Get "http://localhost:15090/stats/prometheus": dial tcp [::1]:15090: connect: connection refused
2022-04-11T08:49:51.520718Z	error	failed scraping envoy metrics: error scraping http://localhost:15090/stats/prometheus: Get "http://localhost:15090/stats/prometheus": dial tcp [::1]:15090: connect: connection refused
2022-04-11T08:50:06.254234Z	error	failed scraping envoy metrics: error scraping http://localhost:15090/stats/prometheus: Get "http://localhost:15090/stats/prometheus": dial tcp [::1]:15090: connect: connection refused
2022-04-11T08:50:30.156386Z	info	Readiness succeeded in 2m19.251109052s
2022-04-11T08:50:30.157036Z	info	Envoy proxy is ready
2022-04-11T08:55:40.723583Z	warn	xdsproxy	upstream [1] terminated with unexpected error rpc error: code = Unavailable desc = keepalive ping failed to receive ACK within timeout
2022-04-11T08:56:18.670191Z	warning	envoy config	StreamAggregatedResources gRPC config stream closed since 36s ago: 14, connection error: desc = "transport: Error while dialing dial tcp 10.96.182.207:15012: connect: connection refused"
2022-04-11T08:56:39.511155Z	warning	envoy config	StreamAggregatedResources gRPC config stream closed since 57s ago: 14, connection error: desc = "transport: Error while dialing dial tcp 10.96.182.207:15012: connect: connection refused"
2022-04-11T08:56:57.889625Z	warning	envoy config	StreamAggregatedResources gRPC config stream closed since 76s ago: 14, connection error: desc = "transport: Error while dialing dial tcp 10.96.182.207:15012: connect: connection refused"
2022-04-11T08:57:12.647722Z	warning	envoy config	StreamAggregatedResources gRPC config stream closed since 90s ago: 14, connection error: desc = "transport: Error while dialing dial tcp 10.96.182.207:15012: connect: connection refused"
2022-04-11T08:57:18.625597Z	warning	envoy config	StreamAggregatedResources gRPC config stream closed since 96s ago: 14, connection error: desc = "transport: Error while dialing dial tcp 10.96.182.207:15012: connect: connection refused"
2022-04-11T08:57:34.214191Z	warning	envoy config	StreamAggregatedResources gRPC config stream closed since 112s ago: 14, connection error: desc = "transport: Error while dialing dial tcp 10.96.182.207:15012: connect: connection refused"
2022-04-11T08:58:13.343215Z	warning	envoy config	StreamAggregatedResources gRPC config stream closed since 151s ago: 14, connection error: desc = "transport: authentication handshake failed: read tcp 10.244.0.91:47858->10.96.182.207:15012: i/o timeout"
2022-04-11T08:58:40.847780Z	info	xdsproxy	connected to upstream XDS server: istiod.istio-system.svc:15012
2022-04-11T09:01:07.531299Z	warn	xdsproxy	upstream [15] terminated with unexpected error rpc error: code = Unavailable desc = keepalive ping failed to receive ACK within timeout
2022-04-11T09:01:47.187092Z	warning	envoy config	StreamAggregatedResources gRPC config stream closed since 38s ago: 14, connection error: desc = "transport: Error while dialing dial tcp 10.96.182.207:15012: i/o timeout"
2022-04-11T09:02:09.501354Z	info	xdsproxy	connected to upstream XDS server: istiod.istio-system.svc:15012
2022-04-11T09:30:17.933005Z	info	xdsproxy	connected to upstream XDS server: istiod.istio-system.svc:15012
2022-04-11T10:03:10.087049Z	info	xdsproxy	connected to upstream XDS server: istiod.istio-system.svc:15012
2022-04-11T10:31:57.781474Z	info	xdsproxy	connected to upstream XDS server: istiod.istio-system.svc:15012
