2022-04-11T08:48:15.322103Z	info	FLAG: --concurrency="2"
2022-04-11T08:48:15.322189Z	info	FLAG: --domain="default.svc.cluster.local"
2022-04-11T08:48:15.322202Z	info	FLAG: --help="false"
2022-04-11T08:48:15.322209Z	info	FLAG: --log_as_json="false"
2022-04-11T08:48:15.322223Z	info	FLAG: --log_caller=""
2022-04-11T08:48:15.322229Z	info	FLAG: --log_output_level="default:info"
2022-04-11T08:48:15.322234Z	info	FLAG: --log_rotate=""
2022-04-11T08:48:15.322244Z	info	FLAG: --log_rotate_max_age="30"
2022-04-11T08:48:15.322250Z	info	FLAG: --log_rotate_max_backups="1000"
2022-04-11T08:48:15.322255Z	info	FLAG: --log_rotate_max_size="104857600"
2022-04-11T08:48:15.322273Z	info	FLAG: --log_stacktrace_level="default:none"
2022-04-11T08:48:15.322296Z	info	FLAG: --log_target="[stdout]"
2022-04-11T08:48:15.322304Z	info	FLAG: --meshConfig="./etc/istio/config/mesh"
2022-04-11T08:48:15.322314Z	info	FLAG: --outlierLogPath=""
2022-04-11T08:48:15.322320Z	info	FLAG: --proxyComponentLogLevel="misc:error"
2022-04-11T08:48:15.322326Z	info	FLAG: --proxyLogLevel="warning"
2022-04-11T08:48:15.322337Z	info	FLAG: --serviceCluster="istio-proxy"
2022-04-11T08:48:15.322344Z	info	FLAG: --stsPort="0"
2022-04-11T08:48:15.322349Z	info	FLAG: --templateFile=""
2022-04-11T08:48:15.322360Z	info	FLAG: --tokenManagerPlugin="GoogleTokenExchange"
2022-04-11T08:48:15.322369Z	info	FLAG: --vklog="0"
2022-04-11T08:48:15.322376Z	info	Version 1.13.2-91533d04e894ff86b80acd6d7a4517b144f9e19a-Clean
2022-04-11T08:48:15.322938Z	info	Proxy role	ips=[10.244.0.94 fe80::6490:c4ff:fe6e:4be0] type=sidecar id=ts-payment-mongo-6f8f8dffb5-cpjfg.default domain=default.svc.cluster.local
2022-04-11T08:48:15.323104Z	info	Apply proxy config from env {}

2022-04-11T08:48:15.382710Z	info	Effective config: binaryPath: /usr/local/bin/envoy
concurrency: 2
configPath: ./etc/istio/proxy
controlPlaneAuthPolicy: MUTUAL_TLS
discoveryAddress: istiod.istio-system.svc:15012
drainDuration: 45s
parentShutdownDuration: 60s
proxyAdminPort: 15000
serviceCluster: istio-proxy
statNameLength: 189
statusPort: 15020
terminationDrainDuration: 5s
tracing:
  zipkin:
    address: zipkin.istio-system:9411

2022-04-11T08:48:15.382886Z	info	JWT policy is third-party-jwt
2022-04-11T08:48:15.389434Z	info	CA Endpoint istiod.istio-system.svc:15012, provider Citadel
2022-04-11T08:48:15.389585Z	info	Using CA istiod.istio-system.svc:15012 cert with certs: var/run/secrets/istio/root-cert.pem
2022-04-11T08:48:15.389704Z	info	citadelclient	Citadel client using custom root cert: var/run/secrets/istio/root-cert.pem
2022-04-11T08:48:15.398013Z	info	Opening status port 15020
2022-04-11T08:48:16.042534Z	info	ads	All caches have been synced up in 1.12619824s, marking server ready
2022-04-11T08:48:16.043342Z	info	sds	SDS server for workload certificates started, listening on "etc/istio/proxy/SDS"
2022-04-11T08:48:16.043374Z	info	xdsproxy	Initializing with upstream address "istiod.istio-system.svc:15012" and cluster "Kubernetes"
2022-04-11T08:48:16.161279Z	info	starting Http service at 127.0.0.1:15004
2022-04-11T08:48:16.185164Z	info	sds	Starting SDS grpc server
2022-04-11T08:48:16.211782Z	info	Pilot SAN: [istiod.istio-system.svc]
2022-04-11T08:48:16.229277Z	info	Starting proxy agent
2022-04-11T08:48:16.267335Z	info	Epoch 0 starting
2022-04-11T08:48:16.267411Z	info	Envoy command: [-c etc/istio/proxy/envoy-rev0.json --restart-epoch 0 --drain-time-s 45 --drain-strategy immediate --parent-shutdown-time-s 60 --local-address-ip-version v4 --file-flush-interval-msec 1000 --disable-hot-restart --log-format %Y-%m-%dT%T.%fZ	%l	envoy %n	%v -l warning --component-log-level misc:error --concurrency 2]
2022-04-11T08:48:17.711563Z	info	xdsproxy	connected to upstream XDS server: istiod.istio-system.svc:15012
2022-04-11T08:48:24.454438Z	info	cache	generated new workload certificate	latency=8.407708209s ttl=23h59m59.545600661s
2022-04-11T08:48:24.454493Z	info	cache	Root cert has changed, start rotating root cert
2022-04-11T08:48:24.454526Z	info	ads	XDS: Incremental Pushing:0 ConnectedEndpoints:0 Version:
2022-04-11T08:48:24.454599Z	info	cache	returned workload trust anchor from cache	ttl=23h59m59.545405401s
2022-04-11T08:48:24.610967Z	info	ads	ADS: new connection for node:ts-payment-mongo-6f8f8dffb5-cpjfg.default-1
2022-04-11T08:48:24.646192Z	info	cache	returned workload trust anchor from cache	ttl=23h59m59.353824813s
2022-04-11T08:48:24.647055Z	info	ads	SDS: PUSH request for node:ts-payment-mongo-6f8f8dffb5-cpjfg.default resources:1 size:1.1kB resource:ROOTCA
2022-04-11T08:48:24.614290Z	info	ads	ADS: new connection for node:ts-payment-mongo-6f8f8dffb5-cpjfg.default-2
2022-04-11T08:48:24.647296Z	info	cache	returned workload certificate from cache	ttl=23h59m59.352713034s
2022-04-11T08:48:24.647507Z	info	ads	SDS: PUSH request for node:ts-payment-mongo-6f8f8dffb5-cpjfg.default resources:1 size:4.0kB resource:default
2022-04-11T08:48:28.618619Z	info	Readiness succeeded in 13.567060285s
2022-04-11T08:48:28.619444Z	info	Envoy proxy is ready
2022-04-11T09:17:01.043531Z	info	xdsproxy	connected to upstream XDS server: istiod.istio-system.svc:15012
2022-04-11T09:49:48.711993Z	info	xdsproxy	connected to upstream XDS server: istiod.istio-system.svc:15012
{"authority":null,"upstream_local_address":"127.0.0.6:42287","upstream_service_time":null,"connection_termination_details":null,"upstream_cluster":"inbound|27017||","downstream_local_address":"10.244.0.94:27017","requested_server_name":"outbound_.27017_._.ts-payment-mongo.default.svc.cluster.local","duration":3603097,"downstream_remote_address":"10.244.0.129:60912","start_time":"2022-04-11T09:03:57.286Z","request_id":null,"upstream_host":"10.244.0.94:27017","response_code_details":null,"protocol":null,"response_code":0,"path":null,"x_forwarded_for":null,"bytes_received":1678,"response_flags":"-","route_name":null,"method":null,"upstream_transport_failure_reason":null,"bytes_sent":3407,"user_agent":null}
2022-04-11T10:18:16.084855Z	info	xdsproxy	connected to upstream XDS server: istiod.istio-system.svc:15012
2022-04-11T10:51:14.095674Z	info	xdsproxy	connected to upstream XDS server: istiod.istio-system.svc:15012
