2022-04-11T08:48:06.605815Z	info	FLAG: --concurrency="2"
2022-04-11T08:48:06.605886Z	info	FLAG: --domain="default.svc.cluster.local"
2022-04-11T08:48:06.605898Z	info	FLAG: --help="false"
2022-04-11T08:48:06.605903Z	info	FLAG: --log_as_json="false"
2022-04-11T08:48:06.605908Z	info	FLAG: --log_caller=""
2022-04-11T08:48:06.605914Z	info	FLAG: --log_output_level="default:info"
2022-04-11T08:48:06.605918Z	info	FLAG: --log_rotate=""
2022-04-11T08:48:06.605922Z	info	FLAG: --log_rotate_max_age="30"
2022-04-11T08:48:06.605926Z	info	FLAG: --log_rotate_max_backups="1000"
2022-04-11T08:48:06.605930Z	info	FLAG: --log_rotate_max_size="104857600"
2022-04-11T08:48:06.605935Z	info	FLAG: --log_stacktrace_level="default:none"
2022-04-11T08:48:06.605979Z	info	FLAG: --log_target="[stdout]"
2022-04-11T08:48:06.605990Z	info	FLAG: --meshConfig="./etc/istio/config/mesh"
2022-04-11T08:48:06.605996Z	info	FLAG: --outlierLogPath=""
2022-04-11T08:48:06.606000Z	info	FLAG: --proxyComponentLogLevel="misc:error"
2022-04-11T08:48:06.606006Z	info	FLAG: --proxyLogLevel="warning"
2022-04-11T08:48:06.606011Z	info	FLAG: --serviceCluster="istio-proxy"
2022-04-11T08:48:06.606017Z	info	FLAG: --stsPort="0"
2022-04-11T08:48:06.606023Z	info	FLAG: --templateFile=""
2022-04-11T08:48:06.606029Z	info	FLAG: --tokenManagerPlugin="GoogleTokenExchange"
2022-04-11T08:48:06.606054Z	info	FLAG: --vklog="0"
2022-04-11T08:48:06.606069Z	info	Version 1.13.2-91533d04e894ff86b80acd6d7a4517b144f9e19a-Clean
2022-04-11T08:48:06.606519Z	info	Proxy role	ips=[10.244.0.87 fe80::28ae:85ff:fe12:a537] type=sidecar id=ts-train-mongo-784869d8f-dxxxc.default domain=default.svc.cluster.local
2022-04-11T08:48:06.606692Z	info	Apply proxy config from env {}

2022-04-11T08:48:06.630279Z	info	Effective config: binaryPath: /usr/local/bin/envoy
concurrency: 2
configPath: ./etc/istio/proxy
controlPlaneAuthPolicy: MUTUAL_TLS
discoveryAddress: istiod.istio-system.svc:15012
drainDuration: 45s
parentShutdownDuration: 60s
proxyAdminPort: 15000
serviceCluster: istio-proxy
statNameLength: 189
statusPort: 15020
terminationDrainDuration: 5s
tracing:
  zipkin:
    address: zipkin.istio-system:9411

2022-04-11T08:48:06.630371Z	info	JWT policy is third-party-jwt
2022-04-11T08:48:06.674349Z	info	CA Endpoint istiod.istio-system.svc:15012, provider Citadel
2022-04-11T08:48:06.674559Z	info	Using CA istiod.istio-system.svc:15012 cert with certs: var/run/secrets/istio/root-cert.pem
2022-04-11T08:48:06.674739Z	info	citadelclient	Citadel client using custom root cert: var/run/secrets/istio/root-cert.pem
2022-04-11T08:48:06.679737Z	info	Opening status port 15020
2022-04-11T08:48:07.632156Z	info	ads	All caches have been synced up in 1.084391323s, marking server ready
2022-04-11T08:48:07.632670Z	info	sds	SDS server for workload certificates started, listening on "etc/istio/proxy/SDS"
2022-04-11T08:48:07.632717Z	info	xdsproxy	Initializing with upstream address "istiod.istio-system.svc:15012" and cluster "Kubernetes"
2022-04-11T08:48:07.663024Z	info	sds	Starting SDS grpc server
2022-04-11T08:48:07.770911Z	info	Pilot SAN: [istiod.istio-system.svc]
2022-04-11T08:48:07.771701Z	info	starting Http service at 127.0.0.1:15004
2022-04-11T08:48:07.777682Z	info	Starting proxy agent
2022-04-11T08:48:07.777788Z	info	Epoch 0 starting
2022-04-11T08:48:07.777827Z	info	Envoy command: [-c etc/istio/proxy/envoy-rev0.json --restart-epoch 0 --drain-time-s 45 --drain-strategy immediate --parent-shutdown-time-s 60 --local-address-ip-version v4 --file-flush-interval-msec 1000 --disable-hot-restart --log-format %Y-%m-%dT%T.%fZ	%l	envoy %n	%v -l warning --component-log-level misc:error --concurrency 2]
2022-04-11T08:48:08.593441Z	info	xdsproxy	connected to upstream XDS server: istiod.istio-system.svc:15012
2022-04-11T08:48:10.888806Z	info	ads	ADS: new connection for node:ts-train-mongo-784869d8f-dxxxc.default-1
2022-04-11T08:48:10.946913Z	info	ads	ADS: new connection for node:ts-train-mongo-784869d8f-dxxxc.default-2
2022-04-11T08:48:16.291545Z	info	cache	generated new workload certificate	latency=8.679032462s ttl=23h59m59.708475416s
2022-04-11T08:48:16.291582Z	info	cache	Root cert has changed, start rotating root cert
2022-04-11T08:48:16.291601Z	info	ads	XDS: Incremental Pushing:0 ConnectedEndpoints:2 Version:
2022-04-11T08:48:16.291689Z	info	cache	returned workload trust anchor from cache	ttl=23h59m59.70831754s
2022-04-11T08:48:16.291740Z	info	cache	returned workload trust anchor from cache	ttl=23h59m59.708273511s
2022-04-11T08:48:16.292495Z	info	ads	SDS: PUSH request for node:ts-train-mongo-784869d8f-dxxxc.default resources:1 size:1.1kB resource:ROOTCA
2022-04-11T08:48:16.292736Z	info	cache	returned workload certificate from cache	ttl=23h59m59.70727154s
2022-04-11T08:48:16.292995Z	info	ads	SDS: PUSH request for node:ts-train-mongo-784869d8f-dxxxc.default resources:1 size:4.0kB resource:default
2022-04-11T08:48:16.293150Z	info	cache	returned workload trust anchor from cache	ttl=23h59m59.706856309s
2022-04-11T08:48:16.293246Z	info	ads	SDS: PUSH for node:ts-train-mongo-784869d8f-dxxxc.default resources:1 size:1.1kB resource:ROOTCA
2022-04-11T08:48:21.343408Z	info	Readiness succeeded in 14.806700825s
2022-04-11T08:48:21.344241Z	info	Envoy proxy is ready
2022-04-11T08:55:33.596972Z	warning	envoy config	StreamAggregatedResources gRPC config stream closed: 13, 
2022-04-11T08:56:23.284572Z	warning	envoy config	StreamAggregatedResources gRPC config stream closed since 41s ago: 14, connection error: desc = "transport: Error while dialing dial tcp 10.96.182.207:15012: connect: connection refused"
2022-04-11T08:56:40.372935Z	warning	envoy config	StreamAggregatedResources gRPC config stream closed since 58s ago: 14, connection error: desc = "transport: Error while dialing dial tcp 10.96.182.207:15012: connect: connection refused"
2022-04-11T08:56:50.294336Z	warning	envoy config	StreamAggregatedResources gRPC config stream closed since 68s ago: 14, connection error: desc = "transport: Error while dialing dial tcp 10.96.182.207:15012: connect: connection refused"
2022-04-11T08:57:15.086262Z	warning	envoy config	StreamAggregatedResources gRPC config stream closed since 93s ago: 14, connection error: desc = "transport: Error while dialing dial tcp 10.96.182.207:15012: connect: connection refused"
2022-04-11T08:58:03.312996Z	warning	envoy config	StreamAggregatedResources gRPC config stream closed since 141s ago: 14, connection error: desc = "transport: Error while dialing dial tcp 10.96.182.207:15012: i/o timeout"
2022-04-11T08:58:34.816869Z	info	xdsproxy	connected to upstream XDS server: istiod.istio-system.svc:15012
2022-04-11T09:27:03.506407Z	info	xdsproxy	connected to upstream XDS server: istiod.istio-system.svc:15012
2022-04-11T09:54:31.812179Z	info	xdsproxy	connected to upstream XDS server: istiod.istio-system.svc:15012
2022-04-11T10:21:44.186443Z	info	xdsproxy	connected to upstream XDS server: istiod.istio-system.svc:15012
2022-04-11T10:51:08.397089Z	info	xdsproxy	connected to upstream XDS server: istiod.istio-system.svc:15012
