2022-04-11T08:48:15.601942Z	info	FLAG: --concurrency="2"
2022-04-11T08:48:15.601988Z	info	FLAG: --domain="default.svc.cluster.local"
2022-04-11T08:48:15.601998Z	info	FLAG: --help="false"
2022-04-11T08:48:15.602003Z	info	FLAG: --log_as_json="false"
2022-04-11T08:48:15.602007Z	info	FLAG: --log_caller=""
2022-04-11T08:48:15.602012Z	info	FLAG: --log_output_level="default:info"
2022-04-11T08:48:15.602016Z	info	FLAG: --log_rotate=""
2022-04-11T08:48:15.602039Z	info	FLAG: --log_rotate_max_age="30"
2022-04-11T08:48:15.602048Z	info	FLAG: --log_rotate_max_backups="1000"
2022-04-11T08:48:15.602054Z	info	FLAG: --log_rotate_max_size="104857600"
2022-04-11T08:48:15.602059Z	info	FLAG: --log_stacktrace_level="default:none"
2022-04-11T08:48:15.602073Z	info	FLAG: --log_target="[stdout]"
2022-04-11T08:48:15.602079Z	info	FLAG: --meshConfig="./etc/istio/config/mesh"
2022-04-11T08:48:15.602084Z	info	FLAG: --outlierLogPath=""
2022-04-11T08:48:15.602088Z	info	FLAG: --proxyComponentLogLevel="misc:error"
2022-04-11T08:48:15.602092Z	info	FLAG: --proxyLogLevel="warning"
2022-04-11T08:48:15.602096Z	info	FLAG: --serviceCluster="istio-proxy"
2022-04-11T08:48:15.602101Z	info	FLAG: --stsPort="0"
2022-04-11T08:48:15.602105Z	info	FLAG: --templateFile=""
2022-04-11T08:48:15.602110Z	info	FLAG: --tokenManagerPlugin="GoogleTokenExchange"
2022-04-11T08:48:15.602116Z	info	FLAG: --vklog="0"
2022-04-11T08:48:15.602122Z	info	Version 1.13.2-91533d04e894ff86b80acd6d7a4517b144f9e19a-Clean
2022-04-11T08:48:15.602483Z	info	Proxy role	ips=[10.244.0.97 fe80::fc50:c4ff:feeb:1358] type=sidecar id=ts-voucher-mysql-866b74d746-7mnmh.default domain=default.svc.cluster.local
2022-04-11T08:48:15.602617Z	info	Apply proxy config from env {}

2022-04-11T08:48:15.621341Z	info	Effective config: binaryPath: /usr/local/bin/envoy
concurrency: 2
configPath: ./etc/istio/proxy
controlPlaneAuthPolicy: MUTUAL_TLS
discoveryAddress: istiod.istio-system.svc:15012
drainDuration: 45s
parentShutdownDuration: 60s
proxyAdminPort: 15000
serviceCluster: istio-proxy
statNameLength: 189
statusPort: 15020
terminationDrainDuration: 5s
tracing:
  zipkin:
    address: zipkin.istio-system:9411

2022-04-11T08:48:15.621381Z	info	JWT policy is third-party-jwt
2022-04-11T08:48:15.626307Z	info	CA Endpoint istiod.istio-system.svc:15012, provider Citadel
2022-04-11T08:48:15.626416Z	info	Using CA istiod.istio-system.svc:15012 cert with certs: var/run/secrets/istio/root-cert.pem
2022-04-11T08:48:15.626544Z	info	citadelclient	Citadel client using custom root cert: var/run/secrets/istio/root-cert.pem
2022-04-11T08:48:15.799903Z	info	Opening status port 15020
2022-04-11T08:48:16.989518Z	info	ads	All caches have been synced up in 1.622836117s, marking server ready
2022-04-11T08:48:16.990148Z	info	sds	SDS server for workload certificates started, listening on "etc/istio/proxy/SDS"
2022-04-11T08:48:16.990303Z	info	xdsproxy	Initializing with upstream address "istiod.istio-system.svc:15012" and cluster "Kubernetes"
2022-04-11T08:48:17.023133Z	info	sds	Starting SDS grpc server
2022-04-11T08:48:17.152618Z	info	starting Http service at 127.0.0.1:15004
2022-04-11T08:48:17.203965Z	info	Pilot SAN: [istiod.istio-system.svc]
2022-04-11T08:48:17.206342Z	info	Starting proxy agent
2022-04-11T08:48:17.206384Z	info	Epoch 0 starting
2022-04-11T08:48:17.206429Z	info	Envoy command: [-c etc/istio/proxy/envoy-rev0.json --restart-epoch 0 --drain-time-s 45 --drain-strategy immediate --parent-shutdown-time-s 60 --local-address-ip-version v4 --file-flush-interval-msec 1000 --disable-hot-restart --log-format %Y-%m-%dT%T.%fZ	%l	envoy %n	%v -l warning --component-log-level misc:error --concurrency 2]
2022-04-11T08:48:24.420553Z	info	xdsproxy	connected to upstream XDS server: istiod.istio-system.svc:15012
2022-04-11T08:48:28.806375Z	info	cache	generated new workload certificate	latency=11.786870578s ttl=23h59m59.193646112s
2022-04-11T08:48:28.806469Z	info	cache	Root cert has changed, start rotating root cert
2022-04-11T08:48:28.806520Z	info	ads	XDS: Incremental Pushing:0 ConnectedEndpoints:0 Version:
2022-04-11T08:48:28.806641Z	info	cache	returned workload trust anchor from cache	ttl=23h59m59.193367175s
2022-04-11T08:48:45.475051Z	info	ads	ADS: new connection for node:ts-voucher-mysql-866b74d746-7mnmh.default-1
2022-04-11T08:48:45.475575Z	info	cache	returned workload trust anchor from cache	ttl=23h59m42.524441244s
2022-04-11T08:48:45.481407Z	info	ads	SDS: PUSH request for node:ts-voucher-mysql-866b74d746-7mnmh.default resources:1 size:1.1kB resource:ROOTCA
2022-04-11T08:48:45.510096Z	info	ads	ADS: new connection for node:ts-voucher-mysql-866b74d746-7mnmh.default-2
2022-04-11T08:48:45.510388Z	info	cache	returned workload certificate from cache	ttl=23h59m42.48962515s
2022-04-11T08:48:45.564388Z	info	ads	SDS: PUSH request for node:ts-voucher-mysql-866b74d746-7mnmh.default resources:1 size:4.0kB resource:default
2022-04-11T08:48:54.405148Z	error	failed scraping envoy metrics: error scraping http://localhost:15090/stats/prometheus: Get "http://localhost:15090/stats/prometheus": dial tcp [::1]:15090: connect: connection refused
2022-04-11T08:49:10.663790Z	error	failed scraping envoy metrics: error scraping http://localhost:15090/stats/prometheus: Get "http://localhost:15090/stats/prometheus": dial tcp [::1]:15090: connect: connection refused
2022-04-11T08:49:24.521081Z	error	failed scraping envoy metrics: error scraping http://localhost:15090/stats/prometheus: Get "http://localhost:15090/stats/prometheus": dial tcp [::1]:15090: connect: connection refused
2022-04-11T08:49:38.180624Z	error	failed scraping envoy metrics: error scraping http://localhost:15090/stats/prometheus: Get "http://localhost:15090/stats/prometheus": dial tcp [::1]:15090: connect: connection refused
2022-04-11T08:49:53.480765Z	error	failed scraping envoy metrics: error scraping http://localhost:15090/stats/prometheus: Get "http://localhost:15090/stats/prometheus": dial tcp [::1]:15090: connect: connection refused
2022-04-11T08:50:08.231012Z	error	failed scraping envoy metrics: error scraping http://localhost:15090/stats/prometheus: Get "http://localhost:15090/stats/prometheus": dial tcp [::1]:15090: connect: connection refused
2022-04-11T08:50:30.985972Z	error	failed scraping envoy metrics: error scraping http://localhost:15090/stats/prometheus: Get "http://localhost:15090/stats/prometheus": dial tcp [::1]:15090: connect: connection refused
2022-04-11T08:50:39.421487Z	error	failed scraping envoy metrics: error scraping http://localhost:15090/stats/prometheus: Get "http://localhost:15090/stats/prometheus": dial tcp [::1]:15090: connect: connection refused
2022-04-11T08:50:55.983170Z	error	failed scraping envoy metrics: error scraping http://localhost:15090/stats/prometheus: Get "http://localhost:15090/stats/prometheus": dial tcp [::1]:15090: connect: connection refused
2022-04-11T08:51:13.396163Z	error	failed scraping envoy metrics: error scraping http://localhost:15090/stats/prometheus: Get "http://localhost:15090/stats/prometheus": dial tcp [::1]:15090: connect: connection refused
2022-04-11T08:51:26.721521Z	error	failed scraping envoy metrics: error scraping http://localhost:15090/stats/prometheus: Get "http://localhost:15090/stats/prometheus": dial tcp [::1]:15090: connect: connection refused
2022-04-11T08:51:39.178031Z	error	failed scraping envoy metrics: error scraping http://localhost:15090/stats/prometheus: Get "http://localhost:15090/stats/prometheus": dial tcp [::1]:15090: connect: connection refused
2022-04-11T08:52:05.468305Z	error	failed scraping envoy metrics: error scraping http://localhost:15090/stats/prometheus: Get "http://localhost:15090/stats/prometheus": dial tcp [::1]:15090: connect: connection refused
2022-04-11T08:52:15.512390Z	error	failed scraping envoy metrics: error scraping http://localhost:15090/stats/prometheus: Get "http://localhost:15090/stats/prometheus": dial tcp [::1]:15090: connect: connection refused
2022-04-11T08:52:29.522347Z	error	failed scraping envoy metrics: error scraping http://localhost:15090/stats/prometheus: Get "http://localhost:15090/stats/prometheus": dial tcp [::1]:15090: connect: connection refused
2022-04-11T08:52:40.511211Z	error	failed scraping envoy metrics: error scraping http://localhost:15090/stats/prometheus: Get "http://localhost:15090/stats/prometheus": dial tcp [::1]:15090: connect: connection refused
2022-04-11T08:53:24.179726Z	error	failed scraping envoy metrics: error scraping http://localhost:15090/stats/prometheus: Get "http://localhost:15090/stats/prometheus": dial tcp [::1]:15090: connect: connection refused
2022-04-11T08:54:15.427315Z	info	Readiness succeeded in 6m0.306336428s
2022-04-11T08:54:15.447672Z	info	Envoy proxy is ready
2022-04-11T08:55:21.453641Z	warn	xdsproxy	upstream [1] terminated with unexpected error rpc error: code = Unavailable desc = keepalive ping failed to receive ACK within timeout
2022-04-11T08:56:21.647229Z	warning	envoy config	StreamAggregatedResources gRPC config stream closed since 57s ago: 14, connection error: desc = "transport: Error while dialing dial tcp 10.96.182.207:15012: connect: connection refused"
2022-04-11T08:56:28.379585Z	warning	envoy config	StreamAggregatedResources gRPC config stream closed since 63s ago: 14, connection error: desc = "transport: Error while dialing dial tcp 10.96.182.207:15012: connect: connection refused"
2022-04-11T08:56:48.592733Z	warning	envoy config	StreamAggregatedResources gRPC config stream closed since 84s ago: 14, connection error: desc = "transport: Error while dialing dial tcp 10.96.182.207:15012: connect: connection refused"
2022-04-11T08:57:16.184719Z	warning	envoy config	StreamAggregatedResources gRPC config stream closed since 111s ago: 14, connection error: desc = "transport: Error while dialing dial tcp 10.96.182.207:15012: connect: connection refused"
2022-04-11T08:57:18.150147Z	warning	envoy config	StreamAggregatedResources gRPC config stream closed since 113s ago: 14, connection error: desc = "transport: Error while dialing dial tcp 10.96.182.207:15012: connect: connection refused"
2022-04-11T08:57:18.442689Z	warning	envoy config	StreamAggregatedResources gRPC config stream closed since 114s ago: 14, connection error: desc = "transport: Error while dialing dial tcp 10.96.182.207:15012: connect: connection refused"
2022-04-11T08:57:19.680144Z	warning	envoy config	StreamAggregatedResources gRPC config stream closed since 115s ago: 14, connection error: desc = "transport: Error while dialing dial tcp 10.96.182.207:15012: connect: connection refused"
2022-04-11T08:57:43.240020Z	info	xdsproxy	connected to upstream XDS server: istiod.istio-system.svc:15012
{"start_time":"2022-04-11T09:09:11.096Z","response_code_details":null,"downstream_remote_address":"10.244.0.147:53038","x_forwarded_for":null,"downstream_local_address":"10.244.0.97:3306","upstream_cluster":"inbound|3306||","user_agent":null,"bytes_received":1528,"connection_termination_details":null,"upstream_local_address":"127.0.0.6:50755","requested_server_name":"outbound_.3306_._.ts-voucher-mysql.default.svc.cluster.local","upstream_host":"10.244.0.97:3306","bytes_sent":906,"request_id":null,"authority":null,"response_flags":"-","route_name":null,"path":null,"upstream_transport_failure_reason":null,"duration":3703,"method":null,"upstream_service_time":null,"response_code":0,"protocol":null}
2022-04-11T09:27:20.643910Z	info	xdsproxy	connected to upstream XDS server: istiod.istio-system.svc:15012
2022-04-11T09:57:53.634029Z	info	xdsproxy	connected to upstream XDS server: istiod.istio-system.svc:15012
2022-04-11T10:28:33.153963Z	info	xdsproxy	connected to upstream XDS server: istiod.istio-system.svc:15012
2022-04-11T10:55:44.068993Z	info	xdsproxy	connected to upstream XDS server: istiod.istio-system.svc:15012
