2022-05-25T10:52:29.415969Z	info	FLAG: --concurrency="2"
2022-05-25T10:52:29.416092Z	info	FLAG: --domain="default.svc.cluster.local"
2022-05-25T10:52:29.416101Z	info	FLAG: --help="false"
2022-05-25T10:52:29.416114Z	info	FLAG: --log_as_json="false"
2022-05-25T10:52:29.416118Z	info	FLAG: --log_caller=""
2022-05-25T10:52:29.416121Z	info	FLAG: --log_output_level="default:info"
2022-05-25T10:52:29.416126Z	info	FLAG: --log_rotate=""
2022-05-25T10:52:29.416128Z	info	FLAG: --log_rotate_max_age="30"
2022-05-25T10:52:29.416131Z	info	FLAG: --log_rotate_max_backups="1000"
2022-05-25T10:52:29.416136Z	info	FLAG: --log_rotate_max_size="104857600"
2022-05-25T10:52:29.416139Z	info	FLAG: --log_stacktrace_level="default:none"
2022-05-25T10:52:29.416157Z	info	FLAG: --log_target="[stdout]"
2022-05-25T10:52:29.416176Z	info	FLAG: --meshConfig="./etc/istio/config/mesh"
2022-05-25T10:52:29.416181Z	info	FLAG: --outlierLogPath=""
2022-05-25T10:52:29.416184Z	info	FLAG: --proxyComponentLogLevel="misc:error"
2022-05-25T10:52:29.416189Z	info	FLAG: --proxyLogLevel="warning"
2022-05-25T10:52:29.416192Z	info	FLAG: --serviceCluster="istio-proxy"
2022-05-25T10:52:29.416202Z	info	FLAG: --stsPort="0"
2022-05-25T10:52:29.416207Z	info	FLAG: --templateFile=""
2022-05-25T10:52:29.416210Z	info	FLAG: --tokenManagerPlugin="GoogleTokenExchange"
2022-05-25T10:52:29.416214Z	info	FLAG: --vklog="0"
2022-05-25T10:52:29.416219Z	info	Version 1.13.2-91533d04e894ff86b80acd6d7a4517b144f9e19a-Clean
2022-05-25T10:52:29.461322Z	info	Proxy role	ips=[10.244.0.217 fe80::8ff:8eff:feb5:b19f] type=sidecar id=ts-admin-travel-service-6b95979bbd-q7xp8.default domain=default.svc.cluster.local
2022-05-25T10:52:29.461597Z	info	Apply proxy config from env {}

2022-05-25T10:52:29.532149Z	info	Effective config: binaryPath: /usr/local/bin/envoy
concurrency: 2
configPath: ./etc/istio/proxy
controlPlaneAuthPolicy: MUTUAL_TLS
discoveryAddress: istiod.istio-system.svc:15012
drainDuration: 45s
parentShutdownDuration: 60s
proxyAdminPort: 15000
serviceCluster: istio-proxy
statNameLength: 189
statusPort: 15020
terminationDrainDuration: 5s
tracing:
  zipkin:
    address: zipkin.istio-system:9411

2022-05-25T10:52:29.532190Z	info	JWT policy is third-party-jwt
2022-05-25T10:52:29.540988Z	info	CA Endpoint istiod.istio-system.svc:15012, provider Citadel
2022-05-25T10:52:29.541088Z	info	Using CA istiod.istio-system.svc:15012 cert with certs: var/run/secrets/istio/root-cert.pem
2022-05-25T10:52:29.541202Z	info	citadelclient	Citadel client using custom root cert: var/run/secrets/istio/root-cert.pem
2022-05-25T10:52:29.549224Z	info	Opening status port 15020
2022-05-25T10:52:30.693983Z	info	ads	All caches have been synced up in 1.353087674s, marking server ready
2022-05-25T10:52:30.720985Z	info	sds	SDS server for workload certificates started, listening on "etc/istio/proxy/SDS"
2022-05-25T10:52:30.721134Z	info	xdsproxy	Initializing with upstream address "istiod.istio-system.svc:15012" and cluster "Kubernetes"
2022-05-25T10:52:30.724690Z	info	starting Http service at 127.0.0.1:15004
2022-05-25T10:52:30.725761Z	info	sds	Starting SDS grpc server
2022-05-25T10:52:30.732094Z	info	Pilot SAN: [istiod.istio-system.svc]
2022-05-25T10:52:30.743248Z	info	Starting proxy agent
2022-05-25T10:52:30.743350Z	info	Epoch 0 starting
2022-05-25T10:52:30.743409Z	info	Envoy command: [-c etc/istio/proxy/envoy-rev0.json --restart-epoch 0 --drain-time-s 45 --drain-strategy immediate --parent-shutdown-time-s 60 --local-address-ip-version v4 --file-flush-interval-msec 1000 --disable-hot-restart --log-format %Y-%m-%dT%T.%fZ	%l	envoy %n	%v -l warning --component-log-level misc:error --concurrency 2]
2022-05-25T10:52:32.531961Z	info	xdsproxy	connected to upstream XDS server: istiod.istio-system.svc:15012
2022-05-25T10:52:34.547888Z	info	cache	generated new workload certificate	latency=3.822652452s ttl=23h59m59.452126989s
2022-05-25T10:52:34.547967Z	info	cache	Root cert has changed, start rotating root cert
2022-05-25T10:52:34.574723Z	info	ads	XDS: Incremental Pushing:0 ConnectedEndpoints:0 Version:
2022-05-25T10:52:34.574892Z	info	cache	returned workload trust anchor from cache	ttl=23h59m59.425119113s
2022-05-25T10:52:35.995641Z	info	ads	ADS: new connection for node:ts-admin-travel-service-6b95979bbd-q7xp8.default-1
2022-05-25T10:52:35.995847Z	info	cache	returned workload certificate from cache	ttl=23h59m58.004165354s
2022-05-25T10:52:35.996481Z	info	ads	SDS: PUSH request for node:ts-admin-travel-service-6b95979bbd-q7xp8.default resources:1 size:4.0kB resource:default
2022-05-25T10:52:36.031992Z	info	ads	ADS: new connection for node:ts-admin-travel-service-6b95979bbd-q7xp8.default-2
2022-05-25T10:52:36.032290Z	info	cache	returned workload trust anchor from cache	ttl=23h59m57.967722102s
2022-05-25T10:52:36.032728Z	info	ads	SDS: PUSH request for node:ts-admin-travel-service-6b95979bbd-q7xp8.default resources:1 size:1.1kB resource:ROOTCA
2022-05-25T10:52:45.187066Z	error	failed scraping envoy metrics: error scraping http://localhost:15090/stats/prometheus: Get "http://localhost:15090/stats/prometheus": dial tcp [::1]:15090: connect: connection refused
2022-05-25T10:53:01.534850Z	error	failed scraping envoy metrics: error scraping http://localhost:15090/stats/prometheus: Get "http://localhost:15090/stats/prometheus": dial tcp [::1]:15090: connect: connection refused
2022-05-25T10:53:15.734225Z	error	failed scraping envoy metrics: error scraping http://localhost:15090/stats/prometheus: Get "http://localhost:15090/stats/prometheus": dial tcp [::1]:15090: connect: connection refused
2022-05-25T10:53:23.134798Z	warning	envoy config	StreamAggregatedResources gRPC config stream closed: 13, 
2022-05-25T10:53:28.924475Z	info	xdsproxy	connected to upstream XDS server: istiod.istio-system.svc:15012
2022-05-25T10:53:30.551838Z	error	failed scraping envoy metrics: error scraping http://localhost:15090/stats/prometheus: Get "http://localhost:15090/stats/prometheus": dial tcp [::1]:15090: connect: connection refused
2022-05-25T10:53:45.474482Z	error	failed scraping envoy metrics: error scraping http://localhost:15090/stats/prometheus: Get "http://localhost:15090/stats/prometheus": dial tcp [::1]:15090: connect: connection refused
2022-05-25T10:54:00.778618Z	error	failed scraping envoy metrics: error scraping http://localhost:15090/stats/prometheus: Get "http://localhost:15090/stats/prometheus": dial tcp [::1]:15090: connect: connection refused
2022-05-25T10:54:16.790947Z	warn	Envoy proxy is NOT ready: Get "http://127.0.0.1:15000/stats?usedonly&filter=^(cluster_manager\\.cds|listener_manager\\.lds)\\.(update_success|update_rejected)$": context deadline exceeded (Client.Timeout exceeded while awaiting headers)
2022-05-25T10:54:18.761009Z	warn	Envoy proxy is NOT ready: Get "http://127.0.0.1:15000/stats?usedonly&filter=^(cluster_manager\\.cds|listener_manager\\.lds)\\.(update_success|update_rejected)$": context deadline exceeded (Client.Timeout exceeded while awaiting headers)
2022-05-25T10:54:19.990315Z	info	Readiness succeeded in 1m50.6865286s
2022-05-25T10:54:20.000933Z	info	Envoy proxy is ready
2022-05-25T10:59:27.412345Z	error	failed scraping envoy metrics: error scraping http://localhost:15090/stats/prometheus: Get "http://localhost:15090/stats/prometheus": context deadline exceeded
2022-05-25T10:59:56.445479Z	error	failed to write agent metrics: write tcp 10.244.0.217:15020->10.244.0.8:51514: write: broken pipe
2022-05-25T10:59:58.843494Z	warning	envoy config	StreamAggregatedResources gRPC config stream closed: 13, 
2022-05-25T11:00:21.161838Z	info	xdsproxy	connected to upstream XDS server: istiod.istio-system.svc:15012
2022-05-25T11:06:57.631771Z	warn	xdsproxy	upstream [3] terminated with unexpected error rpc error: code = Unavailable desc = keepalive ping failed to receive ACK within timeout
2022-05-25T11:08:41.981556Z	warning	envoy config	StreamAggregatedResources gRPC config stream closed since 103s ago: 14, connection error: desc = "transport: Error while dialing dial tcp 10.96.56.197:15012: connect: connection refused"
2022-05-25T11:09:14.454685Z	warning	envoy config	StreamAggregatedResources gRPC config stream closed since 136s ago: 14, connection error: desc = "transport: Error while dialing dial tcp 10.96.56.197:15012: connect: connection refused"
2022-05-25T11:09:35.511595Z	warning	envoy config	StreamAggregatedResources gRPC config stream closed since 157s ago: 14, connection error: desc = "transport: Error while dialing dial tcp 10.96.56.197:15012: connect: connection refused"
2022-05-25T11:10:05.943484Z	warning	envoy config	StreamAggregatedResources gRPC config stream closed since 187s ago: 14, connection error: desc = "transport: Error while dialing dial tcp 10.96.56.197:15012: connect: connection refused"
2022-05-25T11:10:21.783251Z	warning	envoy config	StreamAggregatedResources gRPC config stream closed since 203s ago: 14, connection error: desc = "transport: Error while dialing dial tcp 10.96.56.197:15012: connect: connection refused"
2022-05-25T11:10:45.195914Z	warning	envoy config	StreamAggregatedResources gRPC config stream closed since 226s ago: 14, connection error: desc = "transport: Error while dialing dial tcp 10.96.56.197:15012: connect: connection refused"
2022-05-25T11:11:07.453396Z	warning	envoy config	StreamAggregatedResources gRPC config stream closed since 249s ago: 14, connection error: desc = "transport: Error while dialing dial tcp 10.96.56.197:15012: connect: connection refused"
2022-05-25T11:11:21.423806Z	warning	envoy config	StreamAggregatedResources gRPC config stream closed since 263s ago: 14, connection error: desc = "transport: Error while dialing dial tcp 10.96.56.197:15012: connect: connection refused"
2022-05-25T11:11:47.474713Z	info	xdsproxy	connected to upstream XDS server: istiod.istio-system.svc:15012
2022-05-25T11:15:16.123608Z	warn	xdsproxy	upstream [19] terminated with unexpected error rpc error: code = Unavailable desc = keepalive ping failed to receive ACK within timeout
2022-05-25T11:15:53.934218Z	warning	envoy config	StreamAggregatedResources gRPC config stream closed since 36s ago: 14, connection error: desc = "transport: authentication handshake failed: context deadline exceeded"
2022-05-25T11:16:26.291647Z	warning	envoy config	StreamAggregatedResources gRPC config stream closed since 68s ago: 14, connection error: desc = "transport: authentication handshake failed: read tcp 10.244.0.217:41736->10.96.56.197:15012: i/o timeout"
2022-05-25T11:16:46.829948Z	warning	envoy config	StreamAggregatedResources gRPC config stream closed since 89s ago: 14, connection error: desc = "transport: authentication handshake failed: context deadline exceeded"
2022-05-25T11:16:56.807890Z	info	xdsproxy	connected to upstream XDS server: istiod.istio-system.svc:15012
2022-05-25T11:46:17.253623Z	info	xdsproxy	connected to upstream XDS server: istiod.istio-system.svc:15012
2022-05-25T12:17:32.090838Z	info	xdsproxy	connected to upstream XDS server: istiod.istio-system.svc:15012
2022-05-25T12:46:33.503615Z	info	xdsproxy	connected to upstream XDS server: istiod.istio-system.svc:15012
2022-05-25T13:14:01.259917Z	info	xdsproxy	connected to upstream XDS server: istiod.istio-system.svc:15012
