2022-05-09T21:46:12.518582Z	info	FLAG: --concurrency="2"
2022-05-09T21:46:12.518693Z	info	FLAG: --domain="default.svc.cluster.local"
2022-05-09T21:46:12.518706Z	info	FLAG: --help="false"
2022-05-09T21:46:12.518712Z	info	FLAG: --log_as_json="false"
2022-05-09T21:46:12.518734Z	info	FLAG: --log_caller=""
2022-05-09T21:46:12.518748Z	info	FLAG: --log_output_level="default:info"
2022-05-09T21:46:12.518753Z	info	FLAG: --log_rotate=""
2022-05-09T21:46:12.518771Z	info	FLAG: --log_rotate_max_age="30"
2022-05-09T21:46:12.518784Z	info	FLAG: --log_rotate_max_backups="1000"
2022-05-09T21:46:12.518793Z	info	FLAG: --log_rotate_max_size="104857600"
2022-05-09T21:46:12.518804Z	info	FLAG: --log_stacktrace_level="default:none"
2022-05-09T21:46:12.518817Z	info	FLAG: --log_target="[stdout]"
2022-05-09T21:46:12.518823Z	info	FLAG: --meshConfig="./etc/istio/config/mesh"
2022-05-09T21:46:12.518832Z	info	FLAG: --outlierLogPath=""
2022-05-09T21:46:12.518837Z	info	FLAG: --proxyComponentLogLevel="misc:error"
2022-05-09T21:46:12.518842Z	info	FLAG: --proxyLogLevel="warning"
2022-05-09T21:46:12.518850Z	info	FLAG: --serviceCluster="istio-proxy"
2022-05-09T21:46:12.518855Z	info	FLAG: --stsPort="0"
2022-05-09T21:46:12.518859Z	info	FLAG: --templateFile=""
2022-05-09T21:46:12.518869Z	info	FLAG: --tokenManagerPlugin="GoogleTokenExchange"
2022-05-09T21:46:12.518876Z	info	FLAG: --vklog="0"
2022-05-09T21:46:12.518882Z	info	Version 1.13.2-91533d04e894ff86b80acd6d7a4517b144f9e19a-Clean
2022-05-09T21:46:12.519866Z	info	Proxy role	ips=[10.244.0.89 fe80::ec70:13ff:fe5f:ee69] type=sidecar id=ts-consign-mongo-85dc96494f-gc4pp.default domain=default.svc.cluster.local
2022-05-09T21:46:12.519989Z	info	Apply proxy config from env {}

2022-05-09T21:46:12.523130Z	info	Effective config: binaryPath: /usr/local/bin/envoy
concurrency: 2
configPath: ./etc/istio/proxy
controlPlaneAuthPolicy: MUTUAL_TLS
discoveryAddress: istiod.istio-system.svc:15012
drainDuration: 45s
parentShutdownDuration: 60s
proxyAdminPort: 15000
serviceCluster: istio-proxy
statNameLength: 189
statusPort: 15020
terminationDrainDuration: 5s
tracing:
  zipkin:
    address: zipkin.istio-system:9411

2022-05-09T21:46:12.523194Z	info	JWT policy is third-party-jwt
2022-05-09T21:46:12.565273Z	info	CA Endpoint istiod.istio-system.svc:15012, provider Citadel
2022-05-09T21:46:12.565384Z	info	Using CA istiod.istio-system.svc:15012 cert with certs: var/run/secrets/istio/root-cert.pem
2022-05-09T21:46:12.565627Z	info	citadelclient	Citadel client using custom root cert: var/run/secrets/istio/root-cert.pem
2022-05-09T21:46:12.590500Z	info	Opening status port 15020
2022-05-09T21:46:13.424820Z	info	ads	All caches have been synced up in 913.224908ms, marking server ready
2022-05-09T21:46:13.429671Z	info	sds	SDS server for workload certificates started, listening on "etc/istio/proxy/SDS"
2022-05-09T21:46:13.430503Z	info	xdsproxy	Initializing with upstream address "istiod.istio-system.svc:15012" and cluster "Kubernetes"
2022-05-09T21:46:13.430089Z	info	sds	Starting SDS grpc server
2022-05-09T21:46:13.435631Z	info	starting Http service at 127.0.0.1:15004
2022-05-09T21:46:13.472725Z	info	Pilot SAN: [istiod.istio-system.svc]
2022-05-09T21:46:13.529844Z	info	Starting proxy agent
2022-05-09T21:46:13.529948Z	info	Epoch 0 starting
2022-05-09T21:46:13.530001Z	info	Envoy command: [-c etc/istio/proxy/envoy-rev0.json --restart-epoch 0 --drain-time-s 45 --drain-strategy immediate --parent-shutdown-time-s 60 --local-address-ip-version v4 --file-flush-interval-msec 1000 --disable-hot-restart --log-format %Y-%m-%dT%T.%fZ	%l	envoy %n	%v -l warning --component-log-level misc:error --concurrency 2]
2022-05-09T21:46:14.906922Z	info	xdsproxy	connected to upstream XDS server: istiod.istio-system.svc:15012
2022-05-09T21:46:15.914784Z	info	ads	ADS: new connection for node:ts-consign-mongo-85dc96494f-gc4pp.default-1
2022-05-09T21:46:15.955062Z	info	ads	ADS: new connection for node:ts-consign-mongo-85dc96494f-gc4pp.default-2
2022-05-09T21:46:15.964262Z	info	cache	generated new workload certificate	latency=2.532963878s ttl=23h59m59.035759743s
2022-05-09T21:46:15.964344Z	info	cache	Root cert has changed, start rotating root cert
2022-05-09T21:46:15.964367Z	info	ads	XDS: Incremental Pushing:0 ConnectedEndpoints:2 Version:
2022-05-09T21:46:15.964443Z	info	cache	returned workload trust anchor from cache	ttl=23h59m59.035563125s
2022-05-09T21:46:15.964467Z	info	cache	returned workload trust anchor from cache	ttl=23h59m59.0355356s
2022-05-09T21:46:15.966889Z	info	ads	SDS: PUSH request for node:ts-consign-mongo-85dc96494f-gc4pp.default resources:1 size:1.1kB resource:ROOTCA
2022-05-09T21:46:15.967095Z	info	cache	returned workload certificate from cache	ttl=23h59m59.032916926s
2022-05-09T21:46:15.967290Z	info	ads	SDS: PUSH request for node:ts-consign-mongo-85dc96494f-gc4pp.default resources:1 size:4.0kB resource:default
2022-05-09T21:46:15.967417Z	info	cache	returned workload trust anchor from cache	ttl=23h59m59.032592328s
2022-05-09T21:46:15.967579Z	info	ads	SDS: PUSH for node:ts-consign-mongo-85dc96494f-gc4pp.default resources:1 size:1.1kB resource:ROOTCA
2022-05-09T21:46:20.200251Z	info	Readiness succeeded in 7.687028757s
2022-05-09T21:46:20.201181Z	info	Envoy proxy is ready
2022-05-09T22:17:30.665109Z	info	xdsproxy	connected to upstream XDS server: istiod.istio-system.svc:15012
