2022-05-09T21:47:19.775069Z	info	FLAG: --concurrency="2"
2022-05-09T21:47:19.775376Z	info	FLAG: --domain="default.svc.cluster.local"
2022-05-09T21:47:19.775400Z	info	FLAG: --help="false"
2022-05-09T21:47:19.775409Z	info	FLAG: --log_as_json="false"
2022-05-09T21:47:19.775424Z	info	FLAG: --log_caller=""
2022-05-09T21:47:19.775432Z	info	FLAG: --log_output_level="default:info"
2022-05-09T21:47:19.775439Z	info	FLAG: --log_rotate=""
2022-05-09T21:47:19.775447Z	info	FLAG: --log_rotate_max_age="30"
2022-05-09T21:47:19.775455Z	info	FLAG: --log_rotate_max_backups="1000"
2022-05-09T21:47:19.775463Z	info	FLAG: --log_rotate_max_size="104857600"
2022-05-09T21:47:19.775471Z	info	FLAG: --log_stacktrace_level="default:none"
2022-05-09T21:47:19.775577Z	info	FLAG: --log_target="[stdout]"
2022-05-09T21:47:19.775686Z	info	FLAG: --meshConfig="./etc/istio/config/mesh"
2022-05-09T21:47:19.775700Z	info	FLAG: --outlierLogPath=""
2022-05-09T21:47:19.775709Z	info	FLAG: --proxyComponentLogLevel="misc:error"
2022-05-09T21:47:19.775717Z	info	FLAG: --proxyLogLevel="warning"
2022-05-09T21:47:19.775725Z	info	FLAG: --serviceCluster="istio-proxy"
2022-05-09T21:47:19.775733Z	info	FLAG: --stsPort="0"
2022-05-09T21:47:19.775741Z	info	FLAG: --templateFile=""
2022-05-09T21:47:19.775749Z	info	FLAG: --tokenManagerPlugin="GoogleTokenExchange"
2022-05-09T21:47:19.775875Z	info	FLAG: --vklog="0"
2022-05-09T21:47:19.775906Z	info	Version 1.13.2-91533d04e894ff86b80acd6d7a4517b144f9e19a-Clean
2022-05-09T21:47:19.881777Z	info	Proxy role	ips=[10.244.0.103 fe80::2cd0:31ff:fec0:c9bc] type=sidecar id=ts-execute-service-7d7586d99-h7vqh.default domain=default.svc.cluster.local
2022-05-09T21:47:19.882057Z	info	Apply proxy config from env {}

2022-05-09T21:47:19.984338Z	info	Effective config: binaryPath: /usr/local/bin/envoy
concurrency: 2
configPath: ./etc/istio/proxy
controlPlaneAuthPolicy: MUTUAL_TLS
discoveryAddress: istiod.istio-system.svc:15012
drainDuration: 45s
parentShutdownDuration: 60s
proxyAdminPort: 15000
serviceCluster: istio-proxy
statNameLength: 189
statusPort: 15020
terminationDrainDuration: 5s
tracing:
  zipkin:
    address: zipkin.istio-system:9411

2022-05-09T21:47:19.984729Z	info	JWT policy is third-party-jwt
2022-05-09T21:47:20.196242Z	info	CA Endpoint istiod.istio-system.svc:15012, provider Citadel
2022-05-09T21:47:20.196509Z	info	Using CA istiod.istio-system.svc:15012 cert with certs: var/run/secrets/istio/root-cert.pem
2022-05-09T21:47:20.196835Z	info	citadelclient	Citadel client using custom root cert: var/run/secrets/istio/root-cert.pem
2022-05-09T21:47:20.204160Z	info	Opening status port 15020
2022-05-09T21:47:22.595810Z	info	ads	All caches have been synced up in 4.001055984s, marking server ready
2022-05-09T21:47:22.596598Z	info	sds	SDS server for workload certificates started, listening on "etc/istio/proxy/SDS"
2022-05-09T21:47:22.596831Z	info	xdsproxy	Initializing with upstream address "istiod.istio-system.svc:15012" and cluster "Kubernetes"
2022-05-09T21:47:22.601248Z	info	sds	Starting SDS grpc server
2022-05-09T21:47:22.608835Z	info	starting Http service at 127.0.0.1:15004
2022-05-09T21:47:22.616554Z	info	Pilot SAN: [istiod.istio-system.svc]
2022-05-09T21:47:22.624040Z	info	Starting proxy agent
2022-05-09T21:47:22.624163Z	info	Epoch 0 starting
2022-05-09T21:47:22.624218Z	info	Envoy command: [-c etc/istio/proxy/envoy-rev0.json --restart-epoch 0 --drain-time-s 45 --drain-strategy immediate --parent-shutdown-time-s 60 --local-address-ip-version v4 --file-flush-interval-msec 1000 --disable-hot-restart --log-format %Y-%m-%dT%T.%fZ	%l	envoy %n	%v -l warning --component-log-level misc:error --concurrency 2]
2022-05-09T21:47:36.686763Z	info	xdsproxy	connected to upstream XDS server: istiod.istio-system.svc:15012
2022-05-09T21:47:47.835057Z	info	ads	ADS: new connection for node:ts-execute-service-7d7586d99-h7vqh.default-1
2022-05-09T21:47:47.923494Z	info	ads	ADS: new connection for node:ts-execute-service-7d7586d99-h7vqh.default-2
2022-05-09T21:48:02.730607Z	info	cache	generated new workload certificate	latency=40.191713025s ttl=23h59m58.269412598s
2022-05-09T21:48:02.730726Z	info	cache	Root cert has changed, start rotating root cert
2022-05-09T21:48:02.730743Z	info	ads	XDS: Incremental Pushing:0 ConnectedEndpoints:2 Version:
2022-05-09T21:48:02.730885Z	info	cache	returned workload trust anchor from cache	ttl=23h59m58.26912144s
2022-05-09T21:48:02.731004Z	info	cache	returned workload trust anchor from cache	ttl=23h59m58.26900087s
2022-05-09T21:48:02.732417Z	info	ads	SDS: PUSH request for node:ts-execute-service-7d7586d99-h7vqh.default resources:1 size:1.1kB resource:ROOTCA
2022-05-09T21:48:02.732826Z	info	cache	returned workload certificate from cache	ttl=23h59m58.2671842s
2022-05-09T21:48:02.733141Z	info	ads	SDS: PUSH request for node:ts-execute-service-7d7586d99-h7vqh.default resources:1 size:4.0kB resource:default
2022-05-09T21:48:02.733514Z	info	cache	returned workload trust anchor from cache	ttl=23h59m58.266494978s
2022-05-09T21:48:02.733766Z	info	ads	SDS: PUSH for node:ts-execute-service-7d7586d99-h7vqh.default resources:1 size:1.1kB resource:ROOTCA
2022-05-09T21:49:07.064135Z	warn	Envoy proxy is NOT ready: Get "http://127.0.0.1:15000/stats?usedonly&filter=^(cluster_manager\\.cds|listener_manager\\.lds)\\.(update_success|update_rejected)$": context deadline exceeded (Client.Timeout exceeded while awaiting headers)
2022-05-09T21:49:09.195895Z	warn	Envoy proxy is NOT ready: Get "http://127.0.0.1:15000/stats?usedonly&filter=^(cluster_manager\\.cds|listener_manager\\.lds)\\.(update_success|update_rejected)$": context deadline exceeded (Client.Timeout exceeded while awaiting headers)
2022-05-09T21:49:11.394591Z	warn	Envoy proxy is NOT ready: Get "http://127.0.0.1:15000/stats?usedonly&filter=^(cluster_manager\\.cds|listener_manager\\.lds)\\.(update_success|update_rejected)$": context deadline exceeded (Client.Timeout exceeded while awaiting headers)
2022-05-09T21:49:13.099632Z	warn	Envoy proxy is NOT ready: Get "http://127.0.0.1:15000/stats?usedonly&filter=^(cluster_manager\\.cds|listener_manager\\.lds)\\.(update_success|update_rejected)$": context deadline exceeded (Client.Timeout exceeded while awaiting headers)
2022-05-09T21:49:14.512964Z	info	Readiness succeeded in 1m55.266731751s
2022-05-09T21:49:14.513654Z	info	Envoy proxy is ready
2022-05-09T22:19:27.884875Z	info	xdsproxy	connected to upstream XDS server: istiod.istio-system.svc:15012
