2022-05-09T21:46:12.378686Z	info	FLAG: --concurrency="2"
2022-05-09T21:46:12.378743Z	info	FLAG: --domain="default.svc.cluster.local"
2022-05-09T21:46:12.378751Z	info	FLAG: --help="false"
2022-05-09T21:46:12.378754Z	info	FLAG: --log_as_json="false"
2022-05-09T21:46:12.378756Z	info	FLAG: --log_caller=""
2022-05-09T21:46:12.378894Z	info	FLAG: --log_output_level="default:info"
2022-05-09T21:46:12.378912Z	info	FLAG: --log_rotate=""
2022-05-09T21:46:12.378979Z	info	FLAG: --log_rotate_max_age="30"
2022-05-09T21:46:12.378986Z	info	FLAG: --log_rotate_max_backups="1000"
2022-05-09T21:46:12.378991Z	info	FLAG: --log_rotate_max_size="104857600"
2022-05-09T21:46:12.378996Z	info	FLAG: --log_stacktrace_level="default:none"
2022-05-09T21:46:12.379046Z	info	FLAG: --log_target="[stdout]"
2022-05-09T21:46:12.379064Z	info	FLAG: --meshConfig="./etc/istio/config/mesh"
2022-05-09T21:46:12.379155Z	info	FLAG: --outlierLogPath=""
2022-05-09T21:46:12.379166Z	info	FLAG: --proxyComponentLogLevel="misc:error"
2022-05-09T21:46:12.379170Z	info	FLAG: --proxyLogLevel="warning"
2022-05-09T21:46:12.379175Z	info	FLAG: --serviceCluster="istio-proxy"
2022-05-09T21:46:12.379179Z	info	FLAG: --stsPort="0"
2022-05-09T21:46:12.379213Z	info	FLAG: --templateFile=""
2022-05-09T21:46:12.379228Z	info	FLAG: --tokenManagerPlugin="GoogleTokenExchange"
2022-05-09T21:46:12.379250Z	info	FLAG: --vklog="0"
2022-05-09T21:46:12.379261Z	info	Version 1.13.2-91533d04e894ff86b80acd6d7a4517b144f9e19a-Clean
2022-05-09T21:46:12.388009Z	info	Proxy role	ips=[10.244.0.91 fe80::b046:6fff:fea8:2cdb] type=sidecar id=ts-food-mongo-85ffc6cfdc-wvh7v.default domain=default.svc.cluster.local
2022-05-09T21:46:12.388165Z	info	Apply proxy config from env {}

2022-05-09T21:46:12.390904Z	info	Effective config: binaryPath: /usr/local/bin/envoy
concurrency: 2
configPath: ./etc/istio/proxy
controlPlaneAuthPolicy: MUTUAL_TLS
discoveryAddress: istiod.istio-system.svc:15012
drainDuration: 45s
parentShutdownDuration: 60s
proxyAdminPort: 15000
serviceCluster: istio-proxy
statNameLength: 189
statusPort: 15020
terminationDrainDuration: 5s
tracing:
  zipkin:
    address: zipkin.istio-system:9411

2022-05-09T21:46:12.391009Z	info	JWT policy is third-party-jwt
2022-05-09T21:46:12.415039Z	info	CA Endpoint istiod.istio-system.svc:15012, provider Citadel
2022-05-09T21:46:12.415202Z	info	Using CA istiod.istio-system.svc:15012 cert with certs: var/run/secrets/istio/root-cert.pem
2022-05-09T21:46:12.415315Z	info	citadelclient	Citadel client using custom root cert: var/run/secrets/istio/root-cert.pem
2022-05-09T21:46:12.420267Z	info	Opening status port 15020
2022-05-09T21:46:12.656722Z	info	ads	All caches have been synced up in 438.002082ms, marking server ready
2022-05-09T21:46:12.657273Z	info	sds	SDS server for workload certificates started, listening on "etc/istio/proxy/SDS"
2022-05-09T21:46:12.657329Z	info	xdsproxy	Initializing with upstream address "istiod.istio-system.svc:15012" and cluster "Kubernetes"
2022-05-09T21:46:12.658044Z	info	sds	Starting SDS grpc server
2022-05-09T21:46:12.661618Z	info	starting Http service at 127.0.0.1:15004
2022-05-09T21:46:12.664384Z	info	Pilot SAN: [istiod.istio-system.svc]
2022-05-09T21:46:12.669051Z	info	Starting proxy agent
2022-05-09T21:46:12.669243Z	info	Epoch 0 starting
2022-05-09T21:46:12.669294Z	info	Envoy command: [-c etc/istio/proxy/envoy-rev0.json --restart-epoch 0 --drain-time-s 45 --drain-strategy immediate --parent-shutdown-time-s 60 --local-address-ip-version v4 --file-flush-interval-msec 1000 --disable-hot-restart --log-format %Y-%m-%dT%T.%fZ	%l	envoy %n	%v -l warning --component-log-level misc:error --concurrency 2]
2022-05-09T21:46:14.903472Z	info	cache	generated new workload certificate	latency=2.245418706s ttl=23h59m59.096544078s
2022-05-09T21:46:14.903612Z	info	cache	Root cert has changed, start rotating root cert
2022-05-09T21:46:14.903647Z	info	ads	XDS: Incremental Pushing:0 ConnectedEndpoints:0 Version:
2022-05-09T21:46:14.903739Z	info	cache	returned workload trust anchor from cache	ttl=23h59m59.096266932s
2022-05-09T21:46:15.381398Z	info	xdsproxy	connected to upstream XDS server: istiod.istio-system.svc:15012
2022-05-09T21:46:16.030565Z	info	ads	ADS: new connection for node:ts-food-mongo-85ffc6cfdc-wvh7v.default-1
2022-05-09T21:46:16.031208Z	info	cache	returned workload trust anchor from cache	ttl=23h59m57.968806022s
2022-05-09T21:46:16.031961Z	info	ads	SDS: PUSH request for node:ts-food-mongo-85ffc6cfdc-wvh7v.default resources:1 size:1.1kB resource:ROOTCA
2022-05-09T21:46:16.070011Z	info	ads	ADS: new connection for node:ts-food-mongo-85ffc6cfdc-wvh7v.default-2
2022-05-09T21:46:16.084100Z	info	cache	returned workload certificate from cache	ttl=23h59m57.915917606s
2022-05-09T21:46:16.084466Z	info	ads	SDS: PUSH request for node:ts-food-mongo-85ffc6cfdc-wvh7v.default resources:1 size:4.0kB resource:default
2022-05-09T21:46:18.849112Z	info	Readiness succeeded in 6.550375783s
2022-05-09T21:46:18.856123Z	info	Envoy proxy is ready
2022-05-09T22:13:54.644798Z	info	xdsproxy	connected to upstream XDS server: istiod.istio-system.svc:15012
