2022-05-09T21:46:11.778519Z	info	FLAG: --concurrency="2"
2022-05-09T21:46:11.778777Z	info	FLAG: --domain="default.svc.cluster.local"
2022-05-09T21:46:11.778792Z	info	FLAG: --help="false"
2022-05-09T21:46:11.778798Z	info	FLAG: --log_as_json="false"
2022-05-09T21:46:11.778803Z	info	FLAG: --log_caller=""
2022-05-09T21:46:11.778807Z	info	FLAG: --log_output_level="default:info"
2022-05-09T21:46:11.778811Z	info	FLAG: --log_rotate=""
2022-05-09T21:46:11.778815Z	info	FLAG: --log_rotate_max_age="30"
2022-05-09T21:46:11.778819Z	info	FLAG: --log_rotate_max_backups="1000"
2022-05-09T21:46:11.778823Z	info	FLAG: --log_rotate_max_size="104857600"
2022-05-09T21:46:11.778828Z	info	FLAG: --log_stacktrace_level="default:none"
2022-05-09T21:46:11.778841Z	info	FLAG: --log_target="[stdout]"
2022-05-09T21:46:11.778894Z	info	FLAG: --meshConfig="./etc/istio/config/mesh"
2022-05-09T21:46:11.778901Z	info	FLAG: --outlierLogPath=""
2022-05-09T21:46:11.778906Z	info	FLAG: --proxyComponentLogLevel="misc:error"
2022-05-09T21:46:11.778910Z	info	FLAG: --proxyLogLevel="warning"
2022-05-09T21:46:11.778919Z	info	FLAG: --serviceCluster="istio-proxy"
2022-05-09T21:46:11.778927Z	info	FLAG: --stsPort="0"
2022-05-09T21:46:11.778931Z	info	FLAG: --templateFile=""
2022-05-09T21:46:11.778940Z	info	FLAG: --tokenManagerPlugin="GoogleTokenExchange"
2022-05-09T21:46:11.778991Z	info	FLAG: --vklog="0"
2022-05-09T21:46:11.779002Z	info	Version 1.13.2-91533d04e894ff86b80acd6d7a4517b144f9e19a-Clean
2022-05-09T21:46:11.779422Z	info	Proxy role	ips=[10.244.0.88 fe80::3cf7:aaff:fe94:2201] type=sidecar id=ts-food-map-mongo-f4577c697-hbqjs.default domain=default.svc.cluster.local
2022-05-09T21:46:11.779791Z	info	Apply proxy config from env {}

2022-05-09T21:46:11.795915Z	info	Effective config: binaryPath: /usr/local/bin/envoy
concurrency: 2
configPath: ./etc/istio/proxy
controlPlaneAuthPolicy: MUTUAL_TLS
discoveryAddress: istiod.istio-system.svc:15012
drainDuration: 45s
parentShutdownDuration: 60s
proxyAdminPort: 15000
serviceCluster: istio-proxy
statNameLength: 189
statusPort: 15020
terminationDrainDuration: 5s
tracing:
  zipkin:
    address: zipkin.istio-system:9411

2022-05-09T21:46:11.795988Z	info	JWT policy is third-party-jwt
2022-05-09T21:46:11.804649Z	info	Opening status port 15020
2022-05-09T21:46:11.804526Z	info	CA Endpoint istiod.istio-system.svc:15012, provider Citadel
2022-05-09T21:46:11.806408Z	info	Using CA istiod.istio-system.svc:15012 cert with certs: var/run/secrets/istio/root-cert.pem
2022-05-09T21:46:11.806573Z	info	citadelclient	Citadel client using custom root cert: var/run/secrets/istio/root-cert.pem
2022-05-09T21:46:11.992814Z	info	ads	All caches have been synced up in 380.525931ms, marking server ready
2022-05-09T21:46:11.993263Z	info	sds	SDS server for workload certificates started, listening on "etc/istio/proxy/SDS"
2022-05-09T21:46:11.993428Z	info	xdsproxy	Initializing with upstream address "istiod.istio-system.svc:15012" and cluster "Kubernetes"
2022-05-09T21:46:12.026021Z	info	starting Http service at 127.0.0.1:15004
2022-05-09T21:46:12.038862Z	info	sds	Starting SDS grpc server
2022-05-09T21:46:12.045798Z	info	Pilot SAN: [istiod.istio-system.svc]
2022-05-09T21:46:12.103330Z	info	Starting proxy agent
2022-05-09T21:46:12.103482Z	info	Epoch 0 starting
2022-05-09T21:46:12.103526Z	info	Envoy command: [-c etc/istio/proxy/envoy-rev0.json --restart-epoch 0 --drain-time-s 45 --drain-strategy immediate --parent-shutdown-time-s 60 --local-address-ip-version v4 --file-flush-interval-msec 1000 --disable-hot-restart --log-format %Y-%m-%dT%T.%fZ	%l	envoy %n	%v -l warning --component-log-level misc:error --concurrency 2]
2022-05-09T21:46:14.151083Z	info	cache	generated new workload certificate	latency=2.147529356s ttl=23h59m59.848935334s
2022-05-09T21:46:14.151167Z	info	cache	Root cert has changed, start rotating root cert
2022-05-09T21:46:14.151204Z	info	ads	XDS: Incremental Pushing:0 ConnectedEndpoints:0 Version:
2022-05-09T21:46:14.151282Z	info	cache	returned workload trust anchor from cache	ttl=23h59m59.848723531s
2022-05-09T21:46:14.293324Z	info	xdsproxy	connected to upstream XDS server: istiod.istio-system.svc:15012
2022-05-09T21:46:14.961807Z	info	ads	ADS: new connection for node:ts-food-map-mongo-f4577c697-hbqjs.default-1
2022-05-09T21:46:14.962023Z	info	cache	returned workload trust anchor from cache	ttl=23h59m59.037987251s
2022-05-09T21:46:14.968850Z	info	ads	SDS: PUSH request for node:ts-food-map-mongo-f4577c697-hbqjs.default resources:1 size:1.1kB resource:ROOTCA
2022-05-09T21:46:15.019294Z	info	ads	ADS: new connection for node:ts-food-map-mongo-f4577c697-hbqjs.default-2
2022-05-09T21:46:15.019689Z	info	cache	returned workload certificate from cache	ttl=23h59m58.980325552s
2022-05-09T21:46:15.022548Z	info	ads	SDS: PUSH request for node:ts-food-map-mongo-f4577c697-hbqjs.default resources:1 size:4.0kB resource:default
2022-05-09T21:46:18.025754Z	info	Readiness succeeded in 6.266584064s
2022-05-09T21:46:18.030321Z	info	Envoy proxy is ready
2022-05-09T22:05:11.157641Z	error	failed to write agent metrics: write tcp 10.244.0.88:15020->10.244.0.10:50116: write: broken pipe
2022-05-09T22:05:11.158320Z	error	failed to write envoy metrics: write tcp 10.244.0.88:15020->10.244.0.10:50116: write: broken pipe
2022-05-09T22:13:49.090194Z	info	xdsproxy	connected to upstream XDS server: istiod.istio-system.svc:15012
