2022-05-09T21:46:06.669777Z	info	FLAG: --concurrency="2"
2022-05-09T21:46:06.669940Z	info	FLAG: --domain="default.svc.cluster.local"
2022-05-09T21:46:06.669955Z	info	FLAG: --help="false"
2022-05-09T21:46:06.669961Z	info	FLAG: --log_as_json="false"
2022-05-09T21:46:06.669966Z	info	FLAG: --log_caller=""
2022-05-09T21:46:06.669971Z	info	FLAG: --log_output_level="default:info"
2022-05-09T21:46:06.669976Z	info	FLAG: --log_rotate=""
2022-05-09T21:46:06.669981Z	info	FLAG: --log_rotate_max_age="30"
2022-05-09T21:46:06.669987Z	info	FLAG: --log_rotate_max_backups="1000"
2022-05-09T21:46:06.669993Z	info	FLAG: --log_rotate_max_size="104857600"
2022-05-09T21:46:06.669998Z	info	FLAG: --log_stacktrace_level="default:none"
2022-05-09T21:46:06.670032Z	info	FLAG: --log_target="[stdout]"
2022-05-09T21:46:06.670047Z	info	FLAG: --meshConfig="./etc/istio/config/mesh"
2022-05-09T21:46:06.670051Z	info	FLAG: --outlierLogPath=""
2022-05-09T21:46:06.670056Z	info	FLAG: --proxyComponentLogLevel="misc:error"
2022-05-09T21:46:06.670059Z	info	FLAG: --proxyLogLevel="warning"
2022-05-09T21:46:06.670063Z	info	FLAG: --serviceCluster="istio-proxy"
2022-05-09T21:46:06.670067Z	info	FLAG: --stsPort="0"
2022-05-09T21:46:06.670071Z	info	FLAG: --templateFile=""
2022-05-09T21:46:06.670075Z	info	FLAG: --tokenManagerPlugin="GoogleTokenExchange"
2022-05-09T21:46:06.670113Z	info	FLAG: --vklog="0"
2022-05-09T21:46:06.670127Z	info	Version 1.13.2-91533d04e894ff86b80acd6d7a4517b144f9e19a-Clean
2022-05-09T21:46:06.670479Z	info	Proxy role	ips=[10.244.0.83 fe80::a4f4:33ff:fe3d:cad2] type=sidecar id=ts-inside-payment-mongo-6cc8d489-29krv.default domain=default.svc.cluster.local
2022-05-09T21:46:06.681073Z	info	Apply proxy config from env {}

2022-05-09T21:46:06.694762Z	info	Effective config: binaryPath: /usr/local/bin/envoy
concurrency: 2
configPath: ./etc/istio/proxy
controlPlaneAuthPolicy: MUTUAL_TLS
discoveryAddress: istiod.istio-system.svc:15012
drainDuration: 45s
parentShutdownDuration: 60s
proxyAdminPort: 15000
serviceCluster: istio-proxy
statNameLength: 189
statusPort: 15020
terminationDrainDuration: 5s
tracing:
  zipkin:
    address: zipkin.istio-system:9411

2022-05-09T21:46:06.694830Z	info	JWT policy is third-party-jwt
2022-05-09T21:46:06.705239Z	info	CA Endpoint istiod.istio-system.svc:15012, provider Citadel
2022-05-09T21:46:06.705327Z	info	Using CA istiod.istio-system.svc:15012 cert with certs: var/run/secrets/istio/root-cert.pem
2022-05-09T21:46:06.705435Z	info	citadelclient	Citadel client using custom root cert: var/run/secrets/istio/root-cert.pem
2022-05-09T21:46:06.706651Z	info	Opening status port 15020
2022-05-09T21:46:08.153720Z	info	ads	All caches have been synced up in 1.719573253s, marking server ready
2022-05-09T21:46:08.154068Z	info	sds	SDS server for workload certificates started, listening on "etc/istio/proxy/SDS"
2022-05-09T21:46:08.154132Z	info	xdsproxy	Initializing with upstream address "istiod.istio-system.svc:15012" and cluster "Kubernetes"
2022-05-09T21:46:08.162415Z	info	Pilot SAN: [istiod.istio-system.svc]
2022-05-09T21:46:08.168670Z	info	starting Http service at 127.0.0.1:15004
2022-05-09T21:46:08.169206Z	info	Starting proxy agent
2022-05-09T21:46:08.169275Z	info	Epoch 0 starting
2022-05-09T21:46:08.169317Z	info	Envoy command: [-c etc/istio/proxy/envoy-rev0.json --restart-epoch 0 --drain-time-s 45 --drain-strategy immediate --parent-shutdown-time-s 60 --local-address-ip-version v4 --file-flush-interval-msec 1000 --disable-hot-restart --log-format %Y-%m-%dT%T.%fZ	%l	envoy %n	%v -l warning --component-log-level misc:error --concurrency 2]
2022-05-09T21:46:08.179406Z	info	sds	Starting SDS grpc server
2022-05-09T21:46:09.692166Z	info	xdsproxy	connected to upstream XDS server: istiod.istio-system.svc:15012
2022-05-09T21:46:10.306704Z	info	ads	ADS: new connection for node:ts-inside-payment-mongo-6cc8d489-29krv.default-1
2022-05-09T21:46:10.345231Z	info	ads	ADS: new connection for node:ts-inside-payment-mongo-6cc8d489-29krv.default-2
2022-05-09T21:46:12.213196Z	info	cache	generated new workload certificate	latency=4.049859275s ttl=23h59m58.78682076s
2022-05-09T21:46:12.213236Z	info	cache	Root cert has changed, start rotating root cert
2022-05-09T21:46:12.213254Z	info	ads	XDS: Incremental Pushing:0 ConnectedEndpoints:2 Version:
2022-05-09T21:46:12.213328Z	info	cache	returned workload trust anchor from cache	ttl=23h59m58.786677915s
2022-05-09T21:46:12.213360Z	info	cache	returned workload trust anchor from cache	ttl=23h59m58.786643727s
2022-05-09T21:46:12.213978Z	info	ads	SDS: PUSH request for node:ts-inside-payment-mongo-6cc8d489-29krv.default resources:1 size:1.1kB resource:ROOTCA
2022-05-09T21:46:12.214135Z	info	cache	returned workload certificate from cache	ttl=23h59m58.785871467s
2022-05-09T21:46:12.214267Z	info	ads	SDS: PUSH request for node:ts-inside-payment-mongo-6cc8d489-29krv.default resources:1 size:4.0kB resource:default
2022-05-09T21:46:12.214364Z	info	cache	returned workload trust anchor from cache	ttl=23h59m58.785641128s
2022-05-09T21:46:12.214406Z	info	ads	SDS: PUSH for node:ts-inside-payment-mongo-6cc8d489-29krv.default resources:1 size:1.1kB resource:ROOTCA
2022-05-09T21:46:15.049213Z	info	Readiness succeeded in 8.522915704s
2022-05-09T21:46:15.050043Z	info	Envoy proxy is ready
2022-05-09T21:47:06.736599Z	error	failed to write agent metrics: write tcp 10.244.0.83:15020->10.244.0.10:60586: write: broken pipe
2022-05-09T21:47:06.736831Z	error	failed to write envoy metrics: write tcp 10.244.0.83:15020->10.244.0.10:60586: write: broken pipe
2022-05-09T21:47:10.545818Z	info	xdsproxy	connected to upstream XDS server: istiod.istio-system.svc:15012
2022-05-09T21:59:28.750884Z	warn	xdsproxy	upstream [2] terminated with unexpected error rpc error: code = Unavailable desc = keepalive ping failed to receive ACK within timeout
2022-05-09T21:59:35.289897Z	info	xdsproxy	connected to upstream XDS server: istiod.istio-system.svc:15012
2022-05-09T22:29:52.064484Z	info	xdsproxy	connected to upstream XDS server: istiod.istio-system.svc:15012
