2022-05-09T21:46:00.231767Z	info	FLAG: --concurrency="2"
2022-05-09T21:46:00.231847Z	info	FLAG: --domain="default.svc.cluster.local"
2022-05-09T21:46:00.231860Z	info	FLAG: --help="false"
2022-05-09T21:46:00.231868Z	info	FLAG: --log_as_json="false"
2022-05-09T21:46:00.231879Z	info	FLAG: --log_caller=""
2022-05-09T21:46:00.231886Z	info	FLAG: --log_output_level="default:info"
2022-05-09T21:46:00.231891Z	info	FLAG: --log_rotate=""
2022-05-09T21:46:00.231895Z	info	FLAG: --log_rotate_max_age="30"
2022-05-09T21:46:00.231898Z	info	FLAG: --log_rotate_max_backups="1000"
2022-05-09T21:46:00.231902Z	info	FLAG: --log_rotate_max_size="104857600"
2022-05-09T21:46:00.231910Z	info	FLAG: --log_stacktrace_level="default:none"
2022-05-09T21:46:00.231936Z	info	FLAG: --log_target="[stdout]"
2022-05-09T21:46:00.231948Z	info	FLAG: --meshConfig="./etc/istio/config/mesh"
2022-05-09T21:46:00.231959Z	info	FLAG: --outlierLogPath=""
2022-05-09T21:46:00.231965Z	info	FLAG: --proxyComponentLogLevel="misc:error"
2022-05-09T21:46:00.231974Z	info	FLAG: --proxyLogLevel="warning"
2022-05-09T21:46:00.231983Z	info	FLAG: --serviceCluster="istio-proxy"
2022-05-09T21:46:00.231987Z	info	FLAG: --stsPort="0"
2022-05-09T21:46:00.231991Z	info	FLAG: --templateFile=""
2022-05-09T21:46:00.231995Z	info	FLAG: --tokenManagerPlugin="GoogleTokenExchange"
2022-05-09T21:46:00.232014Z	info	FLAG: --vklog="0"
2022-05-09T21:46:00.232026Z	info	Version 1.13.2-91533d04e894ff86b80acd6d7a4517b144f9e19a-Clean
2022-05-09T21:46:00.232266Z	info	Proxy role	ips=[10.244.0.74 fe80::4c3b:62ff:fe2e:dc35] type=sidecar id=ts-order-other-mongo-866b995c69-88wpl.default domain=default.svc.cluster.local
2022-05-09T21:46:00.232383Z	info	Apply proxy config from env {}

2022-05-09T21:46:00.242068Z	info	Effective config: binaryPath: /usr/local/bin/envoy
concurrency: 2
configPath: ./etc/istio/proxy
controlPlaneAuthPolicy: MUTUAL_TLS
discoveryAddress: istiod.istio-system.svc:15012
drainDuration: 45s
parentShutdownDuration: 60s
proxyAdminPort: 15000
serviceCluster: istio-proxy
statNameLength: 189
statusPort: 15020
terminationDrainDuration: 5s
tracing:
  zipkin:
    address: zipkin.istio-system:9411

2022-05-09T21:46:00.242125Z	info	JWT policy is third-party-jwt
2022-05-09T21:46:00.267109Z	info	CA Endpoint istiod.istio-system.svc:15012, provider Citadel
2022-05-09T21:46:00.267408Z	info	Using CA istiod.istio-system.svc:15012 cert with certs: var/run/secrets/istio/root-cert.pem
2022-05-09T21:46:00.271282Z	info	Opening status port 15020
2022-05-09T21:46:00.275137Z	info	citadelclient	Citadel client using custom root cert: var/run/secrets/istio/root-cert.pem
2022-05-09T21:46:00.535103Z	info	ads	All caches have been synced up in 337.732558ms, marking server ready
2022-05-09T21:46:00.535569Z	info	sds	SDS server for workload certificates started, listening on "etc/istio/proxy/SDS"
2022-05-09T21:46:00.535642Z	info	xdsproxy	Initializing with upstream address "istiod.istio-system.svc:15012" and cluster "Kubernetes"
2022-05-09T21:46:00.539843Z	info	Pilot SAN: [istiod.istio-system.svc]
2022-05-09T21:46:00.543311Z	info	Starting proxy agent
2022-05-09T21:46:00.543391Z	info	Epoch 0 starting
2022-05-09T21:46:00.543443Z	info	Envoy command: [-c etc/istio/proxy/envoy-rev0.json --restart-epoch 0 --drain-time-s 45 --drain-strategy immediate --parent-shutdown-time-s 60 --local-address-ip-version v4 --file-flush-interval-msec 1000 --disable-hot-restart --log-format %Y-%m-%dT%T.%fZ	%l	envoy %n	%v -l warning --component-log-level misc:error --concurrency 2]
2022-05-09T21:46:00.545869Z	info	sds	Starting SDS grpc server
2022-05-09T21:46:00.546080Z	info	starting Http service at 127.0.0.1:15004
2022-05-09T21:46:01.525393Z	info	xdsproxy	connected to upstream XDS server: istiod.istio-system.svc:15012
2022-05-09T21:46:01.841756Z	info	cache	generated new workload certificate	latency=1.297849251s ttl=23h59m59.158285077s
2022-05-09T21:46:01.841847Z	info	cache	Root cert has changed, start rotating root cert
2022-05-09T21:46:01.841880Z	info	ads	XDS: Incremental Pushing:0 ConnectedEndpoints:0 Version:
2022-05-09T21:46:01.841953Z	info	cache	returned workload trust anchor from cache	ttl=23h59m59.158053816s
2022-05-09T21:46:01.913404Z	info	ads	ADS: new connection for node:ts-order-other-mongo-866b995c69-88wpl.default-1
2022-05-09T21:46:01.913674Z	info	cache	returned workload trust anchor from cache	ttl=23h59m59.086335048s
2022-05-09T21:46:01.926476Z	info	ads	SDS: PUSH request for node:ts-order-other-mongo-866b995c69-88wpl.default resources:1 size:1.1kB resource:ROOTCA
2022-05-09T21:46:01.953383Z	info	ads	ADS: new connection for node:ts-order-other-mongo-866b995c69-88wpl.default-2
2022-05-09T21:46:01.953480Z	info	cache	returned workload certificate from cache	ttl=23h59m59.046526611s
2022-05-09T21:46:01.953635Z	info	ads	SDS: PUSH request for node:ts-order-other-mongo-866b995c69-88wpl.default resources:1 size:4.0kB resource:default
2022-05-09T21:46:05.609146Z	info	Readiness succeeded in 5.397237243s
2022-05-09T21:46:05.610059Z	info	Envoy proxy is ready
2022-05-09T22:14:33.897914Z	info	xdsproxy	connected to upstream XDS server: istiod.istio-system.svc:15012
