2022-05-09T21:46:05.415750Z	info	FLAG: --concurrency="2"
2022-05-09T21:46:05.415808Z	info	FLAG: --domain="default.svc.cluster.local"
2022-05-09T21:46:05.415818Z	info	FLAG: --help="false"
2022-05-09T21:46:05.415823Z	info	FLAG: --log_as_json="false"
2022-05-09T21:46:05.415827Z	info	FLAG: --log_caller=""
2022-05-09T21:46:05.415830Z	info	FLAG: --log_output_level="default:info"
2022-05-09T21:46:05.415834Z	info	FLAG: --log_rotate=""
2022-05-09T21:46:05.415837Z	info	FLAG: --log_rotate_max_age="30"
2022-05-09T21:46:05.415841Z	info	FLAG: --log_rotate_max_backups="1000"
2022-05-09T21:46:05.415845Z	info	FLAG: --log_rotate_max_size="104857600"
2022-05-09T21:46:05.415849Z	info	FLAG: --log_stacktrace_level="default:none"
2022-05-09T21:46:05.415858Z	info	FLAG: --log_target="[stdout]"
2022-05-09T21:46:05.415863Z	info	FLAG: --meshConfig="./etc/istio/config/mesh"
2022-05-09T21:46:05.415867Z	info	FLAG: --outlierLogPath=""
2022-05-09T21:46:05.415870Z	info	FLAG: --proxyComponentLogLevel="misc:error"
2022-05-09T21:46:05.415874Z	info	FLAG: --proxyLogLevel="warning"
2022-05-09T21:46:05.415878Z	info	FLAG: --serviceCluster="istio-proxy"
2022-05-09T21:46:05.415881Z	info	FLAG: --stsPort="0"
2022-05-09T21:46:05.415885Z	info	FLAG: --templateFile=""
2022-05-09T21:46:05.415889Z	info	FLAG: --tokenManagerPlugin="GoogleTokenExchange"
2022-05-09T21:46:05.415894Z	info	FLAG: --vklog="0"
2022-05-09T21:46:05.415899Z	info	Version 1.13.2-91533d04e894ff86b80acd6d7a4517b144f9e19a-Clean
2022-05-09T21:46:05.416156Z	info	Proxy role	ips=[10.244.0.81 fe80::d492:b1ff:fe42:5c48] type=sidecar id=ts-price-mongo-7689767c4f-fc8s5.default domain=default.svc.cluster.local
2022-05-09T21:46:05.416246Z	info	Apply proxy config from env {}

2022-05-09T21:46:05.519207Z	info	Effective config: binaryPath: /usr/local/bin/envoy
concurrency: 2
configPath: ./etc/istio/proxy
controlPlaneAuthPolicy: MUTUAL_TLS
discoveryAddress: istiod.istio-system.svc:15012
drainDuration: 45s
parentShutdownDuration: 60s
proxyAdminPort: 15000
serviceCluster: istio-proxy
statNameLength: 189
statusPort: 15020
terminationDrainDuration: 5s
tracing:
  zipkin:
    address: zipkin.istio-system:9411

2022-05-09T21:46:05.544694Z	info	JWT policy is third-party-jwt
2022-05-09T21:46:05.598950Z	info	CA Endpoint istiod.istio-system.svc:15012, provider Citadel
2022-05-09T21:46:05.599383Z	info	Using CA istiod.istio-system.svc:15012 cert with certs: var/run/secrets/istio/root-cert.pem
2022-05-09T21:46:05.599498Z	info	citadelclient	Citadel client using custom root cert: var/run/secrets/istio/root-cert.pem
2022-05-09T21:46:05.685797Z	info	Opening status port 15020
2022-05-09T21:46:05.853835Z	info	ads	All caches have been synced up in 739.697181ms, marking server ready
2022-05-09T21:46:05.854276Z	info	sds	SDS server for workload certificates started, listening on "etc/istio/proxy/SDS"
2022-05-09T21:46:05.854341Z	info	xdsproxy	Initializing with upstream address "istiod.istio-system.svc:15012" and cluster "Kubernetes"
2022-05-09T21:46:05.854806Z	info	sds	Starting SDS grpc server
2022-05-09T21:46:05.873229Z	info	Pilot SAN: [istiod.istio-system.svc]
2022-05-09T21:46:05.893251Z	info	starting Http service at 127.0.0.1:15004
2022-05-09T21:46:05.895660Z	info	Starting proxy agent
2022-05-09T21:46:05.895738Z	info	Epoch 0 starting
2022-05-09T21:46:05.895787Z	info	Envoy command: [-c etc/istio/proxy/envoy-rev0.json --restart-epoch 0 --drain-time-s 45 --drain-strategy immediate --parent-shutdown-time-s 60 --local-address-ip-version v4 --file-flush-interval-msec 1000 --disable-hot-restart --log-format %Y-%m-%dT%T.%fZ	%l	envoy %n	%v -l warning --component-log-level misc:error --concurrency 2]
2022-05-09T21:46:09.254219Z	info	xdsproxy	connected to upstream XDS server: istiod.istio-system.svc:15012
2022-05-09T21:46:09.285931Z	info	cache	generated new workload certificate	latency=3.43166592s ttl=23h59m59.714086434s
2022-05-09T21:46:09.286018Z	info	cache	Root cert has changed, start rotating root cert
2022-05-09T21:46:09.286075Z	info	ads	XDS: Incremental Pushing:0 ConnectedEndpoints:0 Version:
2022-05-09T21:46:09.286152Z	info	cache	returned workload trust anchor from cache	ttl=23h59m59.713859084s
2022-05-09T21:46:09.725409Z	info	ads	ADS: new connection for node:ts-price-mongo-7689767c4f-fc8s5.default-1
2022-05-09T21:46:09.725614Z	info	cache	returned workload trust anchor from cache	ttl=23h59m59.27441088s
2022-05-09T21:46:09.726034Z	info	ads	SDS: PUSH request for node:ts-price-mongo-7689767c4f-fc8s5.default resources:1 size:1.1kB resource:ROOTCA
2022-05-09T21:46:09.761740Z	info	ads	ADS: new connection for node:ts-price-mongo-7689767c4f-fc8s5.default-2
2022-05-09T21:46:09.762060Z	info	cache	returned workload certificate from cache	ttl=23h59m59.237957897s
2022-05-09T21:46:09.762371Z	info	ads	SDS: PUSH request for node:ts-price-mongo-7689767c4f-fc8s5.default resources:1 size:4.0kB resource:default
2022-05-09T21:46:12.884027Z	info	Readiness succeeded in 7.530897118s
2022-05-09T21:46:12.884825Z	info	Envoy proxy is ready
2022-05-09T22:18:25.664987Z	info	xdsproxy	connected to upstream XDS server: istiod.istio-system.svc:15012
