2022-05-09T21:46:06.339238Z	info	FLAG: --concurrency="2"
2022-05-09T21:46:06.339318Z	info	FLAG: --domain="default.svc.cluster.local"
2022-05-09T21:46:06.339330Z	info	FLAG: --help="false"
2022-05-09T21:46:06.339335Z	info	FLAG: --log_as_json="false"
2022-05-09T21:46:06.339339Z	info	FLAG: --log_caller=""
2022-05-09T21:46:06.339361Z	info	FLAG: --log_output_level="default:info"
2022-05-09T21:46:06.339439Z	info	FLAG: --log_rotate=""
2022-05-09T21:46:06.339461Z	info	FLAG: --log_rotate_max_age="30"
2022-05-09T21:46:06.339467Z	info	FLAG: --log_rotate_max_backups="1000"
2022-05-09T21:46:06.339471Z	info	FLAG: --log_rotate_max_size="104857600"
2022-05-09T21:46:06.339475Z	info	FLAG: --log_stacktrace_level="default:none"
2022-05-09T21:46:06.339627Z	info	FLAG: --log_target="[stdout]"
2022-05-09T21:46:06.339708Z	info	FLAG: --meshConfig="./etc/istio/config/mesh"
2022-05-09T21:46:06.339723Z	info	FLAG: --outlierLogPath=""
2022-05-09T21:46:06.339736Z	info	FLAG: --proxyComponentLogLevel="misc:error"
2022-05-09T21:46:06.339742Z	info	FLAG: --proxyLogLevel="warning"
2022-05-09T21:46:06.339751Z	info	FLAG: --serviceCluster="istio-proxy"
2022-05-09T21:46:06.339762Z	info	FLAG: --stsPort="0"
2022-05-09T21:46:06.339772Z	info	FLAG: --templateFile=""
2022-05-09T21:46:06.339779Z	info	FLAG: --tokenManagerPlugin="GoogleTokenExchange"
2022-05-09T21:46:06.339790Z	info	FLAG: --vklog="0"
2022-05-09T21:46:06.339833Z	info	Version 1.13.2-91533d04e894ff86b80acd6d7a4517b144f9e19a-Clean
2022-05-09T21:46:06.340052Z	info	Proxy role	ips=[10.244.0.82 fe80::4029:c9ff:fed9:83a5] type=sidecar id=ts-security-mongo-6f9d5866c9-zz67k.default domain=default.svc.cluster.local
2022-05-09T21:46:06.340198Z	info	Apply proxy config from env {}

2022-05-09T21:46:06.395689Z	info	Effective config: binaryPath: /usr/local/bin/envoy
concurrency: 2
configPath: ./etc/istio/proxy
controlPlaneAuthPolicy: MUTUAL_TLS
discoveryAddress: istiod.istio-system.svc:15012
drainDuration: 45s
parentShutdownDuration: 60s
proxyAdminPort: 15000
serviceCluster: istio-proxy
statNameLength: 189
statusPort: 15020
terminationDrainDuration: 5s
tracing:
  zipkin:
    address: zipkin.istio-system:9411

2022-05-09T21:46:06.395947Z	info	JWT policy is third-party-jwt
2022-05-09T21:46:06.444530Z	info	CA Endpoint istiod.istio-system.svc:15012, provider Citadel
2022-05-09T21:46:06.444667Z	info	Using CA istiod.istio-system.svc:15012 cert with certs: var/run/secrets/istio/root-cert.pem
2022-05-09T21:46:06.445008Z	info	citadelclient	Citadel client using custom root cert: var/run/secrets/istio/root-cert.pem
2022-05-09T21:46:06.448621Z	info	Opening status port 15020
2022-05-09T21:46:08.205941Z	info	ads	All caches have been synced up in 1.954311533s, marking server ready
2022-05-09T21:46:08.237125Z	info	sds	Starting SDS grpc server
2022-05-09T21:46:08.242401Z	info	sds	SDS server for workload certificates started, listening on "etc/istio/proxy/SDS"
2022-05-09T21:46:08.242698Z	info	xdsproxy	Initializing with upstream address "istiod.istio-system.svc:15012" and cluster "Kubernetes"
2022-05-09T21:46:08.260895Z	info	starting Http service at 127.0.0.1:15004
2022-05-09T21:46:08.429094Z	info	Pilot SAN: [istiod.istio-system.svc]
2022-05-09T21:46:08.475592Z	info	Starting proxy agent
2022-05-09T21:46:08.475951Z	info	Epoch 0 starting
2022-05-09T21:46:08.476061Z	info	Envoy command: [-c etc/istio/proxy/envoy-rev0.json --restart-epoch 0 --drain-time-s 45 --drain-strategy immediate --parent-shutdown-time-s 60 --local-address-ip-version v4 --file-flush-interval-msec 1000 --disable-hot-restart --log-format %Y-%m-%dT%T.%fZ	%l	envoy %n	%v -l warning --component-log-level misc:error --concurrency 2]
2022-05-09T21:46:09.463070Z	info	xdsproxy	connected to upstream XDS server: istiod.istio-system.svc:15012
2022-05-09T21:46:09.749461Z	info	cache	generated new workload certificate	latency=1.54275237s ttl=23h59m59.250553705s
2022-05-09T21:46:09.749588Z	info	cache	Root cert has changed, start rotating root cert
2022-05-09T21:46:09.749634Z	info	ads	XDS: Incremental Pushing:0 ConnectedEndpoints:0 Version:
2022-05-09T21:46:09.749715Z	info	cache	returned workload trust anchor from cache	ttl=23h59m59.250289857s
2022-05-09T21:46:09.860119Z	info	ads	ADS: new connection for node:ts-security-mongo-6f9d5866c9-zz67k.default-1
2022-05-09T21:46:09.860296Z	info	cache	returned workload trust anchor from cache	ttl=23h59m59.139711543s
2022-05-09T21:46:09.860905Z	info	ads	SDS: PUSH request for node:ts-security-mongo-6f9d5866c9-zz67k.default resources:1 size:1.1kB resource:ROOTCA
2022-05-09T21:46:09.901145Z	info	ads	ADS: new connection for node:ts-security-mongo-6f9d5866c9-zz67k.default-2
2022-05-09T21:46:09.901310Z	info	cache	returned workload certificate from cache	ttl=23h59m59.098698327s
2022-05-09T21:46:09.901478Z	info	ads	SDS: PUSH request for node:ts-security-mongo-6f9d5866c9-zz67k.default resources:1 size:4.0kB resource:default
2022-05-09T21:46:12.817470Z	info	Readiness succeeded in 6.565083062s
2022-05-09T21:46:12.820291Z	info	Envoy proxy is ready
2022-05-09T21:47:01.270976Z	error	failed scraping envoy metrics: error scraping http://localhost:15090/stats/prometheus: Get "http://localhost:15090/stats/prometheus": context deadline exceeded
2022-05-09T21:47:02.178759Z	error	failed to write agent metrics: write tcp 10.244.0.82:15020->10.244.0.10:51082: write: broken pipe
2022-05-09T22:18:47.846173Z	info	xdsproxy	connected to upstream XDS server: istiod.istio-system.svc:15012
