2022-05-09T21:46:02.613703Z	info	FLAG: --concurrency="2"
2022-05-09T21:46:02.613768Z	info	FLAG: --domain="default.svc.cluster.local"
2022-05-09T21:46:02.613778Z	info	FLAG: --help="false"
2022-05-09T21:46:02.613782Z	info	FLAG: --log_as_json="false"
2022-05-09T21:46:02.613785Z	info	FLAG: --log_caller=""
2022-05-09T21:46:02.613789Z	info	FLAG: --log_output_level="default:info"
2022-05-09T21:46:02.613819Z	info	FLAG: --log_rotate=""
2022-05-09T21:46:02.613827Z	info	FLAG: --log_rotate_max_age="30"
2022-05-09T21:46:02.613832Z	info	FLAG: --log_rotate_max_backups="1000"
2022-05-09T21:46:02.613836Z	info	FLAG: --log_rotate_max_size="104857600"
2022-05-09T21:46:02.613840Z	info	FLAG: --log_stacktrace_level="default:none"
2022-05-09T21:46:02.613862Z	info	FLAG: --log_target="[stdout]"
2022-05-09T21:46:02.613876Z	info	FLAG: --meshConfig="./etc/istio/config/mesh"
2022-05-09T21:46:02.613880Z	info	FLAG: --outlierLogPath=""
2022-05-09T21:46:02.613884Z	info	FLAG: --proxyComponentLogLevel="misc:error"
2022-05-09T21:46:02.613887Z	info	FLAG: --proxyLogLevel="warning"
2022-05-09T21:46:02.613891Z	info	FLAG: --serviceCluster="istio-proxy"
2022-05-09T21:46:02.613895Z	info	FLAG: --stsPort="0"
2022-05-09T21:46:02.613899Z	info	FLAG: --templateFile=""
2022-05-09T21:46:02.613903Z	info	FLAG: --tokenManagerPlugin="GoogleTokenExchange"
2022-05-09T21:46:02.613949Z	info	FLAG: --vklog="0"
2022-05-09T21:46:02.613962Z	info	Version 1.13.2-91533d04e894ff86b80acd6d7a4517b144f9e19a-Clean
2022-05-09T21:46:02.614207Z	info	Proxy role	ips=[10.244.0.77 fe80::509f:14ff:fee1:8188] type=sidecar id=ts-station-mongo-849d94d789-gcdqs.default domain=default.svc.cluster.local
2022-05-09T21:46:02.614346Z	info	Apply proxy config from env {}

2022-05-09T21:46:02.616479Z	info	Effective config: binaryPath: /usr/local/bin/envoy
concurrency: 2
configPath: ./etc/istio/proxy
controlPlaneAuthPolicy: MUTUAL_TLS
discoveryAddress: istiod.istio-system.svc:15012
drainDuration: 45s
parentShutdownDuration: 60s
proxyAdminPort: 15000
serviceCluster: istio-proxy
statNameLength: 189
statusPort: 15020
terminationDrainDuration: 5s
tracing:
  zipkin:
    address: zipkin.istio-system:9411

2022-05-09T21:46:02.667381Z	info	JWT policy is third-party-jwt
2022-05-09T21:46:02.687048Z	info	CA Endpoint istiod.istio-system.svc:15012, provider Citadel
2022-05-09T21:46:02.687156Z	info	Using CA istiod.istio-system.svc:15012 cert with certs: var/run/secrets/istio/root-cert.pem
2022-05-09T21:46:02.687277Z	info	citadelclient	Citadel client using custom root cert: var/run/secrets/istio/root-cert.pem
2022-05-09T21:46:02.688058Z	info	Opening status port 15020
2022-05-09T21:46:02.910845Z	info	ads	All caches have been synced up in 448.039312ms, marking server ready
2022-05-09T21:46:03.013812Z	info	sds	SDS server for workload certificates started, listening on "etc/istio/proxy/SDS"
2022-05-09T21:46:03.013912Z	info	xdsproxy	Initializing with upstream address "istiod.istio-system.svc:15012" and cluster "Kubernetes"
2022-05-09T21:46:03.015195Z	info	sds	Starting SDS grpc server
2022-05-09T21:46:03.016841Z	info	starting Http service at 127.0.0.1:15004
2022-05-09T21:46:03.020770Z	info	Pilot SAN: [istiod.istio-system.svc]
2022-05-09T21:46:03.046055Z	info	Starting proxy agent
2022-05-09T21:46:03.046118Z	info	Epoch 0 starting
2022-05-09T21:46:03.046143Z	info	Envoy command: [-c etc/istio/proxy/envoy-rev0.json --restart-epoch 0 --drain-time-s 45 --drain-strategy immediate --parent-shutdown-time-s 60 --local-address-ip-version v4 --file-flush-interval-msec 1000 --disable-hot-restart --log-format %Y-%m-%dT%T.%fZ	%l	envoy %n	%v -l warning --component-log-level misc:error --concurrency 2]
2022-05-09T21:46:03.477142Z	info	xdsproxy	connected to upstream XDS server: istiod.istio-system.svc:15012
2022-05-09T21:46:03.776213Z	info	ads	ADS: new connection for node:ts-station-mongo-849d94d789-gcdqs.default-1
2022-05-09T21:46:03.816674Z	info	ads	ADS: new connection for node:ts-station-mongo-849d94d789-gcdqs.default-2
2022-05-09T21:46:04.125278Z	info	cache	generated new workload certificate	latency=1.210407095s ttl=23h59m59.874738485s
2022-05-09T21:46:04.125306Z	info	cache	Root cert has changed, start rotating root cert
2022-05-09T21:46:04.125318Z	info	ads	XDS: Incremental Pushing:0 ConnectedEndpoints:2 Version:
2022-05-09T21:46:04.125365Z	info	cache	returned workload trust anchor from cache	ttl=23h59m59.874637355s
2022-05-09T21:46:04.125382Z	info	cache	returned workload trust anchor from cache	ttl=23h59m59.874618882s
2022-05-09T21:46:04.125867Z	info	ads	SDS: PUSH request for node:ts-station-mongo-849d94d789-gcdqs.default resources:1 size:1.1kB resource:ROOTCA
2022-05-09T21:46:04.125983Z	info	cache	returned workload certificate from cache	ttl=23h59m59.874022038s
2022-05-09T21:46:04.126070Z	info	ads	SDS: PUSH request for node:ts-station-mongo-849d94d789-gcdqs.default resources:1 size:4.0kB resource:default
2022-05-09T21:46:04.151608Z	info	cache	returned workload trust anchor from cache	ttl=23h59m59.848405765s
2022-05-09T21:46:04.154686Z	info	ads	SDS: PUSH for node:ts-station-mongo-849d94d789-gcdqs.default resources:1 size:1.1kB resource:ROOTCA
2022-05-09T21:46:07.675915Z	info	Readiness succeeded in 5.153172209s
2022-05-09T21:46:07.679861Z	info	Envoy proxy is ready
2022-05-09T22:17:23.251797Z	info	xdsproxy	connected to upstream XDS server: istiod.istio-system.svc:15012
