2022-05-09T21:46:04.155272Z	info	FLAG: --concurrency="2"
2022-05-09T21:46:04.155301Z	info	FLAG: --domain="default.svc.cluster.local"
2022-05-09T21:46:04.155306Z	info	FLAG: --help="false"
2022-05-09T21:46:04.155308Z	info	FLAG: --log_as_json="false"
2022-05-09T21:46:04.155311Z	info	FLAG: --log_caller=""
2022-05-09T21:46:04.155313Z	info	FLAG: --log_output_level="default:info"
2022-05-09T21:46:04.155315Z	info	FLAG: --log_rotate=""
2022-05-09T21:46:04.155317Z	info	FLAG: --log_rotate_max_age="30"
2022-05-09T21:46:04.155320Z	info	FLAG: --log_rotate_max_backups="1000"
2022-05-09T21:46:04.155322Z	info	FLAG: --log_rotate_max_size="104857600"
2022-05-09T21:46:04.155324Z	info	FLAG: --log_stacktrace_level="default:none"
2022-05-09T21:46:04.155340Z	info	FLAG: --log_target="[stdout]"
2022-05-09T21:46:04.155344Z	info	FLAG: --meshConfig="./etc/istio/config/mesh"
2022-05-09T21:46:04.155346Z	info	FLAG: --outlierLogPath=""
2022-05-09T21:46:04.155348Z	info	FLAG: --proxyComponentLogLevel="misc:error"
2022-05-09T21:46:04.155350Z	info	FLAG: --proxyLogLevel="warning"
2022-05-09T21:46:04.155352Z	info	FLAG: --serviceCluster="istio-proxy"
2022-05-09T21:46:04.155355Z	info	FLAG: --stsPort="0"
2022-05-09T21:46:04.155357Z	info	FLAG: --templateFile=""
2022-05-09T21:46:04.155359Z	info	FLAG: --tokenManagerPlugin="GoogleTokenExchange"
2022-05-09T21:46:04.155366Z	info	FLAG: --vklog="0"
2022-05-09T21:46:04.155369Z	info	Version 1.13.2-91533d04e894ff86b80acd6d7a4517b144f9e19a-Clean
2022-05-09T21:46:04.155564Z	info	Proxy role	ips=[10.244.0.80 fe80::a4e7:fdff:fef7:7f1e] type=sidecar id=ts-travel2-mongo-cb4f84f4f-grqgg.default domain=default.svc.cluster.local
2022-05-09T21:46:04.155685Z	info	Apply proxy config from env {}

2022-05-09T21:46:04.162406Z	info	Effective config: binaryPath: /usr/local/bin/envoy
concurrency: 2
configPath: ./etc/istio/proxy
controlPlaneAuthPolicy: MUTUAL_TLS
discoveryAddress: istiod.istio-system.svc:15012
drainDuration: 45s
parentShutdownDuration: 60s
proxyAdminPort: 15000
serviceCluster: istio-proxy
statNameLength: 189
statusPort: 15020
terminationDrainDuration: 5s
tracing:
  zipkin:
    address: zipkin.istio-system:9411

2022-05-09T21:46:04.162475Z	info	JWT policy is third-party-jwt
2022-05-09T21:46:04.168725Z	info	CA Endpoint istiod.istio-system.svc:15012, provider Citadel
2022-05-09T21:46:04.168801Z	info	Using CA istiod.istio-system.svc:15012 cert with certs: var/run/secrets/istio/root-cert.pem
2022-05-09T21:46:04.168874Z	info	citadelclient	Citadel client using custom root cert: var/run/secrets/istio/root-cert.pem
2022-05-09T21:46:04.168927Z	info	Opening status port 15020
2022-05-09T21:46:04.400408Z	info	ads	All caches have been synced up in 287.163208ms, marking server ready
2022-05-09T21:46:04.401135Z	info	sds	SDS server for workload certificates started, listening on "etc/istio/proxy/SDS"
2022-05-09T21:46:04.401221Z	info	xdsproxy	Initializing with upstream address "istiod.istio-system.svc:15012" and cluster "Kubernetes"
2022-05-09T21:46:04.404037Z	info	sds	Starting SDS grpc server
2022-05-09T21:46:04.404651Z	info	starting Http service at 127.0.0.1:15004
2022-05-09T21:46:04.436638Z	info	Pilot SAN: [istiod.istio-system.svc]
2022-05-09T21:46:04.462653Z	info	Starting proxy agent
2022-05-09T21:46:04.462734Z	info	Epoch 0 starting
2022-05-09T21:46:04.462785Z	info	Envoy command: [-c etc/istio/proxy/envoy-rev0.json --restart-epoch 0 --drain-time-s 45 --drain-strategy immediate --parent-shutdown-time-s 60 --local-address-ip-version v4 --file-flush-interval-msec 1000 --disable-hot-restart --log-format %Y-%m-%dT%T.%fZ	%l	envoy %n	%v -l warning --component-log-level misc:error --concurrency 2]
2022-05-09T21:46:05.958694Z	info	cache	generated new workload certificate	latency=1.554940417s ttl=23h59m59.041321842s
2022-05-09T21:46:05.958762Z	info	cache	Root cert has changed, start rotating root cert
2022-05-09T21:46:05.958804Z	info	ads	XDS: Incremental Pushing:0 ConnectedEndpoints:0 Version:
2022-05-09T21:46:05.958909Z	info	cache	returned workload trust anchor from cache	ttl=23h59m59.041096265s
2022-05-09T21:46:05.999459Z	info	xdsproxy	connected to upstream XDS server: istiod.istio-system.svc:15012
2022-05-09T21:46:06.590456Z	info	ads	ADS: new connection for node:ts-travel2-mongo-cb4f84f4f-grqgg.default-1
2022-05-09T21:46:06.590912Z	info	cache	returned workload trust anchor from cache	ttl=23h59m58.409100491s
2022-05-09T21:46:06.605453Z	info	ads	SDS: PUSH request for node:ts-travel2-mongo-cb4f84f4f-grqgg.default resources:1 size:1.1kB resource:ROOTCA
2022-05-09T21:46:06.623021Z	info	ads	ADS: new connection for node:ts-travel2-mongo-cb4f84f4f-grqgg.default-2
2022-05-09T21:46:06.623363Z	info	cache	returned workload certificate from cache	ttl=23h59m58.376649212s
2022-05-09T21:46:06.624112Z	info	ads	SDS: PUSH request for node:ts-travel2-mongo-cb4f84f4f-grqgg.default resources:1 size:4.0kB resource:default
2022-05-09T21:46:12.031004Z	info	Readiness succeeded in 7.916440316s
2022-05-09T21:46:12.031721Z	info	Envoy proxy is ready
2022-05-09T22:17:17.562448Z	info	xdsproxy	connected to upstream XDS server: istiod.istio-system.svc:15012
