2022-05-09T21:46:08.908396Z	info	FLAG: --concurrency="2"
2022-05-09T21:46:08.908456Z	info	FLAG: --domain="default.svc.cluster.local"
2022-05-09T21:46:08.908465Z	info	FLAG: --help="false"
2022-05-09T21:46:08.908470Z	info	FLAG: --log_as_json="false"
2022-05-09T21:46:08.908473Z	info	FLAG: --log_caller=""
2022-05-09T21:46:08.908477Z	info	FLAG: --log_output_level="default:info"
2022-05-09T21:46:08.908481Z	info	FLAG: --log_rotate=""
2022-05-09T21:46:08.908485Z	info	FLAG: --log_rotate_max_age="30"
2022-05-09T21:46:08.908488Z	info	FLAG: --log_rotate_max_backups="1000"
2022-05-09T21:46:08.908494Z	info	FLAG: --log_rotate_max_size="104857600"
2022-05-09T21:46:08.908498Z	info	FLAG: --log_stacktrace_level="default:none"
2022-05-09T21:46:08.908518Z	info	FLAG: --log_target="[stdout]"
2022-05-09T21:46:08.908580Z	info	FLAG: --meshConfig="./etc/istio/config/mesh"
2022-05-09T21:46:08.908584Z	info	FLAG: --outlierLogPath=""
2022-05-09T21:46:08.908588Z	info	FLAG: --proxyComponentLogLevel="misc:error"
2022-05-09T21:46:08.908591Z	info	FLAG: --proxyLogLevel="warning"
2022-05-09T21:46:08.908594Z	info	FLAG: --serviceCluster="istio-proxy"
2022-05-09T21:46:08.908598Z	info	FLAG: --stsPort="0"
2022-05-09T21:46:08.908601Z	info	FLAG: --templateFile=""
2022-05-09T21:46:08.908605Z	info	FLAG: --tokenManagerPlugin="GoogleTokenExchange"
2022-05-09T21:46:08.908611Z	info	FLAG: --vklog="0"
2022-05-09T21:46:08.908616Z	info	Version 1.13.2-91533d04e894ff86b80acd6d7a4517b144f9e19a-Clean
2022-05-09T21:46:08.916020Z	info	Proxy role	ips=[10.244.0.86 fe80::8432:52ff:fe81:7695] type=sidecar id=ts-ticket-office-mongo-6f4b5d8c45-vjvmt.default domain=default.svc.cluster.local
2022-05-09T21:46:08.916129Z	info	Apply proxy config from env {}

2022-05-09T21:46:08.923496Z	info	Effective config: binaryPath: /usr/local/bin/envoy
concurrency: 2
configPath: ./etc/istio/proxy
controlPlaneAuthPolicy: MUTUAL_TLS
discoveryAddress: istiod.istio-system.svc:15012
drainDuration: 45s
parentShutdownDuration: 60s
proxyAdminPort: 15000
serviceCluster: istio-proxy
statNameLength: 189
statusPort: 15020
terminationDrainDuration: 5s
tracing:
  zipkin:
    address: zipkin.istio-system:9411

2022-05-09T21:46:08.936045Z	info	JWT policy is third-party-jwt
2022-05-09T21:46:08.952941Z	info	Opening status port 15020
2022-05-09T21:46:08.956576Z	info	CA Endpoint istiod.istio-system.svc:15012, provider Citadel
2022-05-09T21:46:08.956844Z	info	Using CA istiod.istio-system.svc:15012 cert with certs: var/run/secrets/istio/root-cert.pem
2022-05-09T21:46:08.958076Z	info	citadelclient	Citadel client using custom root cert: var/run/secrets/istio/root-cert.pem
2022-05-09T21:46:09.478467Z	info	ads	All caches have been synced up in 608.634347ms, marking server ready
2022-05-09T21:46:09.482775Z	info	sds	SDS server for workload certificates started, listening on "etc/istio/proxy/SDS"
2022-05-09T21:46:09.482907Z	info	xdsproxy	Initializing with upstream address "istiod.istio-system.svc:15012" and cluster "Kubernetes"
2022-05-09T21:46:09.492134Z	info	sds	Starting SDS grpc server
2022-05-09T21:46:09.494865Z	info	starting Http service at 127.0.0.1:15004
2022-05-09T21:46:09.514563Z	info	Pilot SAN: [istiod.istio-system.svc]
2022-05-09T21:46:09.613795Z	info	Starting proxy agent
2022-05-09T21:46:09.613869Z	info	Epoch 0 starting
2022-05-09T21:46:09.613896Z	info	Envoy command: [-c etc/istio/proxy/envoy-rev0.json --restart-epoch 0 --drain-time-s 45 --drain-strategy immediate --parent-shutdown-time-s 60 --local-address-ip-version v4 --file-flush-interval-msec 1000 --disable-hot-restart --log-format %Y-%m-%dT%T.%fZ	%l	envoy %n	%v -l warning --component-log-level misc:error --concurrency 2]
2022-05-09T21:46:11.183275Z	info	xdsproxy	connected to upstream XDS server: istiod.istio-system.svc:15012
2022-05-09T21:46:12.539779Z	info	ads	ADS: new connection for node:ts-ticket-office-mongo-6f4b5d8c45-vjvmt.default-1
2022-05-09T21:46:12.565163Z	info	ads	ADS: new connection for node:ts-ticket-office-mongo-6f4b5d8c45-vjvmt.default-2
2022-05-09T21:46:15.333425Z	info	cache	generated new workload certificate	latency=5.852520735s ttl=23h59m59.666598217s
2022-05-09T21:46:15.333566Z	info	cache	Root cert has changed, start rotating root cert
2022-05-09T21:46:15.333590Z	info	ads	XDS: Incremental Pushing:0 ConnectedEndpoints:2 Version:
2022-05-09T21:46:15.333709Z	info	cache	returned workload trust anchor from cache	ttl=23h59m59.666297671s
2022-05-09T21:46:15.333757Z	info	cache	returned workload trust anchor from cache	ttl=23h59m59.666246933s
2022-05-09T21:46:15.334209Z	info	ads	SDS: PUSH request for node:ts-ticket-office-mongo-6f4b5d8c45-vjvmt.default resources:1 size:1.1kB resource:ROOTCA
2022-05-09T21:46:15.334392Z	info	cache	returned workload certificate from cache	ttl=23h59m59.665613353s
2022-05-09T21:46:15.335416Z	info	cache	returned workload trust anchor from cache	ttl=23h59m59.664594215s
2022-05-09T21:46:15.335631Z	info	ads	SDS: PUSH for node:ts-ticket-office-mongo-6f4b5d8c45-vjvmt.default resources:1 size:1.1kB resource:ROOTCA
2022-05-09T21:46:15.356265Z	info	ads	SDS: PUSH request for node:ts-ticket-office-mongo-6f4b5d8c45-vjvmt.default resources:1 size:4.0kB resource:default
2022-05-09T21:46:19.778825Z	info	Readiness succeeded in 10.907381188s
2022-05-09T21:46:19.779752Z	info	Envoy proxy is ready
{"response_flags":"-","requested_server_name":"outbound_.27017_._.ts-ticket-office-mongo.default.svc.cluster.local","path":null,"request_id":null,"route_name":null,"duration":1752,"downstream_remote_address":"10.244.0.125:32866","bytes_sent":1161,"x_forwarded_for":null,"response_code":0,"bytes_received":1185,"upstream_transport_failure_reason":null,"method":null,"protocol":null,"upstream_local_address":"127.0.0.6:60013","authority":null,"connection_termination_details":null,"start_time":"2022-05-09T21:49:04.065Z","user_agent":null,"downstream_local_address":"10.244.0.86:27017","response_code_details":null,"upstream_cluster":"inbound|27017||","upstream_host":"10.244.0.86:27017","upstream_service_time":null}
{"response_flags":"-","downstream_local_address":"10.244.0.86:27017","requested_server_name":"outbound_.27017_._.ts-ticket-office-mongo.default.svc.cluster.local","upstream_transport_failure_reason":null,"upstream_cluster":"inbound|27017||","downstream_remote_address":"10.244.0.125:32938","route_name":null,"method":null,"connection_termination_details":null,"upstream_host":"10.244.0.86:27017","request_id":null,"path":null,"start_time":"2022-05-09T21:49:05.031Z","response_code_details":null,"response_code":0,"duration":771,"upstream_service_time":null,"protocol":null,"upstream_local_address":"127.0.0.6:44963","bytes_sent":842,"user_agent":null,"authority":null,"bytes_received":2147,"x_forwarded_for":null}
2022-05-09T22:15:20.240426Z	info	xdsproxy	connected to upstream XDS server: istiod.istio-system.svc:15012
