2022-05-09T21:45:55.655787Z	info	FLAG: --concurrency="2"
2022-05-09T21:45:55.655896Z	info	FLAG: --domain="default.svc.cluster.local"
2022-05-09T21:45:55.655905Z	info	FLAG: --help="false"
2022-05-09T21:45:55.655908Z	info	FLAG: --log_as_json="false"
2022-05-09T21:45:55.655912Z	info	FLAG: --log_caller=""
2022-05-09T21:45:55.655915Z	info	FLAG: --log_output_level="default:info"
2022-05-09T21:45:55.655918Z	info	FLAG: --log_rotate=""
2022-05-09T21:45:55.655920Z	info	FLAG: --log_rotate_max_age="30"
2022-05-09T21:45:55.655922Z	info	FLAG: --log_rotate_max_backups="1000"
2022-05-09T21:45:55.655924Z	info	FLAG: --log_rotate_max_size="104857600"
2022-05-09T21:45:55.655926Z	info	FLAG: --log_stacktrace_level="default:none"
2022-05-09T21:45:55.655932Z	info	FLAG: --log_target="[stdout]"
2022-05-09T21:45:55.655934Z	info	FLAG: --meshConfig="./etc/istio/config/mesh"
2022-05-09T21:45:55.655935Z	info	FLAG: --outlierLogPath=""
2022-05-09T21:45:55.655937Z	info	FLAG: --proxyComponentLogLevel="misc:error"
2022-05-09T21:45:55.655939Z	info	FLAG: --proxyLogLevel="warning"
2022-05-09T21:45:55.655941Z	info	FLAG: --serviceCluster="istio-proxy"
2022-05-09T21:45:55.655943Z	info	FLAG: --stsPort="0"
2022-05-09T21:45:55.655946Z	info	FLAG: --templateFile=""
2022-05-09T21:45:55.655949Z	info	FLAG: --tokenManagerPlugin="GoogleTokenExchange"
2022-05-09T21:45:55.655963Z	info	FLAG: --vklog="0"
2022-05-09T21:45:55.656000Z	info	Version 1.13.2-91533d04e894ff86b80acd6d7a4517b144f9e19a-Clean
2022-05-09T21:45:55.656207Z	info	Proxy role	ips=[10.244.0.70 fe80::c4bd:ecff:fe0a:59a] type=sidecar id=ts-user-mongo-d44b48f9c-v824q.default domain=default.svc.cluster.local
2022-05-09T21:45:55.656399Z	info	Apply proxy config from env {}

2022-05-09T21:45:55.660457Z	info	Effective config: binaryPath: /usr/local/bin/envoy
concurrency: 2
configPath: ./etc/istio/proxy
controlPlaneAuthPolicy: MUTUAL_TLS
discoveryAddress: istiod.istio-system.svc:15012
drainDuration: 45s
parentShutdownDuration: 60s
proxyAdminPort: 15000
serviceCluster: istio-proxy
statNameLength: 189
statusPort: 15020
terminationDrainDuration: 5s
tracing:
  zipkin:
    address: zipkin.istio-system:9411

2022-05-09T21:45:55.660555Z	info	JWT policy is third-party-jwt
2022-05-09T21:45:55.682102Z	info	CA Endpoint istiod.istio-system.svc:15012, provider Citadel
2022-05-09T21:45:55.682188Z	info	Using CA istiod.istio-system.svc:15012 cert with certs: var/run/secrets/istio/root-cert.pem
2022-05-09T21:45:55.682336Z	info	citadelclient	Citadel client using custom root cert: var/run/secrets/istio/root-cert.pem
2022-05-09T21:45:55.683081Z	info	Opening status port 15020
2022-05-09T21:45:55.900298Z	info	ads	All caches have been synced up in 265.338926ms, marking server ready
2022-05-09T21:45:55.900849Z	info	sds	SDS server for workload certificates started, listening on "etc/istio/proxy/SDS"
2022-05-09T21:45:55.900918Z	info	xdsproxy	Initializing with upstream address "istiod.istio-system.svc:15012" and cluster "Kubernetes"
2022-05-09T21:45:55.901180Z	info	sds	Starting SDS grpc server
2022-05-09T21:45:55.901411Z	info	starting Http service at 127.0.0.1:15004
2022-05-09T21:45:55.907642Z	info	Pilot SAN: [istiod.istio-system.svc]
2022-05-09T21:45:55.911227Z	info	Starting proxy agent
2022-05-09T21:45:55.911579Z	info	Epoch 0 starting
2022-05-09T21:45:55.911641Z	info	Envoy command: [-c etc/istio/proxy/envoy-rev0.json --restart-epoch 0 --drain-time-s 45 --drain-strategy immediate --parent-shutdown-time-s 60 --local-address-ip-version v4 --file-flush-interval-msec 1000 --disable-hot-restart --log-format %Y-%m-%dT%T.%fZ	%l	envoy %n	%v -l warning --component-log-level misc:error --concurrency 2]
2022-05-09T21:45:56.216454Z	info	xdsproxy	connected to upstream XDS server: istiod.istio-system.svc:15012
2022-05-09T21:45:56.310116Z	info	ads	ADS: new connection for node:ts-user-mongo-d44b48f9c-v824q.default-1
2022-05-09T21:45:56.342180Z	info	ads	ADS: new connection for node:ts-user-mongo-d44b48f9c-v824q.default-2
2022-05-09T21:45:56.516038Z	info	cache	generated new workload certificate	latency=615.056999ms ttl=23h59m59.483975865s
2022-05-09T21:45:56.516095Z	info	cache	Root cert has changed, start rotating root cert
2022-05-09T21:45:56.516110Z	info	ads	XDS: Incremental Pushing:0 ConnectedEndpoints:2 Version:
2022-05-09T21:45:56.516160Z	info	cache	returned workload trust anchor from cache	ttl=23h59m59.483842307s
2022-05-09T21:45:56.516176Z	info	cache	returned workload trust anchor from cache	ttl=23h59m59.483825441s
2022-05-09T21:45:56.517273Z	info	cache	returned workload certificate from cache	ttl=23h59m59.482739475s
2022-05-09T21:45:56.520319Z	info	ads	SDS: PUSH request for node:ts-user-mongo-d44b48f9c-v824q.default resources:1 size:1.1kB resource:ROOTCA
2022-05-09T21:45:56.520481Z	info	cache	returned workload trust anchor from cache	ttl=23h59m59.479527442s
2022-05-09T21:45:56.520578Z	info	ads	SDS: PUSH request for node:ts-user-mongo-d44b48f9c-v824q.default resources:1 size:4.0kB resource:default
2022-05-09T21:45:56.520625Z	info	ads	SDS: PUSH for node:ts-user-mongo-d44b48f9c-v824q.default resources:1 size:1.1kB resource:ROOTCA
2022-05-09T21:45:57.157566Z	info	Readiness succeeded in 1.51474558s
2022-05-09T21:45:57.159297Z	info	Envoy proxy is ready
2022-05-09T22:18:16.559003Z	info	xdsproxy	connected to upstream XDS server: istiod.istio-system.svc:15012
