2022-05-09T21:47:31.055456Z	info	FLAG: --concurrency="2"
2022-05-09T21:47:31.055570Z	info	FLAG: --domain="default.svc.cluster.local"
2022-05-09T21:47:31.055588Z	info	FLAG: --help="false"
2022-05-09T21:47:31.055594Z	info	FLAG: --log_as_json="false"
2022-05-09T21:47:31.055669Z	info	FLAG: --log_caller=""
2022-05-09T21:47:31.055684Z	info	FLAG: --log_output_level="default:info"
2022-05-09T21:47:31.055689Z	info	FLAG: --log_rotate=""
2022-05-09T21:47:31.055693Z	info	FLAG: --log_rotate_max_age="30"
2022-05-09T21:47:31.055698Z	info	FLAG: --log_rotate_max_backups="1000"
2022-05-09T21:47:31.055702Z	info	FLAG: --log_rotate_max_size="104857600"
2022-05-09T21:47:31.055710Z	info	FLAG: --log_stacktrace_level="default:none"
2022-05-09T21:47:31.055734Z	info	FLAG: --log_target="[stdout]"
2022-05-09T21:47:31.055742Z	info	FLAG: --meshConfig="./etc/istio/config/mesh"
2022-05-09T21:47:31.055747Z	info	FLAG: --outlierLogPath=""
2022-05-09T21:47:31.055752Z	info	FLAG: --proxyComponentLogLevel="misc:error"
2022-05-09T21:47:31.055756Z	info	FLAG: --proxyLogLevel="warning"
2022-05-09T21:47:31.055761Z	info	FLAG: --serviceCluster="istio-proxy"
2022-05-09T21:47:31.055766Z	info	FLAG: --stsPort="0"
2022-05-09T21:47:31.055777Z	info	FLAG: --templateFile=""
2022-05-09T21:47:31.055782Z	info	FLAG: --tokenManagerPlugin="GoogleTokenExchange"
2022-05-09T21:47:31.055790Z	info	FLAG: --vklog="0"
2022-05-09T21:47:31.055796Z	info	Version 1.13.2-91533d04e894ff86b80acd6d7a4517b144f9e19a-Clean
2022-05-09T21:47:31.056256Z	info	Proxy role	ips=[10.244.0.130 fe80::6843:10ff:fec0:7154] type=sidecar id=ts-verification-code-service-c689cdc5f-fslzn.default domain=default.svc.cluster.local
2022-05-09T21:47:31.056378Z	info	Apply proxy config from env {}

2022-05-09T21:47:31.112486Z	info	Effective config: binaryPath: /usr/local/bin/envoy
concurrency: 2
configPath: ./etc/istio/proxy
controlPlaneAuthPolicy: MUTUAL_TLS
discoveryAddress: istiod.istio-system.svc:15012
drainDuration: 45s
parentShutdownDuration: 60s
proxyAdminPort: 15000
serviceCluster: istio-proxy
statNameLength: 189
statusPort: 15020
terminationDrainDuration: 5s
tracing:
  zipkin:
    address: zipkin.istio-system:9411

2022-05-09T21:47:31.112574Z	info	JWT policy is third-party-jwt
2022-05-09T21:47:31.182745Z	info	CA Endpoint istiod.istio-system.svc:15012, provider Citadel
2022-05-09T21:47:31.182913Z	info	Using CA istiod.istio-system.svc:15012 cert with certs: var/run/secrets/istio/root-cert.pem
2022-05-09T21:47:31.183204Z	info	citadelclient	Citadel client using custom root cert: var/run/secrets/istio/root-cert.pem
2022-05-09T21:47:31.195837Z	info	Opening status port 15020
2022-05-09T21:47:32.459954Z	info	ads	All caches have been synced up in 1.59382857s, marking server ready
2022-05-09T21:47:32.460639Z	info	sds	SDS server for workload certificates started, listening on "etc/istio/proxy/SDS"
2022-05-09T21:47:32.460818Z	info	xdsproxy	Initializing with upstream address "istiod.istio-system.svc:15012" and cluster "Kubernetes"
2022-05-09T21:47:32.544618Z	info	sds	Starting SDS grpc server
2022-05-09T21:47:32.550376Z	info	starting Http service at 127.0.0.1:15004
2022-05-09T21:47:32.757843Z	info	Pilot SAN: [istiod.istio-system.svc]
2022-05-09T21:47:33.098152Z	info	Starting proxy agent
2022-05-09T21:47:33.098231Z	info	Epoch 0 starting
2022-05-09T21:47:33.220878Z	info	Envoy command: [-c etc/istio/proxy/envoy-rev0.json --restart-epoch 0 --drain-time-s 45 --drain-strategy immediate --parent-shutdown-time-s 60 --local-address-ip-version v4 --file-flush-interval-msec 1000 --disable-hot-restart --log-format %Y-%m-%dT%T.%fZ	%l	envoy %n	%v -l warning --component-log-level misc:error --concurrency 2]
2022-05-09T21:47:44.953432Z	info	xdsproxy	connected to upstream XDS server: istiod.istio-system.svc:15012
2022-05-09T21:47:51.103769Z	info	ads	ADS: new connection for node:ts-verification-code-service-c689cdc5f-fslzn.default-1
2022-05-09T21:47:51.154063Z	info	ads	ADS: new connection for node:ts-verification-code-service-c689cdc5f-fslzn.default-2
2022-05-09T21:47:52.449708Z	info	cache	generated new workload certificate	latency=19.954139157s ttl=23h59m58.550308582s
2022-05-09T21:47:52.449780Z	info	cache	Root cert has changed, start rotating root cert
2022-05-09T21:47:52.449799Z	info	ads	XDS: Incremental Pushing:0 ConnectedEndpoints:2 Version:
2022-05-09T21:47:52.449890Z	info	cache	returned workload trust anchor from cache	ttl=23h59m58.550113535s
2022-05-09T21:47:52.449948Z	info	cache	returned workload trust anchor from cache	ttl=23h59m58.550055371s
2022-05-09T21:47:52.450753Z	info	ads	SDS: PUSH request for node:ts-verification-code-service-c689cdc5f-fslzn.default resources:1 size:1.1kB resource:ROOTCA
2022-05-09T21:47:52.450768Z	info	cache	returned workload certificate from cache	ttl=23h59m58.54924423s
2022-05-09T21:47:52.450892Z	info	cache	returned workload trust anchor from cache	ttl=23h59m58.549114309s
2022-05-09T21:47:52.450941Z	info	ads	SDS: PUSH for node:ts-verification-code-service-c689cdc5f-fslzn.default resources:1 size:1.1kB resource:ROOTCA
2022-05-09T21:47:52.451109Z	info	ads	SDS: PUSH request for node:ts-verification-code-service-c689cdc5f-fslzn.default resources:1 size:4.0kB resource:default
2022-05-09T21:48:10.183058Z	info	Readiness succeeded in 39.335152503s
2022-05-09T21:48:10.186072Z	info	Envoy proxy is ready
2022-05-09T22:20:25.128028Z	info	xdsproxy	connected to upstream XDS server: istiod.istio-system.svc:15012
